L 04/04/2020 - 19:48:32: SourceMod error session started
L 04/04/2020 - 19:48:32: Info (map "jb_obama_v5_beta") (file "/home/steam/csgo-ds/csgo/addons/sourcemod/logs/errors_20200404.log")
L 04/04/2020 - 19:48:32: [SM] Unable to load plugin "cmenu.smx": Native "EJBW_IsClientWarden" was not found
L 04/04/2020 - 19:48:32: [admin-flatfile.smx] Error(s) detected parsing addons/sourcemod/configs/admin_overrides.cfg
L 04/04/2020 - 19:48:32: [admin-flatfile.smx]  (line 0) Stream failed to open
L 04/04/2020 - 19:48:32: [admin-flatfile.smx] Error(s) detected parsing addons/sourcemod/configs/admin_groups.cfg
L 04/04/2020 - 19:48:32: [admin-flatfile.smx]  (line 0) Stream failed to open
L 04/04/2020 - 19:48:32: [admin-flatfile.smx] Error(s) detected parsing addons/sourcemod/configs/admins.cfg
L 04/04/2020 - 19:48:32: [admin-flatfile.smx]  (line 44) Unknown group "Admins"
L 04/04/2020 - 19:48:32: [admin-flatfile.smx]  (line 53) Unknown group "Admins"
L 04/04/2020 - 19:48:32: [admin-flatfile.smx]  (line 62) Unknown group "Admins"
L 04/04/2020 - 19:48:32: [admin-flatfile.smx]  (line 71) Unknown group "Admins"
L 04/04/2020 - 19:48:32: [admin-flatfile.smx]  (line 80) Unknown group "Admins"
L 04/04/2020 - 19:48:38: [SM] Exception reported: Fatal error: Missing "Terrorists" section!
L 04/04/2020 - 19:48:38: [SM] Blaming: csgo_skins.smx
L 04/04/2020 - 19:48:38: [SM] Call stack trace:
L 04/04/2020 - 19:48:38: [SM]   [0] SetFailState
L 04/04/2020 - 19:48:38: [SM]   [1] Line 342, C:\csgo_skins.sp::PrepareConfig
L 04/04/2020 - 19:48:38: [SM]   [2] Line 120, C:\csgo_skins.sp::OnMapStart
L 04/04/2020 - 19:49:26: Error log file session closed.
L 04/04/2020 - 19:49:27: SourceMod error session started
L 04/04/2020 - 19:49:27: Info (map "jb_obama_v5_beta") (file "/home/steam/csgo-ds/csgo/addons/sourcemod/logs/errors_20200404.log")
L 04/04/2020 - 19:49:27: [admin-flatfile.smx] Error(s) detected parsing addons/sourcemod/configs/admin_overrides.cfg
L 04/04/2020 - 19:49:27: [admin-flatfile.smx]  (line 0) Stream failed to open
L 04/04/2020 - 19:49:27: [admin-flatfile.smx] Error(s) detected parsing addons/sourcemod/configs/admin_groups.cfg
L 04/04/2020 - 19:49:27: [admin-flatfile.smx]  (line 0) Stream failed to open
L 04/04/2020 - 19:49:27: [admin-flatfile.smx] Error(s) detected parsing addons/sourcemod/configs/admins.cfg
L 04/04/2020 - 19:49:27: [admin-flatfile.smx]  (line 44) Unknown group "Admins"
L 04/04/2020 - 19:49:27: [admin-flatfile.smx]  (line 53) Unknown group "Admins"
L 04/04/2020 - 19:49:27: [admin-flatfile.smx]  (line 62) Unknown group "Admins"
L 04/04/2020 - 19:49:27: [admin-flatfile.smx]  (line 71) Unknown group "Admins"
L 04/04/2020 - 19:49:27: [admin-flatfile.smx]  (line 80) Unknown group "Admins"
L 04/04/2020 - 19:49:30: [SM] Exception reported: Fatal error: Missing "Terrorists" section!
L 04/04/2020 - 19:49:30: [SM] Blaming: csgo_skins.smx
L 04/04/2020 - 19:49:30: [SM] Call stack trace:
L 04/04/2020 - 19:49:30: [SM]   [0] SetFailState
L 04/04/2020 - 19:49:30: [SM]   [1] Line 342, C:\csgo_skins.sp::PrepareConfig
L 04/04/2020 - 19:49:30: [SM]   [2] Line 120, C:\csgo_skins.sp::OnMapStart
L 04/04/2020 - 19:49:30: [nextmap.smx] FATAL: Cannot load map cycle. Nextmap not loaded.
L 04/04/2020 - 19:49:30: [SM] Exception reported: Mapcycle Not Found
L 04/04/2020 - 19:49:30: [SM] Blaming: nextmap.smx
L 04/04/2020 - 19:49:30: [SM] Call stack trace:
L 04/04/2020 - 19:49:30: [SM]   [0] SetFailState
L 04/04/2020 - 19:49:30: [SM]   [1] Line 143, /home/builds/sourcemod/linux-1.10/build/plugins/nextmap.sp::FindAndSetNextMap
L 04/04/2020 - 19:49:30: [SM]   [2] Line 113, /home/builds/sourcemod/linux-1.10/build/plugins/nextmap.sp::OnConfigsExecuted
L 04/04/2020 - 19:50:35: Error log file session closed.
L 04/04/2020 - 19:50:35: SourceMod error session started
L 04/04/2020 - 19:50:35: Info (map "jb_obama_v5_beta") (file "/home/steam/csgo-ds/csgo/addons/sourcemod/logs/errors_20200404.log")
L 04/04/2020 - 19:50:35: [admin-flatfile.smx] Error(s) detected parsing addons/sourcemod/configs/admin_overrides.cfg
L 04/04/2020 - 19:50:35: [admin-flatfile.smx]  (line 0) Stream failed to open
L 04/04/2020 - 19:50:35: [admin-flatfile.smx] Error(s) detected parsing addons/sourcemod/configs/admin_groups.cfg
L 04/04/2020 - 19:50:35: [admin-flatfile.smx]  (line 0) Stream failed to open
L 04/04/2020 - 19:50:35: [admin-flatfile.smx] Error(s) detected parsing addons/sourcemod/configs/admins.cfg
L 04/04/2020 - 19:50:35: [admin-flatfile.smx]  (line 44) Unknown group "Admins"
L 04/04/2020 - 19:50:35: [admin-flatfile.smx]  (line 53) Unknown group "Admins"
L 04/04/2020 - 19:50:35: [admin-flatfile.smx]  (line 62) Unknown group "Admins"
L 04/04/2020 - 19:50:35: [admin-flatfile.smx]  (line 71) Unknown group "Admins"
L 04/04/2020 - 19:50:35: [admin-flatfile.smx]  (line 80) Unknown group "Admins"
L 04/04/2020 - 19:50:38: [SM] Exception reported: Fatal error: Missing "Terrorists" section!
L 04/04/2020 - 19:50:38: [SM] Blaming: csgo_skins.smx
L 04/04/2020 - 19:50:38: [SM] Call stack trace:
L 04/04/2020 - 19:50:38: [SM]   [0] SetFailState
L 04/04/2020 - 19:50:38: [SM]   [1] Line 342, C:\csgo_skins.sp::PrepareConfig
L 04/04/2020 - 19:50:38: [SM]   [2] Line 120, C:\csgo_skins.sp::OnMapStart
L 04/04/2020 - 19:50:38: [nextmap.smx] FATAL: Cannot load map cycle. Nextmap not loaded.
L 04/04/2020 - 19:50:38: [SM] Exception reported: Mapcycle Not Found
L 04/04/2020 - 19:50:38: [SM] Blaming: nextmap.smx
L 04/04/2020 - 19:50:38: [SM] Call stack trace:
L 04/04/2020 - 19:50:38: [SM]   [0] SetFailState
L 04/04/2020 - 19:50:38: [SM]   [1] Line 143, /home/builds/sourcemod/linux-1.10/build/plugins/nextmap.sp::FindAndSetNextMap
L 04/04/2020 - 19:50:38: [SM]   [2] Line 113, /home/builds/sourcemod/linux-1.10/build/plugins/nextmap.sp::OnConfigsExecuted
L 04/04/2020 - 19:51:03: Error log file session closed.
L 04/04/2020 - 19:51:03: SourceMod error session started
L 04/04/2020 - 19:51:03: Info (map "jb_obama_v5_beta") (file "/home/steam/csgo-ds/csgo/addons/sourcemod/logs/errors_20200404.log")
L 04/04/2020 - 19:51:03: [admin-flatfile.smx] Error(s) detected parsing addons/sourcemod/configs/admin_overrides.cfg
L 04/04/2020 - 19:51:03: [admin-flatfile.smx]  (line 0) Stream failed to open
L 04/04/2020 - 19:51:03: [admin-flatfile.smx] Error(s) detected parsing addons/sourcemod/configs/admin_groups.cfg
L 04/04/2020 - 19:51:03: [admin-flatfile.smx]  (line 0) Stream failed to open
L 04/04/2020 - 19:51:03: [admin-flatfile.smx] Error(s) detected parsing addons/sourcemod/configs/admins.cfg
L 04/04/2020 - 19:51:03: [admin-flatfile.smx]  (line 44) Unknown group "Admins"
L 04/04/2020 - 19:51:03: [admin-flatfile.smx]  (line 53) Unknown group "Admins"
L 04/04/2020 - 19:51:03: [admin-flatfile.smx]  (line 62) Unknown group "Admins"
L 04/04/2020 - 19:51:03: [admin-flatfile.smx]  (line 71) Unknown group "Admins"
L 04/04/2020 - 19:51:03: [admin-flatfile.smx]  (line 80) Unknown group "Admins"
L 04/04/2020 - 19:51:07: [SM] Exception reported: Fatal error: Missing "Terrorists" section!
L 04/04/2020 - 19:51:07: [SM] Blaming: csgo_skins.smx
L 04/04/2020 - 19:51:07: [SM] Call stack trace:
L 04/04/2020 - 19:51:07: [SM]   [0] SetFailState
L 04/04/2020 - 19:51:07: [SM]   [1] Line 342, C:\csgo_skins.sp::PrepareConfig
L 04/04/2020 - 19:51:07: [SM]   [2] Line 120, C:\csgo_skins.sp::OnMapStart
L 04/04/2020 - 19:51:07: [nextmap.smx] FATAL: Cannot load map cycle. Nextmap not loaded.
L 04/04/2020 - 19:51:07: [SM] Exception reported: Mapcycle Not Found
L 04/04/2020 - 19:51:07: [SM] Blaming: nextmap.smx
L 04/04/2020 - 19:51:07: [SM] Call stack trace:
L 04/04/2020 - 19:51:07: [SM]   [0] SetFailState
L 04/04/2020 - 19:51:07: [SM]   [1] Line 143, /home/builds/sourcemod/linux-1.10/build/plugins/nextmap.sp::FindAndSetNextMap
L 04/04/2020 - 19:51:07: [SM]   [2] Line 113, /home/builds/sourcemod/linux-1.10/build/plugins/nextmap.sp::OnConfigsExecuted
L 04/04/2020 - 19:51:18: Error log file session closed.
L 04/04/2020 - 19:51:35: SourceMod error session started
L 04/04/2020 - 19:51:35: Info (map "jb_obama_v5_beta") (file "/home/steam/csgo-ds/csgo/addons/sourcemod/logs/errors_20200404.log")
L 04/04/2020 - 19:51:35: [SM] Unable to load plugin "cmenu.smx": Native "EJBW_IsClientWarden" was not found
L 04/04/2020 - 19:51:35: [admin-flatfile.smx] Error(s) detected parsing addons/sourcemod/configs/admin_overrides.cfg
L 04/04/2020 - 19:51:35: [admin-flatfile.smx]  (line 0) Stream failed to open
L 04/04/2020 - 19:51:35: [admin-flatfile.smx] Error(s) detected parsing addons/sourcemod/configs/admin_groups.cfg
L 04/04/2020 - 19:51:35: [admin-flatfile.smx]  (line 0) Stream failed to open
L 04/04/2020 - 19:51:35: [admin-flatfile.smx] Error(s) detected parsing addons/sourcemod/configs/admins.cfg
L 04/04/2020 - 19:51:35: [admin-flatfile.smx]  (line 44) Unknown group "Admins"
L 04/04/2020 - 19:51:35: [admin-flatfile.smx]  (line 53) Unknown group "Admins"
L 04/04/2020 - 19:51:35: [admin-flatfile.smx]  (line 62) Unknown group "Admins"
L 04/04/2020 - 19:51:35: [admin-flatfile.smx]  (line 71) Unknown group "Admins"
L 04/04/2020 - 19:51:35: [admin-flatfile.smx]  (line 80) Unknown group "Admins"
L 04/04/2020 - 19:51:39: [SM] Exception reported: Fatal error: Missing "Terrorists" section!
L 04/04/2020 - 19:51:39: [SM] Blaming: csgo_skins.smx
L 04/04/2020 - 19:51:39: [SM] Call stack trace:
L 04/04/2020 - 19:51:39: [SM]   [0] SetFailState
L 04/04/2020 - 19:51:39: [SM]   [1] Line 342, C:\csgo_skins.sp::PrepareConfig
L 04/04/2020 - 19:51:39: [SM]   [2] Line 120, C:\csgo_skins.sp::OnMapStart
L 04/04/2020 - 19:51:54: Error log file session closed.
L 04/04/2020 - 19:51:54: SourceMod error session started
L 04/04/2020 - 19:51:54: Info (map "jb_obama_v5_beta") (file "/home/steam/csgo-ds/csgo/addons/sourcemod/logs/errors_20200404.log")
L 04/04/2020 - 19:51:54: [admin-flatfile.smx] Error(s) detected parsing addons/sourcemod/configs/admin_overrides.cfg
L 04/04/2020 - 19:51:54: [admin-flatfile.smx]  (line 0) Stream failed to open
L 04/04/2020 - 19:51:54: [admin-flatfile.smx] Error(s) detected parsing addons/sourcemod/configs/admin_groups.cfg
L 04/04/2020 - 19:51:54: [admin-flatfile.smx]  (line 0) Stream failed to open
L 04/04/2020 - 19:51:54: [admin-flatfile.smx] Error(s) detected parsing addons/sourcemod/configs/admins.cfg
L 04/04/2020 - 19:51:54: [admin-flatfile.smx]  (line 44) Unknown group "Admins"
L 04/04/2020 - 19:51:54: [admin-flatfile.smx]  (line 53) Unknown group "Admins"
L 04/04/2020 - 19:51:54: [admin-flatfile.smx]  (line 62) Unknown group "Admins"
L 04/04/2020 - 19:51:54: [admin-flatfile.smx]  (line 71) Unknown group "Admins"
L 04/04/2020 - 19:51:54: [admin-flatfile.smx]  (line 80) Unknown group "Admins"
L 04/04/2020 - 19:51:58: [SM] Exception reported: Fatal error: Missing "Terrorists" section!
L 04/04/2020 - 19:51:58: [SM] Blaming: csgo_skins.smx
L 04/04/2020 - 19:51:58: [SM] Call stack trace:
L 04/04/2020 - 19:51:58: [SM]   [0] SetFailState
L 04/04/2020 - 19:51:58: [SM]   [1] Line 342, C:\csgo_skins.sp::PrepareConfig
L 04/04/2020 - 19:51:58: [SM]   [2] Line 120, C:\csgo_skins.sp::OnMapStart
L 04/04/2020 - 19:51:58: [nextmap.smx] FATAL: Cannot load map cycle. Nextmap not loaded.
L 04/04/2020 - 19:51:58: [SM] Exception reported: Mapcycle Not Found
L 04/04/2020 - 19:51:58: [SM] Blaming: nextmap.smx
L 04/04/2020 - 19:51:58: [SM] Call stack trace:
L 04/04/2020 - 19:51:58: [SM]   [0] SetFailState
L 04/04/2020 - 19:51:58: [SM]   [1] Line 143, /home/builds/sourcemod/linux-1.10/build/plugins/nextmap.sp::FindAndSetNextMap
L 04/04/2020 - 19:51:58: [SM]   [2] Line 113, /home/builds/sourcemod/linux-1.10/build/plugins/nextmap.sp::OnConfigsExecuted
L 04/04/2020 - 19:52:29: Error log file session closed.
L 04/04/2020 - 19:52:30: SourceMod error session started
L 04/04/2020 - 19:52:30: Info (map "jb_obama_v5_beta") (file "/home/steam/csgo-ds/csgo/addons/sourcemod/logs/errors_20200404.log")
L 04/04/2020 - 19:52:30: [admin-flatfile.smx] Error(s) detected parsing addons/sourcemod/configs/admin_overrides.cfg
L 04/04/2020 - 19:52:30: [admin-flatfile.smx]  (line 0) Stream failed to open
L 04/04/2020 - 19:52:30: [admin-flatfile.smx] Error(s) detected parsing addons/sourcemod/configs/admin_groups.cfg
L 04/04/2020 - 19:52:30: [admin-flatfile.smx]  (line 0) Stream failed to open
L 04/04/2020 - 19:52:30: [admin-flatfile.smx] Error(s) detected parsing addons/sourcemod/configs/admins.cfg
L 04/04/2020 - 19:52:30: [admin-flatfile.smx]  (line 44) Unknown group "Admins"
L 04/04/2020 - 19:52:30: [admin-flatfile.smx]  (line 53) Unknown group "Admins"
L 04/04/2020 - 19:52:30: [admin-flatfile.smx]  (line 62) Unknown group "Admins"
L 04/04/2020 - 19:52:30: [admin-flatfile.smx]  (line 71) Unknown group "Admins"
L 04/04/2020 - 19:52:30: [admin-flatfile.smx]  (line 80) Unknown group "Admins"
L 04/04/2020 - 19:52:33: [SM] Exception reported: Fatal error: Missing "Terrorists" section!
L 04/04/2020 - 19:52:33: [SM] Blaming: csgo_skins.smx
L 04/04/2020 - 19:52:33: [SM] Call stack trace:
L 04/04/2020 - 19:52:33: [SM]   [0] SetFailState
L 04/04/2020 - 19:52:33: [SM]   [1] Line 342, C:\csgo_skins.sp::PrepareConfig
L 04/04/2020 - 19:52:33: [SM]   [2] Line 120, C:\csgo_skins.sp::OnMapStart
L 04/04/2020 - 19:52:34: [nextmap.smx] FATAL: Cannot load map cycle. Nextmap not loaded.
L 04/04/2020 - 19:52:34: [SM] Exception reported: Mapcycle Not Found
L 04/04/2020 - 19:52:34: [SM] Blaming: nextmap.smx
L 04/04/2020 - 19:52:34: [SM] Call stack trace:
L 04/04/2020 - 19:52:34: [SM]   [0] SetFailState
L 04/04/2020 - 19:52:34: [SM]   [1] Line 143, /home/builds/sourcemod/linux-1.10/build/plugins/nextmap.sp::FindAndSetNextMap
L 04/04/2020 - 19:52:34: [SM]   [2] Line 113, /home/builds/sourcemod/linux-1.10/build/plugins/nextmap.sp::OnConfigsExecuted
L 04/04/2020 - 20:18:25: Error log file session closed.
L 04/04/2020 - 20:18:26: SourceMod error session started
L 04/04/2020 - 20:18:26: Info (map "jb_obama_v5_beta") (file "/home/steam/csgo-ds/csgo/addons/sourcemod/logs/errors_20200404.log")
L 04/04/2020 - 20:18:26: [admin-flatfile.smx] Error(s) detected parsing addons/sourcemod/configs/admin_overrides.cfg
L 04/04/2020 - 20:18:26: [admin-flatfile.smx]  (line 0) Stream failed to open
L 04/04/2020 - 20:18:26: [admin-flatfile.smx] Error(s) detected parsing addons/sourcemod/configs/admin_groups.cfg
L 04/04/2020 - 20:18:26: [admin-flatfile.smx]  (line 0) Stream failed to open
L 04/04/2020 - 20:18:26: [admin-flatfile.smx] Error(s) detected parsing addons/sourcemod/configs/admins.cfg
L 04/04/2020 - 20:18:26: [admin-flatfile.smx]  (line 44) Unknown group "Admins"
L 04/04/2020 - 20:18:26: [admin-flatfile.smx]  (line 53) Unknown group "Admins"
L 04/04/2020 - 20:18:26: [admin-flatfile.smx]  (line 62) Unknown group "Admins"
L 04/04/2020 - 20:18:26: [admin-flatfile.smx]  (line 71) Unknown group "Admins"
L 04/04/2020 - 20:18:26: [admin-flatfile.smx]  (line 80) Unknown group "Admins"
L 04/04/2020 - 20:18:30: [SM] Exception reported: Fatal error: Missing "Terrorists" section!
L 04/04/2020 - 20:18:30: [SM] Blaming: csgo_skins.smx
L 04/04/2020 - 20:18:30: [SM] Call stack trace:
L 04/04/2020 - 20:18:30: [SM]   [0] SetFailState
L 04/04/2020 - 20:18:30: [SM]   [1] Line 342, C:\csgo_skins.sp::PrepareConfig
L 04/04/2020 - 20:18:30: [SM]   [2] Line 120, C:\csgo_skins.sp::OnMapStart
L 04/04/2020 - 20:18:30: [nextmap.smx] FATAL: Cannot load map cycle. Nextmap not loaded.
L 04/04/2020 - 20:18:30: [SM] Exception reported: Mapcycle Not Found
L 04/04/2020 - 20:18:30: [SM] Blaming: nextmap.smx
L 04/04/2020 - 20:18:30: [SM] Call stack trace:
L 04/04/2020 - 20:18:30: [SM]   [0] SetFailState
L 04/04/2020 - 20:18:30: [SM]   [1] Line 143, /home/builds/sourcemod/linux-1.10/build/plugins/nextmap.sp::FindAndSetNextMap
L 04/04/2020 - 20:18:30: [SM]   [2] Line 113, /home/builds/sourcemod/linux-1.10/build/plugins/nextmap.sp::OnConfigsExecuted
L 04/04/2020 - 20:25:12: Error log file session closed.
L 04/04/2020 - 20:25:13: SourceMod error session started
L 04/04/2020 - 20:25:13: Info (map "jb_obama_v5_beta") (file "/home/steam/csgo-ds/csgo/addons/sourcemod/logs/errors_20200404.log")
L 04/04/2020 - 20:25:13: [admin-flatfile.smx] Error(s) detected parsing addons/sourcemod/configs/admin_overrides.cfg
L 04/04/2020 - 20:25:13: [admin-flatfile.smx]  (line 0) Stream failed to open
L 04/04/2020 - 20:25:13: [admin-flatfile.smx] Error(s) detected parsing addons/sourcemod/configs/admin_groups.cfg
L 04/04/2020 - 20:25:13: [admin-flatfile.smx]  (line 0) Stream failed to open
L 04/04/2020 - 20:25:13: [admin-flatfile.smx] Error(s) detected parsing addons/sourcemod/configs/admins.cfg
L 04/04/2020 - 20:25:13: [admin-flatfile.smx]  (line 44) Unknown group "Admins"
L 04/04/2020 - 20:25:13: [admin-flatfile.smx]  (line 53) Unknown group "Admins"
L 04/04/2020 - 20:25:13: [admin-flatfile.smx]  (line 62) Unknown group "Admins"
L 04/04/2020 - 20:25:13: [admin-flatfile.smx]  (line 71) Unknown group "Admins"
L 04/04/2020 - 20:25:13: [admin-flatfile.smx]  (line 80) Unknown group "Admins"
L 04/04/2020 - 20:25:16: [SM] Exception reported: Fatal error: Missing "Terrorists" section!
L 04/04/2020 - 20:25:16: [SM] Blaming: csgo_skins.smx
L 04/04/2020 - 20:25:16: [SM] Call stack trace:
L 04/04/2020 - 20:25:16: [SM]   [0] SetFailState
L 04/04/2020 - 20:25:16: [SM]   [1] Line 342, C:\csgo_skins.sp::PrepareConfig
L 04/04/2020 - 20:25:16: [SM]   [2] Line 120, C:\csgo_skins.sp::OnMapStart
L 04/04/2020 - 20:25:16: [nextmap.smx] FATAL: Cannot load map cycle. Nextmap not loaded.
L 04/04/2020 - 20:25:16: [SM] Exception reported: Mapcycle Not Found
L 04/04/2020 - 20:25:16: [SM] Blaming: nextmap.smx
L 04/04/2020 - 20:25:16: [SM] Call stack trace:
L 04/04/2020 - 20:25:16: [SM]   [0] SetFailState
L 04/04/2020 - 20:25:16: [SM]   [1] Line 143, /home/builds/sourcemod/linux-1.10/build/plugins/nextmap.sp::FindAndSetNextMap
L 04/04/2020 - 20:25:16: [SM]   [2] Line 113, /home/builds/sourcemod/linux-1.10/build/plugins/nextmap.sp::OnConfigsExecuted
L 04/04/2020 - 20:28:19: Error log file session closed.
L 04/04/2020 - 20:28:19: SourceMod error session started
L 04/04/2020 - 20:28:19: Info (map "jb_obama_v5_beta") (file "/home/steam/csgo-ds/csgo/addons/sourcemod/logs/errors_20200404.log")
L 04/04/2020 - 20:28:19: [admin-flatfile.smx] Error(s) detected parsing addons/sourcemod/configs/admin_overrides.cfg
L 04/04/2020 - 20:28:19: [admin-flatfile.smx]  (line 0) Stream failed to open
L 04/04/2020 - 20:28:19: [admin-flatfile.smx] Error(s) detected parsing addons/sourcemod/configs/admin_groups.cfg
L 04/04/2020 - 20:28:19: [admin-flatfile.smx]  (line 0) Stream failed to open
L 04/04/2020 - 20:28:19: [admin-flatfile.smx] Error(s) detected parsing addons/sourcemod/configs/admins.cfg
L 04/04/2020 - 20:28:19: [admin-flatfile.smx]  (line 44) Unknown group "Admins"
L 04/04/2020 - 20:28:19: [admin-flatfile.smx]  (line 53) Unknown group "Admins"
L 04/04/2020 - 20:28:19: [admin-flatfile.smx]  (line 62) Unknown group "Admins"
L 04/04/2020 - 20:28:19: [admin-flatfile.smx]  (line 71) Unknown group "Admins"
L 04/04/2020 - 20:28:19: [admin-flatfile.smx]  (line 80) Unknown group "Admins"
L 04/04/2020 - 20:28:22: [SM] Exception reported: Fatal error: Missing "Terrorists" section!
L 04/04/2020 - 20:28:22: [SM] Blaming: csgo_skins.smx
L 04/04/2020 - 20:28:22: [SM] Call stack trace:
L 04/04/2020 - 20:28:22: [SM]   [0] SetFailState
L 04/04/2020 - 20:28:22: [SM]   [1] Line 342, C:\csgo_skins.sp::PrepareConfig
L 04/04/2020 - 20:28:22: [SM]   [2] Line 120, C:\csgo_skins.sp::OnMapStart
L 04/04/2020 - 20:28:22: [nextmap.smx] FATAL: Cannot load map cycle. Nextmap not loaded.
L 04/04/2020 - 20:28:22: [SM] Exception reported: Mapcycle Not Found
L 04/04/2020 - 20:28:22: [SM] Blaming: nextmap.smx
L 04/04/2020 - 20:28:22: [SM] Call stack trace:
L 04/04/2020 - 20:28:22: [SM]   [0] SetFailState
L 04/04/2020 - 20:28:22: [SM]   [1] Line 143, /home/builds/sourcemod/linux-1.10/build/plugins/nextmap.sp::FindAndSetNextMap
L 04/04/2020 - 20:28:22: [SM]   [2] Line 113, /home/builds/sourcemod/linux-1.10/build/plugins/nextmap.sp::OnConfigsExecuted
L 04/04/2020 - 21:19:42: [admin-flatfile.smx] Error(s) detected parsing addons/sourcemod/configs/admin_groups.cfg
L 04/04/2020 - 21:19:42: [admin-flatfile.smx]  (line 0) Stream failed to open
L 04/04/2020 - 21:19:42: [admin-flatfile.smx] Error(s) detected parsing addons/sourcemod/configs/admins.cfg
L 04/04/2020 - 21:19:42: [admin-flatfile.smx]  (line 44) Unknown group "Admins"
L 04/04/2020 - 21:19:42: [admin-flatfile.smx]  (line 53) Unknown group "Admins"
L 04/04/2020 - 21:19:42: [admin-flatfile.smx]  (line 62) Unknown group "Admins"
L 04/04/2020 - 21:19:42: [admin-flatfile.smx]  (line 71) Unknown group "Admins"
L 04/04/2020 - 21:19:42: [admin-flatfile.smx]  (line 80) Unknown group "Admins"
L 04/04/2020 - 21:19:42: [admin-flatfile.smx]  (line 88) Unknown group "Admins"
L 04/04/2020 - 21:19:42: [admin-flatfile.smx] Error(s) detected parsing addons/sourcemod/configs/admin_overrides.cfg
L 04/04/2020 - 21:19:42: [admin-flatfile.smx]  (line 0) Stream failed to open
L 04/04/2020 - 21:20:11: [admin-flatfile.smx] Error(s) detected parsing addons/sourcemod/configs/admin_groups.cfg
L 04/04/2020 - 21:20:11: [admin-flatfile.smx]  (line 0) Stream failed to open
L 04/04/2020 - 21:20:11: [admin-flatfile.smx] Error(s) detected parsing addons/sourcemod/configs/admins.cfg
L 04/04/2020 - 21:20:11: [admin-flatfile.smx]  (line 44) Unknown group "Admins"
L 04/04/2020 - 21:20:11: [admin-flatfile.smx]  (line 53) Unknown group "Admins"
L 04/04/2020 - 21:20:11: [admin-flatfile.smx]  (line 62) Unknown group "Admins"
L 04/04/2020 - 21:20:11: [admin-flatfile.smx]  (line 71) Unknown group "Admins"
L 04/04/2020 - 21:20:11: [admin-flatfile.smx]  (line 80) Unknown group "Admins"
L 04/04/2020 - 21:20:11: [admin-flatfile.smx]  (line 88) Unknown group "Admins"
L 04/04/2020 - 21:20:11: [admin-flatfile.smx] Error(s) detected parsing addons/sourcemod/configs/admin_overrides.cfg
L 04/04/2020 - 21:20:11: [admin-flatfile.smx]  (line 0) Stream failed to open
L 04/04/2020 - 21:20:38: [admin-flatfile.smx] Error(s) detected parsing addons/sourcemod/configs/admin_groups.cfg
L 04/04/2020 - 21:20:38: [admin-flatfile.smx]  (line 0) Stream failed to open
L 04/04/2020 - 21:20:38: [admin-flatfile.smx] Error(s) detected parsing addons/sourcemod/configs/admins.cfg
L 04/04/2020 - 21:20:38: [admin-flatfile.smx]  (line 44) Unknown group "Admins"
L 04/04/2020 - 21:20:38: [admin-flatfile.smx]  (line 53) Unknown group "Admins"
L 04/04/2020 - 21:20:38: [admin-flatfile.smx]  (line 62) Unknown group "Admins"
L 04/04/2020 - 21:20:38: [admin-flatfile.smx]  (line 71) Unknown group "Admins"
L 04/04/2020 - 21:20:38: [admin-flatfile.smx]  (line 80) Unknown group "Admins"
L 04/04/2020 - 21:20:38: [admin-flatfile.smx]  (line 88) Unknown group "Admins"
L 04/04/2020 - 21:20:38: [admin-flatfile.smx] Error(s) detected parsing addons/sourcemod/configs/admin_overrides.cfg
L 04/04/2020 - 21:20:38: [admin-flatfile.smx]  (line 0) Stream failed to open
L 04/04/2020 - 21:22:35: [admin-flatfile.smx] Error(s) detected parsing addons/sourcemod/configs/admin_groups.cfg
L 04/04/2020 - 21:22:35: [admin-flatfile.smx]  (line 0) Stream failed to open
L 04/04/2020 - 21:22:35: [admin-flatfile.smx] Error(s) detected parsing addons/sourcemod/configs/admins.cfg
L 04/04/2020 - 21:22:35: [admin-flatfile.smx]  (line 44) Unknown group "Admins"
L 04/04/2020 - 21:22:35: [admin-flatfile.smx]  (line 53) Unknown group "Admins"
L 04/04/2020 - 21:22:35: [admin-flatfile.smx]  (line 62) Unknown group "Admins"
L 04/04/2020 - 21:22:35: [admin-flatfile.smx]  (line 71) Unknown group "Admins"
L 04/04/2020 - 21:22:35: [admin-flatfile.smx]  (line 80) Unknown group "Admins"
L 04/04/2020 - 21:22:35: [admin-flatfile.smx]  (line 88) Unknown group "Admins"
L 04/04/2020 - 21:22:35: [admin-flatfile.smx] Error(s) detected parsing addons/sourcemod/configs/admin_overrides.cfg
L 04/04/2020 - 21:22:35: [admin-flatfile.smx]  (line 0) Stream failed to open
L 04/04/2020 - 21:27:58: [SM] Exception reported: Invalid data pack position, 24 is out of bounds (6)
L 04/04/2020 - 21:27:58: [SM] Blaming: sm_hosties.smx
L 04/04/2020 - 21:27:58: [SM] Call stack trace:
L 04/04/2020 - 21:27:58: [SM]   [0] SetPackPosition
L 04/04/2020 - 21:27:58: [SM]   [1] Line 1641, hosties/lastrequest.sp::LastRequest_PlayerJump
L 04/04/2020 - 21:28:00: [SM] Exception reported: Invalid data pack position, 24 is out of bounds (6)
L 04/04/2020 - 21:28:00: [SM] Blaming: sm_hosties.smx
L 04/04/2020 - 21:28:00: [SM] Call stack trace:
L 04/04/2020 - 21:28:00: [SM]   [0] SetPackPosition
L 04/04/2020 - 21:28:00: [SM]   [1] Line 1641, hosties/lastrequest.sp::LastRequest_PlayerJump
L 04/04/2020 - 21:28:05: [SM] Exception reported: Invalid data pack position, 24 is out of bounds (6)
L 04/04/2020 - 21:28:05: [SM] Blaming: sm_hosties.smx
L 04/04/2020 - 21:28:05: [SM] Call stack trace:
L 04/04/2020 - 21:28:05: [SM]   [0] SetPackPosition
L 04/04/2020 - 21:28:05: [SM]   [1] Line 1641, hosties/lastrequest.sp::LastRequest_PlayerJump
L 04/04/2020 - 21:28:13: [SM] Exception reported: Invalid data pack position, 24 is out of bounds (6)
L 04/04/2020 - 21:28:13: [SM] Blaming: sm_hosties.smx
L 04/04/2020 - 21:28:13: [SM] Call stack trace:
L 04/04/2020 - 21:28:13: [SM]   [0] SetPackPosition
L 04/04/2020 - 21:28:13: [SM]   [1] Line 1641, hosties/lastrequest.sp::LastRequest_PlayerJump
L 04/04/2020 - 21:28:18: [SM] Exception reported: Invalid data pack position, 24 is out of bounds (6)
L 04/04/2020 - 21:28:18: [SM] Blaming: sm_hosties.smx
L 04/04/2020 - 21:28:18: [SM] Call stack trace:
L 04/04/2020 - 21:28:18: [SM]   [0] SetPackPosition
L 04/04/2020 - 21:28:18: [SM]   [1] Line 1641, hosties/lastrequest.sp::LastRequest_PlayerJump
L 04/04/2020 - 21:28:19: [SM] Exception reported: Invalid data pack position, 24 is out of bounds (6)
L 04/04/2020 - 21:28:19: [SM] Blaming: sm_hosties.smx
L 04/04/2020 - 21:28:19: [SM] Call stack trace:
L 04/04/2020 - 21:28:19: [SM]   [0] SetPackPosition
L 04/04/2020 - 21:28:19: [SM]   [1] Line 1641, hosties/lastrequest.sp::LastRequest_PlayerJump
L 04/04/2020 - 21:28:24: [SM] Exception reported: Invalid data pack position, 24 is out of bounds (6)
L 04/04/2020 - 21:28:24: [SM] Blaming: sm_hosties.smx
L 04/04/2020 - 21:28:24: [SM] Call stack trace:
L 04/04/2020 - 21:28:24: [SM]   [0] SetPackPosition
L 04/04/2020 - 21:28:24: [SM]   [1] Line 1641, hosties/lastrequest.sp::LastRequest_PlayerJump
L 04/04/2020 - 21:28:25: [SM] Exception reported: Invalid data pack position, 24 is out of bounds (6)
L 04/04/2020 - 21:28:25: [SM] Blaming: sm_hosties.smx
L 04/04/2020 - 21:28:25: [SM] Call stack trace:
L 04/04/2020 - 21:28:25: [SM]   [0] SetPackPosition
L 04/04/2020 - 21:28:25: [SM]   [1] Line 1641, hosties/lastrequest.sp::LastRequest_PlayerJump
L 04/04/2020 - 21:28:26: [SM] Exception reported: Invalid data pack position, 24 is out of bounds (6)
L 04/04/2020 - 21:28:26: [SM] Blaming: sm_hosties.smx
L 04/04/2020 - 21:28:26: [SM] Call stack trace:
L 04/04/2020 - 21:28:26: [SM]   [0] SetPackPosition
L 04/04/2020 - 21:28:26: [SM]   [1] Line 1641, hosties/lastrequest.sp::LastRequest_PlayerJump
L 04/04/2020 - 21:28:28: [SM] Exception reported: Invalid data pack position, 24 is out of bounds (6)
L 04/04/2020 - 21:28:28: [SM] Blaming: sm_hosties.smx
L 04/04/2020 - 21:28:28: [SM] Call stack trace:
L 04/04/2020 - 21:28:28: [SM]   [0] SetPackPosition
L 04/04/2020 - 21:28:28: [SM]   [1] Line 1641, hosties/lastrequest.sp::LastRequest_PlayerJump
L 04/04/2020 - 21:28:30: [SM] Exception reported: Invalid data pack position, 24 is out of bounds (6)
L 04/04/2020 - 21:28:30: [SM] Blaming: sm_hosties.smx
L 04/04/2020 - 21:28:30: [SM] Call stack trace:
L 04/04/2020 - 21:28:30: [SM]   [0] SetPackPosition
L 04/04/2020 - 21:28:30: [SM]   [1] Line 1641, hosties/lastrequest.sp::LastRequest_PlayerJump
L 04/04/2020 - 21:28:32: [SM] Exception reported: Invalid data pack position, 24 is out of bounds (6)
L 04/04/2020 - 21:28:32: [SM] Blaming: sm_hosties.smx
L 04/04/2020 - 21:28:32: [SM] Call stack trace:
L 04/04/2020 - 21:28:32: [SM]   [0] SetPackPosition
L 04/04/2020 - 21:28:32: [SM]   [1] Line 1641, hosties/lastrequest.sp::LastRequest_PlayerJump
L 04/04/2020 - 21:28:33: [SM] Exception reported: Invalid data pack position, 24 is out of bounds (6)
L 04/04/2020 - 21:28:33: [SM] Blaming: sm_hosties.smx
L 04/04/2020 - 21:28:33: [SM] Call stack trace:
L 04/04/2020 - 21:28:33: [SM]   [0] SetPackPosition
L 04/04/2020 - 21:28:33: [SM]   [1] Line 1641, hosties/lastrequest.sp::LastRequest_PlayerJump
L 04/04/2020 - 21:28:35: [SM] Exception reported: Invalid data pack position, 24 is out of bounds (6)
L 04/04/2020 - 21:28:35: [SM] Blaming: sm_hosties.smx
L 04/04/2020 - 21:28:35: [SM] Call stack trace:
L 04/04/2020 - 21:28:35: [SM]   [0] SetPackPosition
L 04/04/2020 - 21:28:35: [SM]   [1] Line 1641, hosties/lastrequest.sp::LastRequest_PlayerJump
L 04/04/2020 - 21:28:36: [SM] Exception reported: Invalid data pack position, 24 is out of bounds (6)
L 04/04/2020 - 21:28:36: [SM] Blaming: sm_hosties.smx
L 04/04/2020 - 21:28:36: [SM] Call stack trace:
L 04/04/2020 - 21:28:36: [SM]   [0] SetPackPosition
L 04/04/2020 - 21:28:36: [SM]   [1] Line 1641, hosties/lastrequest.sp::LastRequest_PlayerJump
L 04/04/2020 - 21:28:36: [SM] Exception reported: Invalid data pack position, 24 is out of bounds (6)
L 04/04/2020 - 21:28:36: [SM] Blaming: sm_hosties.smx
L 04/04/2020 - 21:28:36: [SM] Call stack trace:
L 04/04/2020 - 21:28:36: [SM]   [0] SetPackPosition
L 04/04/2020 - 21:28:36: [SM]   [1] Line 1641, hosties/lastrequest.sp::LastRequest_PlayerJump
L 04/04/2020 - 21:28:38: [SM] Exception reported: Invalid data pack position, 24 is out of bounds (6)
L 04/04/2020 - 21:28:38: [SM] Blaming: sm_hosties.smx
L 04/04/2020 - 21:28:38: [SM] Call stack trace:
L 04/04/2020 - 21:28:38: [SM]   [0] SetPackPosition
L 04/04/2020 - 21:28:38: [SM]   [1] Line 1641, hosties/lastrequest.sp::LastRequest_PlayerJump
L 04/04/2020 - 21:28:39: [SM] Exception reported: Invalid data pack position, 24 is out of bounds (6)
L 04/04/2020 - 21:28:39: [SM] Blaming: sm_hosties.smx
L 04/04/2020 - 21:28:39: [SM] Call stack trace:
L 04/04/2020 - 21:28:39: [SM]   [0] SetPackPosition
L 04/04/2020 - 21:28:39: [SM]   [1] Line 1641, hosties/lastrequest.sp::LastRequest_PlayerJump
L 04/04/2020 - 21:28:40: [SM] Exception reported: Invalid data pack position, 24 is out of bounds (6)
L 04/04/2020 - 21:28:40: [SM] Blaming: sm_hosties.smx
L 04/04/2020 - 21:28:40: [SM] Call stack trace:
L 04/04/2020 - 21:28:40: [SM]   [0] SetPackPosition
L 04/04/2020 - 21:28:40: [SM]   [1] Line 1641, hosties/lastrequest.sp::LastRequest_PlayerJump
L 04/04/2020 - 21:28:43: [SM] Exception reported: Invalid data pack position, 24 is out of bounds (6)
L 04/04/2020 - 21:28:43: [SM] Blaming: sm_hosties.smx
L 04/04/2020 - 21:28:43: [SM] Call stack trace:
L 04/04/2020 - 21:28:43: [SM]   [0] SetPackPosition
L 04/04/2020 - 21:28:43: [SM]   [1] Line 1641, hosties/lastrequest.sp::LastRequest_PlayerJump
L 04/04/2020 - 21:28:44: [SM] Exception reported: Invalid data pack position, 24 is out of bounds (6)
L 04/04/2020 - 21:28:44: [SM] Blaming: sm_hosties.smx
L 04/04/2020 - 21:28:44: [SM] Call stack trace:
L 04/04/2020 - 21:28:44: [SM]   [0] SetPackPosition
L 04/04/2020 - 21:28:44: [SM]   [1] Line 1641, hosties/lastrequest.sp::LastRequest_PlayerJump
L 04/04/2020 - 21:28:45: [SM] Exception reported: Invalid data pack position, 24 is out of bounds (6)
L 04/04/2020 - 21:28:45: [SM] Blaming: sm_hosties.smx
L 04/04/2020 - 21:28:45: [SM] Call stack trace:
L 04/04/2020 - 21:28:45: [SM]   [0] SetPackPosition
L 04/04/2020 - 21:28:45: [SM]   [1] Line 1641, hosties/lastrequest.sp::LastRequest_PlayerJump
L 04/04/2020 - 21:28:46: [SM] Exception reported: Invalid data pack position, 24 is out of bounds (6)
L 04/04/2020 - 21:28:46: [SM] Blaming: sm_hosties.smx
L 04/04/2020 - 21:28:46: [SM] Call stack trace:
L 04/04/2020 - 21:28:46: [SM]   [0] SetPackPosition
L 04/04/2020 - 21:28:46: [SM]   [1] Line 1641, hosties/lastrequest.sp::LastRequest_PlayerJump
L 04/04/2020 - 21:28:47: [SM] Exception reported: Invalid data pack position, 24 is out of bounds (6)
L 04/04/2020 - 21:28:47: [SM] Blaming: sm_hosties.smx
L 04/04/2020 - 21:28:47: [SM] Call stack trace:
L 04/04/2020 - 21:28:47: [SM]   [0] SetPackPosition
L 04/04/2020 - 21:28:47: [SM]   [1] Line 1641, hosties/lastrequest.sp::LastRequest_PlayerJump
L 04/04/2020 - 21:28:50: [SM] Exception reported: Invalid data pack position, 24 is out of bounds (6)
L 04/04/2020 - 21:28:50: [SM] Blaming: sm_hosties.smx
L 04/04/2020 - 21:28:50: [SM] Call stack trace:
L 04/04/2020 - 21:28:50: [SM]   [0] SetPackPosition
L 04/04/2020 - 21:28:50: [SM]   [1] Line 1641, hosties/lastrequest.sp::LastRequest_PlayerJump
L 04/04/2020 - 21:28:52: [SM] Exception reported: Invalid data pack position, 24 is out of bounds (6)
L 04/04/2020 - 21:28:52: [SM] Blaming: sm_hosties.smx
L 04/04/2020 - 21:28:52: [SM] Call stack trace:
L 04/04/2020 - 21:28:52: [SM]   [0] SetPackPosition
L 04/04/2020 - 21:28:52: [SM]   [1] Line 1641, hosties/lastrequest.sp::LastRequest_PlayerJump
L 04/04/2020 - 21:28:53: [SM] Exception reported: Invalid data pack position, 24 is out of bounds (6)
L 04/04/2020 - 21:28:53: [SM] Blaming: sm_hosties.smx
L 04/04/2020 - 21:28:53: [SM] Call stack trace:
L 04/04/2020 - 21:28:53: [SM]   [0] SetPackPosition
L 04/04/2020 - 21:28:53: [SM]   [1] Line 1641, hosties/lastrequest.sp::LastRequest_PlayerJump
L 04/04/2020 - 21:28:54: [SM] Exception reported: Invalid data pack position, 24 is out of bounds (6)
L 04/04/2020 - 21:28:54: [SM] Blaming: sm_hosties.smx
L 04/04/2020 - 21:28:54: [SM] Call stack trace:
L 04/04/2020 - 21:28:54: [SM]   [0] SetPackPosition
L 04/04/2020 - 21:28:54: [SM]   [1] Line 1641, hosties/lastrequest.sp::LastRequest_PlayerJump
L 04/04/2020 - 21:28:54: [SM] Exception reported: Invalid data pack position, 24 is out of bounds (6)
L 04/04/2020 - 21:28:54: [SM] Blaming: sm_hosties.smx
L 04/04/2020 - 21:28:54: [SM] Call stack trace:
L 04/04/2020 - 21:28:54: [SM]   [0] SetPackPosition
L 04/04/2020 - 21:28:54: [SM]   [1] Line 1641, hosties/lastrequest.sp::LastRequest_PlayerJump
L 04/04/2020 - 21:28:55: [SM] Exception reported: Invalid data pack position, 24 is out of bounds (6)
L 04/04/2020 - 21:28:55: [SM] Blaming: sm_hosties.smx
L 04/04/2020 - 21:28:55: [SM] Call stack trace:
L 04/04/2020 - 21:28:55: [SM]   [0] SetPackPosition
L 04/04/2020 - 21:28:55: [SM]   [1] Line 1641, hosties/lastrequest.sp::LastRequest_PlayerJump
L 04/04/2020 - 21:28:56: [SM] Exception reported: Invalid data pack position, 24 is out of bounds (6)
L 04/04/2020 - 21:28:56: [SM] Blaming: sm_hosties.smx
L 04/04/2020 - 21:28:56: [SM] Call stack trace:
L 04/04/2020 - 21:28:56: [SM]   [0] SetPackPosition
L 04/04/2020 - 21:28:56: [SM]   [1] Line 1641, hosties/lastrequest.sp::LastRequest_PlayerJump
L 04/04/2020 - 21:28:57: [SM] Exception reported: Invalid data pack position, 24 is out of bounds (6)
L 04/04/2020 - 21:28:57: [SM] Blaming: sm_hosties.smx
L 04/04/2020 - 21:28:57: [SM] Call stack trace:
L 04/04/2020 - 21:28:57: [SM]   [0] SetPackPosition
L 04/04/2020 - 21:28:57: [SM]   [1] Line 1641, hosties/lastrequest.sp::LastRequest_PlayerJump
L 04/04/2020 - 21:28:57: [SM] Exception reported: Invalid data pack position, 24 is out of bounds (6)
L 04/04/2020 - 21:28:57: [SM] Blaming: sm_hosties.smx
L 04/04/2020 - 21:28:57: [SM] Call stack trace:
L 04/04/2020 - 21:28:57: [SM]   [0] SetPackPosition
L 04/04/2020 - 21:28:57: [SM]   [1] Line 1641, hosties/lastrequest.sp::LastRequest_PlayerJump
L 04/04/2020 - 21:28:58: [SM] Exception reported: Invalid data pack position, 24 is out of bounds (6)
L 04/04/2020 - 21:28:58: [SM] Blaming: sm_hosties.smx
L 04/04/2020 - 21:28:58: [SM] Call stack trace:
L 04/04/2020 - 21:28:58: [SM]   [0] SetPackPosition
L 04/04/2020 - 21:28:58: [SM]   [1] Line 1641, hosties/lastrequest.sp::LastRequest_PlayerJump
L 04/04/2020 - 21:28:59: [SM] Exception reported: Invalid data pack position, 24 is out of bounds (6)
L 04/04/2020 - 21:28:59: [SM] Blaming: sm_hosties.smx
L 04/04/2020 - 21:28:59: [SM] Call stack trace:
L 04/04/2020 - 21:28:59: [SM]   [0] SetPackPosition
L 04/04/2020 - 21:28:59: [SM]   [1] Line 1641, hosties/lastrequest.sp::LastRequest_PlayerJump
L 04/04/2020 - 21:29:00: [SM] Exception reported: Invalid data pack position, 24 is out of bounds (6)
L 04/04/2020 - 21:29:00: [SM] Blaming: sm_hosties.smx
L 04/04/2020 - 21:29:00: [SM] Call stack trace:
L 04/04/2020 - 21:29:00: [SM]   [0] SetPackPosition
L 04/04/2020 - 21:29:00: [SM]   [1] Line 1641, hosties/lastrequest.sp::LastRequest_PlayerJump
L 04/04/2020 - 21:29:00: [SM] Exception reported: Invalid data pack position, 24 is out of bounds (6)
L 04/04/2020 - 21:29:00: [SM] Blaming: sm_hosties.smx
L 04/04/2020 - 21:29:00: [SM] Call stack trace:
L 04/04/2020 - 21:29:00: [SM]   [0] SetPackPosition
L 04/04/2020 - 21:29:00: [SM]   [1] Line 1641, hosties/lastrequest.sp::LastRequest_PlayerJump
L 04/04/2020 - 21:29:01: [SM] Exception reported: Invalid data pack position, 24 is out of bounds (6)
L 04/04/2020 - 21:29:01: [SM] Blaming: sm_hosties.smx
L 04/04/2020 - 21:29:01: [SM] Call stack trace:
L 04/04/2020 - 21:29:01: [SM]   [0] SetPackPosition
L 04/04/2020 - 21:29:01: [SM]   [1] Line 1641, hosties/lastrequest.sp::LastRequest_PlayerJump
L 04/04/2020 - 21:29:02: [SM] Exception reported: Invalid data pack position, 24 is out of bounds (6)
L 04/04/2020 - 21:29:02: [SM] Blaming: sm_hosties.smx
L 04/04/2020 - 21:29:02: [SM] Call stack trace:
L 04/04/2020 - 21:29:02: [SM]   [0] SetPackPosition
L 04/04/2020 - 21:29:02: [SM]   [1] Line 1641, hosties/lastrequest.sp::LastRequest_PlayerJump
L 04/04/2020 - 21:29:03: [SM] Exception reported: Invalid data pack position, 24 is out of bounds (6)
L 04/04/2020 - 21:29:03: [SM] Blaming: sm_hosties.smx
L 04/04/2020 - 21:29:03: [SM] Call stack trace:
L 04/04/2020 - 21:29:03: [SM]   [0] SetPackPosition
L 04/04/2020 - 21:29:03: [SM]   [1] Line 1641, hosties/lastrequest.sp::LastRequest_PlayerJump
L 04/04/2020 - 21:29:03: [SM] Exception reported: Invalid data pack position, 24 is out of bounds (6)
L 04/04/2020 - 21:29:03: [SM] Blaming: sm_hosties.smx
L 04/04/2020 - 21:29:03: [SM] Call stack trace:
L 04/04/2020 - 21:29:03: [SM]   [0] SetPackPosition
L 04/04/2020 - 21:29:03: [SM]   [1] Line 1641, hosties/lastrequest.sp::LastRequest_PlayerJump
L 04/04/2020 - 21:34:34: Error log file session closed.
L 04/04/2020 - 21:34:51: SourceMod error session started
L 04/04/2020 - 21:34:51: Info (map "jb_obama_v5_beta") (file "/home/steam/csgo-ds/csgo/addons/sourcemod/logs/errors_20200404.log")
L 04/04/2020 - 21:34:51: [SM] Unable to load plugin "cmenu.smx": Native "EJBW_IsClientWarden" was not found
L 04/04/2020 - 21:34:52: [admin-flatfile.smx] Error(s) detected parsing addons/sourcemod/configs/admin_overrides.cfg
L 04/04/2020 - 21:34:52: [admin-flatfile.smx]  (line 0) Stream failed to open
L 04/04/2020 - 21:34:52: [admin-flatfile.smx] Error(s) detected parsing addons/sourcemod/configs/admin_groups.cfg
L 04/04/2020 - 21:34:52: [admin-flatfile.smx]  (line 0) Stream failed to open
L 04/04/2020 - 21:34:52: [admin-flatfile.smx] Error(s) detected parsing addons/sourcemod/configs/admins.cfg
L 04/04/2020 - 21:34:52: [admin-flatfile.smx]  (line 44) Unknown group "Admins"
L 04/04/2020 - 21:34:52: [admin-flatfile.smx]  (line 53) Unknown group "Admins"
L 04/04/2020 - 21:34:52: [admin-flatfile.smx]  (line 62) Unknown group "Admins"
L 04/04/2020 - 21:34:52: [admin-flatfile.smx]  (line 71) Unknown group "Admins"
L 04/04/2020 - 21:34:52: [admin-flatfile.smx]  (line 80) Unknown group "Admins"
L 04/04/2020 - 21:34:52: [admin-flatfile.smx]  (line 88) Unknown group "Admins"
L 04/04/2020 - 21:34:57: [SM] Exception reported: Fatal error: Missing "Terrorists" section!
L 04/04/2020 - 21:34:57: [SM] Blaming: csgo_skins.smx
L 04/04/2020 - 21:34:57: [SM] Call stack trace:
L 04/04/2020 - 21:34:57: [SM]   [0] SetFailState
L 04/04/2020 - 21:34:57: [SM]   [1] Line 342, C:\csgo_skins.sp::PrepareConfig
L 04/04/2020 - 21:34:57: [SM]   [2] Line 120, C:\csgo_skins.sp::OnMapStart
L 04/04/2020 - 21:35:03: Error log file session closed.
L 04/04/2020 - 21:35:03: SourceMod error session started
L 04/04/2020 - 21:35:03: Info (map "jb_obama_v5_beta") (file "/home/steam/csgo-ds/csgo/addons/sourcemod/logs/errors_20200404.log")
L 04/04/2020 - 21:35:03: [admin-flatfile.smx] Error(s) detected parsing addons/sourcemod/configs/admin_overrides.cfg
L 04/04/2020 - 21:35:03: [admin-flatfile.smx]  (line 0) Stream failed to open
L 04/04/2020 - 21:35:03: [admin-flatfile.smx] Error(s) detected parsing addons/sourcemod/configs/admin_groups.cfg
L 04/04/2020 - 21:35:03: [admin-flatfile.smx]  (line 0) Stream failed to open
L 04/04/2020 - 21:35:03: [admin-flatfile.smx] Error(s) detected parsing addons/sourcemod/configs/admins.cfg
L 04/04/2020 - 21:35:03: [admin-flatfile.smx]  (line 44) Unknown group "Admins"
L 04/04/2020 - 21:35:03: [admin-flatfile.smx]  (line 53) Unknown group "Admins"
L 04/04/2020 - 21:35:03: [admin-flatfile.smx]  (line 62) Unknown group "Admins"
L 04/04/2020 - 21:35:03: [admin-flatfile.smx]  (line 71) Unknown group "Admins"
L 04/04/2020 - 21:35:03: [admin-flatfile.smx]  (line 80) Unknown group "Admins"
L 04/04/2020 - 21:35:03: [admin-flatfile.smx]  (line 88) Unknown group "Admins"
L 04/04/2020 - 21:35:06: [SM] Exception reported: Fatal error: Missing "Terrorists" section!
L 04/04/2020 - 21:35:06: [SM] Blaming: csgo_skins.smx
L 04/04/2020 - 21:35:06: [SM] Call stack trace:
L 04/04/2020 - 21:35:06: [SM]   [0] SetFailState
L 04/04/2020 - 21:35:06: [SM]   [1] Line 342, C:\csgo_skins.sp::PrepareConfig
L 04/04/2020 - 21:35:06: [SM]   [2] Line 120, C:\csgo_skins.sp::OnMapStart
L 04/04/2020 - 21:35:06: [nextmap.smx] FATAL: Cannot load map cycle. Nextmap not loaded.
L 04/04/2020 - 21:35:06: [SM] Exception reported: Mapcycle Not Found
L 04/04/2020 - 21:35:06: [SM] Blaming: nextmap.smx
L 04/04/2020 - 21:35:06: [SM] Call stack trace:
L 04/04/2020 - 21:35:06: [SM]   [0] SetFailState
L 04/04/2020 - 21:35:06: [SM]   [1] Line 143, /home/builds/sourcemod/linux-1.10/build/plugins/nextmap.sp::FindAndSetNextMap
L 04/04/2020 - 21:35:06: [SM]   [2] Line 113, /home/builds/sourcemod/linux-1.10/build/plugins/nextmap.sp::OnConfigsExecuted
L 04/04/2020 - 21:41:58: Error log file session closed.
L 04/04/2020 - 21:42:16: SourceMod error session started
L 04/04/2020 - 21:42:16: Info (map "jb_obama_v5_beta") (file "/home/steam/csgo-ds/csgo/addons/sourcemod/logs/errors_20200404.log")
L 04/04/2020 - 21:42:16: [SM] Unable to load plugin "cmenu.smx": Native "EJBW_IsClientWarden" was not found
L 04/04/2020 - 21:42:16: [admin-flatfile.smx] Error(s) detected parsing addons/sourcemod/configs/admin_overrides.cfg
L 04/04/2020 - 21:42:16: [admin-flatfile.smx]  (line 0) Stream failed to open
L 04/04/2020 - 21:42:16: [admin-flatfile.smx] Error(s) detected parsing addons/sourcemod/configs/admin_groups.cfg
L 04/04/2020 - 21:42:16: [admin-flatfile.smx]  (line 0) Stream failed to open
L 04/04/2020 - 21:42:16: [admin-flatfile.smx] Error(s) detected parsing addons/sourcemod/configs/admins.cfg
L 04/04/2020 - 21:42:16: [admin-flatfile.smx]  (line 44) Unknown group "Admins"
L 04/04/2020 - 21:42:16: [admin-flatfile.smx]  (line 53) Unknown group "Admins"
L 04/04/2020 - 21:42:16: [admin-flatfile.smx]  (line 62) Unknown group "Admins"
L 04/04/2020 - 21:42:16: [admin-flatfile.smx]  (line 71) Unknown group "Admins"
L 04/04/2020 - 21:42:16: [admin-flatfile.smx]  (line 80) Unknown group "Admins"
L 04/04/2020 - 21:42:16: [admin-flatfile.smx]  (line 88) Unknown group "Admins"
L 04/04/2020 - 21:42:19: [SM] Exception reported: Fatal error: Missing "Terrorists" section!
L 04/04/2020 - 21:42:19: [SM] Blaming: csgo_skins.smx
L 04/04/2020 - 21:42:19: [SM] Call stack trace:
L 04/04/2020 - 21:42:19: [SM]   [0] SetFailState
L 04/04/2020 - 21:42:19: [SM]   [1] Line 342, C:\csgo_skins.sp::PrepareConfig
L 04/04/2020 - 21:42:19: [SM]   [2] Line 120, C:\csgo_skins.sp::OnMapStart
L 04/04/2020 - 21:42:26: Error log file session closed.
L 04/04/2020 - 21:42:26: SourceMod error session started
L 04/04/2020 - 21:42:26: Info (map "jb_obama_v5_beta") (file "/home/steam/csgo-ds/csgo/addons/sourcemod/logs/errors_20200404.log")
L 04/04/2020 - 21:42:26: [admin-flatfile.smx] Error(s) detected parsing addons/sourcemod/configs/admin_overrides.cfg
L 04/04/2020 - 21:42:26: [admin-flatfile.smx]  (line 0) Stream failed to open
L 04/04/2020 - 21:42:26: [admin-flatfile.smx] Error(s) detected parsing addons/sourcemod/configs/admin_groups.cfg
L 04/04/2020 - 21:42:26: [admin-flatfile.smx]  (line 0) Stream failed to open
L 04/04/2020 - 21:42:26: [admin-flatfile.smx] Error(s) detected parsing addons/sourcemod/configs/admins.cfg
L 04/04/2020 - 21:42:26: [admin-flatfile.smx]  (line 44) Unknown group "Admins"
L 04/04/2020 - 21:42:26: [admin-flatfile.smx]  (line 53) Unknown group "Admins"
L 04/04/2020 - 21:42:26: [admin-flatfile.smx]  (line 62) Unknown group "Admins"
L 04/04/2020 - 21:42:26: [admin-flatfile.smx]  (line 71) Unknown group "Admins"
L 04/04/2020 - 21:42:26: [admin-flatfile.smx]  (line 80) Unknown group "Admins"
L 04/04/2020 - 21:42:26: [admin-flatfile.smx]  (line 88) Unknown group "Admins"
L 04/04/2020 - 21:42:29: [SM] Exception reported: Fatal error: Missing "Terrorists" section!
L 04/04/2020 - 21:42:29: [SM] Blaming: csgo_skins.smx
L 04/04/2020 - 21:42:29: [SM] Call stack trace:
L 04/04/2020 - 21:42:29: [SM]   [0] SetFailState
L 04/04/2020 - 21:42:29: [SM]   [1] Line 342, C:\csgo_skins.sp::PrepareConfig
L 04/04/2020 - 21:42:29: [SM]   [2] Line 120, C:\csgo_skins.sp::OnMapStart
L 04/04/2020 - 21:42:29: [nextmap.smx] FATAL: Cannot load map cycle. Nextmap not loaded.
L 04/04/2020 - 21:42:29: [SM] Exception reported: Mapcycle Not Found
L 04/04/2020 - 21:42:29: [SM] Blaming: nextmap.smx
L 04/04/2020 - 21:42:29: [SM] Call stack trace:
L 04/04/2020 - 21:42:29: [SM]   [0] SetFailState
L 04/04/2020 - 21:42:29: [SM]   [1] Line 143, /home/builds/sourcemod/linux-1.10/build/plugins/nextmap.sp::FindAndSetNextMap
L 04/04/2020 - 21:42:29: [SM]   [2] Line 113, /home/builds/sourcemod/linux-1.10/build/plugins/nextmap.sp::OnConfigsExecuted
L 04/04/2020 - 21:46:20: Error log file session closed.
L 04/04/2020 - 21:46:37: SourceMod error session started
L 04/04/2020 - 21:46:37: Info (map "jb_obama_v5_beta") (file "/home/steam/csgo-ds/csgo/addons/sourcemod/logs/errors_20200404.log")
L 04/04/2020 - 21:46:37: [SM] Unable to load plugin "cmenu.smx": Native "EJBW_IsClientWarden" was not found
L 04/04/2020 - 21:46:37: [admin-flatfile.smx] Error(s) detected parsing addons/sourcemod/configs/admin_overrides.cfg
L 04/04/2020 - 21:46:37: [admin-flatfile.smx]  (line 0) Stream failed to open
L 04/04/2020 - 21:46:37: [admin-flatfile.smx] Error(s) detected parsing addons/sourcemod/configs/admin_groups.cfg
L 04/04/2020 - 21:46:37: [admin-flatfile.smx]  (line 0) Stream failed to open
L 04/04/2020 - 21:46:37: [admin-flatfile.smx] Error(s) detected parsing addons/sourcemod/configs/admins.cfg
L 04/04/2020 - 21:46:37: [admin-flatfile.smx]  (line 44) Unknown group "Admins"
L 04/04/2020 - 21:46:37: [admin-flatfile.smx]  (line 53) Unknown group "Admins"
L 04/04/2020 - 21:46:37: [admin-flatfile.smx]  (line 62) Unknown group "Admins"
L 04/04/2020 - 21:46:37: [admin-flatfile.smx]  (line 71) Unknown group "Admins"
L 04/04/2020 - 21:46:37: [admin-flatfile.smx]  (line 80) Unknown group "Admins"
L 04/04/2020 - 21:46:37: [admin-flatfile.smx]  (line 88) Unknown group "Admins"
L 04/04/2020 - 21:46:40: [SM] Exception reported: Fatal error: Missing "Terrorists" section!
L 04/04/2020 - 21:46:40: [SM] Blaming: csgo_skins.smx
L 04/04/2020 - 21:46:40: [SM] Call stack trace:
L 04/04/2020 - 21:46:40: [SM]   [0] SetFailState
L 04/04/2020 - 21:46:40: [SM]   [1] Line 342, C:\csgo_skins.sp::PrepareConfig
L 04/04/2020 - 21:46:40: [SM]   [2] Line 120, C:\csgo_skins.sp::OnMapStart
L 04/04/2020 - 21:47:12: Error log file session closed.
L 04/04/2020 - 21:47:12: SourceMod error session started
L 04/04/2020 - 21:47:12: Info (map "jb_obama_v5_beta") (file "/home/steam/csgo-ds/csgo/addons/sourcemod/logs/errors_20200404.log")
L 04/04/2020 - 21:47:12: [admin-flatfile.smx] Error(s) detected parsing addons/sourcemod/configs/admin_overrides.cfg
L 04/04/2020 - 21:47:12: [admin-flatfile.smx]  (line 0) Stream failed to open
L 04/04/2020 - 21:47:12: [admin-flatfile.smx] Error(s) detected parsing addons/sourcemod/configs/admin_groups.cfg
L 04/04/2020 - 21:47:12: [admin-flatfile.smx]  (line 0) Stream failed to open
L 04/04/2020 - 21:47:12: [admin-flatfile.smx] Error(s) detected parsing addons/sourcemod/configs/admins.cfg
L 04/04/2020 - 21:47:12: [admin-flatfile.smx]  (line 44) Unknown group "Admins"
L 04/04/2020 - 21:47:12: [admin-flatfile.smx]  (line 53) Unknown group "Admins"
L 04/04/2020 - 21:47:12: [admin-flatfile.smx]  (line 62) Unknown group "Admins"
L 04/04/2020 - 21:47:12: [admin-flatfile.smx]  (line 71) Unknown group "Admins"
L 04/04/2020 - 21:47:12: [admin-flatfile.smx]  (line 80) Unknown group "Admins"
L 04/04/2020 - 21:47:12: [admin-flatfile.smx]  (line 88) Unknown group "Admins"
L 04/04/2020 - 21:47:15: [SM] Exception reported: Fatal error: Missing "Terrorists" section!
L 04/04/2020 - 21:47:15: [SM] Blaming: csgo_skins.smx
L 04/04/2020 - 21:47:15: [SM] Call stack trace:
L 04/04/2020 - 21:47:15: [SM]   [0] SetFailState
L 04/04/2020 - 21:47:15: [SM]   [1] Line 342, C:\csgo_skins.sp::PrepareConfig
L 04/04/2020 - 21:47:15: [SM]   [2] Line 120, C:\csgo_skins.sp::OnMapStart
L 04/04/2020 - 21:47:15: [nextmap.smx] FATAL: Cannot load map cycle. Nextmap not loaded.
L 04/04/2020 - 21:47:15: [SM] Exception reported: Mapcycle Not Found
L 04/04/2020 - 21:47:15: [SM] Blaming: nextmap.smx
L 04/04/2020 - 21:47:15: [SM] Call stack trace:
L 04/04/2020 - 21:47:15: [SM]   [0] SetFailState
L 04/04/2020 - 21:47:15: [SM]   [1] Line 143, /home/builds/sourcemod/linux-1.10/build/plugins/nextmap.sp::FindAndSetNextMap
L 04/04/2020 - 21:47:15: [SM]   [2] Line 113, /home/builds/sourcemod/linux-1.10/build/plugins/nextmap.sp::OnConfigsExecuted
L 04/04/2020 - 22:07:38: SourceMod error session started
L 04/04/2020 - 22:07:38: Info (map "jb_obama_v5_beta") (file "/home/steam/csgo-ds/csgo/addons/sourcemod/logs/errors_20200404.log")
L 04/04/2020 - 22:07:38: [SM] Unable to load plugin "cmenu.smx": Native "EJBW_IsClientWarden" was not found
L 04/04/2020 - 22:07:38: [admin-flatfile.smx] Error(s) detected parsing addons/sourcemod/configs/admin_overrides.cfg
L 04/04/2020 - 22:07:38: [admin-flatfile.smx]  (line 0) Stream failed to open
L 04/04/2020 - 22:07:38: [admin-flatfile.smx] Error(s) detected parsing addons/sourcemod/configs/admin_groups.cfg
L 04/04/2020 - 22:07:38: [admin-flatfile.smx]  (line 0) Stream failed to open
L 04/04/2020 - 22:07:38: [admin-flatfile.smx] Error(s) detected parsing addons/sourcemod/configs/admins.cfg
L 04/04/2020 - 22:07:38: [admin-flatfile.smx]  (line 44) Unknown group "Admins"
L 04/04/2020 - 22:07:38: [admin-flatfile.smx]  (line 53) Unknown group "Admins"
L 04/04/2020 - 22:07:38: [admin-flatfile.smx]  (line 62) Unknown group "Admins"
L 04/04/2020 - 22:07:38: [admin-flatfile.smx]  (line 71) Unknown group "Admins"
L 04/04/2020 - 22:07:38: [admin-flatfile.smx]  (line 80) Unknown group "Admins"
L 04/04/2020 - 22:07:38: [admin-flatfile.smx]  (line 88) Unknown group "Admins"
L 04/04/2020 - 22:07:43: [SM] Exception reported: Fatal error: Missing "Terrorists" section!
L 04/04/2020 - 22:07:43: [SM] Blaming: csgo_skins.smx
L 04/04/2020 - 22:07:43: [SM] Call stack trace:
L 04/04/2020 - 22:07:43: [SM]   [0] SetFailState
L 04/04/2020 - 22:07:43: [SM]   [1] Line 342, C:\csgo_skins.sp::PrepareConfig
L 04/04/2020 - 22:07:43: [SM]   [2] Line 120, C:\csgo_skins.sp::OnMapStart
L 04/04/2020 - 22:13:31: Error log file session closed.
L 04/04/2020 - 22:13:48: SourceMod error session started
L 04/04/2020 - 22:13:48: Info (map "jb_obama_v5_beta") (file "/home/steam/csgo-ds/csgo/addons/sourcemod/logs/errors_20200404.log")
L 04/04/2020 - 22:13:48: [SM] Unable to load plugin "cmenu.smx": Native "EJBW_IsClientWarden" was not found
L 04/04/2020 - 22:13:48: [admin-flatfile.smx] Error(s) detected parsing addons/sourcemod/configs/admin_overrides.cfg
L 04/04/2020 - 22:13:48: [admin-flatfile.smx]  (line 0) Stream failed to open
L 04/04/2020 - 22:13:48: [admin-flatfile.smx] Error(s) detected parsing addons/sourcemod/configs/admin_groups.cfg
L 04/04/2020 - 22:13:48: [admin-flatfile.smx]  (line 0) Stream failed to open
L 04/04/2020 - 22:13:48: [admin-flatfile.smx] Error(s) detected parsing addons/sourcemod/configs/admins.cfg
L 04/04/2020 - 22:13:48: [admin-flatfile.smx]  (line 44) Unknown group "Admins"
L 04/04/2020 - 22:13:48: [admin-flatfile.smx]  (line 53) Unknown group "Admins"
L 04/04/2020 - 22:13:48: [admin-flatfile.smx]  (line 62) Unknown group "Admins"
L 04/04/2020 - 22:13:48: [admin-flatfile.smx]  (line 71) Unknown group "Admins"
L 04/04/2020 - 22:13:48: [admin-flatfile.smx]  (line 80) Unknown group "Admins"
L 04/04/2020 - 22:13:48: [admin-flatfile.smx]  (line 88) Unknown group "Admins"
L 04/04/2020 - 22:13:52: [SM] Exception reported: Fatal error: Missing "Terrorists" section!
L 04/04/2020 - 22:13:52: [SM] Blaming: csgo_skins.smx
L 04/04/2020 - 22:13:52: [SM] Call stack trace:
L 04/04/2020 - 22:13:52: [SM]   [0] SetFailState
L 04/04/2020 - 22:13:52: [SM]   [1] Line 342, C:\csgo_skins.sp::PrepareConfig
L 04/04/2020 - 22:13:52: [SM]   [2] Line 120, C:\csgo_skins.sp::OnMapStart
L 04/04/2020 - 22:13:57: Error log file session closed.
L 04/04/2020 - 22:13:57: SourceMod error session started
L 04/04/2020 - 22:13:57: Info (map "jb_obama_v5_beta") (file "/home/steam/csgo-ds/csgo/addons/sourcemod/logs/errors_20200404.log")
L 04/04/2020 - 22:13:57: [admin-flatfile.smx] Error(s) detected parsing addons/sourcemod/configs/admin_overrides.cfg
L 04/04/2020 - 22:13:57: [admin-flatfile.smx]  (line 0) Stream failed to open
L 04/04/2020 - 22:13:57: [admin-flatfile.smx] Error(s) detected parsing addons/sourcemod/configs/admin_groups.cfg
L 04/04/2020 - 22:13:57: [admin-flatfile.smx]  (line 0) Stream failed to open
L 04/04/2020 - 22:13:57: [admin-flatfile.smx] Error(s) detected parsing addons/sourcemod/configs/admins.cfg
L 04/04/2020 - 22:13:57: [admin-flatfile.smx]  (line 44) Unknown group "Admins"
L 04/04/2020 - 22:13:57: [admin-flatfile.smx]  (line 53) Unknown group "Admins"
L 04/04/2020 - 22:13:57: [admin-flatfile.smx]  (line 62) Unknown group "Admins"
L 04/04/2020 - 22:13:57: [admin-flatfile.smx]  (line 71) Unknown group "Admins"
L 04/04/2020 - 22:13:57: [admin-flatfile.smx]  (line 80) Unknown group "Admins"
L 04/04/2020 - 22:13:57: [admin-flatfile.smx]  (line 88) Unknown group "Admins"
L 04/04/2020 - 22:14:01: [SM] Exception reported: Fatal error: Missing "Terrorists" section!
L 04/04/2020 - 22:14:01: [SM] Blaming: csgo_skins.smx
L 04/04/2020 - 22:14:01: [SM] Call stack trace:
L 04/04/2020 - 22:14:01: [SM]   [0] SetFailState
L 04/04/2020 - 22:14:01: [SM]   [1] Line 342, C:\csgo_skins.sp::PrepareConfig
L 04/04/2020 - 22:14:01: [SM]   [2] Line 120, C:\csgo_skins.sp::OnMapStart
L 04/04/2020 - 22:14:01: [nextmap.smx] FATAL: Cannot load map cycle. Nextmap not loaded.
L 04/04/2020 - 22:14:01: [SM] Exception reported: Mapcycle Not Found
L 04/04/2020 - 22:14:01: [SM] Blaming: nextmap.smx
L 04/04/2020 - 22:14:01: [SM] Call stack trace:
L 04/04/2020 - 22:14:01: [SM]   [0] SetFailState
L 04/04/2020 - 22:14:01: [SM]   [1] Line 143, /home/builds/sourcemod/linux-1.10/build/plugins/nextmap.sp::FindAndSetNextMap
L 04/04/2020 - 22:14:01: [SM]   [2] Line 113, /home/builds/sourcemod/linux-1.10/build/plugins/nextmap.sp::OnConfigsExecuted
L 04/04/2020 - 22:15:18: Error log file session closed.
L 04/04/2020 - 22:15:34: SourceMod error session started
L 04/04/2020 - 22:15:34: Info (map "jb_obama_v5_beta") (file "/home/steam/csgo-ds/csgo/addons/sourcemod/logs/errors_20200404.log")
L 04/04/2020 - 22:15:34: [SM] Unable to load plugin "cmenu.smx": Native "EJBW_IsClientWarden" was not found
L 04/04/2020 - 22:15:34: [admin-flatfile.smx] Error(s) detected parsing addons/sourcemod/configs/admin_overrides.cfg
L 04/04/2020 - 22:15:34: [admin-flatfile.smx]  (line 0) Stream failed to open
L 04/04/2020 - 22:15:34: [admin-flatfile.smx] Error(s) detected parsing addons/sourcemod/configs/admin_groups.cfg
L 04/04/2020 - 22:15:34: [admin-flatfile.smx]  (line 0) Stream failed to open
L 04/04/2020 - 22:15:34: [admin-flatfile.smx] Error(s) detected parsing addons/sourcemod/configs/admins.cfg
L 04/04/2020 - 22:15:34: [admin-flatfile.smx]  (line 44) Unknown group "Admins"
L 04/04/2020 - 22:15:34: [admin-flatfile.smx]  (line 53) Unknown group "Admins"
L 04/04/2020 - 22:15:34: [admin-flatfile.smx]  (line 62) Unknown group "Admins"
L 04/04/2020 - 22:15:34: [admin-flatfile.smx]  (line 71) Unknown group "Admins"
L 04/04/2020 - 22:15:34: [admin-flatfile.smx]  (line 80) Unknown group "Admins"
L 04/04/2020 - 22:15:34: [admin-flatfile.smx]  (line 88) Unknown group "Admins"
L 04/04/2020 - 22:15:38: [SM] Exception reported: Fatal error: Missing "Terrorists" section!
L 04/04/2020 - 22:15:38: [SM] Blaming: csgo_skins.smx
L 04/04/2020 - 22:15:38: [SM] Call stack trace:
L 04/04/2020 - 22:15:38: [SM]   [0] SetFailState
L 04/04/2020 - 22:15:38: [SM]   [1] Line 342, C:\csgo_skins.sp::PrepareConfig
L 04/04/2020 - 22:15:38: [SM]   [2] Line 120, C:\csgo_skins.sp::OnMapStart
L 04/04/2020 - 22:15:48: Error log file session closed.
L 04/04/2020 - 22:15:48: SourceMod error session started
L 04/04/2020 - 22:15:48: Info (map "jb_obama_v5_beta") (file "/home/steam/csgo-ds/csgo/addons/sourcemod/logs/errors_20200404.log")
L 04/04/2020 - 22:15:48: [admin-flatfile.smx] Error(s) detected parsing addons/sourcemod/configs/admin_overrides.cfg
L 04/04/2020 - 22:15:48: [admin-flatfile.smx]  (line 0) Stream failed to open
L 04/04/2020 - 22:15:48: [admin-flatfile.smx] Error(s) detected parsing addons/sourcemod/configs/admin_groups.cfg
L 04/04/2020 - 22:15:48: [admin-flatfile.smx]  (line 0) Stream failed to open
L 04/04/2020 - 22:15:48: [admin-flatfile.smx] Error(s) detected parsing addons/sourcemod/configs/admins.cfg
L 04/04/2020 - 22:15:48: [admin-flatfile.smx]  (line 44) Unknown group "Admins"
L 04/04/2020 - 22:15:48: [admin-flatfile.smx]  (line 53) Unknown group "Admins"
L 04/04/2020 - 22:15:48: [admin-flatfile.smx]  (line 62) Unknown group "Admins"
L 04/04/2020 - 22:15:48: [admin-flatfile.smx]  (line 71) Unknown group "Admins"
L 04/04/2020 - 22:15:48: [admin-flatfile.smx]  (line 80) Unknown group "Admins"
L 04/04/2020 - 22:15:48: [admin-flatfile.smx]  (line 88) Unknown group "Admins"
L 04/04/2020 - 22:15:53: [SM] Exception reported: Fatal error: Missing "Terrorists" section!
L 04/04/2020 - 22:15:53: [SM] Blaming: csgo_skins.smx
L 04/04/2020 - 22:15:53: [SM] Call stack trace:
L 04/04/2020 - 22:15:53: [SM]   [0] SetFailState
L 04/04/2020 - 22:15:53: [SM]   [1] Line 342, C:\csgo_skins.sp::PrepareConfig
L 04/04/2020 - 22:15:53: [SM]   [2] Line 120, C:\csgo_skins.sp::OnMapStart
L 04/04/2020 - 22:15:53: [nextmap.smx] FATAL: Cannot load map cycle. Nextmap not loaded.
L 04/04/2020 - 22:15:53: [SM] Exception reported: Mapcycle Not Found
L 04/04/2020 - 22:15:53: [SM] Blaming: nextmap.smx
L 04/04/2020 - 22:15:53: [SM] Call stack trace:
L 04/04/2020 - 22:15:53: [SM]   [0] SetFailState
L 04/04/2020 - 22:15:53: [SM]   [1] Line 143, /home/builds/sourcemod/linux-1.10/build/plugins/nextmap.sp::FindAndSetNextMap
L 04/04/2020 - 22:15:53: [SM]   [2] Line 113, /home/builds/sourcemod/linux-1.10/build/plugins/nextmap.sp::OnConfigsExecuted
L 04/04/2020 - 22:41:18: Error log file session closed.
L 04/04/2020 - 22:41:35: SourceMod error session started
L 04/04/2020 - 22:41:35: Info (map "jb_obama_v5_beta") (file "/home/steam/csgo-ds/csgo/addons/sourcemod/logs/errors_20200404.log")
L 04/04/2020 - 22:41:35: [SM] Unable to load plugin "cmenu.smx": Native "EJBW_IsClientWarden" was not found
L 04/04/2020 - 22:41:36: [admin-flatfile.smx] Error(s) detected parsing addons/sourcemod/configs/admin_overrides.cfg
L 04/04/2020 - 22:41:36: [admin-flatfile.smx]  (line 0) Stream failed to open
L 04/04/2020 - 22:41:36: [admin-flatfile.smx] Error(s) detected parsing addons/sourcemod/configs/admin_groups.cfg
L 04/04/2020 - 22:41:36: [admin-flatfile.smx]  (line 0) Stream failed to open
L 04/04/2020 - 22:41:36: [admin-flatfile.smx] Error(s) detected parsing addons/sourcemod/configs/admins.cfg
L 04/04/2020 - 22:41:36: [admin-flatfile.smx]  (line 44) Unknown group "Admins"
L 04/04/2020 - 22:41:36: [admin-flatfile.smx]  (line 53) Unknown group "Admins"
L 04/04/2020 - 22:41:36: [admin-flatfile.smx]  (line 62) Unknown group "Admins"
L 04/04/2020 - 22:41:36: [admin-flatfile.smx]  (line 71) Unknown group "Admins"
L 04/04/2020 - 22:41:36: [admin-flatfile.smx]  (line 80) Unknown group "Admins"
L 04/04/2020 - 22:41:36: [admin-flatfile.smx]  (line 88) Unknown group "Admins"
L 04/04/2020 - 22:41:39: [SM] Exception reported: Fatal error: Missing "Terrorists" section!
L 04/04/2020 - 22:41:39: [SM] Blaming: csgo_skins.smx
L 04/04/2020 - 22:41:39: [SM] Call stack trace:
L 04/04/2020 - 22:41:39: [SM]   [0] SetFailState
L 04/04/2020 - 22:41:39: [SM]   [1] Line 342, C:\csgo_skins.sp::PrepareConfig
L 04/04/2020 - 22:41:39: [SM]   [2] Line 120, C:\csgo_skins.sp::OnMapStart
L 04/04/2020 - 22:42:33: Error log file session closed.
L 04/04/2020 - 22:42:33: SourceMod error session started
L 04/04/2020 - 22:42:33: Info (map "jb_obama_v5_beta") (file "/home/steam/csgo-ds/csgo/addons/sourcemod/logs/errors_20200404.log")
L 04/04/2020 - 22:42:33: [admin-flatfile.smx] Error(s) detected parsing addons/sourcemod/configs/admin_overrides.cfg
L 04/04/2020 - 22:42:33: [admin-flatfile.smx]  (line 0) Stream failed to open
L 04/04/2020 - 22:42:33: [admin-flatfile.smx] Error(s) detected parsing addons/sourcemod/configs/admin_groups.cfg
L 04/04/2020 - 22:42:33: [admin-flatfile.smx]  (line 0) Stream failed to open
L 04/04/2020 - 22:42:33: [admin-flatfile.smx] Error(s) detected parsing addons/sourcemod/configs/admins.cfg
L 04/04/2020 - 22:42:33: [admin-flatfile.smx]  (line 44) Unknown group "Admins"
L 04/04/2020 - 22:42:33: [admin-flatfile.smx]  (line 53) Unknown group "Admins"
L 04/04/2020 - 22:42:33: [admin-flatfile.smx]  (line 62) Unknown group "Admins"
L 04/04/2020 - 22:42:33: [admin-flatfile.smx]  (line 71) Unknown group "Admins"
L 04/04/2020 - 22:42:33: [admin-flatfile.smx]  (line 80) Unknown group "Admins"
L 04/04/2020 - 22:42:33: [admin-flatfile.smx]  (line 88) Unknown group "Admins"
L 04/04/2020 - 22:42:37: [SM] Exception reported: Fatal error: Missing "Terrorists" section!
L 04/04/2020 - 22:42:37: [SM] Blaming: csgo_skins.smx
L 04/04/2020 - 22:42:37: [SM] Call stack trace:
L 04/04/2020 - 22:42:37: [SM]   [0] SetFailState
L 04/04/2020 - 22:42:37: [SM]   [1] Line 342, C:\csgo_skins.sp::PrepareConfig
L 04/04/2020 - 22:42:37: [SM]   [2] Line 120, C:\csgo_skins.sp::OnMapStart
L 04/04/2020 - 22:42:37: [nextmap.smx] FATAL: Cannot load map cycle. Nextmap not loaded.
L 04/04/2020 - 22:42:37: [SM] Exception reported: Mapcycle Not Found
L 04/04/2020 - 22:42:37: [SM] Blaming: nextmap.smx
L 04/04/2020 - 22:42:37: [SM] Call stack trace:
L 04/04/2020 - 22:42:37: [SM]   [0] SetFailState
L 04/04/2020 - 22:42:37: [SM]   [1] Line 143, /home/builds/sourcemod/linux-1.10/build/plugins/nextmap.sp::FindAndSetNextMap
L 04/04/2020 - 22:42:37: [SM]   [2] Line 113, /home/builds/sourcemod/linux-1.10/build/plugins/nextmap.sp::OnConfigsExecuted
L 04/04/2020 - 22:49:26: [SM] Exception reported: Invalid data pack position, 120 is out of bounds (18)
L 04/04/2020 - 22:49:26: [SM] Blaming: sm_hosties.smx
L 04/04/2020 - 22:49:26: [SM] Call stack trace:
L 04/04/2020 - 22:49:26: [SM]   [0] SetPackPosition
L 04/04/2020 - 22:49:26: [SM]   [1] Line 1674, hosties/lastrequest.sp::LastRequest_PlayerJump
L 04/04/2020 - 22:49:26: [SM] Exception reported: Invalid data pack position, 72 is out of bounds (18)
L 04/04/2020 - 22:49:26: [SM] Blaming: sm_hosties.smx
L 04/04/2020 - 22:49:26: [SM] Call stack trace:
L 04/04/2020 - 22:49:26: [SM]   [0] SetPackPosition
L 04/04/2020 - 22:49:26: [SM]   [1] Line 2244, hosties/lastrequest.sp::OnWeaponDrop
L 04/04/2020 - 22:49:32: [SM] Exception reported: Invalid data pack position, 96 is out of bounds (18)
L 04/04/2020 - 22:49:32: [SM] Blaming: sm_hosties.smx
L 04/04/2020 - 22:49:32: [SM] Call stack trace:
L 04/04/2020 - 22:49:32: [SM]   [0] SetPackPosition
L 04/04/2020 - 22:49:32: [SM]   [1] Line 1663, hosties/lastrequest.sp::LastRequest_PlayerJump
L 04/04/2020 - 22:49:33: [SM] Exception reported: Invalid data pack position, 48 is out of bounds (18)
L 04/04/2020 - 22:49:33: [SM] Blaming: sm_hosties.smx
L 04/04/2020 - 22:49:33: [SM] Call stack trace:
L 04/04/2020 - 22:49:33: [SM]   [0] SetPackPosition
L 04/04/2020 - 22:49:33: [SM]   [1] Line 2226, hosties/lastrequest.sp::OnWeaponDrop
L 04/04/2020 - 23:14:07: Error log file session closed.
L 04/04/2020 - 23:14:08: SourceMod error session started
L 04/04/2020 - 23:14:08: Info (map "ba_2016_minecraft_beta5") (file "/home/steam/csgo-ds/csgo/addons/sourcemod/logs/errors_20200404.log")
L 04/04/2020 - 23:14:08: [admin-flatfile.smx] Error(s) detected parsing addons/sourcemod/configs/admin_overrides.cfg
L 04/04/2020 - 23:14:08: [admin-flatfile.smx]  (line 0) Stream failed to open
L 04/04/2020 - 23:14:08: [admin-flatfile.smx] Error(s) detected parsing addons/sourcemod/configs/admin_groups.cfg
L 04/04/2020 - 23:14:08: [admin-flatfile.smx]  (line 0) Stream failed to open
L 04/04/2020 - 23:14:08: [admin-flatfile.smx] Error(s) detected parsing addons/sourcemod/configs/admins.cfg
L 04/04/2020 - 23:14:08: [admin-flatfile.smx]  (line 44) Unknown group "Admins"
L 04/04/2020 - 23:14:08: [admin-flatfile.smx]  (line 53) Unknown group "Admins"
L 04/04/2020 - 23:14:08: [admin-flatfile.smx]  (line 62) Unknown group "Admins"
L 04/04/2020 - 23:14:08: [admin-flatfile.smx]  (line 71) Unknown group "Admins"
L 04/04/2020 - 23:14:08: [admin-flatfile.smx]  (line 80) Unknown group "Admins"
L 04/04/2020 - 23:14:08: [admin-flatfile.smx]  (line 88) Unknown group "Admins"
L 04/04/2020 - 23:14:30: SourceMod error session started
L 04/04/2020 - 23:14:30: Info (map "jb_obama_v5_beta") (file "/home/steam/csgo-ds/csgo/addons/sourcemod/logs/errors_20200404.log")
L 04/04/2020 - 23:14:30: [SM] Unable to load plugin "cmenu.smx": Native "EJBW_IsClientWarden" was not found
L 04/04/2020 - 23:14:30: [admin-flatfile.smx] Error(s) detected parsing addons/sourcemod/configs/admin_overrides.cfg
L 04/04/2020 - 23:14:30: [admin-flatfile.smx]  (line 0) Stream failed to open
L 04/04/2020 - 23:14:30: [admin-flatfile.smx] Error(s) detected parsing addons/sourcemod/configs/admin_groups.cfg
L 04/04/2020 - 23:14:30: [admin-flatfile.smx]  (line 0) Stream failed to open
L 04/04/2020 - 23:14:30: [admin-flatfile.smx] Error(s) detected parsing addons/sourcemod/configs/admins.cfg
L 04/04/2020 - 23:14:30: [admin-flatfile.smx]  (line 44) Unknown group "Admins"
L 04/04/2020 - 23:14:30: [admin-flatfile.smx]  (line 53) Unknown group "Admins"
L 04/04/2020 - 23:14:30: [admin-flatfile.smx]  (line 62) Unknown group "Admins"
L 04/04/2020 - 23:14:30: [admin-flatfile.smx]  (line 71) Unknown group "Admins"
L 04/04/2020 - 23:14:30: [admin-flatfile.smx]  (line 80) Unknown group "Admins"
L 04/04/2020 - 23:14:30: [admin-flatfile.smx]  (line 88) Unknown group "Admins"
L 04/04/2020 - 23:14:34: [SM] Exception reported: Fatal error: Missing "Terrorists" section!
L 04/04/2020 - 23:14:34: [SM] Blaming: csgo_skins.smx
L 04/04/2020 - 23:14:34: [SM] Call stack trace:
L 04/04/2020 - 23:14:34: [SM]   [0] SetFailState
L 04/04/2020 - 23:14:34: [SM]   [1] Line 342, C:\csgo_skins.sp::PrepareConfig
L 04/04/2020 - 23:14:34: [SM]   [2] Line 120, C:\csgo_skins.sp::OnMapStart
L 04/04/2020 - 23:14:58: Error log file session closed.
L 04/04/2020 - 23:14:58: SourceMod error session started
L 04/04/2020 - 23:14:58: Info (map "jb_spy_vs_spy_beta7") (file "/home/steam/csgo-ds/csgo/addons/sourcemod/logs/errors_20200404.log")
L 04/04/2020 - 23:14:58: [admin-flatfile.smx] Error(s) detected parsing addons/sourcemod/configs/admin_overrides.cfg
L 04/04/2020 - 23:14:58: [admin-flatfile.smx]  (line 0) Stream failed to open
L 04/04/2020 - 23:14:58: [admin-flatfile.smx] Error(s) detected parsing addons/sourcemod/configs/admin_groups.cfg
L 04/04/2020 - 23:14:58: [admin-flatfile.smx]  (line 0) Stream failed to open
L 04/04/2020 - 23:14:58: [admin-flatfile.smx] Error(s) detected parsing addons/sourcemod/configs/admins.cfg
L 04/04/2020 - 23:14:58: [admin-flatfile.smx]  (line 44) Unknown group "Admins"
L 04/04/2020 - 23:14:58: [admin-flatfile.smx]  (line 53) Unknown group "Admins"
L 04/04/2020 - 23:14:58: [admin-flatfile.smx]  (line 62) Unknown group "Admins"
L 04/04/2020 - 23:14:58: [admin-flatfile.smx]  (line 71) Unknown group "Admins"
L 04/04/2020 - 23:14:58: [admin-flatfile.smx]  (line 80) Unknown group "Admins"
L 04/04/2020 - 23:14:58: [admin-flatfile.smx]  (line 88) Unknown group "Admins"
L 04/04/2020 - 23:15:02: [SM] Exception reported: Fatal error: Missing "Terrorists" section!
L 04/04/2020 - 23:15:02: [SM] Blaming: csgo_skins.smx
L 04/04/2020 - 23:15:02: [SM] Call stack trace:
L 04/04/2020 - 23:15:02: [SM]   [0] SetFailState
L 04/04/2020 - 23:15:02: [SM]   [1] Line 342, C:\csgo_skins.sp::PrepareConfig
L 04/04/2020 - 23:15:02: [SM]   [2] Line 120, C:\csgo_skins.sp::OnMapStart
L 04/04/2020 - 23:15:05: Error log file session closed.
L 04/04/2020 - 23:15:05: SourceMod error session started
L 04/04/2020 - 23:15:05: Info (map "jb_spy_vs_spy_beta7") (file "/home/steam/csgo-ds/csgo/addons/sourcemod/logs/errors_20200404.log")
L 04/04/2020 - 23:15:05: [admin-flatfile.smx] Error(s) detected parsing addons/sourcemod/configs/admin_overrides.cfg
L 04/04/2020 - 23:15:05: [admin-flatfile.smx]  (line 0) Stream failed to open
L 04/04/2020 - 23:15:05: [admin-flatfile.smx] Error(s) detected parsing addons/sourcemod/configs/admin_groups.cfg
L 04/04/2020 - 23:15:05: [admin-flatfile.smx]  (line 0) Stream failed to open
L 04/04/2020 - 23:15:05: [admin-flatfile.smx] Error(s) detected parsing addons/sourcemod/configs/admins.cfg
L 04/04/2020 - 23:15:05: [admin-flatfile.smx]  (line 44) Unknown group "Admins"
L 04/04/2020 - 23:15:05: [admin-flatfile.smx]  (line 53) Unknown group "Admins"
L 04/04/2020 - 23:15:05: [admin-flatfile.smx]  (line 62) Unknown group "Admins"
L 04/04/2020 - 23:15:05: [admin-flatfile.smx]  (line 71) Unknown group "Admins"
L 04/04/2020 - 23:15:05: [admin-flatfile.smx]  (line 80) Unknown group "Admins"
L 04/04/2020 - 23:15:05: [admin-flatfile.smx]  (line 88) Unknown group "Admins"
L 04/04/2020 - 23:15:08: [SM] Exception reported: Fatal error: Missing "Terrorists" section!
L 04/04/2020 - 23:15:08: [SM] Blaming: csgo_skins.smx
L 04/04/2020 - 23:15:08: [SM] Call stack trace:
L 04/04/2020 - 23:15:08: [SM]   [0] SetFailState
L 04/04/2020 - 23:15:08: [SM]   [1] Line 342, C:\csgo_skins.sp::PrepareConfig
L 04/04/2020 - 23:15:08: [SM]   [2] Line 120, C:\csgo_skins.sp::OnMapStart
L 04/04/2020 - 23:22:55: [SM] Exception reported: Invalid data pack position, 120 is out of bounds (18)
L 04/04/2020 - 23:22:55: [SM] Blaming: sm_hosties.smx
L 04/04/2020 - 23:22:55: [SM] Call stack trace:
L 04/04/2020 - 23:22:55: [SM]   [0] SetPackPosition
L 04/04/2020 - 23:22:55: [SM]   [1] Line 1674, hosties/lastrequest.sp::LastRequest_PlayerJump
L 04/04/2020 - 23:22:56: [SM] Exception reported: Invalid data pack position, 96 is out of bounds (18)
L 04/04/2020 - 23:22:56: [SM] Blaming: sm_hosties.smx
L 04/04/2020 - 23:22:56: [SM] Call stack trace:
L 04/04/2020 - 23:22:56: [SM]   [0] SetPackPosition
L 04/04/2020 - 23:22:56: [SM]   [1] Line 1663, hosties/lastrequest.sp::LastRequest_PlayerJump
L 04/04/2020 - 23:22:56: [SM] Exception reported: Invalid data pack position, 96 is out of bounds (18)
L 04/04/2020 - 23:22:56: [SM] Blaming: sm_hosties.smx
L 04/04/2020 - 23:22:56: [SM] Call stack trace:
L 04/04/2020 - 23:22:56: [SM]   [0] SetPackPosition
L 04/04/2020 - 23:22:56: [SM]   [1] Line 1663, hosties/lastrequest.sp::LastRequest_PlayerJump
L 04/04/2020 - 23:22:57: [SM] Exception reported: Invalid data pack position, 96 is out of bounds (18)
L 04/04/2020 - 23:22:57: [SM] Blaming: sm_hosties.smx
L 04/04/2020 - 23:22:57: [SM] Call stack trace:
L 04/04/2020 - 23:22:57: [SM]   [0] SetPackPosition
L 04/04/2020 - 23:22:57: [SM]   [1] Line 1663, hosties/lastrequest.sp::LastRequest_PlayerJump
L 04/04/2020 - 23:22:59: [SM] Exception reported: Invalid data pack position, 96 is out of bounds (18)
L 04/04/2020 - 23:22:59: [SM] Blaming: sm_hosties.smx
L 04/04/2020 - 23:22:59: [SM] Call stack trace:
L 04/04/2020 - 23:22:59: [SM]   [0] SetPackPosition
L 04/04/2020 - 23:22:59: [SM]   [1] Line 1663, hosties/lastrequest.sp::LastRequest_PlayerJump
L 04/04/2020 - 23:23:00: [SM] Exception reported: Invalid data pack position, 120 is out of bounds (18)
L 04/04/2020 - 23:23:00: [SM] Blaming: sm_hosties.smx
L 04/04/2020 - 23:23:00: [SM] Call stack trace:
L 04/04/2020 - 23:23:00: [SM]   [0] SetPackPosition
L 04/04/2020 - 23:23:00: [SM]   [1] Line 1674, hosties/lastrequest.sp::LastRequest_PlayerJump
L 04/04/2020 - 23:23:03: [SM] Exception reported: Invalid data pack position, 96 is out of bounds (18)
L 04/04/2020 - 23:23:03: [SM] Blaming: sm_hosties.smx
L 04/04/2020 - 23:23:03: [SM] Call stack trace:
L 04/04/2020 - 23:23:03: [SM]   [0] SetPackPosition
L 04/04/2020 - 23:23:03: [SM]   [1] Line 1663, hosties/lastrequest.sp::LastRequest_PlayerJump
L 04/04/2020 - 23:23:04: [SM] Exception reported: Invalid data pack position, 96 is out of bounds (18)
L 04/04/2020 - 23:23:04: [SM] Blaming: sm_hosties.smx
L 04/04/2020 - 23:23:04: [SM] Call stack trace:
L 04/04/2020 - 23:23:04: [SM]   [0] SetPackPosition
L 04/04/2020 - 23:23:04: [SM]   [1] Line 1663, hosties/lastrequest.sp::LastRequest_PlayerJump
L 04/04/2020 - 23:23:04: [SM] Exception reported: Invalid data pack position, 96 is out of bounds (18)
L 04/04/2020 - 23:23:04: [SM] Blaming: sm_hosties.smx
L 04/04/2020 - 23:23:04: [SM] Call stack trace:
L 04/04/2020 - 23:23:04: [SM]   [0] SetPackPosition
L 04/04/2020 - 23:23:04: [SM]   [1] Line 1663, hosties/lastrequest.sp::LastRequest_PlayerJump
L 04/04/2020 - 23:23:05: [SM] Exception reported: Invalid data pack position, 96 is out of bounds (18)
L 04/04/2020 - 23:23:05: [SM] Blaming: sm_hosties.smx
L 04/04/2020 - 23:23:05: [SM] Call stack trace:
L 04/04/2020 - 23:23:05: [SM]   [0] SetPackPosition
L 04/04/2020 - 23:23:05: [SM]   [1] Line 1663, hosties/lastrequest.sp::LastRequest_PlayerJump
L 04/04/2020 - 23:23:06: [SM] Exception reported: Invalid data pack position, 48 is out of bounds (18)
L 04/04/2020 - 23:23:06: [SM] Blaming: sm_hosties.smx
L 04/04/2020 - 23:23:06: [SM] Call stack trace:
L 04/04/2020 - 23:23:06: [SM]   [0] SetPackPosition
L 04/04/2020 - 23:23:06: [SM]   [1] Line 2226, hosties/lastrequest.sp::OnWeaponDrop
L 04/04/2020 - 23:23:08: [SM] Exception reported: Invalid data pack position, 120 is out of bounds (18)
L 04/04/2020 - 23:23:08: [SM] Blaming: sm_hosties.smx
L 04/04/2020 - 23:23:08: [SM] Call stack trace:
L 04/04/2020 - 23:23:08: [SM]   [0] SetPackPosition
L 04/04/2020 - 23:23:08: [SM]   [1] Line 1674, hosties/lastrequest.sp::LastRequest_PlayerJump
L 04/04/2020 - 23:23:09: [SM] Exception reported: Invalid data pack position, 120 is out of bounds (18)
L 04/04/2020 - 23:23:09: [SM] Blaming: sm_hosties.smx
L 04/04/2020 - 23:23:09: [SM] Call stack trace:
L 04/04/2020 - 23:23:09: [SM]   [0] SetPackPosition
L 04/04/2020 - 23:23:09: [SM]   [1] Line 1674, hosties/lastrequest.sp::LastRequest_PlayerJump
L 04/04/2020 - 23:23:10: [SM] Exception reported: Invalid data pack position, 120 is out of bounds (18)
L 04/04/2020 - 23:23:10: [SM] Blaming: sm_hosties.smx
L 04/04/2020 - 23:23:10: [SM] Call stack trace:
L 04/04/2020 - 23:23:10: [SM]   [0] SetPackPosition
L 04/04/2020 - 23:23:10: [SM]   [1] Line 1674, hosties/lastrequest.sp::LastRequest_PlayerJump
L 04/04/2020 - 23:23:10: [SM] Exception reported: Invalid data pack position, 120 is out of bounds (18)
L 04/04/2020 - 23:23:10: [SM] Blaming: sm_hosties.smx
L 04/04/2020 - 23:23:10: [SM] Call stack trace:
L 04/04/2020 - 23:23:10: [SM]   [0] SetPackPosition
L 04/04/2020 - 23:23:10: [SM]   [1] Line 1674, hosties/lastrequest.sp::LastRequest_PlayerJump
L 04/04/2020 - 23:23:11: [SM] Exception reported: Invalid data pack position, 120 is out of bounds (18)
L 04/04/2020 - 23:23:11: [SM] Blaming: sm_hosties.smx
L 04/04/2020 - 23:23:11: [SM] Call stack trace:
L 04/04/2020 - 23:23:11: [SM]   [0] SetPackPosition
L 04/04/2020 - 23:23:11: [SM]   [1] Line 1674, hosties/lastrequest.sp::LastRequest_PlayerJump
L 04/04/2020 - 23:23:12: [SM] Exception reported: Invalid data pack position, 120 is out of bounds (18)
L 04/04/2020 - 23:23:12: [SM] Blaming: sm_hosties.smx
L 04/04/2020 - 23:23:12: [SM] Call stack trace:
L 04/04/2020 - 23:23:12: [SM]   [0] SetPackPosition
L 04/04/2020 - 23:23:12: [SM]   [1] Line 1674, hosties/lastrequest.sp::LastRequest_PlayerJump
L 04/04/2020 - 23:23:13: [SM] Exception reported: Invalid data pack position, 120 is out of bounds (18)
L 04/04/2020 - 23:23:13: [SM] Blaming: sm_hosties.smx
L 04/04/2020 - 23:23:13: [SM] Call stack trace:
L 04/04/2020 - 23:23:13: [SM]   [0] SetPackPosition
L 04/04/2020 - 23:23:13: [SM]   [1] Line 1674, hosties/lastrequest.sp::LastRequest_PlayerJump
L 04/04/2020 - 23:23:13: [SM] Exception reported: Invalid data pack position, 120 is out of bounds (18)
L 04/04/2020 - 23:23:13: [SM] Blaming: sm_hosties.smx
L 04/04/2020 - 23:23:13: [SM] Call stack trace:
L 04/04/2020 - 23:23:13: [SM]   [0] SetPackPosition
L 04/04/2020 - 23:23:13: [SM]   [1] Line 1674, hosties/lastrequest.sp::LastRequest_PlayerJump
L 04/04/2020 - 23:23:14: [SM] Exception reported: Invalid data pack position, 120 is out of bounds (18)
L 04/04/2020 - 23:23:14: [SM] Blaming: sm_hosties.smx
L 04/04/2020 - 23:23:14: [SM] Call stack trace:
L 04/04/2020 - 23:23:14: [SM]   [0] SetPackPosition
L 04/04/2020 - 23:23:14: [SM]   [1] Line 1674, hosties/lastrequest.sp::LastRequest_PlayerJump
L 04/04/2020 - 23:23:15: [SM] Exception reported: Invalid data pack position, 120 is out of bounds (18)
L 04/04/2020 - 23:23:15: [SM] Blaming: sm_hosties.smx
L 04/04/2020 - 23:23:15: [SM] Call stack trace:
L 04/04/2020 - 23:23:15: [SM]   [0] SetPackPosition
L 04/04/2020 - 23:23:15: [SM]   [1] Line 1674, hosties/lastrequest.sp::LastRequest_PlayerJump
L 04/04/2020 - 23:23:19: [SM] Exception reported: Invalid data pack position, 120 is out of bounds (18)
L 04/04/2020 - 23:23:19: [SM] Blaming: sm_hosties.smx
L 04/04/2020 - 23:23:19: [SM] Call stack trace:
L 04/04/2020 - 23:23:19: [SM]   [0] SetPackPosition
L 04/04/2020 - 23:23:19: [SM]   [1] Line 1674, hosties/lastrequest.sp::LastRequest_PlayerJump
L 04/04/2020 - 23:23:35: SourceMod error session started
L 04/04/2020 - 23:23:35: Info (map "jb_obama_v5_beta") (file "/home/steam/csgo-ds/csgo/addons/sourcemod/logs/errors_20200404.log")
L 04/04/2020 - 23:23:35: [SM] Unable to load plugin "cmenu.smx": Native "EJBW_IsClientWarden" was not found
L 04/04/2020 - 23:23:35: [admin-flatfile.smx] Error(s) detected parsing addons/sourcemod/configs/admin_overrides.cfg
L 04/04/2020 - 23:23:35: [admin-flatfile.smx]  (line 0) Stream failed to open
L 04/04/2020 - 23:23:35: [admin-flatfile.smx] Error(s) detected parsing addons/sourcemod/configs/admin_groups.cfg
L 04/04/2020 - 23:23:35: [admin-flatfile.smx]  (line 0) Stream failed to open
L 04/04/2020 - 23:23:35: [admin-flatfile.smx] Error(s) detected parsing addons/sourcemod/configs/admins.cfg
L 04/04/2020 - 23:23:35: [admin-flatfile.smx]  (line 44) Unknown group "Admins"
L 04/04/2020 - 23:23:35: [admin-flatfile.smx]  (line 53) Unknown group "Admins"
L 04/04/2020 - 23:23:35: [admin-flatfile.smx]  (line 62) Unknown group "Admins"
L 04/04/2020 - 23:23:35: [admin-flatfile.smx]  (line 71) Unknown group "Admins"
L 04/04/2020 - 23:23:35: [admin-flatfile.smx]  (line 80) Unknown group "Admins"
L 04/04/2020 - 23:23:35: [admin-flatfile.smx]  (line 88) Unknown group "Admins"
L 04/04/2020 - 23:23:38: [SM] Exception reported: Fatal error: Missing "Terrorists" section!
L 04/04/2020 - 23:23:38: [SM] Blaming: csgo_skins.smx
L 04/04/2020 - 23:23:38: [SM] Call stack trace:
L 04/04/2020 - 23:23:38: [SM]   [0] SetFailState
L 04/04/2020 - 23:23:38: [SM]   [1] Line 342, C:\csgo_skins.sp::PrepareConfig
L 04/04/2020 - 23:23:38: [SM]   [2] Line 120, C:\csgo_skins.sp::OnMapStart
L 04/04/2020 - 23:24:24: Error log file session closed.
L 04/04/2020 - 23:24:41: SourceMod error session started
L 04/04/2020 - 23:24:41: Info (map "jb_obama_v5_beta") (file "/home/steam/csgo-ds/csgo/addons/sourcemod/logs/errors_20200404.log")
L 04/04/2020 - 23:24:41: [SM] Unable to load plugin "cmenu.smx": Native "EJBW_IsClientWarden" was not found
L 04/04/2020 - 23:24:41: [admin-flatfile.smx] Error(s) detected parsing addons/sourcemod/configs/admin_overrides.cfg
L 04/04/2020 - 23:24:41: [admin-flatfile.smx]  (line 0) Stream failed to open
L 04/04/2020 - 23:24:41: [admin-flatfile.smx] Error(s) detected parsing addons/sourcemod/configs/admin_groups.cfg
L 04/04/2020 - 23:24:41: [admin-flatfile.smx]  (line 0) Stream failed to open
L 04/04/2020 - 23:24:41: [admin-flatfile.smx] Error(s) detected parsing addons/sourcemod/configs/admins.cfg
L 04/04/2020 - 23:24:41: [admin-flatfile.smx]  (line 44) Unknown group "Admins"
L 04/04/2020 - 23:24:41: [admin-flatfile.smx]  (line 53) Unknown group "Admins"
L 04/04/2020 - 23:24:41: [admin-flatfile.smx]  (line 62) Unknown group "Admins"
L 04/04/2020 - 23:24:41: [admin-flatfile.smx]  (line 71) Unknown group "Admins"
L 04/04/2020 - 23:24:41: [admin-flatfile.smx]  (line 80) Unknown group "Admins"
L 04/04/2020 - 23:24:41: [admin-flatfile.smx]  (line 88) Unknown group "Admins"
L 04/04/2020 - 23:24:45: [SM] Exception reported: Fatal error: Missing "Terrorists" section!
L 04/04/2020 - 23:24:45: [SM] Blaming: csgo_skins.smx
L 04/04/2020 - 23:24:45: [SM] Call stack trace:
L 04/04/2020 - 23:24:45: [SM]   [0] SetFailState
L 04/04/2020 - 23:24:45: [SM]   [1] Line 342, C:\csgo_skins.sp::PrepareConfig
L 04/04/2020 - 23:24:45: [SM]   [2] Line 120, C:\csgo_skins.sp::OnMapStart
L 04/04/2020 - 23:25:15: Error log file session closed.
L 04/04/2020 - 23:25:15: SourceMod error session started
L 04/04/2020 - 23:25:15: Info (map "jb_obama_v5_beta") (file "/home/steam/csgo-ds/csgo/addons/sourcemod/logs/errors_20200404.log")
L 04/04/2020 - 23:25:15: [admin-flatfile.smx] Error(s) detected parsing addons/sourcemod/configs/admin_overrides.cfg
L 04/04/2020 - 23:25:15: [admin-flatfile.smx]  (line 0) Stream failed to open
L 04/04/2020 - 23:25:15: [admin-flatfile.smx] Error(s) detected parsing addons/sourcemod/configs/admin_groups.cfg
L 04/04/2020 - 23:25:15: [admin-flatfile.smx]  (line 0) Stream failed to open
L 04/04/2020 - 23:25:15: [admin-flatfile.smx] Error(s) detected parsing addons/sourcemod/configs/admins.cfg
L 04/04/2020 - 23:25:15: [admin-flatfile.smx]  (line 44) Unknown group "Admins"
L 04/04/2020 - 23:25:15: [admin-flatfile.smx]  (line 53) Unknown group "Admins"
L 04/04/2020 - 23:25:15: [admin-flatfile.smx]  (line 62) Unknown group "Admins"
L 04/04/2020 - 23:25:15: [admin-flatfile.smx]  (line 71) Unknown group "Admins"
L 04/04/2020 - 23:25:15: [admin-flatfile.smx]  (line 80) Unknown group "Admins"
L 04/04/2020 - 23:25:15: [admin-flatfile.smx]  (line 88) Unknown group "Admins"
L 04/04/2020 - 23:25:18: [SM] Exception reported: Fatal error: Missing "Terrorists" section!
L 04/04/2020 - 23:25:18: [SM] Blaming: csgo_skins.smx
L 04/04/2020 - 23:25:18: [SM] Call stack trace:
L 04/04/2020 - 23:25:18: [SM]   [0] SetFailState
L 04/04/2020 - 23:25:18: [SM]   [1] Line 342, C:\csgo_skins.sp::PrepareConfig
L 04/04/2020 - 23:25:18: [SM]   [2] Line 120, C:\csgo_skins.sp::OnMapStart
L 04/04/2020 - 23:25:18: [nextmap.smx] FATAL: Cannot load map cycle. Nextmap not loaded.
L 04/04/2020 - 23:25:18: [SM] Exception reported: Mapcycle Not Found
L 04/04/2020 - 23:25:18: [SM] Blaming: nextmap.smx
L 04/04/2020 - 23:25:18: [SM] Call stack trace:
L 04/04/2020 - 23:25:18: [SM]   [0] SetFailState
L 04/04/2020 - 23:25:18: [SM]   [1] Line 143, /home/builds/sourcemod/linux-1.10/build/plugins/nextmap.sp::FindAndSetNextMap
L 04/04/2020 - 23:25:18: [SM]   [2] Line 113, /home/builds/sourcemod/linux-1.10/build/plugins/nextmap.sp::OnConfigsExecuted
L 04/04/2020 - 23:27:27: Error log file session closed.
L 04/04/2020 - 23:27:43: SourceMod error session started
L 04/04/2020 - 23:27:43: Info (map "jb_obama_v5_beta") (file "/home/steam/csgo-ds/csgo/addons/sourcemod/logs/errors_20200404.log")
L 04/04/2020 - 23:27:43: [SM] Unable to load plugin "cmenu.smx": Native "EJBW_IsClientWarden" was not found
L 04/04/2020 - 23:27:43: [admin-flatfile.smx] Error(s) detected parsing addons/sourcemod/configs/admin_overrides.cfg
L 04/04/2020 - 23:27:43: [admin-flatfile.smx]  (line 0) Stream failed to open
L 04/04/2020 - 23:27:43: [admin-flatfile.smx] Error(s) detected parsing addons/sourcemod/configs/admin_groups.cfg
L 04/04/2020 - 23:27:43: [admin-flatfile.smx]  (line 0) Stream failed to open
L 04/04/2020 - 23:27:43: [admin-flatfile.smx] Error(s) detected parsing addons/sourcemod/configs/admins.cfg
L 04/04/2020 - 23:27:43: [admin-flatfile.smx]  (line 44) Unknown group "Admins"
L 04/04/2020 - 23:27:43: [admin-flatfile.smx]  (line 53) Unknown group "Admins"
L 04/04/2020 - 23:27:43: [admin-flatfile.smx]  (line 62) Unknown group "Admins"
L 04/04/2020 - 23:27:43: [admin-flatfile.smx]  (line 71) Unknown group "Admins"
L 04/04/2020 - 23:27:43: [admin-flatfile.smx]  (line 80) Unknown group "Admins"
L 04/04/2020 - 23:27:43: [admin-flatfile.smx]  (line 88) Unknown group "Admins"
L 04/04/2020 - 23:27:47: [SM] Exception reported: Fatal error: Missing "Terrorists" section!
L 04/04/2020 - 23:27:47: [SM] Blaming: csgo_skins.smx
L 04/04/2020 - 23:27:47: [SM] Call stack trace:
L 04/04/2020 - 23:27:47: [SM]   [0] SetFailState
L 04/04/2020 - 23:27:47: [SM]   [1] Line 342, C:\csgo_skins.sp::PrepareConfig
L 04/04/2020 - 23:27:47: [SM]   [2] Line 120, C:\csgo_skins.sp::OnMapStart
L 04/04/2020 - 23:28:14: Error log file session closed.
L 04/04/2020 - 23:28:29: SourceMod error session started
L 04/04/2020 - 23:28:29: Info (map "jb_obama_v5_beta") (file "/home/steam/csgo-ds/csgo/addons/sourcemod/logs/errors_20200404.log")
L 04/04/2020 - 23:28:29: [SM] Unable to load plugin "cmenu.smx": Native "EJBW_IsClientWarden" was not found
L 04/04/2020 - 23:28:30: [admin-flatfile.smx] Error(s) detected parsing addons/sourcemod/configs/admin_overrides.cfg
L 04/04/2020 - 23:28:30: [admin-flatfile.smx]  (line 0) Stream failed to open
L 04/04/2020 - 23:28:30: [admin-flatfile.smx] Error(s) detected parsing addons/sourcemod/configs/admin_groups.cfg
L 04/04/2020 - 23:28:30: [admin-flatfile.smx]  (line 0) Stream failed to open
L 04/04/2020 - 23:28:30: [admin-flatfile.smx] Error(s) detected parsing addons/sourcemod/configs/admins.cfg
L 04/04/2020 - 23:28:30: [admin-flatfile.smx]  (line 44) Unknown group "Admins"
L 04/04/2020 - 23:28:30: [admin-flatfile.smx]  (line 53) Unknown group "Admins"
L 04/04/2020 - 23:28:30: [admin-flatfile.smx]  (line 62) Unknown group "Admins"
L 04/04/2020 - 23:28:30: [admin-flatfile.smx]  (line 71) Unknown group "Admins"
L 04/04/2020 - 23:28:30: [admin-flatfile.smx]  (line 80) Unknown group "Admins"
L 04/04/2020 - 23:28:30: [admin-flatfile.smx]  (line 88) Unknown group "Admins"
L 04/04/2020 - 23:28:33: [SM] Exception reported: Fatal error: Missing "Terrorists" section!
L 04/04/2020 - 23:28:33: [SM] Blaming: csgo_skins.smx
L 04/04/2020 - 23:28:33: [SM] Call stack trace:
L 04/04/2020 - 23:28:33: [SM]   [0] SetFailState
L 04/04/2020 - 23:28:33: [SM]   [1] Line 342, C:\csgo_skins.sp::PrepareConfig
L 04/04/2020 - 23:28:33: [SM]   [2] Line 120, C:\csgo_skins.sp::OnMapStart
L 04/04/2020 - 23:28:39: Error log file session closed.
L 04/04/2020 - 23:28:39: SourceMod error session started
L 04/04/2020 - 23:28:39: Info (map "jb_obama_v5_beta") (file "/home/steam/csgo-ds/csgo/addons/sourcemod/logs/errors_20200404.log")
L 04/04/2020 - 23:28:39: [admin-flatfile.smx] Error(s) detected parsing addons/sourcemod/configs/admin_overrides.cfg
L 04/04/2020 - 23:28:39: [admin-flatfile.smx]  (line 0) Stream failed to open
L 04/04/2020 - 23:28:39: [admin-flatfile.smx] Error(s) detected parsing addons/sourcemod/configs/admin_groups.cfg
L 04/04/2020 - 23:28:39: [admin-flatfile.smx]  (line 0) Stream failed to open
L 04/04/2020 - 23:28:39: [admin-flatfile.smx] Error(s) detected parsing addons/sourcemod/configs/admins.cfg
L 04/04/2020 - 23:28:39: [admin-flatfile.smx]  (line 44) Unknown group "Admins"
L 04/04/2020 - 23:28:39: [admin-flatfile.smx]  (line 53) Unknown group "Admins"
L 04/04/2020 - 23:28:39: [admin-flatfile.smx]  (line 62) Unknown group "Admins"
L 04/04/2020 - 23:28:39: [admin-flatfile.smx]  (line 71) Unknown group "Admins"
L 04/04/2020 - 23:28:39: [admin-flatfile.smx]  (line 80) Unknown group "Admins"
L 04/04/2020 - 23:28:39: [admin-flatfile.smx]  (line 88) Unknown group "Admins"
L 04/04/2020 - 23:28:42: [SM] Exception reported: Fatal error: Missing "Terrorists" section!
L 04/04/2020 - 23:28:42: [SM] Blaming: csgo_skins.smx
L 04/04/2020 - 23:28:42: [SM] Call stack trace:
L 04/04/2020 - 23:28:42: [SM]   [0] SetFailState
L 04/04/2020 - 23:28:42: [SM]   [1] Line 342, C:\csgo_skins.sp::PrepareConfig
L 04/04/2020 - 23:28:42: [SM]   [2] Line 120, C:\csgo_skins.sp::OnMapStart
L 04/04/2020 - 23:28:42: [nextmap.smx] FATAL: Cannot load map cycle. Nextmap not loaded.
L 04/04/2020 - 23:28:42: [SM] Exception reported: Mapcycle Not Found
L 04/04/2020 - 23:28:42: [SM] Blaming: nextmap.smx
L 04/04/2020 - 23:28:42: [SM] Call stack trace:
L 04/04/2020 - 23:28:42: [SM]   [0] SetFailState
L 04/04/2020 - 23:28:42: [SM]   [1] Line 143, /home/builds/sourcemod/linux-1.10/build/plugins/nextmap.sp::FindAndSetNextMap
L 04/04/2020 - 23:28:42: [SM]   [2] Line 113, /home/builds/sourcemod/linux-1.10/build/plugins/nextmap.sp::OnConfigsExecuted
