L 04/02/2020 - 13:00:08: SourceMod error session started
L 04/02/2020 - 13:00:08: Info (map "jb_obama_v5_beta") (file "/home/steam/csgo-ds/csgo/addons/sourcemod/logs/errors_20200402.log")
L 04/02/2020 - 13:00:08: [SM] Unable to load plugin "cmenu.smx": Could not find required plugin "smartjaildoors"
L 04/02/2020 - 13:00:14: [SM] Exception reported: Fatal error: Unable to open generic configuration file "addons/sourcemod/configs/skins/any.cfg"!
L 04/02/2020 - 13:00:14: [SM] Blaming: csgo_skins.smx
L 04/02/2020 - 13:00:14: [SM] Call stack trace:
L 04/02/2020 - 13:00:14: [SM]   [0] SetFailState
L 04/02/2020 - 13:00:14: [SM]   [1] Line 114, C:\csgo_skins.sp::OnMapStart
L 04/02/2020 - 18:44:55: Error log file session closed.
L 04/02/2020 - 18:45:01: SourceMod error session started
L 04/02/2020 - 18:45:01: Info (map "jb_obama_v5_beta") (file "/home/steam/csgo-ds/csgo/addons/sourcemod/logs/errors_20200402.log")
L 04/02/2020 - 18:45:01: [SM] Exception reported: Fatal error: Unable to open generic configuration file "addons/sourcemod/configs/skins/any.cfg"!
L 04/02/2020 - 18:45:01: [SM] Blaming: csgo_skins.smx
L 04/02/2020 - 18:45:01: [SM] Call stack trace:
L 04/02/2020 - 18:45:01: [SM]   [0] SetFailState
L 04/02/2020 - 18:45:01: [SM]   [1] Line 114, C:\csgo_skins.sp::OnMapStart
L 04/02/2020 - 18:45:01: [nextmap.smx] FATAL: Cannot load map cycle. Nextmap not loaded.
L 04/02/2020 - 18:45:01: [SM] Exception reported: Mapcycle Not Found
L 04/02/2020 - 18:45:01: [SM] Blaming: nextmap.smx
L 04/02/2020 - 18:45:01: [SM] Call stack trace:
L 04/02/2020 - 18:45:01: [SM]   [0] SetFailState
L 04/02/2020 - 18:45:01: [SM]   [1] Line 143, /home/builds/sourcemod/linux-1.10/build/plugins/nextmap.sp::FindAndSetNextMap
L 04/02/2020 - 18:45:01: [SM]   [2] Line 113, /home/builds/sourcemod/linux-1.10/build/plugins/nextmap.sp::OnConfigsExecuted
L 04/02/2020 - 18:45:24: [SM] Exception reported: Could not read Handle 780078 (error 1)
L 04/02/2020 - 18:45:24: [SM] Blaming: updater.smx
L 04/02/2020 - 18:45:24: [SM] Call stack trace:
L 04/02/2020 - 18:45:24: [SM]   [0] GetPluginInfo
L 04/02/2020 - 18:45:24: [SM]   [1] Line 141, updater/filesys.sp::ParseUpdateFile
L 04/02/2020 - 18:45:24: [SM]   [2] Line 158, updater/download.sp::DownloadEnded
L 04/02/2020 - 18:45:24: [SM]   [3] Line 30, updater/download_steamworks.sp::OnSteamWorksHTTPComplete
L 04/02/2020 - 21:23:09: SourceMod error session started
L 04/02/2020 - 21:23:09: Info (map "jb_obama_v5_beta") (file "/home/steam/csgo-ds/csgo/addons/sourcemod/logs/errors_20200402.log")
L 04/02/2020 - 21:23:09: [SM] Unable to load plugin "cmenu.smx": Could not find required plugin "smartjaildoors"
L 04/02/2020 - 21:23:12: [SM] Exception reported: Fatal error: Unable to open generic configuration file "addons/sourcemod/configs/skins/any.cfg"!
L 04/02/2020 - 21:23:12: [SM] Blaming: csgo_skins.smx
L 04/02/2020 - 21:23:12: [SM] Call stack trace:
L 04/02/2020 - 21:23:12: [SM]   [0] SetFailState
L 04/02/2020 - 21:23:12: [SM]   [1] Line 114, C:\csgo_skins.sp::OnMapStart
L 04/02/2020 - 21:39:21: Error log file session closed.
L 04/02/2020 - 21:39:24: SourceMod error session started
L 04/02/2020 - 21:39:24: Info (map "jb_obama_v5_beta") (file "/home/steam/csgo-ds/csgo/addons/sourcemod/logs/errors_20200402.log")
L 04/02/2020 - 21:39:24: [SM] Exception reported: Fatal error: Unable to open generic configuration file "addons/sourcemod/configs/skins/any.cfg"!
L 04/02/2020 - 21:39:24: [SM] Blaming: csgo_skins.smx
L 04/02/2020 - 21:39:24: [SM] Call stack trace:
L 04/02/2020 - 21:39:24: [SM]   [0] SetFailState
L 04/02/2020 - 21:39:24: [SM]   [1] Line 114, C:\csgo_skins.sp::OnMapStart
L 04/02/2020 - 21:39:24: [nextmap.smx] FATAL: Cannot load map cycle. Nextmap not loaded.
L 04/02/2020 - 21:39:24: [SM] Exception reported: Mapcycle Not Found
L 04/02/2020 - 21:39:24: [SM] Blaming: nextmap.smx
L 04/02/2020 - 21:39:24: [SM] Call stack trace:
L 04/02/2020 - 21:39:24: [SM]   [0] SetFailState
L 04/02/2020 - 21:39:24: [SM]   [1] Line 143, /home/builds/sourcemod/linux-1.10/build/plugins/nextmap.sp::FindAndSetNextMap
L 04/02/2020 - 21:39:24: [SM]   [2] Line 113, /home/builds/sourcemod/linux-1.10/build/plugins/nextmap.sp::OnConfigsExecuted
L 04/02/2020 - 21:39:36: [SM] Exception reported: Could not read Handle 780078 (error 1)
L 04/02/2020 - 21:39:36: [SM] Blaming: updater.smx
L 04/02/2020 - 21:39:36: [SM] Call stack trace:
L 04/02/2020 - 21:39:36: [SM]   [0] GetPluginInfo
L 04/02/2020 - 21:39:36: [SM]   [1] Line 141, updater/filesys.sp::ParseUpdateFile
L 04/02/2020 - 21:39:36: [SM]   [2] Line 158, updater/download.sp::DownloadEnded
L 04/02/2020 - 21:39:36: [SM]   [3] Line 30, updater/download_steamworks.sp::OnSteamWorksHTTPComplete
L 04/02/2020 - 21:48:42: [SM] Exception reported: Cannot set m_iItemDefinitionIndex with "FollowCSGOServerGuidelines" option enabled.
L 04/02/2020 - 21:48:42: [SM] Blaming: sm_hosties.smx
L 04/02/2020 - 21:48:42: [SM] Call stack trace:
L 04/02/2020 - 21:48:42: [SM]   [0] SetEntProp
L 04/02/2020 - 21:48:42: [SM]   [1] Line 5170, hosties/lastrequest.sp::Timer_Countdown
L 04/02/2020 - 22:14:14: Error log file session closed.
L 04/02/2020 - 22:14:24: SourceMod error session started
L 04/02/2020 - 22:14:24: Info (map "jb_obama_v5_beta") (file "/home/steam/csgo-ds/csgo/addons/sourcemod/logs/errors_20200402.log")
L 04/02/2020 - 22:14:24: [SM] Unable to load plugin "cmenu.smx": Could not find required plugin "smartjaildoors"
L 04/02/2020 - 22:14:28: [SM] Exception reported: Fatal error: Unable to open generic configuration file "addons/sourcemod/configs/skins/any.cfg"!
L 04/02/2020 - 22:14:28: [SM] Blaming: csgo_skins.smx
L 04/02/2020 - 22:14:28: [SM] Call stack trace:
L 04/02/2020 - 22:14:28: [SM]   [0] SetFailState
L 04/02/2020 - 22:14:28: [SM]   [1] Line 114, C:\csgo_skins.sp::OnMapStart
L 04/02/2020 - 22:15:20: Error log file session closed.
L 04/02/2020 - 22:15:24: SourceMod error session started
L 04/02/2020 - 22:15:24: Info (map "jb_obama_v5_beta") (file "/home/steam/csgo-ds/csgo/addons/sourcemod/logs/errors_20200402.log")
L 04/02/2020 - 22:15:24: [SM] Exception reported: Fatal error: Unable to open generic configuration file "addons/sourcemod/configs/skins/any.cfg"!
L 04/02/2020 - 22:15:24: [SM] Blaming: csgo_skins.smx
L 04/02/2020 - 22:15:24: [SM] Call stack trace:
L 04/02/2020 - 22:15:24: [SM]   [0] SetFailState
L 04/02/2020 - 22:15:24: [SM]   [1] Line 114, C:\csgo_skins.sp::OnMapStart
L 04/02/2020 - 22:15:24: [nextmap.smx] FATAL: Cannot load map cycle. Nextmap not loaded.
L 04/02/2020 - 22:15:24: [SM] Exception reported: Mapcycle Not Found
L 04/02/2020 - 22:15:24: [SM] Blaming: nextmap.smx
L 04/02/2020 - 22:15:24: [SM] Call stack trace:
L 04/02/2020 - 22:15:24: [SM]   [0] SetFailState
L 04/02/2020 - 22:15:24: [SM]   [1] Line 143, /home/builds/sourcemod/linux-1.10/build/plugins/nextmap.sp::FindAndSetNextMap
L 04/02/2020 - 22:15:24: [SM]   [2] Line 113, /home/builds/sourcemod/linux-1.10/build/plugins/nextmap.sp::OnConfigsExecuted
L 04/02/2020 - 22:16:21: Error log file session closed.
L 04/02/2020 - 22:16:29: SourceMod error session started
L 04/02/2020 - 22:16:29: Info (map "jb_obama_v5_beta") (file "/home/steam/csgo-ds/csgo/addons/sourcemod/logs/errors_20200402.log")
L 04/02/2020 - 22:16:29: [SM] Unable to load plugin "cmenu.smx": Could not find required plugin "smartjaildoors"
L 04/02/2020 - 22:16:32: [SM] Exception reported: Fatal error: Unable to open generic configuration file "addons/sourcemod/configs/skins/any.cfg"!
L 04/02/2020 - 22:16:32: [SM] Blaming: csgo_skins.smx
L 04/02/2020 - 22:16:32: [SM] Call stack trace:
L 04/02/2020 - 22:16:32: [SM]   [0] SetFailState
L 04/02/2020 - 22:16:32: [SM]   [1] Line 114, C:\csgo_skins.sp::OnMapStart
L 04/02/2020 - 22:19:34: Error log file session closed.
L 04/02/2020 - 22:19:37: SourceMod error session started
L 04/02/2020 - 22:19:37: Info (map "jb_obama_v5_beta") (file "/home/steam/csgo-ds/csgo/addons/sourcemod/logs/errors_20200402.log")
L 04/02/2020 - 22:19:37: [SM] Exception reported: Fatal error: Unable to open generic configuration file "addons/sourcemod/configs/skins/any.cfg"!
L 04/02/2020 - 22:19:37: [SM] Blaming: csgo_skins.smx
L 04/02/2020 - 22:19:37: [SM] Call stack trace:
L 04/02/2020 - 22:19:37: [SM]   [0] SetFailState
L 04/02/2020 - 22:19:37: [SM]   [1] Line 114, C:\csgo_skins.sp::OnMapStart
L 04/02/2020 - 22:19:37: [nextmap.smx] FATAL: Cannot load map cycle. Nextmap not loaded.
L 04/02/2020 - 22:19:37: [SM] Exception reported: Mapcycle Not Found
L 04/02/2020 - 22:19:37: [SM] Blaming: nextmap.smx
L 04/02/2020 - 22:19:37: [SM] Call stack trace:
L 04/02/2020 - 22:19:37: [SM]   [0] SetFailState
L 04/02/2020 - 22:19:37: [SM]   [1] Line 143, /home/builds/sourcemod/linux-1.10/build/plugins/nextmap.sp::FindAndSetNextMap
L 04/02/2020 - 22:19:37: [SM]   [2] Line 113, /home/builds/sourcemod/linux-1.10/build/plugins/nextmap.sp::OnConfigsExecuted
L 04/02/2020 - 22:27:50: Error log file session closed.
L 04/02/2020 - 22:27:53: SourceMod error session started
L 04/02/2020 - 22:27:53: Info (map "ba_jail_electric_vip_v2") (file "/home/steam/csgo-ds/csgo/addons/sourcemod/logs/errors_20200402.log")
L 04/02/2020 - 22:27:53: [SM] Exception reported: Fatal error: Missing "Terrorists" section!
L 04/02/2020 - 22:27:53: [SM] Blaming: csgo_skins.smx
L 04/02/2020 - 22:27:53: [SM] Call stack trace:
L 04/02/2020 - 22:27:53: [SM]   [0] SetFailState
L 04/02/2020 - 22:27:53: [SM]   [1] Line 342, C:\csgo_skins.sp::PrepareConfig
L 04/02/2020 - 22:27:53: [SM]   [2] Line 120, C:\csgo_skins.sp::OnMapStart
L 04/02/2020 - 22:27:53: [nextmap.smx] FATAL: Cannot load map cycle. Nextmap not loaded.
L 04/02/2020 - 22:27:53: [SM] Exception reported: Mapcycle Not Found
L 04/02/2020 - 22:27:53: [SM] Blaming: nextmap.smx
L 04/02/2020 - 22:27:53: [SM] Call stack trace:
L 04/02/2020 - 22:27:53: [SM]   [0] SetFailState
L 04/02/2020 - 22:27:53: [SM]   [1] Line 143, /home/builds/sourcemod/linux-1.10/build/plugins/nextmap.sp::FindAndSetNextMap
L 04/02/2020 - 22:27:53: [SM]   [2] Line 113, /home/builds/sourcemod/linux-1.10/build/plugins/nextmap.sp::OnConfigsExecuted
L 04/02/2020 - 22:27:59: Error log file session closed.
L 04/02/2020 - 22:28:15: SourceMod error session started
L 04/02/2020 - 22:28:15: Info (map "jb_obama_v5_beta") (file "/home/steam/csgo-ds/csgo/addons/sourcemod/logs/errors_20200402.log")
L 04/02/2020 - 22:28:15: [SM] Unable to load plugin "cmenu.smx": Native "EJBW_IsClientWarden" was not found
L 04/02/2020 - 22:28:18: [SM] Exception reported: Fatal error: Missing "Terrorists" section!
L 04/02/2020 - 22:28:18: [SM] Blaming: csgo_skins.smx
L 04/02/2020 - 22:28:18: [SM] Call stack trace:
L 04/02/2020 - 22:28:18: [SM]   [0] SetFailState
L 04/02/2020 - 22:28:18: [SM]   [1] Line 342, C:\csgo_skins.sp::PrepareConfig
L 04/02/2020 - 22:28:18: [SM]   [2] Line 120, C:\csgo_skins.sp::OnMapStart
L 04/02/2020 - 22:28:24: Error log file session closed.
L 04/02/2020 - 22:28:27: SourceMod error session started
L 04/02/2020 - 22:28:27: Info (map "jb_obama_v5_beta") (file "/home/steam/csgo-ds/csgo/addons/sourcemod/logs/errors_20200402.log")
L 04/02/2020 - 22:28:27: [SM] Exception reported: Fatal error: Missing "Terrorists" section!
L 04/02/2020 - 22:28:27: [SM] Blaming: csgo_skins.smx
L 04/02/2020 - 22:28:27: [SM] Call stack trace:
L 04/02/2020 - 22:28:27: [SM]   [0] SetFailState
L 04/02/2020 - 22:28:27: [SM]   [1] Line 342, C:\csgo_skins.sp::PrepareConfig
L 04/02/2020 - 22:28:27: [SM]   [2] Line 120, C:\csgo_skins.sp::OnMapStart
L 04/02/2020 - 22:28:27: [nextmap.smx] FATAL: Cannot load map cycle. Nextmap not loaded.
L 04/02/2020 - 22:28:27: [SM] Exception reported: Mapcycle Not Found
L 04/02/2020 - 22:28:27: [SM] Blaming: nextmap.smx
L 04/02/2020 - 22:28:27: [SM] Call stack trace:
L 04/02/2020 - 22:28:27: [SM]   [0] SetFailState
L 04/02/2020 - 22:28:27: [SM]   [1] Line 143, /home/builds/sourcemod/linux-1.10/build/plugins/nextmap.sp::FindAndSetNextMap
L 04/02/2020 - 22:28:27: [SM]   [2] Line 113, /home/builds/sourcemod/linux-1.10/build/plugins/nextmap.sp::OnConfigsExecuted
L 04/02/2020 - 22:28:46: Error log file session closed.
L 04/02/2020 - 22:28:50: SourceMod error session started
L 04/02/2020 - 22:28:50: Info (map "ba_jail_electric_vip_v2") (file "/home/steam/csgo-ds/csgo/addons/sourcemod/logs/errors_20200402.log")
L 04/02/2020 - 22:28:50: [SM] Exception reported: Fatal error: Missing "Terrorists" section!
L 04/02/2020 - 22:28:50: [SM] Blaming: csgo_skins.smx
L 04/02/2020 - 22:28:50: [SM] Call stack trace:
L 04/02/2020 - 22:28:50: [SM]   [0] SetFailState
L 04/02/2020 - 22:28:50: [SM]   [1] Line 342, C:\csgo_skins.sp::PrepareConfig
L 04/02/2020 - 22:28:50: [SM]   [2] Line 120, C:\csgo_skins.sp::OnMapStart
L 04/02/2020 - 22:28:50: [nextmap.smx] FATAL: Cannot load map cycle. Nextmap not loaded.
L 04/02/2020 - 22:28:50: [SM] Exception reported: Mapcycle Not Found
L 04/02/2020 - 22:28:50: [SM] Blaming: nextmap.smx
L 04/02/2020 - 22:28:50: [SM] Call stack trace:
L 04/02/2020 - 22:28:50: [SM]   [0] SetFailState
L 04/02/2020 - 22:28:50: [SM]   [1] Line 143, /home/builds/sourcemod/linux-1.10/build/plugins/nextmap.sp::FindAndSetNextMap
L 04/02/2020 - 22:28:50: [SM]   [2] Line 113, /home/builds/sourcemod/linux-1.10/build/plugins/nextmap.sp::OnConfigsExecuted
L 04/02/2020 - 22:29:05: Error log file session closed.
L 04/02/2020 - 22:29:08: SourceMod error session started
L 04/02/2020 - 22:29:08: Info (map "ba_jail_electric_vip_v2") (file "/home/steam/csgo-ds/csgo/addons/sourcemod/logs/errors_20200402.log")
L 04/02/2020 - 22:29:08: [SM] Exception reported: Fatal error: Missing "Terrorists" section!
L 04/02/2020 - 22:29:08: [SM] Blaming: csgo_skins.smx
L 04/02/2020 - 22:29:08: [SM] Call stack trace:
L 04/02/2020 - 22:29:08: [SM]   [0] SetFailState
L 04/02/2020 - 22:29:08: [SM]   [1] Line 342, C:\csgo_skins.sp::PrepareConfig
L 04/02/2020 - 22:29:08: [SM]   [2] Line 120, C:\csgo_skins.sp::OnMapStart
L 04/02/2020 - 22:29:08: [nextmap.smx] FATAL: Cannot load map cycle. Nextmap not loaded.
L 04/02/2020 - 22:29:08: [SM] Exception reported: Mapcycle Not Found
L 04/02/2020 - 22:29:08: [SM] Blaming: nextmap.smx
L 04/02/2020 - 22:29:08: [SM] Call stack trace:
L 04/02/2020 - 22:29:08: [SM]   [0] SetFailState
L 04/02/2020 - 22:29:08: [SM]   [1] Line 143, /home/builds/sourcemod/linux-1.10/build/plugins/nextmap.sp::FindAndSetNextMap
L 04/02/2020 - 22:29:08: [SM]   [2] Line 113, /home/builds/sourcemod/linux-1.10/build/plugins/nextmap.sp::OnConfigsExecuted
L 04/02/2020 - 22:29:22: Error log file session closed.
L 04/02/2020 - 22:29:25: SourceMod error session started
L 04/02/2020 - 22:29:25: Info (map "ba_jail_electric_vip_v2") (file "/home/steam/csgo-ds/csgo/addons/sourcemod/logs/errors_20200402.log")
L 04/02/2020 - 22:29:25: [SM] Exception reported: Fatal error: Missing "Terrorists" section!
L 04/02/2020 - 22:29:25: [SM] Blaming: csgo_skins.smx
L 04/02/2020 - 22:29:25: [SM] Call stack trace:
L 04/02/2020 - 22:29:25: [SM]   [0] SetFailState
L 04/02/2020 - 22:29:25: [SM]   [1] Line 342, C:\csgo_skins.sp::PrepareConfig
L 04/02/2020 - 22:29:25: [SM]   [2] Line 120, C:\csgo_skins.sp::OnMapStart
L 04/02/2020 - 22:29:25: [nextmap.smx] FATAL: Cannot load map cycle. Nextmap not loaded.
L 04/02/2020 - 22:29:25: [SM] Exception reported: Mapcycle Not Found
L 04/02/2020 - 22:29:25: [SM] Blaming: nextmap.smx
L 04/02/2020 - 22:29:25: [SM] Call stack trace:
L 04/02/2020 - 22:29:25: [SM]   [0] SetFailState
L 04/02/2020 - 22:29:25: [SM]   [1] Line 143, /home/builds/sourcemod/linux-1.10/build/plugins/nextmap.sp::FindAndSetNextMap
L 04/02/2020 - 22:29:25: [SM]   [2] Line 113, /home/builds/sourcemod/linux-1.10/build/plugins/nextmap.sp::OnConfigsExecuted
L 04/02/2020 - 22:30:48: Error log file session closed.
L 04/02/2020 - 22:30:51: SourceMod error session started
L 04/02/2020 - 22:30:51: Info (map "ba_jail_electric_vip_v2") (file "/home/steam/csgo-ds/csgo/addons/sourcemod/logs/errors_20200402.log")
L 04/02/2020 - 22:30:51: [SM] Exception reported: Fatal error: Missing "Terrorists" section!
L 04/02/2020 - 22:30:51: [SM] Blaming: csgo_skins.smx
L 04/02/2020 - 22:30:51: [SM] Call stack trace:
L 04/02/2020 - 22:30:51: [SM]   [0] SetFailState
L 04/02/2020 - 22:30:51: [SM]   [1] Line 342, C:\csgo_skins.sp::PrepareConfig
L 04/02/2020 - 22:30:51: [SM]   [2] Line 120, C:\csgo_skins.sp::OnMapStart
L 04/02/2020 - 22:30:51: [nextmap.smx] FATAL: Cannot load map cycle. Nextmap not loaded.
L 04/02/2020 - 22:30:51: [SM] Exception reported: Mapcycle Not Found
L 04/02/2020 - 22:30:51: [SM] Blaming: nextmap.smx
L 04/02/2020 - 22:30:51: [SM] Call stack trace:
L 04/02/2020 - 22:30:51: [SM]   [0] SetFailState
L 04/02/2020 - 22:30:51: [SM]   [1] Line 143, /home/builds/sourcemod/linux-1.10/build/plugins/nextmap.sp::FindAndSetNextMap
L 04/02/2020 - 22:30:51: [SM]   [2] Line 113, /home/builds/sourcemod/linux-1.10/build/plugins/nextmap.sp::OnConfigsExecuted
L 04/02/2020 - 22:30:59: Error log file session closed.
L 04/02/2020 - 22:31:06: SourceMod error session started
L 04/02/2020 - 22:31:06: Info (map "jb_obama_v5_beta") (file "/home/steam/csgo-ds/csgo/addons/sourcemod/logs/errors_20200402.log")
L 04/02/2020 - 22:31:06: [SM] Unable to load plugin "cmenu.smx": Native "EJBW_IsClientWarden" was not found
L 04/02/2020 - 22:31:09: [SM] Exception reported: Fatal error: Missing "Terrorists" section!
L 04/02/2020 - 22:31:09: [SM] Blaming: csgo_skins.smx
L 04/02/2020 - 22:31:09: [SM] Call stack trace:
L 04/02/2020 - 22:31:09: [SM]   [0] SetFailState
L 04/02/2020 - 22:31:09: [SM]   [1] Line 342, C:\csgo_skins.sp::PrepareConfig
L 04/02/2020 - 22:31:09: [SM]   [2] Line 120, C:\csgo_skins.sp::OnMapStart
L 04/02/2020 - 22:31:20: Error log file session closed.
L 04/02/2020 - 22:31:23: SourceMod error session started
L 04/02/2020 - 22:31:23: Info (map "jb_obama_v5_beta") (file "/home/steam/csgo-ds/csgo/addons/sourcemod/logs/errors_20200402.log")
L 04/02/2020 - 22:31:23: [SM] Exception reported: Fatal error: Missing "Terrorists" section!
L 04/02/2020 - 22:31:23: [SM] Blaming: csgo_skins.smx
L 04/02/2020 - 22:31:23: [SM] Call stack trace:
L 04/02/2020 - 22:31:23: [SM]   [0] SetFailState
L 04/02/2020 - 22:31:23: [SM]   [1] Line 342, C:\csgo_skins.sp::PrepareConfig
L 04/02/2020 - 22:31:23: [SM]   [2] Line 120, C:\csgo_skins.sp::OnMapStart
L 04/02/2020 - 22:31:23: [nextmap.smx] FATAL: Cannot load map cycle. Nextmap not loaded.
L 04/02/2020 - 22:31:23: [SM] Exception reported: Mapcycle Not Found
L 04/02/2020 - 22:31:23: [SM] Blaming: nextmap.smx
L 04/02/2020 - 22:31:23: [SM] Call stack trace:
L 04/02/2020 - 22:31:23: [SM]   [0] SetFailState
L 04/02/2020 - 22:31:23: [SM]   [1] Line 143, /home/builds/sourcemod/linux-1.10/build/plugins/nextmap.sp::FindAndSetNextMap
L 04/02/2020 - 22:31:23: [SM]   [2] Line 113, /home/builds/sourcemod/linux-1.10/build/plugins/nextmap.sp::OnConfigsExecuted
L 04/02/2020 - 22:32:16: Error log file session closed.
L 04/02/2020 - 22:32:19: SourceMod error session started
L 04/02/2020 - 22:32:19: Info (map "jb_spy_vs_spy_beta7") (file "/home/steam/csgo-ds/csgo/addons/sourcemod/logs/errors_20200402.log")
L 04/02/2020 - 22:32:19: [SM] Exception reported: Fatal error: Missing "Terrorists" section!
L 04/02/2020 - 22:32:19: [SM] Blaming: csgo_skins.smx
L 04/02/2020 - 22:32:19: [SM] Call stack trace:
L 04/02/2020 - 22:32:19: [SM]   [0] SetFailState
L 04/02/2020 - 22:32:19: [SM]   [1] Line 342, C:\csgo_skins.sp::PrepareConfig
L 04/02/2020 - 22:32:19: [SM]   [2] Line 120, C:\csgo_skins.sp::OnMapStart
L 04/02/2020 - 22:32:19: [nextmap.smx] FATAL: Cannot load map cycle. Nextmap not loaded.
L 04/02/2020 - 22:32:19: [SM] Exception reported: Mapcycle Not Found
L 04/02/2020 - 22:32:19: [SM] Blaming: nextmap.smx
L 04/02/2020 - 22:32:19: [SM] Call stack trace:
L 04/02/2020 - 22:32:19: [SM]   [0] SetFailState
L 04/02/2020 - 22:32:19: [SM]   [1] Line 143, /home/builds/sourcemod/linux-1.10/build/plugins/nextmap.sp::FindAndSetNextMap
L 04/02/2020 - 22:32:19: [SM]   [2] Line 113, /home/builds/sourcemod/linux-1.10/build/plugins/nextmap.sp::OnConfigsExecuted
L 04/02/2020 - 22:32:34: [SM] Exception reported: Handle 66d05b8 is invalid (error 1)
L 04/02/2020 - 22:32:34: [SM] Blaming: sm_hosties.smx
L 04/02/2020 - 22:32:34: [SM] Call stack trace:
L 04/02/2020 - 22:32:34: [SM]   [0] CloseHandle
L 04/02/2020 - 22:32:34: [SM]   [1] Line 258, hosties/muteprisoners.sp::MutePrisoners_RoundEnd
L 04/02/2020 - 22:33:14: Error log file session closed.
L 04/02/2020 - 22:33:18: SourceMod error session started
L 04/02/2020 - 22:33:18: Info (map "ba_jail_electric_vip_v2") (file "/home/steam/csgo-ds/csgo/addons/sourcemod/logs/errors_20200402.log")
L 04/02/2020 - 22:33:18: [SM] Exception reported: Fatal error: Missing "Terrorists" section!
L 04/02/2020 - 22:33:18: [SM] Blaming: csgo_skins.smx
L 04/02/2020 - 22:33:18: [SM] Call stack trace:
L 04/02/2020 - 22:33:18: [SM]   [0] SetFailState
L 04/02/2020 - 22:33:18: [SM]   [1] Line 342, C:\csgo_skins.sp::PrepareConfig
L 04/02/2020 - 22:33:18: [SM]   [2] Line 120, C:\csgo_skins.sp::OnMapStart
L 04/02/2020 - 22:33:18: [nextmap.smx] FATAL: Cannot load map cycle. Nextmap not loaded.
L 04/02/2020 - 22:33:18: [SM] Exception reported: Mapcycle Not Found
L 04/02/2020 - 22:33:18: [SM] Blaming: nextmap.smx
L 04/02/2020 - 22:33:18: [SM] Call stack trace:
L 04/02/2020 - 22:33:18: [SM]   [0] SetFailState
L 04/02/2020 - 22:33:18: [SM]   [1] Line 143, /home/builds/sourcemod/linux-1.10/build/plugins/nextmap.sp::FindAndSetNextMap
L 04/02/2020 - 22:33:18: [SM]   [2] Line 113, /home/builds/sourcemod/linux-1.10/build/plugins/nextmap.sp::OnConfigsExecuted
L 04/02/2020 - 22:33:59: Error log file session closed.
L 04/02/2020 - 22:34:07: SourceMod error session started
L 04/02/2020 - 22:34:07: Info (map "jb_obama_v5_beta") (file "/home/steam/csgo-ds/csgo/addons/sourcemod/logs/errors_20200402.log")
L 04/02/2020 - 22:34:07: [SM] Unable to load plugin "cmenu.smx": Native "EJBW_IsClientWarden" was not found
L 04/02/2020 - 22:34:10: [SM] Exception reported: Fatal error: Missing "Terrorists" section!
L 04/02/2020 - 22:34:10: [SM] Blaming: csgo_skins.smx
L 04/02/2020 - 22:34:10: [SM] Call stack trace:
L 04/02/2020 - 22:34:10: [SM]   [0] SetFailState
L 04/02/2020 - 22:34:10: [SM]   [1] Line 342, C:\csgo_skins.sp::PrepareConfig
L 04/02/2020 - 22:34:10: [SM]   [2] Line 120, C:\csgo_skins.sp::OnMapStart
L 04/02/2020 - 22:34:27: Error log file session closed.
L 04/02/2020 - 22:34:30: SourceMod error session started
L 04/02/2020 - 22:34:30: Info (map "jb_obama_v5_beta") (file "/home/steam/csgo-ds/csgo/addons/sourcemod/logs/errors_20200402.log")
L 04/02/2020 - 22:34:30: [SM] Exception reported: Fatal error: Missing "Terrorists" section!
L 04/02/2020 - 22:34:30: [SM] Blaming: csgo_skins.smx
L 04/02/2020 - 22:34:30: [SM] Call stack trace:
L 04/02/2020 - 22:34:30: [SM]   [0] SetFailState
L 04/02/2020 - 22:34:30: [SM]   [1] Line 342, C:\csgo_skins.sp::PrepareConfig
L 04/02/2020 - 22:34:30: [SM]   [2] Line 120, C:\csgo_skins.sp::OnMapStart
L 04/02/2020 - 22:34:30: [nextmap.smx] FATAL: Cannot load map cycle. Nextmap not loaded.
L 04/02/2020 - 22:34:30: [SM] Exception reported: Mapcycle Not Found
L 04/02/2020 - 22:34:30: [SM] Blaming: nextmap.smx
L 04/02/2020 - 22:34:30: [SM] Call stack trace:
L 04/02/2020 - 22:34:30: [SM]   [0] SetFailState
L 04/02/2020 - 22:34:30: [SM]   [1] Line 143, /home/builds/sourcemod/linux-1.10/build/plugins/nextmap.sp::FindAndSetNextMap
L 04/02/2020 - 22:34:30: [SM]   [2] Line 113, /home/builds/sourcemod/linux-1.10/build/plugins/nextmap.sp::OnConfigsExecuted
L 04/02/2020 - 22:35:20: Error log file session closed.
L 04/02/2020 - 22:35:23: SourceMod error session started
L 04/02/2020 - 22:35:23: Info (map "jb_spy_vs_spy_beta7") (file "/home/steam/csgo-ds/csgo/addons/sourcemod/logs/errors_20200402.log")
L 04/02/2020 - 22:35:23: [SM] Exception reported: Fatal error: Missing "Terrorists" section!
L 04/02/2020 - 22:35:23: [SM] Blaming: csgo_skins.smx
L 04/02/2020 - 22:35:23: [SM] Call stack trace:
L 04/02/2020 - 22:35:23: [SM]   [0] SetFailState
L 04/02/2020 - 22:35:23: [SM]   [1] Line 342, C:\csgo_skins.sp::PrepareConfig
L 04/02/2020 - 22:35:23: [SM]   [2] Line 120, C:\csgo_skins.sp::OnMapStart
L 04/02/2020 - 22:35:23: [nextmap.smx] FATAL: Cannot load map cycle. Nextmap not loaded.
L 04/02/2020 - 22:35:23: [SM] Exception reported: Mapcycle Not Found
L 04/02/2020 - 22:35:23: [SM] Blaming: nextmap.smx
L 04/02/2020 - 22:35:23: [SM] Call stack trace:
L 04/02/2020 - 22:35:23: [SM]   [0] SetFailState
L 04/02/2020 - 22:35:23: [SM]   [1] Line 143, /home/builds/sourcemod/linux-1.10/build/plugins/nextmap.sp::FindAndSetNextMap
L 04/02/2020 - 22:35:23: [SM]   [2] Line 113, /home/builds/sourcemod/linux-1.10/build/plugins/nextmap.sp::OnConfigsExecuted
L 04/02/2020 - 22:35:38: [SM] Exception reported: Handle 66f05bc is invalid (error 1)
L 04/02/2020 - 22:35:38: [SM] Blaming: sm_hosties.smx
L 04/02/2020 - 22:35:38: [SM] Call stack trace:
L 04/02/2020 - 22:35:38: [SM]   [0] CloseHandle
L 04/02/2020 - 22:35:38: [SM]   [1] Line 258, hosties/muteprisoners.sp::MutePrisoners_RoundEnd
L 04/02/2020 - 22:35:54: [SM] Exception reported: Handle 66f05bc is invalid (error 1)
L 04/02/2020 - 22:35:54: [SM] Blaming: sm_hosties.smx
L 04/02/2020 - 22:35:54: [SM] Call stack trace:
L 04/02/2020 - 22:35:54: [SM]   [0] CloseHandle
L 04/02/2020 - 22:35:54: [SM]   [1] Line 258, hosties/muteprisoners.sp::MutePrisoners_RoundEnd
L 04/02/2020 - 22:36:21: Error log file session closed.
L 04/02/2020 - 22:36:24: SourceMod error session started
L 04/02/2020 - 22:36:24: Info (map "jb_lego_prison_v1") (file "/home/steam/csgo-ds/csgo/addons/sourcemod/logs/errors_20200402.log")
L 04/02/2020 - 22:36:24: [SM] Exception reported: Fatal error: Missing "Terrorists" section!
L 04/02/2020 - 22:36:24: [SM] Blaming: csgo_skins.smx
L 04/02/2020 - 22:36:24: [SM] Call stack trace:
L 04/02/2020 - 22:36:24: [SM]   [0] SetFailState
L 04/02/2020 - 22:36:24: [SM]   [1] Line 342, C:\csgo_skins.sp::PrepareConfig
L 04/02/2020 - 22:36:24: [SM]   [2] Line 120, C:\csgo_skins.sp::OnMapStart
L 04/02/2020 - 22:36:25: [nextmap.smx] FATAL: Cannot load map cycle. Nextmap not loaded.
L 04/02/2020 - 22:36:25: [SM] Exception reported: Mapcycle Not Found
L 04/02/2020 - 22:36:25: [SM] Blaming: nextmap.smx
L 04/02/2020 - 22:36:25: [SM] Call stack trace:
L 04/02/2020 - 22:36:25: [SM]   [0] SetFailState
L 04/02/2020 - 22:36:25: [SM]   [1] Line 143, /home/builds/sourcemod/linux-1.10/build/plugins/nextmap.sp::FindAndSetNextMap
L 04/02/2020 - 22:36:25: [SM]   [2] Line 113, /home/builds/sourcemod/linux-1.10/build/plugins/nextmap.sp::OnConfigsExecuted
L 04/02/2020 - 22:36:42: [SM] Exception reported: Handle 66f05bc is invalid (error 1)
L 04/02/2020 - 22:36:42: [SM] Blaming: sm_hosties.smx
L 04/02/2020 - 22:36:42: [SM] Call stack trace:
L 04/02/2020 - 22:36:42: [SM]   [0] CloseHandle
L 04/02/2020 - 22:36:42: [SM]   [1] Line 258, hosties/muteprisoners.sp::MutePrisoners_RoundEnd
L 04/02/2020 - 22:39:16: Error log file session closed.
L 04/02/2020 - 22:39:27: SourceMod error session started
L 04/02/2020 - 22:39:27: Info (map "jb_obama_v5_beta") (file "/home/steam/csgo-ds/csgo/addons/sourcemod/logs/errors_20200402.log")
L 04/02/2020 - 22:39:27: [SM] Unable to load plugin "cmenu.smx": Native "EJBW_IsClientWarden" was not found
L 04/02/2020 - 22:39:30: [SM] Exception reported: Fatal error: Missing "Terrorists" section!
L 04/02/2020 - 22:39:30: [SM] Blaming: csgo_skins.smx
L 04/02/2020 - 22:39:30: [SM] Call stack trace:
L 04/02/2020 - 22:39:30: [SM]   [0] SetFailState
L 04/02/2020 - 22:39:30: [SM]   [1] Line 342, C:\csgo_skins.sp::PrepareConfig
L 04/02/2020 - 22:39:30: [SM]   [2] Line 120, C:\csgo_skins.sp::OnMapStart
L 04/02/2020 - 22:40:22: Error log file session closed.
L 04/02/2020 - 22:40:25: SourceMod error session started
L 04/02/2020 - 22:40:25: Info (map "jb_obama_v5_beta") (file "/home/steam/csgo-ds/csgo/addons/sourcemod/logs/errors_20200402.log")
L 04/02/2020 - 22:40:25: [SM] Exception reported: Fatal error: Missing "Terrorists" section!
L 04/02/2020 - 22:40:25: [SM] Blaming: csgo_skins.smx
L 04/02/2020 - 22:40:25: [SM] Call stack trace:
L 04/02/2020 - 22:40:25: [SM]   [0] SetFailState
L 04/02/2020 - 22:40:25: [SM]   [1] Line 342, C:\csgo_skins.sp::PrepareConfig
L 04/02/2020 - 22:40:25: [SM]   [2] Line 120, C:\csgo_skins.sp::OnMapStart
L 04/02/2020 - 22:40:25: [nextmap.smx] FATAL: Cannot load map cycle. Nextmap not loaded.
L 04/02/2020 - 22:40:25: [SM] Exception reported: Mapcycle Not Found
L 04/02/2020 - 22:40:25: [SM] Blaming: nextmap.smx
L 04/02/2020 - 22:40:25: [SM] Call stack trace:
L 04/02/2020 - 22:40:25: [SM]   [0] SetFailState
L 04/02/2020 - 22:40:25: [SM]   [1] Line 143, /home/builds/sourcemod/linux-1.10/build/plugins/nextmap.sp::FindAndSetNextMap
L 04/02/2020 - 22:40:25: [SM]   [2] Line 113, /home/builds/sourcemod/linux-1.10/build/plugins/nextmap.sp::OnConfigsExecuted
L 04/02/2020 - 22:41:24: Error log file session closed.
L 04/02/2020 - 22:41:28: SourceMod error session started
L 04/02/2020 - 22:41:28: Info (map "jb_lego_jail_v8") (file "/home/steam/csgo-ds/csgo/addons/sourcemod/logs/errors_20200402.log")
L 04/02/2020 - 22:41:28: [SM] Exception reported: Fatal error: Missing "Terrorists" section!
L 04/02/2020 - 22:41:28: [SM] Blaming: csgo_skins.smx
L 04/02/2020 - 22:41:28: [SM] Call stack trace:
L 04/02/2020 - 22:41:28: [SM]   [0] SetFailState
L 04/02/2020 - 22:41:28: [SM]   [1] Line 342, C:\csgo_skins.sp::PrepareConfig
L 04/02/2020 - 22:41:28: [SM]   [2] Line 120, C:\csgo_skins.sp::OnMapStart
L 04/02/2020 - 22:41:28: [nextmap.smx] FATAL: Cannot load map cycle. Nextmap not loaded.
L 04/02/2020 - 22:41:28: [SM] Exception reported: Mapcycle Not Found
L 04/02/2020 - 22:41:28: [SM] Blaming: nextmap.smx
L 04/02/2020 - 22:41:28: [SM] Call stack trace:
L 04/02/2020 - 22:41:28: [SM]   [0] SetFailState
L 04/02/2020 - 22:41:28: [SM]   [1] Line 143, /home/builds/sourcemod/linux-1.10/build/plugins/nextmap.sp::FindAndSetNextMap
L 04/02/2020 - 22:41:28: [SM]   [2] Line 113, /home/builds/sourcemod/linux-1.10/build/plugins/nextmap.sp::OnConfigsExecuted
L 04/02/2020 - 22:42:08: Error log file session closed.
L 04/02/2020 - 22:42:19: SourceMod error session started
L 04/02/2020 - 22:42:19: Info (map "jb_obama_v5_beta") (file "/home/steam/csgo-ds/csgo/addons/sourcemod/logs/errors_20200402.log")
L 04/02/2020 - 22:42:19: [SM] Unable to load plugin "cmenu.smx": Native "EJBW_IsClientWarden" was not found
L 04/02/2020 - 22:42:23: [SM] Exception reported: Fatal error: Missing "Terrorists" section!
L 04/02/2020 - 22:42:23: [SM] Blaming: csgo_skins.smx
L 04/02/2020 - 22:42:23: [SM] Call stack trace:
L 04/02/2020 - 22:42:23: [SM]   [0] SetFailState
L 04/02/2020 - 22:42:23: [SM]   [1] Line 342, C:\csgo_skins.sp::PrepareConfig
L 04/02/2020 - 22:42:23: [SM]   [2] Line 120, C:\csgo_skins.sp::OnMapStart
L 04/02/2020 - 22:44:19: Error log file session closed.
L 04/02/2020 - 22:44:22: SourceMod error session started
L 04/02/2020 - 22:44:22: Info (map "jb_obama_v5_beta") (file "/home/steam/csgo-ds/csgo/addons/sourcemod/logs/errors_20200402.log")
L 04/02/2020 - 22:44:22: [SM] Exception reported: Fatal error: Missing "Terrorists" section!
L 04/02/2020 - 22:44:22: [SM] Blaming: csgo_skins.smx
L 04/02/2020 - 22:44:22: [SM] Call stack trace:
L 04/02/2020 - 22:44:22: [SM]   [0] SetFailState
L 04/02/2020 - 22:44:22: [SM]   [1] Line 342, C:\csgo_skins.sp::PrepareConfig
L 04/02/2020 - 22:44:22: [SM]   [2] Line 120, C:\csgo_skins.sp::OnMapStart
L 04/02/2020 - 22:44:22: [nextmap.smx] FATAL: Cannot load map cycle. Nextmap not loaded.
L 04/02/2020 - 22:44:22: [SM] Exception reported: Mapcycle Not Found
L 04/02/2020 - 22:44:22: [SM] Blaming: nextmap.smx
L 04/02/2020 - 22:44:22: [SM] Call stack trace:
L 04/02/2020 - 22:44:22: [SM]   [0] SetFailState
L 04/02/2020 - 22:44:22: [SM]   [1] Line 143, /home/builds/sourcemod/linux-1.10/build/plugins/nextmap.sp::FindAndSetNextMap
L 04/02/2020 - 22:44:22: [SM]   [2] Line 113, /home/builds/sourcemod/linux-1.10/build/plugins/nextmap.sp::OnConfigsExecuted
L 04/02/2020 - 22:44:59: Error log file session closed.
L 04/02/2020 - 22:45:03: SourceMod error session started
L 04/02/2020 - 22:45:03: Info (map "jb_mcrunner_v1") (file "/home/steam/csgo-ds/csgo/addons/sourcemod/logs/errors_20200402.log")
L 04/02/2020 - 22:45:03: [SM] Exception reported: Fatal error: Missing "Terrorists" section!
L 04/02/2020 - 22:45:03: [SM] Blaming: csgo_skins.smx
L 04/02/2020 - 22:45:03: [SM] Call stack trace:
L 04/02/2020 - 22:45:03: [SM]   [0] SetFailState
L 04/02/2020 - 22:45:03: [SM]   [1] Line 342, C:\csgo_skins.sp::PrepareConfig
L 04/02/2020 - 22:45:03: [SM]   [2] Line 120, C:\csgo_skins.sp::OnMapStart
L 04/02/2020 - 22:45:03: [nextmap.smx] FATAL: Cannot load map cycle. Nextmap not loaded.
L 04/02/2020 - 22:45:03: [SM] Exception reported: Mapcycle Not Found
L 04/02/2020 - 22:45:03: [SM] Blaming: nextmap.smx
L 04/02/2020 - 22:45:03: [SM] Call stack trace:
L 04/02/2020 - 22:45:03: [SM]   [0] SetFailState
L 04/02/2020 - 22:45:03: [SM]   [1] Line 143, /home/builds/sourcemod/linux-1.10/build/plugins/nextmap.sp::FindAndSetNextMap
L 04/02/2020 - 22:45:03: [SM]   [2] Line 113, /home/builds/sourcemod/linux-1.10/build/plugins/nextmap.sp::OnConfigsExecuted
L 04/02/2020 - 22:45:15: [SM] Exception reported: Handle 63405b9 is invalid (error 1)
L 04/02/2020 - 22:45:15: [SM] Blaming: sm_hosties.smx
L 04/02/2020 - 22:45:15: [SM] Call stack trace:
L 04/02/2020 - 22:45:15: [SM]   [0] CloseHandle
L 04/02/2020 - 22:45:15: [SM]   [1] Line 258, hosties/muteprisoners.sp::MutePrisoners_RoundEnd
L 04/02/2020 - 22:45:27: [SM] Exception reported: Handle 63405b9 is invalid (error 1)
L 04/02/2020 - 22:45:27: [SM] Blaming: sm_hosties.smx
L 04/02/2020 - 22:45:27: [SM] Call stack trace:
L 04/02/2020 - 22:45:27: [SM]   [0] CloseHandle
L 04/02/2020 - 22:45:27: [SM]   [1] Line 258, hosties/muteprisoners.sp::MutePrisoners_RoundEnd
L 04/02/2020 - 22:50:11: [SM] Exception reported: Handle 63405b9 is invalid (error 1)
L 04/02/2020 - 22:50:11: [SM] Blaming: sm_hosties.smx
L 04/02/2020 - 22:50:11: [SM] Call stack trace:
L 04/02/2020 - 22:50:11: [SM]   [0] CloseHandle
L 04/02/2020 - 22:50:11: [SM]   [1] Line 258, hosties/muteprisoners.sp::MutePrisoners_RoundEnd
L 04/02/2020 - 22:50:13: Error log file session closed.
L 04/02/2020 - 22:50:23: SourceMod error session started
L 04/02/2020 - 22:50:23: Info (map "jb_obama_v5_beta") (file "/home/steam/csgo-ds/csgo/addons/sourcemod/logs/errors_20200402.log")
L 04/02/2020 - 22:50:23: [SM] Unable to load plugin "cmenu.smx": Native "EJBW_IsClientWarden" was not found
L 04/02/2020 - 22:50:26: [SM] Exception reported: Fatal error: Missing "Terrorists" section!
L 04/02/2020 - 22:50:26: [SM] Blaming: csgo_skins.smx
L 04/02/2020 - 22:50:26: [SM] Call stack trace:
L 04/02/2020 - 22:50:26: [SM]   [0] SetFailState
L 04/02/2020 - 22:50:26: [SM]   [1] Line 342, C:\csgo_skins.sp::PrepareConfig
L 04/02/2020 - 22:50:26: [SM]   [2] Line 120, C:\csgo_skins.sp::OnMapStart
L 04/02/2020 - 22:51:05: Error log file session closed.
L 04/02/2020 - 22:51:08: SourceMod error session started
L 04/02/2020 - 22:51:08: Info (map "jb_obama_v5_beta") (file "/home/steam/csgo-ds/csgo/addons/sourcemod/logs/errors_20200402.log")
L 04/02/2020 - 22:51:08: [SM] Exception reported: Fatal error: Missing "Terrorists" section!
L 04/02/2020 - 22:51:08: [SM] Blaming: csgo_skins.smx
L 04/02/2020 - 22:51:08: [SM] Call stack trace:
L 04/02/2020 - 22:51:08: [SM]   [0] SetFailState
L 04/02/2020 - 22:51:08: [SM]   [1] Line 342, C:\csgo_skins.sp::PrepareConfig
L 04/02/2020 - 22:51:08: [SM]   [2] Line 120, C:\csgo_skins.sp::OnMapStart
L 04/02/2020 - 22:51:08: [nextmap.smx] FATAL: Cannot load map cycle. Nextmap not loaded.
L 04/02/2020 - 22:51:08: [SM] Exception reported: Mapcycle Not Found
L 04/02/2020 - 22:51:08: [SM] Blaming: nextmap.smx
L 04/02/2020 - 22:51:08: [SM] Call stack trace:
L 04/02/2020 - 22:51:08: [SM]   [0] SetFailState
L 04/02/2020 - 22:51:08: [SM]   [1] Line 143, /home/builds/sourcemod/linux-1.10/build/plugins/nextmap.sp::FindAndSetNextMap
L 04/02/2020 - 22:51:08: [SM]   [2] Line 113, /home/builds/sourcemod/linux-1.10/build/plugins/nextmap.sp::OnConfigsExecuted
L 04/02/2020 - 22:51:36: Error log file session closed.
L 04/02/2020 - 22:51:39: SourceMod error session started
L 04/02/2020 - 22:51:39: Info (map "jb_obama_v5_beta") (file "/home/steam/csgo-ds/csgo/addons/sourcemod/logs/errors_20200402.log")
L 04/02/2020 - 22:51:39: [SM] Exception reported: Fatal error: Missing "Terrorists" section!
L 04/02/2020 - 22:51:39: [SM] Blaming: csgo_skins.smx
L 04/02/2020 - 22:51:39: [SM] Call stack trace:
L 04/02/2020 - 22:51:39: [SM]   [0] SetFailState
L 04/02/2020 - 22:51:39: [SM]   [1] Line 342, C:\csgo_skins.sp::PrepareConfig
L 04/02/2020 - 22:51:39: [SM]   [2] Line 120, C:\csgo_skins.sp::OnMapStart
L 04/02/2020 - 22:51:39: [nextmap.smx] FATAL: Cannot load map cycle. Nextmap not loaded.
L 04/02/2020 - 22:51:39: [SM] Exception reported: Mapcycle Not Found
L 04/02/2020 - 22:51:39: [SM] Blaming: nextmap.smx
L 04/02/2020 - 22:51:39: [SM] Call stack trace:
L 04/02/2020 - 22:51:39: [SM]   [0] SetFailState
L 04/02/2020 - 22:51:39: [SM]   [1] Line 143, /home/builds/sourcemod/linux-1.10/build/plugins/nextmap.sp::FindAndSetNextMap
L 04/02/2020 - 22:51:39: [SM]   [2] Line 113, /home/builds/sourcemod/linux-1.10/build/plugins/nextmap.sp::OnConfigsExecuted
L 04/02/2020 - 22:52:50: Error log file session closed.
L 04/02/2020 - 22:57:05: SourceMod error session started
L 04/02/2020 - 22:57:05: Info (map "de_dust2") (file "/home/steam/csgo-ds/csgo/addons/sourcemod/logs/errors_20200402.log")
L 04/02/2020 - 22:57:05: [SM] Unable to load plugin "cmenu.smx": Native "EJBW_IsClientWarden" was not found
L 04/02/2020 - 22:57:08: [SM] Exception reported: Fatal error: Missing "Terrorists" section!
L 04/02/2020 - 22:57:08: [SM] Blaming: csgo_skins.smx
L 04/02/2020 - 22:57:08: [SM] Call stack trace:
L 04/02/2020 - 22:57:08: [SM]   [0] SetFailState
L 04/02/2020 - 22:57:08: [SM]   [1] Line 342, C:\csgo_skins.sp::PrepareConfig
L 04/02/2020 - 22:57:08: [SM]   [2] Line 120, C:\csgo_skins.sp::OnMapStart
L 04/02/2020 - 22:57:16: Error log file session closed.
L 04/02/2020 - 22:57:19: SourceMod error session started
L 04/02/2020 - 22:57:19: Info (map "de_dust2") (file "/home/steam/csgo-ds/csgo/addons/sourcemod/logs/errors_20200402.log")
L 04/02/2020 - 22:57:19: [SM] Exception reported: Fatal error: Missing "Terrorists" section!
L 04/02/2020 - 22:57:19: [SM] Blaming: csgo_skins.smx
L 04/02/2020 - 22:57:19: [SM] Call stack trace:
L 04/02/2020 - 22:57:19: [SM]   [0] SetFailState
L 04/02/2020 - 22:57:19: [SM]   [1] Line 342, C:\csgo_skins.sp::PrepareConfig
L 04/02/2020 - 22:57:19: [SM]   [2] Line 120, C:\csgo_skins.sp::OnMapStart
L 04/02/2020 - 23:01:15: Error log file session closed.
L 04/02/2020 - 23:01:18: SourceMod error session started
L 04/02/2020 - 23:01:18: Info (map "jb_obama_v5_beta") (file "/home/steam/csgo-ds/csgo/addons/sourcemod/logs/errors_20200402.log")
L 04/02/2020 - 23:01:18: [SM] Exception reported: Fatal error: Missing "Terrorists" section!
L 04/02/2020 - 23:01:18: [SM] Blaming: csgo_skins.smx
L 04/02/2020 - 23:01:18: [SM] Call stack trace:
L 04/02/2020 - 23:01:18: [SM]   [0] SetFailState
L 04/02/2020 - 23:01:18: [SM]   [1] Line 342, C:\csgo_skins.sp::PrepareConfig
L 04/02/2020 - 23:01:18: [SM]   [2] Line 120, C:\csgo_skins.sp::OnMapStart
L 04/02/2020 - 23:02:20: Error log file session closed.
L 04/02/2020 - 23:02:23: SourceMod error session started
L 04/02/2020 - 23:02:23: Info (map "jb_marioworld_rsc") (file "/home/steam/csgo-ds/csgo/addons/sourcemod/logs/errors_20200402.log")
L 04/02/2020 - 23:02:23: [SM] Exception reported: Fatal error: Missing "Terrorists" section!
L 04/02/2020 - 23:02:23: [SM] Blaming: csgo_skins.smx
L 04/02/2020 - 23:02:23: [SM] Call stack trace:
L 04/02/2020 - 23:02:23: [SM]   [0] SetFailState
L 04/02/2020 - 23:02:23: [SM]   [1] Line 342, C:\csgo_skins.sp::PrepareConfig
L 04/02/2020 - 23:02:23: [SM]   [2] Line 120, C:\csgo_skins.sp::OnMapStart
L 04/02/2020 - 23:02:35: [SM] Exception reported: Handle 7f305c3 is invalid (error 1)
L 04/02/2020 - 23:02:35: [SM] Blaming: sm_hosties.smx
L 04/02/2020 - 23:02:35: [SM] Call stack trace:
L 04/02/2020 - 23:02:35: [SM]   [0] CloseHandle
L 04/02/2020 - 23:02:35: [SM]   [1] Line 258, hosties/muteprisoners.sp::MutePrisoners_RoundEnd
L 04/02/2020 - 23:02:55: [SM] Exception reported: Handle 7f305c3 is invalid (error 1)
L 04/02/2020 - 23:02:55: [SM] Blaming: sm_hosties.smx
L 04/02/2020 - 23:02:55: [SM] Call stack trace:
L 04/02/2020 - 23:02:55: [SM]   [0] CloseHandle
L 04/02/2020 - 23:02:55: [SM]   [1] Line 258, hosties/muteprisoners.sp::MutePrisoners_RoundEnd
L 04/02/2020 - 23:03:53: [SM] Exception reported: Handle 7f305c3 is invalid (error 1)
L 04/02/2020 - 23:03:53: [SM] Blaming: sm_hosties.smx
L 04/02/2020 - 23:03:53: [SM] Call stack trace:
L 04/02/2020 - 23:03:53: [SM]   [0] CloseHandle
L 04/02/2020 - 23:03:53: [SM]   [1] Line 258, hosties/muteprisoners.sp::MutePrisoners_RoundEnd
L 04/02/2020 - 23:04:19: [SM] Exception reported: Handle 7f305c3 is invalid (error 1)
L 04/02/2020 - 23:04:19: [SM] Blaming: sm_hosties.smx
L 04/02/2020 - 23:04:19: [SM] Call stack trace:
L 04/02/2020 - 23:04:19: [SM]   [0] CloseHandle
L 04/02/2020 - 23:04:19: [SM]   [1] Line 258, hosties/muteprisoners.sp::MutePrisoners_RoundEnd
L 04/02/2020 - 23:05:51: [SM] Exception reported: Handle 7f305c3 is invalid (error 1)
L 04/02/2020 - 23:05:51: [SM] Blaming: sm_hosties.smx
L 04/02/2020 - 23:05:51: [SM] Call stack trace:
L 04/02/2020 - 23:05:51: [SM]   [0] CloseHandle
L 04/02/2020 - 23:05:51: [SM]   [1] Line 258, hosties/muteprisoners.sp::MutePrisoners_RoundEnd
L 04/02/2020 - 23:09:13: [SM] Exception reported: Handle 7f305c3 is invalid (error 1)
L 04/02/2020 - 23:09:13: [SM] Blaming: sm_hosties.smx
L 04/02/2020 - 23:09:13: [SM] Call stack trace:
L 04/02/2020 - 23:09:13: [SM]   [0] CloseHandle
L 04/02/2020 - 23:09:13: [SM]   [1] Line 258, hosties/muteprisoners.sp::MutePrisoners_RoundEnd
L 04/02/2020 - 23:09:58: [SM] Exception reported: Handle 7f305c3 is invalid (error 1)
L 04/02/2020 - 23:09:58: [SM] Blaming: sm_hosties.smx
L 04/02/2020 - 23:09:58: [SM] Call stack trace:
L 04/02/2020 - 23:09:58: [SM]   [0] CloseHandle
L 04/02/2020 - 23:09:58: [SM]   [1] Line 258, hosties/muteprisoners.sp::MutePrisoners_RoundEnd
L 04/02/2020 - 23:11:02: [SM] Exception reported: Handle 7f305c3 is invalid (error 1)
L 04/02/2020 - 23:11:02: [SM] Blaming: sm_hosties.smx
L 04/02/2020 - 23:11:02: [SM] Call stack trace:
L 04/02/2020 - 23:11:02: [SM]   [0] CloseHandle
L 04/02/2020 - 23:11:02: [SM]   [1] Line 258, hosties/muteprisoners.sp::MutePrisoners_RoundEnd
L 04/02/2020 - 23:11:55: [SM] Exception reported: Handle 7f305c3 is invalid (error 1)
L 04/02/2020 - 23:11:55: [SM] Blaming: sm_hosties.smx
L 04/02/2020 - 23:11:55: [SM] Call stack trace:
L 04/02/2020 - 23:11:55: [SM]   [0] CloseHandle
L 04/02/2020 - 23:11:55: [SM]   [1] Line 258, hosties/muteprisoners.sp::MutePrisoners_RoundEnd
L 04/02/2020 - 23:13:09: [SM] Exception reported: Handle 7f305c3 is invalid (error 1)
L 04/02/2020 - 23:13:09: [SM] Blaming: sm_hosties.smx
L 04/02/2020 - 23:13:09: [SM] Call stack trace:
L 04/02/2020 - 23:13:09: [SM]   [0] CloseHandle
L 04/02/2020 - 23:13:09: [SM]   [1] Line 258, hosties/muteprisoners.sp::MutePrisoners_RoundEnd
L 04/02/2020 - 23:14:32: [SM] Exception reported: Handle 7f305c3 is invalid (error 1)
L 04/02/2020 - 23:14:32: [SM] Blaming: sm_hosties.smx
L 04/02/2020 - 23:14:32: [SM] Call stack trace:
L 04/02/2020 - 23:14:32: [SM]   [0] CloseHandle
L 04/02/2020 - 23:14:32: [SM]   [1] Line 258, hosties/muteprisoners.sp::MutePrisoners_RoundEnd
L 04/02/2020 - 23:15:16: [SM] Exception reported: Handle 7f305c3 is invalid (error 1)
L 04/02/2020 - 23:15:16: [SM] Blaming: sm_hosties.smx
L 04/02/2020 - 23:15:16: [SM] Call stack trace:
L 04/02/2020 - 23:15:16: [SM]   [0] CloseHandle
L 04/02/2020 - 23:15:16: [SM]   [1] Line 258, hosties/muteprisoners.sp::MutePrisoners_RoundEnd
L 04/02/2020 - 23:22:14: [SM] Exception reported: Handle 7f305c3 is invalid (error 1)
L 04/02/2020 - 23:22:14: [SM] Blaming: sm_hosties.smx
L 04/02/2020 - 23:22:14: [SM] Call stack trace:
L 04/02/2020 - 23:22:14: [SM]   [0] CloseHandle
L 04/02/2020 - 23:22:14: [SM]   [1] Line 258, hosties/muteprisoners.sp::MutePrisoners_RoundEnd
L 04/02/2020 - 23:27:46: [SM] Exception reported: Handle 7f305c3 is invalid (error 1)
L 04/02/2020 - 23:27:46: [SM] Blaming: sm_hosties.smx
L 04/02/2020 - 23:27:46: [SM] Call stack trace:
L 04/02/2020 - 23:27:46: [SM]   [0] CloseHandle
L 04/02/2020 - 23:27:46: [SM]   [1] Line 258, hosties/muteprisoners.sp::MutePrisoners_RoundEnd
L 04/02/2020 - 23:56:34: Error log file session closed.
L 04/02/2020 - 23:56:40: SourceMod error session started
L 04/02/2020 - 23:56:40: Info (map "jb_obama_v5_beta") (file "/home/steam/csgo-ds/csgo/addons/sourcemod/logs/errors_20200402.log")
L 04/02/2020 - 23:56:40: [SM] Unable to load plugin "cmenu.smx": Native "EJBW_IsClientWarden" was not found
L 04/02/2020 - 23:56:45: [SM] Exception reported: Fatal error: Missing "Terrorists" section!
L 04/02/2020 - 23:56:45: [SM] Blaming: csgo_skins.smx
L 04/02/2020 - 23:56:45: [SM] Call stack trace:
L 04/02/2020 - 23:56:45: [SM]   [0] SetFailState
L 04/02/2020 - 23:56:45: [SM]   [1] Line 342, C:\csgo_skins.sp::PrepareConfig
L 04/02/2020 - 23:56:45: [SM]   [2] Line 120, C:\csgo_skins.sp::OnMapStart
L 04/02/2020 - 23:57:36: Error log file session closed.
L 04/02/2020 - 23:57:39: SourceMod error session started
L 04/02/2020 - 23:57:39: Info (map "jb_obama_v5_beta") (file "/home/steam/csgo-ds/csgo/addons/sourcemod/logs/errors_20200402.log")
L 04/02/2020 - 23:57:39: [SM] Exception reported: Fatal error: Missing "Terrorists" section!
L 04/02/2020 - 23:57:39: [SM] Blaming: csgo_skins.smx
L 04/02/2020 - 23:57:39: [SM] Call stack trace:
L 04/02/2020 - 23:57:39: [SM]   [0] SetFailState
L 04/02/2020 - 23:57:39: [SM]   [1] Line 342, C:\csgo_skins.sp::PrepareConfig
L 04/02/2020 - 23:57:39: [SM]   [2] Line 120, C:\csgo_skins.sp::OnMapStart
L 04/02/2020 - 23:57:39: [nextmap.smx] FATAL: Cannot load map cycle. Nextmap not loaded.
L 04/02/2020 - 23:57:39: [SM] Exception reported: Mapcycle Not Found
L 04/02/2020 - 23:57:39: [SM] Blaming: nextmap.smx
L 04/02/2020 - 23:57:39: [SM] Call stack trace:
L 04/02/2020 - 23:57:39: [SM]   [0] SetFailState
L 04/02/2020 - 23:57:39: [SM]   [1] Line 143, /home/builds/sourcemod/linux-1.10/build/plugins/nextmap.sp::FindAndSetNextMap
L 04/02/2020 - 23:57:39: [SM]   [2] Line 113, /home/builds/sourcemod/linux-1.10/build/plugins/nextmap.sp::OnConfigsExecuted
L 04/02/2020 - 23:57:51: [SM] Exception reported: Could not read Handle 7c007c (error 1)
L 04/02/2020 - 23:57:51: [SM] Blaming: updater.smx
L 04/02/2020 - 23:57:51: [SM] Call stack trace:
L 04/02/2020 - 23:57:51: [SM]   [0] GetPluginInfo
L 04/02/2020 - 23:57:51: [SM]   [1] Line 141, updater/filesys.sp::ParseUpdateFile
L 04/02/2020 - 23:57:51: [SM]   [2] Line 158, updater/download.sp::DownloadEnded
L 04/02/2020 - 23:57:51: [SM]   [3] Line 30, updater/download_steamworks.sp::OnSteamWorksHTTPComplete
L 04/02/2020 - 23:59:36: [SM] Exception reported: Could not open file "/home/steam/csgo-ds/csgo/addons/sourcemod/logs/MyJailbreak/Freekills-20-04-02.log"
L 04/02/2020 - 23:59:36: [SM] Blaming: MyJailbreak/request.smx
L 04/02/2020 - 23:59:36: [SM] Call stack trace:
L 04/02/2020 - 23:59:36: [SM]   [0] LogToFileEx
L 04/02/2020 - 23:59:36: [SM]   [1] Line 144, addons/sourcemod/scripting/MyJailbreak/MyJailbreak/Modules/Request/freekill.sp::Command_Freekill
L 04/02/2020 - 23:59:36: [SM]   [2] Line 143, addons/sourcemod/scripting/MyJailbreak/MyJailbreak/Modules/Request/killreason.sp::Handler_KillReason
L 04/02/2020 - 23:59:49: [SM] Exception reported: Could not open file "/home/steam/csgo-ds/csgo/addons/sourcemod/logs/MyJailbreak/Freekills-20-04-02.log"
L 04/02/2020 - 23:59:49: [SM] Blaming: MyJailbreak/request.smx
L 04/02/2020 - 23:59:49: [SM] Call stack trace:
L 04/02/2020 - 23:59:49: [SM]   [0] LogToFileEx
L 04/02/2020 - 23:59:49: [SM]   [1] Line 393, addons/sourcemod/scripting/MyJailbreak/MyJailbreak/Modules/Request/freekill.sp::RespawnHandler
L 04/03/2020 - 00:02:07: Error log file session closed.
