L 04/01/2020 - 12:54:42: SourceMod error session started
L 04/01/2020 - 12:54:42: Info (map "jb_obama_v5_beta") (file "/home/steam/csgo-ds/csgo/addons/sourcemod/logs/errors_20200401.log")
L 04/01/2020 - 12:54:42: [SM] Unable to load plugin "cmenu.smx": Could not find required plugin "smartjaildoors"
L 04/01/2020 - 12:54:44: [SM] Exception reported: Fatal error: Unable to open generic configuration file "addons/sourcemod/configs/skins/any.cfg"!
L 04/01/2020 - 12:54:44: [SM] Blaming: csgo_skins.smx
L 04/01/2020 - 12:54:44: [SM] Call stack trace:
L 04/01/2020 - 12:54:44: [SM]   [0] SetFailState
L 04/01/2020 - 12:54:44: [SM]   [1] Line 114, C:\csgo_skins.sp::OnMapStart
L 04/01/2020 - 12:55:06: Error log file session closed.
L 04/01/2020 - 12:55:09: SourceMod error session started
L 04/01/2020 - 12:55:09: Info (map "jb_obama_v5_beta") (file "/home/steam/csgo-ds/csgo/addons/sourcemod/logs/errors_20200401.log")
L 04/01/2020 - 12:55:09: [SM] Exception reported: Fatal error: Unable to open generic configuration file "addons/sourcemod/configs/skins/any.cfg"!
L 04/01/2020 - 12:55:09: [SM] Blaming: csgo_skins.smx
L 04/01/2020 - 12:55:09: [SM] Call stack trace:
L 04/01/2020 - 12:55:09: [SM]   [0] SetFailState
L 04/01/2020 - 12:55:09: [SM]   [1] Line 114, C:\csgo_skins.sp::OnMapStart
L 04/01/2020 - 12:55:29: [nextmap.smx] FATAL: Cannot load map cycle. Nextmap not loaded.
L 04/01/2020 - 12:55:29: [SM] Exception reported: Mapcycle Not Found
L 04/01/2020 - 12:55:29: [SM] Blaming: nextmap.smx
L 04/01/2020 - 12:55:29: [SM] Call stack trace:
L 04/01/2020 - 12:55:29: [SM]   [0] SetFailState
L 04/01/2020 - 12:55:29: [SM]   [1] Line 143, /home/builds/sourcemod/linux-1.10/build/plugins/nextmap.sp::FindAndSetNextMap
L 04/01/2020 - 12:55:29: [SM]   [2] Line 113, /home/builds/sourcemod/linux-1.10/build/plugins/nextmap.sp::OnConfigsExecuted
L 04/01/2020 - 12:55:51: Error log file session closed.
L 04/01/2020 - 12:55:59: SourceMod error session started
L 04/01/2020 - 12:55:59: Info (map "jb_obama_v5_beta") (file "/home/steam/csgo-ds/csgo/addons/sourcemod/logs/errors_20200401.log")
L 04/01/2020 - 12:55:59: [SM] Unable to load plugin "cmenu.smx": Could not find required plugin "smartjaildoors"
L 04/01/2020 - 12:56:02: [SM] Exception reported: Fatal error: Unable to open generic configuration file "addons/sourcemod/configs/skins/any.cfg"!
L 04/01/2020 - 12:56:02: [SM] Blaming: csgo_skins.smx
L 04/01/2020 - 12:56:02: [SM] Call stack trace:
L 04/01/2020 - 12:56:02: [SM]   [0] SetFailState
L 04/01/2020 - 12:56:02: [SM]   [1] Line 114, C:\csgo_skins.sp::OnMapStart
L 04/01/2020 - 12:56:23: Error log file session closed.
L 04/01/2020 - 12:56:25: SourceMod error session started
L 04/01/2020 - 12:56:25: Info (map "jb_obama_v5_beta") (file "/home/steam/csgo-ds/csgo/addons/sourcemod/logs/errors_20200401.log")
L 04/01/2020 - 12:56:25: [SM] Exception reported: Fatal error: Unable to open generic configuration file "addons/sourcemod/configs/skins/any.cfg"!
L 04/01/2020 - 12:56:25: [SM] Blaming: csgo_skins.smx
L 04/01/2020 - 12:56:25: [SM] Call stack trace:
L 04/01/2020 - 12:56:25: [SM]   [0] SetFailState
L 04/01/2020 - 12:56:25: [SM]   [1] Line 114, C:\csgo_skins.sp::OnMapStart
L 04/01/2020 - 12:56:45: [nextmap.smx] FATAL: Cannot load map cycle. Nextmap not loaded.
L 04/01/2020 - 12:56:45: [SM] Exception reported: Mapcycle Not Found
L 04/01/2020 - 12:56:45: [SM] Blaming: nextmap.smx
L 04/01/2020 - 12:56:45: [SM] Call stack trace:
L 04/01/2020 - 12:56:45: [SM]   [0] SetFailState
L 04/01/2020 - 12:56:45: [SM]   [1] Line 143, /home/builds/sourcemod/linux-1.10/build/plugins/nextmap.sp::FindAndSetNextMap
L 04/01/2020 - 12:56:45: [SM]   [2] Line 113, /home/builds/sourcemod/linux-1.10/build/plugins/nextmap.sp::OnConfigsExecuted
L 04/01/2020 - 12:57:11: Error log file session closed.
L 04/01/2020 - 12:57:13: SourceMod error session started
L 04/01/2020 - 12:57:13: Info (map "jb_obama_v5_beta") (file "/home/steam/csgo-ds/csgo/addons/sourcemod/logs/errors_20200401.log")
L 04/01/2020 - 12:57:13: [SM] Exception reported: Fatal error: Unable to open generic configuration file "addons/sourcemod/configs/skins/any.cfg"!
L 04/01/2020 - 12:57:13: [SM] Blaming: csgo_skins.smx
L 04/01/2020 - 12:57:13: [SM] Call stack trace:
L 04/01/2020 - 12:57:13: [SM]   [0] SetFailState
L 04/01/2020 - 12:57:13: [SM]   [1] Line 114, C:\csgo_skins.sp::OnMapStart
L 04/01/2020 - 12:57:13: [nextmap.smx] FATAL: Cannot load map cycle. Nextmap not loaded.
L 04/01/2020 - 12:57:13: [SM] Exception reported: Mapcycle Not Found
L 04/01/2020 - 12:57:13: [SM] Blaming: nextmap.smx
L 04/01/2020 - 12:57:13: [SM] Call stack trace:
L 04/01/2020 - 12:57:13: [SM]   [0] SetFailState
L 04/01/2020 - 12:57:13: [SM]   [1] Line 143, /home/builds/sourcemod/linux-1.10/build/plugins/nextmap.sp::FindAndSetNextMap
L 04/01/2020 - 12:57:13: [SM]   [2] Line 113, /home/builds/sourcemod/linux-1.10/build/plugins/nextmap.sp::OnConfigsExecuted
L 04/01/2020 - 12:57:20: [SM] Exception reported: Could not read Handle 2b002b (error 1)
L 04/01/2020 - 12:57:20: [SM] Blaming: updater.smx
L 04/01/2020 - 12:57:20: [SM] Call stack trace:
L 04/01/2020 - 12:57:20: [SM]   [0] GetPluginInfo
L 04/01/2020 - 12:57:20: [SM]   [1] Line 141, updater/filesys.sp::ParseUpdateFile
L 04/01/2020 - 12:57:20: [SM]   [2] Line 158, updater/download.sp::DownloadEnded
L 04/01/2020 - 12:57:20: [SM]   [3] Line 30, updater/download_steamworks.sp::OnSteamWorksHTTPComplete
L 04/01/2020 - 12:59:36: Error log file session closed.
L 04/01/2020 - 12:59:43: SourceMod error session started
L 04/01/2020 - 12:59:43: Info (map "jb_obama_v5_beta") (file "/home/steam/csgo-ds/csgo/addons/sourcemod/logs/errors_20200401.log")
L 04/01/2020 - 12:59:43: [SM] Unable to load plugin "cmenu.smx": Could not find required plugin "smartjaildoors"
L 04/01/2020 - 12:59:46: [SM] Exception reported: Fatal error: Unable to open generic configuration file "addons/sourcemod/configs/skins/any.cfg"!
L 04/01/2020 - 12:59:46: [SM] Blaming: csgo_skins.smx
L 04/01/2020 - 12:59:46: [SM] Call stack trace:
L 04/01/2020 - 12:59:46: [SM]   [0] SetFailState
L 04/01/2020 - 12:59:46: [SM]   [1] Line 114, C:\csgo_skins.sp::OnMapStart
L 04/01/2020 - 13:00:20: Error log file session closed.
L 04/01/2020 - 13:01:39: SourceMod error session started
L 04/01/2020 - 13:01:39: Info (map "jb_obama_v5_beta") (file "/home/steam/csgo-ds/csgo/addons/sourcemod/logs/errors_20200401.log")
L 04/01/2020 - 13:01:39: [SM] Unable to load plugin "cmenu.smx": Could not find required plugin "smartjaildoors"
L 04/01/2020 - 13:01:41: [SM] Exception reported: Fatal error: Unable to open generic configuration file "addons/sourcemod/configs/skins/any.cfg"!
L 04/01/2020 - 13:01:41: [SM] Blaming: csgo_skins.smx
L 04/01/2020 - 13:01:41: [SM] Call stack trace:
L 04/01/2020 - 13:01:41: [SM]   [0] SetFailState
L 04/01/2020 - 13:01:41: [SM]   [1] Line 114, C:\csgo_skins.sp::OnMapStart
L 04/01/2020 - 13:40:18: Error log file session closed.
L 04/01/2020 - 13:44:32: SourceMod error session started
L 04/01/2020 - 13:44:32: Info (map "jb_obama_v5_beta") (file "/home/steam/csgo-ds/csgo/addons/sourcemod/logs/errors_20200401.log")
L 04/01/2020 - 13:44:32: [SM] Unable to load plugin "cmenu.smx": Could not find required plugin "smartjaildoors"
L 04/01/2020 - 13:44:36: [SM] Exception reported: Fatal error: Unable to open generic configuration file "addons/sourcemod/configs/skins/any.cfg"!
L 04/01/2020 - 13:44:36: [SM] Blaming: csgo_skins.smx
L 04/01/2020 - 13:44:36: [SM] Call stack trace:
L 04/01/2020 - 13:44:36: [SM]   [0] SetFailState
L 04/01/2020 - 13:44:36: [SM]   [1] Line 114, C:\csgo_skins.sp::OnMapStart
L 04/01/2020 - 13:44:49: Error log file session closed.
L 04/01/2020 - 13:44:51: SourceMod error session started
L 04/01/2020 - 13:44:51: Info (map "jb_obama_v5_beta") (file "/home/steam/csgo-ds/csgo/addons/sourcemod/logs/errors_20200401.log")
L 04/01/2020 - 13:44:51: [SM] Exception reported: Fatal error: Unable to open generic configuration file "addons/sourcemod/configs/skins/any.cfg"!
L 04/01/2020 - 13:44:51: [SM] Blaming: csgo_skins.smx
L 04/01/2020 - 13:44:51: [SM] Call stack trace:
L 04/01/2020 - 13:44:51: [SM]   [0] SetFailState
L 04/01/2020 - 13:44:51: [SM]   [1] Line 114, C:\csgo_skins.sp::OnMapStart
L 04/01/2020 - 13:44:51: [nextmap.smx] FATAL: Cannot load map cycle. Nextmap not loaded.
L 04/01/2020 - 13:44:51: [SM] Exception reported: Mapcycle Not Found
L 04/01/2020 - 13:44:51: [SM] Blaming: nextmap.smx
L 04/01/2020 - 13:44:51: [SM] Call stack trace:
L 04/01/2020 - 13:44:51: [SM]   [0] SetFailState
L 04/01/2020 - 13:44:51: [SM]   [1] Line 143, /home/builds/sourcemod/linux-1.10/build/plugins/nextmap.sp::FindAndSetNextMap
L 04/01/2020 - 13:44:51: [SM]   [2] Line 113, /home/builds/sourcemod/linux-1.10/build/plugins/nextmap.sp::OnConfigsExecuted
L 04/01/2020 - 13:45:03: [SM] Exception reported: Could not read Handle 2b002b (error 1)
L 04/01/2020 - 13:45:03: [SM] Blaming: updater.smx
L 04/01/2020 - 13:45:03: [SM] Call stack trace:
L 04/01/2020 - 13:45:03: [SM]   [0] GetPluginInfo
L 04/01/2020 - 13:45:03: [SM]   [1] Line 141, updater/filesys.sp::ParseUpdateFile
L 04/01/2020 - 13:45:03: [SM]   [2] Line 158, updater/download.sp::DownloadEnded
L 04/01/2020 - 13:45:03: [SM]   [3] Line 30, updater/download_steamworks.sp::OnSteamWorksHTTPComplete
L 04/01/2020 - 14:34:17: Error log file session closed.
L 04/01/2020 - 14:34:20: SourceMod error session started
L 04/01/2020 - 14:34:20: Info (map "jb_obama_v5_beta") (file "/home/steam/csgo-ds/csgo/addons/sourcemod/logs/errors_20200401.log")
L 04/01/2020 - 14:34:20: [SM] Exception reported: Fatal error: Unable to open generic configuration file "addons/sourcemod/configs/skins/any.cfg"!
L 04/01/2020 - 14:34:20: [SM] Blaming: csgo_skins.smx
L 04/01/2020 - 14:34:20: [SM] Call stack trace:
L 04/01/2020 - 14:34:20: [SM]   [0] SetFailState
L 04/01/2020 - 14:34:20: [SM]   [1] Line 114, C:\csgo_skins.sp::OnMapStart
L 04/01/2020 - 14:34:20: [nextmap.smx] FATAL: Cannot load map cycle. Nextmap not loaded.
L 04/01/2020 - 14:34:20: [SM] Exception reported: Mapcycle Not Found
L 04/01/2020 - 14:34:20: [SM] Blaming: nextmap.smx
L 04/01/2020 - 14:34:20: [SM] Call stack trace:
L 04/01/2020 - 14:34:20: [SM]   [0] SetFailState
L 04/01/2020 - 14:34:20: [SM]   [1] Line 143, /home/builds/sourcemod/linux-1.10/build/plugins/nextmap.sp::FindAndSetNextMap
L 04/01/2020 - 14:34:20: [SM]   [2] Line 113, /home/builds/sourcemod/linux-1.10/build/plugins/nextmap.sp::OnConfigsExecuted
L 04/01/2020 - 16:02:31: Error log file session closed.
L 04/01/2020 - 16:02:34: SourceMod error session started
L 04/01/2020 - 16:02:34: Info (map "jb_obama_v5_beta") (file "/home/steam/csgo-ds/csgo/addons/sourcemod/logs/errors_20200401.log")
L 04/01/2020 - 16:02:34: [SM] Exception reported: Fatal error: Unable to open generic configuration file "addons/sourcemod/configs/skins/any.cfg"!
L 04/01/2020 - 16:02:34: [SM] Blaming: csgo_skins.smx
L 04/01/2020 - 16:02:34: [SM] Call stack trace:
L 04/01/2020 - 16:02:34: [SM]   [0] SetFailState
L 04/01/2020 - 16:02:34: [SM]   [1] Line 114, C:\csgo_skins.sp::OnMapStart
L 04/01/2020 - 16:02:34: [nextmap.smx] FATAL: Cannot load map cycle. Nextmap not loaded.
L 04/01/2020 - 16:02:34: [SM] Exception reported: Mapcycle Not Found
L 04/01/2020 - 16:02:34: [SM] Blaming: nextmap.smx
L 04/01/2020 - 16:02:34: [SM] Call stack trace:
L 04/01/2020 - 16:02:34: [SM]   [0] SetFailState
L 04/01/2020 - 16:02:34: [SM]   [1] Line 143, /home/builds/sourcemod/linux-1.10/build/plugins/nextmap.sp::FindAndSetNextMap
L 04/01/2020 - 16:02:34: [SM]   [2] Line 113, /home/builds/sourcemod/linux-1.10/build/plugins/nextmap.sp::OnConfigsExecuted
L 04/01/2020 - 16:35:57: Error log file session closed.
L 04/01/2020 - 16:36:00: SourceMod error session started
L 04/01/2020 - 16:36:00: Info (map "jb_obama_v5_beta") (file "/home/steam/csgo-ds/csgo/addons/sourcemod/logs/errors_20200401.log")
L 04/01/2020 - 16:36:00: [SM] Exception reported: Fatal error: Unable to open generic configuration file "addons/sourcemod/configs/skins/any.cfg"!
L 04/01/2020 - 16:36:00: [SM] Blaming: csgo_skins.smx
L 04/01/2020 - 16:36:00: [SM] Call stack trace:
L 04/01/2020 - 16:36:00: [SM]   [0] SetFailState
L 04/01/2020 - 16:36:00: [SM]   [1] Line 114, C:\csgo_skins.sp::OnMapStart
L 04/01/2020 - 16:36:00: [nextmap.smx] FATAL: Cannot load map cycle. Nextmap not loaded.
L 04/01/2020 - 16:36:00: [SM] Exception reported: Mapcycle Not Found
L 04/01/2020 - 16:36:00: [SM] Blaming: nextmap.smx
L 04/01/2020 - 16:36:00: [SM] Call stack trace:
L 04/01/2020 - 16:36:00: [SM]   [0] SetFailState
L 04/01/2020 - 16:36:00: [SM]   [1] Line 143, /home/builds/sourcemod/linux-1.10/build/plugins/nextmap.sp::FindAndSetNextMap
L 04/01/2020 - 16:36:00: [SM]   [2] Line 113, /home/builds/sourcemod/linux-1.10/build/plugins/nextmap.sp::OnConfigsExecuted
L 04/01/2020 - 17:02:56: Error log file session closed.
L 04/01/2020 - 17:02:59: SourceMod error session started
L 04/01/2020 - 17:02:59: Info (map "jb_obama_v5_beta") (file "/home/steam/csgo-ds/csgo/addons/sourcemod/logs/errors_20200401.log")
L 04/01/2020 - 17:02:59: [SM] Exception reported: Fatal error: Unable to open generic configuration file "addons/sourcemod/configs/skins/any.cfg"!
L 04/01/2020 - 17:02:59: [SM] Blaming: csgo_skins.smx
L 04/01/2020 - 17:02:59: [SM] Call stack trace:
L 04/01/2020 - 17:02:59: [SM]   [0] SetFailState
L 04/01/2020 - 17:02:59: [SM]   [1] Line 114, C:\csgo_skins.sp::OnMapStart
L 04/01/2020 - 17:02:59: [nextmap.smx] FATAL: Cannot load map cycle. Nextmap not loaded.
L 04/01/2020 - 17:02:59: [SM] Exception reported: Mapcycle Not Found
L 04/01/2020 - 17:02:59: [SM] Blaming: nextmap.smx
L 04/01/2020 - 17:02:59: [SM] Call stack trace:
L 04/01/2020 - 17:02:59: [SM]   [0] SetFailState
L 04/01/2020 - 17:02:59: [SM]   [1] Line 143, /home/builds/sourcemod/linux-1.10/build/plugins/nextmap.sp::FindAndSetNextMap
L 04/01/2020 - 17:02:59: [SM]   [2] Line 113, /home/builds/sourcemod/linux-1.10/build/plugins/nextmap.sp::OnConfigsExecuted
L 04/01/2020 - 21:16:17: Error log file session closed.
L 04/01/2020 - 21:16:20: SourceMod error session started
L 04/01/2020 - 21:16:20: Info (map "jb_obama_v5_beta") (file "/home/steam/csgo-ds/csgo/addons/sourcemod/logs/errors_20200401.log")
L 04/01/2020 - 21:16:20: [SM] Exception reported: Fatal error: Unable to open generic configuration file "addons/sourcemod/configs/skins/any.cfg"!
L 04/01/2020 - 21:16:20: [SM] Blaming: csgo_skins.smx
L 04/01/2020 - 21:16:20: [SM] Call stack trace:
L 04/01/2020 - 21:16:20: [SM]   [0] SetFailState
L 04/01/2020 - 21:16:20: [SM]   [1] Line 114, C:\csgo_skins.sp::OnMapStart
L 04/01/2020 - 21:16:20: [nextmap.smx] FATAL: Cannot load map cycle. Nextmap not loaded.
L 04/01/2020 - 21:16:20: [SM] Exception reported: Mapcycle Not Found
L 04/01/2020 - 21:16:20: [SM] Blaming: nextmap.smx
L 04/01/2020 - 21:16:20: [SM] Call stack trace:
L 04/01/2020 - 21:16:20: [SM]   [0] SetFailState
L 04/01/2020 - 21:16:20: [SM]   [1] Line 143, /home/builds/sourcemod/linux-1.10/build/plugins/nextmap.sp::FindAndSetNextMap
L 04/01/2020 - 21:16:20: [SM]   [2] Line 113, /home/builds/sourcemod/linux-1.10/build/plugins/nextmap.sp::OnConfigsExecuted
