L 04/10/2020 - 00:33:51: SourceMod error session started
L 04/10/2020 - 00:33:51: Info (map "jb_obama_v5_beta") (file "/home/steam/csgo-ds/csgo/addons/sourcemod/logs/errors_20200410.log")
L 04/10/2020 - 00:33:51: [SM] Unable to load plugin "cmenu.smx": Native "EJBW_IsClientWarden" was not found
L 04/10/2020 - 00:33:51: [admin-flatfile.smx] Error(s) detected parsing addons/sourcemod/configs/admin_overrides.cfg
L 04/10/2020 - 00:33:51: [admin-flatfile.smx]  (line 0) Stream failed to open
L 04/10/2020 - 00:33:51: [admin-flatfile.smx] Error(s) detected parsing addons/sourcemod/configs/admin_groups.cfg
L 04/10/2020 - 00:33:51: [admin-flatfile.smx]  (line 0) Stream failed to open
L 04/10/2020 - 00:33:51: [admin-flatfile.smx] Error(s) detected parsing addons/sourcemod/configs/admins.cfg
L 04/10/2020 - 00:33:51: [admin-flatfile.smx]  (line 45) Unknown group "Admins"
L 04/10/2020 - 00:33:51: [admin-flatfile.smx]  (line 54) Unknown group "Admins"
L 04/10/2020 - 00:33:51: [admin-flatfile.smx]  (line 63) Unknown group "Admins"
L 04/10/2020 - 00:33:51: [admin-flatfile.smx]  (line 72) Unknown group "Admins"
L 04/10/2020 - 00:33:51: [admin-flatfile.smx]  (line 81) Unknown group "Admins"
L 04/10/2020 - 00:33:51: [admin-flatfile.smx]  (line 89) Unknown group "Admins"
L 04/10/2020 - 00:33:54: [SM] Exception reported: Invalid file handle 0 (error 4)
L 04/10/2020 - 00:33:54: [SM] Blaming: sm_downloader.smx
L 04/10/2020 - 00:33:54: [SM] Call stack trace:
L 04/10/2020 - 00:33:54: [SM]   [0] ReadDirEntry
L 04/10/2020 - 00:33:54: [SM]   [1] Line 132, /home/forums/content/files/2/6/5/9/8/3/150553.attach::ReadFileFolder
L 04/10/2020 - 00:33:54: [SM]   [2] Line 190, /home/forums/content/files/2/6/5/9/8/3/150553.attach::ReadDownloads
L 04/10/2020 - 00:33:54: [SM]   [3] Line 112, /home/forums/content/files/2/6/5/9/8/3/150553.attach::OnMapStart
L 04/10/2020 - 00:34:29: Error log file session closed.
L 04/10/2020 - 00:34:29: SourceMod error session started
L 04/10/2020 - 00:34:29: Info (map "jb_obama_v5_beta") (file "/home/steam/csgo-ds/csgo/addons/sourcemod/logs/errors_20200410.log")
L 04/10/2020 - 00:34:29: [admin-flatfile.smx] Error(s) detected parsing addons/sourcemod/configs/admin_overrides.cfg
L 04/10/2020 - 00:34:29: [admin-flatfile.smx]  (line 0) Stream failed to open
L 04/10/2020 - 00:34:29: [admin-flatfile.smx] Error(s) detected parsing addons/sourcemod/configs/admin_groups.cfg
L 04/10/2020 - 00:34:29: [admin-flatfile.smx]  (line 0) Stream failed to open
L 04/10/2020 - 00:34:29: [admin-flatfile.smx] Error(s) detected parsing addons/sourcemod/configs/admins.cfg
L 04/10/2020 - 00:34:29: [admin-flatfile.smx]  (line 45) Unknown group "Admins"
L 04/10/2020 - 00:34:29: [admin-flatfile.smx]  (line 54) Unknown group "Admins"
L 04/10/2020 - 00:34:29: [admin-flatfile.smx]  (line 63) Unknown group "Admins"
L 04/10/2020 - 00:34:29: [admin-flatfile.smx]  (line 72) Unknown group "Admins"
L 04/10/2020 - 00:34:29: [admin-flatfile.smx]  (line 81) Unknown group "Admins"
L 04/10/2020 - 00:34:29: [admin-flatfile.smx]  (line 89) Unknown group "Admins"
L 04/10/2020 - 00:34:32: [SM] Exception reported: Invalid file handle 0 (error 4)
L 04/10/2020 - 00:34:32: [SM] Blaming: sm_downloader.smx
L 04/10/2020 - 00:34:32: [SM] Call stack trace:
L 04/10/2020 - 00:34:32: [SM]   [0] ReadDirEntry
L 04/10/2020 - 00:34:32: [SM]   [1] Line 132, /home/forums/content/files/2/6/5/9/8/3/150553.attach::ReadFileFolder
L 04/10/2020 - 00:34:32: [SM]   [2] Line 190, /home/forums/content/files/2/6/5/9/8/3/150553.attach::ReadDownloads
L 04/10/2020 - 00:34:32: [SM]   [3] Line 112, /home/forums/content/files/2/6/5/9/8/3/150553.attach::OnMapStart
L 04/10/2020 - 00:34:32: [nextmap.smx] FATAL: Cannot load map cycle. Nextmap not loaded.
L 04/10/2020 - 00:34:32: [SM] Exception reported: Mapcycle Not Found
L 04/10/2020 - 00:34:32: [SM] Blaming: nextmap.smx
L 04/10/2020 - 00:34:32: [SM] Call stack trace:
L 04/10/2020 - 00:34:32: [SM]   [0] SetFailState
L 04/10/2020 - 00:34:32: [SM]   [1] Line 143, /home/builds/sourcemod/linux-1.10/build/plugins/nextmap.sp::FindAndSetNextMap
L 04/10/2020 - 00:34:32: [SM]   [2] Line 113, /home/builds/sourcemod/linux-1.10/build/plugins/nextmap.sp::OnConfigsExecuted
L 04/10/2020 - 01:46:52: Error log file session closed.
L 04/10/2020 - 01:47:10: SourceMod error session started
L 04/10/2020 - 01:47:10: Info (map "jb_obama_v5_beta") (file "/home/steam/csgo-ds/csgo/addons/sourcemod/logs/errors_20200410.log")
L 04/10/2020 - 01:47:10: [SM] Unable to load plugin "cmenu.smx": Native "EJBW_IsClientWarden" was not found
L 04/10/2020 - 01:47:10: [admin-flatfile.smx] Error(s) detected parsing addons/sourcemod/configs/admin_overrides.cfg
L 04/10/2020 - 01:47:10: [admin-flatfile.smx]  (line 0) Stream failed to open
L 04/10/2020 - 01:47:10: [admin-flatfile.smx] Error(s) detected parsing addons/sourcemod/configs/admin_groups.cfg
L 04/10/2020 - 01:47:10: [admin-flatfile.smx]  (line 0) Stream failed to open
L 04/10/2020 - 01:47:10: [admin-flatfile.smx] Error(s) detected parsing addons/sourcemod/configs/admins.cfg
L 04/10/2020 - 01:47:10: [admin-flatfile.smx]  (line 45) Unknown group "Admins"
L 04/10/2020 - 01:47:10: [admin-flatfile.smx]  (line 54) Unknown group "Admins"
L 04/10/2020 - 01:47:10: [admin-flatfile.smx]  (line 63) Unknown group "Admins"
L 04/10/2020 - 01:47:10: [admin-flatfile.smx]  (line 72) Unknown group "Admins"
L 04/10/2020 - 01:47:10: [admin-flatfile.smx]  (line 81) Unknown group "Admins"
L 04/10/2020 - 01:47:10: [admin-flatfile.smx]  (line 89) Unknown group "Admins"
L 04/10/2020 - 01:47:13: [SM] Exception reported: Invalid file handle 0 (error 4)
L 04/10/2020 - 01:47:13: [SM] Blaming: sm_downloader.smx
L 04/10/2020 - 01:47:13: [SM] Call stack trace:
L 04/10/2020 - 01:47:13: [SM]   [0] ReadDirEntry
L 04/10/2020 - 01:47:13: [SM]   [1] Line 132, /home/forums/content/files/2/6/5/9/8/3/150553.attach::ReadFileFolder
L 04/10/2020 - 01:47:13: [SM]   [2] Line 190, /home/forums/content/files/2/6/5/9/8/3/150553.attach::ReadDownloads
L 04/10/2020 - 01:47:13: [SM]   [3] Line 112, /home/forums/content/files/2/6/5/9/8/3/150553.attach::OnMapStart
L 04/10/2020 - 01:47:35: Error log file session closed.
L 04/10/2020 - 01:47:35: SourceMod error session started
L 04/10/2020 - 01:47:35: Info (map "jb_obama_v5_beta") (file "/home/steam/csgo-ds/csgo/addons/sourcemod/logs/errors_20200410.log")
L 04/10/2020 - 01:47:35: [admin-flatfile.smx] Error(s) detected parsing addons/sourcemod/configs/admin_overrides.cfg
L 04/10/2020 - 01:47:35: [admin-flatfile.smx]  (line 0) Stream failed to open
L 04/10/2020 - 01:47:35: [admin-flatfile.smx] Error(s) detected parsing addons/sourcemod/configs/admin_groups.cfg
L 04/10/2020 - 01:47:35: [admin-flatfile.smx]  (line 0) Stream failed to open
L 04/10/2020 - 01:47:35: [admin-flatfile.smx] Error(s) detected parsing addons/sourcemod/configs/admins.cfg
L 04/10/2020 - 01:47:35: [admin-flatfile.smx]  (line 45) Unknown group "Admins"
L 04/10/2020 - 01:47:35: [admin-flatfile.smx]  (line 54) Unknown group "Admins"
L 04/10/2020 - 01:47:35: [admin-flatfile.smx]  (line 63) Unknown group "Admins"
L 04/10/2020 - 01:47:35: [admin-flatfile.smx]  (line 72) Unknown group "Admins"
L 04/10/2020 - 01:47:35: [admin-flatfile.smx]  (line 81) Unknown group "Admins"
L 04/10/2020 - 01:47:35: [admin-flatfile.smx]  (line 89) Unknown group "Admins"
L 04/10/2020 - 01:47:38: [SM] Exception reported: Invalid file handle 0 (error 4)
L 04/10/2020 - 01:47:38: [SM] Blaming: sm_downloader.smx
L 04/10/2020 - 01:47:38: [SM] Call stack trace:
L 04/10/2020 - 01:47:38: [SM]   [0] ReadDirEntry
L 04/10/2020 - 01:47:38: [SM]   [1] Line 132, /home/forums/content/files/2/6/5/9/8/3/150553.attach::ReadFileFolder
L 04/10/2020 - 01:47:38: [SM]   [2] Line 190, /home/forums/content/files/2/6/5/9/8/3/150553.attach::ReadDownloads
L 04/10/2020 - 01:47:38: [SM]   [3] Line 112, /home/forums/content/files/2/6/5/9/8/3/150553.attach::OnMapStart
L 04/10/2020 - 01:47:38: [nextmap.smx] FATAL: Cannot load map cycle. Nextmap not loaded.
L 04/10/2020 - 01:47:38: [SM] Exception reported: Mapcycle Not Found
L 04/10/2020 - 01:47:38: [SM] Blaming: nextmap.smx
L 04/10/2020 - 01:47:38: [SM] Call stack trace:
L 04/10/2020 - 01:47:38: [SM]   [0] SetFailState
L 04/10/2020 - 01:47:38: [SM]   [1] Line 143, /home/builds/sourcemod/linux-1.10/build/plugins/nextmap.sp::FindAndSetNextMap
L 04/10/2020 - 01:47:38: [SM]   [2] Line 113, /home/builds/sourcemod/linux-1.10/build/plugins/nextmap.sp::OnConfigsExecuted
L 04/10/2020 - 01:51:02: Error log file session closed.
L 04/10/2020 - 01:51:18: SourceMod error session started
L 04/10/2020 - 01:51:18: Info (map "jb_obama_v5_beta") (file "/home/steam/csgo-ds/csgo/addons/sourcemod/logs/errors_20200410.log")
L 04/10/2020 - 01:51:18: [SM] Unable to load plugin "cmenu.smx": Native "EJBW_IsClientWarden" was not found
L 04/10/2020 - 01:51:18: [admin-flatfile.smx] Error(s) detected parsing addons/sourcemod/configs/admin_overrides.cfg
L 04/10/2020 - 01:51:18: [admin-flatfile.smx]  (line 0) Stream failed to open
L 04/10/2020 - 01:51:18: [admin-flatfile.smx] Error(s) detected parsing addons/sourcemod/configs/admin_groups.cfg
L 04/10/2020 - 01:51:18: [admin-flatfile.smx]  (line 0) Stream failed to open
L 04/10/2020 - 01:51:18: [admin-flatfile.smx] Error(s) detected parsing addons/sourcemod/configs/admins.cfg
L 04/10/2020 - 01:51:18: [admin-flatfile.smx]  (line 45) Unknown group "Admins"
L 04/10/2020 - 01:51:18: [admin-flatfile.smx]  (line 54) Unknown group "Admins"
L 04/10/2020 - 01:51:18: [admin-flatfile.smx]  (line 63) Unknown group "Admins"
L 04/10/2020 - 01:51:18: [admin-flatfile.smx]  (line 72) Unknown group "Admins"
L 04/10/2020 - 01:51:18: [admin-flatfile.smx]  (line 81) Unknown group "Admins"
L 04/10/2020 - 01:51:18: [admin-flatfile.smx]  (line 89) Unknown group "Admins"
L 04/10/2020 - 01:51:21: [SM] Exception reported: Invalid file handle 0 (error 4)
L 04/10/2020 - 01:51:21: [SM] Blaming: sm_downloader.smx
L 04/10/2020 - 01:51:21: [SM] Call stack trace:
L 04/10/2020 - 01:51:21: [SM]   [0] ReadDirEntry
L 04/10/2020 - 01:51:21: [SM]   [1] Line 132, /home/forums/content/files/2/6/5/9/8/3/150553.attach::ReadFileFolder
L 04/10/2020 - 01:51:21: [SM]   [2] Line 190, /home/forums/content/files/2/6/5/9/8/3/150553.attach::ReadDownloads
L 04/10/2020 - 01:51:21: [SM]   [3] Line 112, /home/forums/content/files/2/6/5/9/8/3/150553.attach::OnMapStart
L 04/10/2020 - 01:52:01: Error log file session closed.
L 04/10/2020 - 01:52:01: SourceMod error session started
L 04/10/2020 - 01:52:01: Info (map "jb_obama_v5_beta") (file "/home/steam/csgo-ds/csgo/addons/sourcemod/logs/errors_20200410.log")
L 04/10/2020 - 01:52:01: [admin-flatfile.smx] Error(s) detected parsing addons/sourcemod/configs/admin_overrides.cfg
L 04/10/2020 - 01:52:01: [admin-flatfile.smx]  (line 0) Stream failed to open
L 04/10/2020 - 01:52:01: [admin-flatfile.smx] Error(s) detected parsing addons/sourcemod/configs/admin_groups.cfg
L 04/10/2020 - 01:52:01: [admin-flatfile.smx]  (line 0) Stream failed to open
L 04/10/2020 - 01:52:01: [admin-flatfile.smx] Error(s) detected parsing addons/sourcemod/configs/admins.cfg
L 04/10/2020 - 01:52:01: [admin-flatfile.smx]  (line 45) Unknown group "Admins"
L 04/10/2020 - 01:52:01: [admin-flatfile.smx]  (line 54) Unknown group "Admins"
L 04/10/2020 - 01:52:01: [admin-flatfile.smx]  (line 63) Unknown group "Admins"
L 04/10/2020 - 01:52:01: [admin-flatfile.smx]  (line 72) Unknown group "Admins"
L 04/10/2020 - 01:52:01: [admin-flatfile.smx]  (line 81) Unknown group "Admins"
L 04/10/2020 - 01:52:01: [admin-flatfile.smx]  (line 89) Unknown group "Admins"
L 04/10/2020 - 01:52:03: [SM] Exception reported: Invalid file handle 0 (error 4)
L 04/10/2020 - 01:52:03: [SM] Blaming: sm_downloader.smx
L 04/10/2020 - 01:52:03: [SM] Call stack trace:
L 04/10/2020 - 01:52:03: [SM]   [0] ReadDirEntry
L 04/10/2020 - 01:52:03: [SM]   [1] Line 132, /home/forums/content/files/2/6/5/9/8/3/150553.attach::ReadFileFolder
L 04/10/2020 - 01:52:03: [SM]   [2] Line 190, /home/forums/content/files/2/6/5/9/8/3/150553.attach::ReadDownloads
L 04/10/2020 - 01:52:03: [SM]   [3] Line 112, /home/forums/content/files/2/6/5/9/8/3/150553.attach::OnMapStart
L 04/10/2020 - 01:52:03: [nextmap.smx] FATAL: Cannot load map cycle. Nextmap not loaded.
L 04/10/2020 - 01:52:03: [SM] Exception reported: Mapcycle Not Found
L 04/10/2020 - 01:52:03: [SM] Blaming: nextmap.smx
L 04/10/2020 - 01:52:03: [SM] Call stack trace:
L 04/10/2020 - 01:52:03: [SM]   [0] SetFailState
L 04/10/2020 - 01:52:03: [SM]   [1] Line 143, /home/builds/sourcemod/linux-1.10/build/plugins/nextmap.sp::FindAndSetNextMap
L 04/10/2020 - 01:52:03: [SM]   [2] Line 113, /home/builds/sourcemod/linux-1.10/build/plugins/nextmap.sp::OnConfigsExecuted
L 04/10/2020 - 01:54:22: Error log file session closed.
L 04/10/2020 - 01:54:40: SourceMod error session started
L 04/10/2020 - 01:54:40: Info (map "jb_obama_v5_beta") (file "/home/steam/csgo-ds/csgo/addons/sourcemod/logs/errors_20200410.log")
L 04/10/2020 - 01:54:40: [SM] Unable to load plugin "cmenu.smx": Native "EJBW_IsClientWarden" was not found
L 04/10/2020 - 01:54:40: [admin-flatfile.smx] Error(s) detected parsing addons/sourcemod/configs/admin_overrides.cfg
L 04/10/2020 - 01:54:40: [admin-flatfile.smx]  (line 0) Stream failed to open
L 04/10/2020 - 01:54:40: [admin-flatfile.smx] Error(s) detected parsing addons/sourcemod/configs/admin_groups.cfg
L 04/10/2020 - 01:54:40: [admin-flatfile.smx]  (line 0) Stream failed to open
L 04/10/2020 - 01:54:40: [admin-flatfile.smx] Error(s) detected parsing addons/sourcemod/configs/admins.cfg
L 04/10/2020 - 01:54:40: [admin-flatfile.smx]  (line 45) Unknown group "Admins"
L 04/10/2020 - 01:54:40: [admin-flatfile.smx]  (line 54) Unknown group "Admins"
L 04/10/2020 - 01:54:40: [admin-flatfile.smx]  (line 63) Unknown group "Admins"
L 04/10/2020 - 01:54:40: [admin-flatfile.smx]  (line 72) Unknown group "Admins"
L 04/10/2020 - 01:54:40: [admin-flatfile.smx]  (line 81) Unknown group "Admins"
L 04/10/2020 - 01:54:40: [admin-flatfile.smx]  (line 89) Unknown group "Admins"
L 04/10/2020 - 01:54:43: [SM] Exception reported: Invalid file handle 0 (error 4)
L 04/10/2020 - 01:54:43: [SM] Blaming: sm_downloader.smx
L 04/10/2020 - 01:54:43: [SM] Call stack trace:
L 04/10/2020 - 01:54:43: [SM]   [0] ReadDirEntry
L 04/10/2020 - 01:54:43: [SM]   [1] Line 132, /home/forums/content/files/2/6/5/9/8/3/150553.attach::ReadFileFolder
L 04/10/2020 - 01:54:43: [SM]   [2] Line 190, /home/forums/content/files/2/6/5/9/8/3/150553.attach::ReadDownloads
L 04/10/2020 - 01:54:43: [SM]   [3] Line 112, /home/forums/content/files/2/6/5/9/8/3/150553.attach::OnMapStart
L 04/10/2020 - 01:55:26: Error log file session closed.
L 04/10/2020 - 01:55:42: SourceMod error session started
L 04/10/2020 - 01:55:42: Info (map "jb_obama_v5_beta") (file "/home/steam/csgo-ds/csgo/addons/sourcemod/logs/errors_20200410.log")
L 04/10/2020 - 01:55:42: [SM] Unable to load plugin "cmenu.smx": Native "EJBW_IsClientWarden" was not found
L 04/10/2020 - 01:55:42: [admin-flatfile.smx] Error(s) detected parsing addons/sourcemod/configs/admin_overrides.cfg
L 04/10/2020 - 01:55:42: [admin-flatfile.smx]  (line 0) Stream failed to open
L 04/10/2020 - 01:55:42: [admin-flatfile.smx] Error(s) detected parsing addons/sourcemod/configs/admin_groups.cfg
L 04/10/2020 - 01:55:42: [admin-flatfile.smx]  (line 0) Stream failed to open
L 04/10/2020 - 01:55:42: [admin-flatfile.smx] Error(s) detected parsing addons/sourcemod/configs/admins.cfg
L 04/10/2020 - 01:55:42: [admin-flatfile.smx]  (line 45) Unknown group "Admins"
L 04/10/2020 - 01:55:42: [admin-flatfile.smx]  (line 54) Unknown group "Admins"
L 04/10/2020 - 01:55:42: [admin-flatfile.smx]  (line 63) Unknown group "Admins"
L 04/10/2020 - 01:55:42: [admin-flatfile.smx]  (line 72) Unknown group "Admins"
L 04/10/2020 - 01:55:42: [admin-flatfile.smx]  (line 81) Unknown group "Admins"
L 04/10/2020 - 01:55:42: [admin-flatfile.smx]  (line 89) Unknown group "Admins"
L 04/10/2020 - 01:55:45: [SM] Exception reported: Invalid file handle 0 (error 4)
L 04/10/2020 - 01:55:45: [SM] Blaming: sm_downloader.smx
L 04/10/2020 - 01:55:45: [SM] Call stack trace:
L 04/10/2020 - 01:55:45: [SM]   [0] ReadDirEntry
L 04/10/2020 - 01:55:45: [SM]   [1] Line 132, /home/forums/content/files/2/6/5/9/8/3/150553.attach::ReadFileFolder
L 04/10/2020 - 01:55:45: [SM]   [2] Line 190, /home/forums/content/files/2/6/5/9/8/3/150553.attach::ReadDownloads
L 04/10/2020 - 01:55:45: [SM]   [3] Line 112, /home/forums/content/files/2/6/5/9/8/3/150553.attach::OnMapStart
L 04/10/2020 - 01:56:09: Error log file session closed.
L 04/10/2020 - 01:56:09: SourceMod error session started
L 04/10/2020 - 01:56:09: Info (map "jb_obama_v5_beta") (file "/home/steam/csgo-ds/csgo/addons/sourcemod/logs/errors_20200410.log")
L 04/10/2020 - 01:56:09: [admin-flatfile.smx] Error(s) detected parsing addons/sourcemod/configs/admin_overrides.cfg
L 04/10/2020 - 01:56:09: [admin-flatfile.smx]  (line 0) Stream failed to open
L 04/10/2020 - 01:56:09: [admin-flatfile.smx] Error(s) detected parsing addons/sourcemod/configs/admin_groups.cfg
L 04/10/2020 - 01:56:09: [admin-flatfile.smx]  (line 0) Stream failed to open
L 04/10/2020 - 01:56:09: [admin-flatfile.smx] Error(s) detected parsing addons/sourcemod/configs/admins.cfg
L 04/10/2020 - 01:56:09: [admin-flatfile.smx]  (line 45) Unknown group "Admins"
L 04/10/2020 - 01:56:09: [admin-flatfile.smx]  (line 54) Unknown group "Admins"
L 04/10/2020 - 01:56:09: [admin-flatfile.smx]  (line 63) Unknown group "Admins"
L 04/10/2020 - 01:56:09: [admin-flatfile.smx]  (line 72) Unknown group "Admins"
L 04/10/2020 - 01:56:09: [admin-flatfile.smx]  (line 81) Unknown group "Admins"
L 04/10/2020 - 01:56:09: [admin-flatfile.smx]  (line 89) Unknown group "Admins"
L 04/10/2020 - 01:56:12: [SM] Exception reported: Invalid file handle 0 (error 4)
L 04/10/2020 - 01:56:12: [SM] Blaming: sm_downloader.smx
L 04/10/2020 - 01:56:12: [SM] Call stack trace:
L 04/10/2020 - 01:56:12: [SM]   [0] ReadDirEntry
L 04/10/2020 - 01:56:12: [SM]   [1] Line 132, /home/forums/content/files/2/6/5/9/8/3/150553.attach::ReadFileFolder
L 04/10/2020 - 01:56:12: [SM]   [2] Line 190, /home/forums/content/files/2/6/5/9/8/3/150553.attach::ReadDownloads
L 04/10/2020 - 01:56:12: [SM]   [3] Line 112, /home/forums/content/files/2/6/5/9/8/3/150553.attach::OnMapStart
L 04/10/2020 - 01:56:12: [nextmap.smx] FATAL: Cannot load map cycle. Nextmap not loaded.
L 04/10/2020 - 01:56:12: [SM] Exception reported: Mapcycle Not Found
L 04/10/2020 - 01:56:12: [SM] Blaming: nextmap.smx
L 04/10/2020 - 01:56:12: [SM] Call stack trace:
L 04/10/2020 - 01:56:12: [SM]   [0] SetFailState
L 04/10/2020 - 01:56:12: [SM]   [1] Line 143, /home/builds/sourcemod/linux-1.10/build/plugins/nextmap.sp::FindAndSetNextMap
L 04/10/2020 - 01:56:12: [SM]   [2] Line 113, /home/builds/sourcemod/linux-1.10/build/plugins/nextmap.sp::OnConfigsExecuted
L 04/10/2020 - 01:56:51: [SM] Exception reported: Client 1 is not in game
L 04/10/2020 - 01:56:51: [SM] Blaming: sm_skinchooser.smx
L 04/10/2020 - 01:56:51: [SM] Call stack trace:
L 04/10/2020 - 01:56:51: [SM]   [0] PrintHintText
L 04/10/2020 - 01:56:51: [SM]   [1] Line 2216, E:\csgo\csgo\addons\sourcemod\scripting\sm_skinchooser.sp::CreateMessage
L 04/10/2020 - 01:56:54: Error log file session closed.
L 04/10/2020 - 19:53:53: SourceMod error session started
L 04/10/2020 - 19:53:53: Info (map "jb_obama_v5_beta") (file "/home/steam/csgo-ds/csgo/addons/sourcemod/logs/errors_20200410.log")
L 04/10/2020 - 19:53:53: [SM] Unable to load plugin "cmenu.smx": Native "EJBW_IsClientWarden" was not found
L 04/10/2020 - 19:53:53: [SM] Fatal error encountered parsing translation file "plugin.mapchooser.txt"
L 04/10/2020 - 19:53:53: [SM] Error (line 0, column 0): Stream failed to open
L 04/10/2020 - 19:53:53: [SM] Fatal error encountered parsing translation file "plugin.rockthevote.txt"
L 04/10/2020 - 19:53:53: [SM] Error (line 0, column 0): Stream failed to open
L 04/10/2020 - 19:53:53: [admin-flatfile.smx] Error(s) detected parsing addons/sourcemod/configs/admin_overrides.cfg
L 04/10/2020 - 19:53:53: [admin-flatfile.smx]  (line 0) Stream failed to open
L 04/10/2020 - 19:53:53: [admin-flatfile.smx] Error(s) detected parsing addons/sourcemod/configs/admin_groups.cfg
L 04/10/2020 - 19:53:53: [admin-flatfile.smx]  (line 0) Stream failed to open
L 04/10/2020 - 19:53:53: [admin-flatfile.smx] Error(s) detected parsing addons/sourcemod/configs/admins.cfg
L 04/10/2020 - 19:53:53: [admin-flatfile.smx]  (line 45) Unknown group "Admins"
L 04/10/2020 - 19:53:53: [admin-flatfile.smx]  (line 54) Unknown group "Admins"
L 04/10/2020 - 19:53:53: [admin-flatfile.smx]  (line 63) Unknown group "Admins"
L 04/10/2020 - 19:53:53: [admin-flatfile.smx]  (line 72) Unknown group "Admins"
L 04/10/2020 - 19:53:53: [admin-flatfile.smx]  (line 81) Unknown group "Admins"
L 04/10/2020 - 19:53:53: [admin-flatfile.smx]  (line 89) Unknown group "Admins"
L 04/10/2020 - 19:53:56: [SM] Exception reported: Invalid file handle 0 (error 4)
L 04/10/2020 - 19:53:56: [SM] Blaming: sm_downloader.smx
L 04/10/2020 - 19:53:56: [SM] Call stack trace:
L 04/10/2020 - 19:53:56: [SM]   [0] ReadDirEntry
L 04/10/2020 - 19:53:56: [SM]   [1] Line 132, /home/forums/content/files/2/6/5/9/8/3/150553.attach::ReadFileFolder
L 04/10/2020 - 19:53:56: [SM]   [2] Line 190, /home/forums/content/files/2/6/5/9/8/3/150553.attach::ReadDownloads
L 04/10/2020 - 19:53:56: [SM]   [3] Line 112, /home/forums/content/files/2/6/5/9/8/3/150553.attach::OnMapStart
L 04/10/2020 - 19:54:39: Error log file session closed.
L 04/10/2020 - 19:54:39: SourceMod error session started
L 04/10/2020 - 19:54:39: Info (map "jb_obama_v5_beta") (file "/home/steam/csgo-ds/csgo/addons/sourcemod/logs/errors_20200410.log")
L 04/10/2020 - 19:54:39: [SM] Fatal error encountered parsing translation file "plugin.mapchooser.txt"
L 04/10/2020 - 19:54:39: [SM] Error (line 0, column 0): Stream failed to open
L 04/10/2020 - 19:54:39: [SM] Fatal error encountered parsing translation file "plugin.rockthevote.txt"
L 04/10/2020 - 19:54:39: [SM] Error (line 0, column 0): Stream failed to open
L 04/10/2020 - 19:54:39: [admin-flatfile.smx] Error(s) detected parsing addons/sourcemod/configs/admin_overrides.cfg
L 04/10/2020 - 19:54:39: [admin-flatfile.smx]  (line 0) Stream failed to open
L 04/10/2020 - 19:54:39: [admin-flatfile.smx] Error(s) detected parsing addons/sourcemod/configs/admin_groups.cfg
L 04/10/2020 - 19:54:39: [admin-flatfile.smx]  (line 0) Stream failed to open
L 04/10/2020 - 19:54:39: [admin-flatfile.smx] Error(s) detected parsing addons/sourcemod/configs/admins.cfg
L 04/10/2020 - 19:54:39: [admin-flatfile.smx]  (line 45) Unknown group "Admins"
L 04/10/2020 - 19:54:39: [admin-flatfile.smx]  (line 54) Unknown group "Admins"
L 04/10/2020 - 19:54:39: [admin-flatfile.smx]  (line 63) Unknown group "Admins"
L 04/10/2020 - 19:54:39: [admin-flatfile.smx]  (line 72) Unknown group "Admins"
L 04/10/2020 - 19:54:39: [admin-flatfile.smx]  (line 81) Unknown group "Admins"
L 04/10/2020 - 19:54:39: [admin-flatfile.smx]  (line 89) Unknown group "Admins"
L 04/10/2020 - 19:54:42: [SM] Exception reported: Invalid file handle 0 (error 4)
L 04/10/2020 - 19:54:42: [SM] Blaming: sm_downloader.smx
L 04/10/2020 - 19:54:42: [SM] Call stack trace:
L 04/10/2020 - 19:54:42: [SM]   [0] ReadDirEntry
L 04/10/2020 - 19:54:42: [SM]   [1] Line 132, /home/forums/content/files/2/6/5/9/8/3/150553.attach::ReadFileFolder
L 04/10/2020 - 19:54:42: [SM]   [2] Line 190, /home/forums/content/files/2/6/5/9/8/3/150553.attach::ReadDownloads
L 04/10/2020 - 19:54:42: [SM]   [3] Line 112, /home/forums/content/files/2/6/5/9/8/3/150553.attach::OnMapStart
L 04/10/2020 - 19:55:02: [nextmap.smx] FATAL: Cannot load map cycle. Nextmap not loaded.
L 04/10/2020 - 19:55:02: [SM] Exception reported: Mapcycle Not Found
L 04/10/2020 - 19:55:02: [SM] Blaming: nextmap.smx
L 04/10/2020 - 19:55:02: [SM] Call stack trace:
L 04/10/2020 - 19:55:02: [SM]   [0] SetFailState
L 04/10/2020 - 19:55:02: [SM]   [1] Line 143, /home/builds/sourcemod/linux-1.10/build/plugins/nextmap.sp::FindAndSetNextMap
L 04/10/2020 - 19:55:02: [SM]   [2] Line 113, /home/builds/sourcemod/linux-1.10/build/plugins/nextmap.sp::OnConfigsExecuted
L 04/10/2020 - 19:55:30: Error log file session closed.
L 04/10/2020 - 19:55:30: SourceMod error session started
L 04/10/2020 - 19:55:30: Info (map "jb_obama_v5_beta") (file "/home/steam/csgo-ds/csgo/addons/sourcemod/logs/errors_20200410.log")
L 04/10/2020 - 19:55:30: [SM] Fatal error encountered parsing translation file "plugin.mapchooser.txt"
L 04/10/2020 - 19:55:30: [SM] Error (line 0, column 0): Stream failed to open
L 04/10/2020 - 19:55:30: [SM] Fatal error encountered parsing translation file "plugin.rockthevote.txt"
L 04/10/2020 - 19:55:30: [SM] Error (line 0, column 0): Stream failed to open
L 04/10/2020 - 19:55:30: [admin-flatfile.smx] Error(s) detected parsing addons/sourcemod/configs/admin_overrides.cfg
L 04/10/2020 - 19:55:30: [admin-flatfile.smx]  (line 0) Stream failed to open
L 04/10/2020 - 19:55:30: [admin-flatfile.smx] Error(s) detected parsing addons/sourcemod/configs/admin_groups.cfg
L 04/10/2020 - 19:55:30: [admin-flatfile.smx]  (line 0) Stream failed to open
L 04/10/2020 - 19:55:30: [admin-flatfile.smx] Error(s) detected parsing addons/sourcemod/configs/admins.cfg
L 04/10/2020 - 19:55:30: [admin-flatfile.smx]  (line 45) Unknown group "Admins"
L 04/10/2020 - 19:55:30: [admin-flatfile.smx]  (line 54) Unknown group "Admins"
L 04/10/2020 - 19:55:30: [admin-flatfile.smx]  (line 63) Unknown group "Admins"
L 04/10/2020 - 19:55:30: [admin-flatfile.smx]  (line 72) Unknown group "Admins"
L 04/10/2020 - 19:55:30: [admin-flatfile.smx]  (line 81) Unknown group "Admins"
L 04/10/2020 - 19:55:30: [admin-flatfile.smx]  (line 89) Unknown group "Admins"
L 04/10/2020 - 19:55:33: [SM] Exception reported: Invalid file handle 0 (error 4)
L 04/10/2020 - 19:55:33: [SM] Blaming: sm_downloader.smx
L 04/10/2020 - 19:55:33: [SM] Call stack trace:
L 04/10/2020 - 19:55:33: [SM]   [0] ReadDirEntry
L 04/10/2020 - 19:55:33: [SM]   [1] Line 132, /home/forums/content/files/2/6/5/9/8/3/150553.attach::ReadFileFolder
L 04/10/2020 - 19:55:33: [SM]   [2] Line 190, /home/forums/content/files/2/6/5/9/8/3/150553.attach::ReadDownloads
L 04/10/2020 - 19:55:33: [SM]   [3] Line 112, /home/forums/content/files/2/6/5/9/8/3/150553.attach::OnMapStart
L 04/10/2020 - 19:55:33: [nextmap.smx] FATAL: Cannot load map cycle. Nextmap not loaded.
L 04/10/2020 - 19:55:33: [SM] Exception reported: Mapcycle Not Found
L 04/10/2020 - 19:55:33: [SM] Blaming: nextmap.smx
L 04/10/2020 - 19:55:33: [SM] Call stack trace:
L 04/10/2020 - 19:55:33: [SM]   [0] SetFailState
L 04/10/2020 - 19:55:33: [SM]   [1] Line 143, /home/builds/sourcemod/linux-1.10/build/plugins/nextmap.sp::FindAndSetNextMap
L 04/10/2020 - 19:55:33: [SM]   [2] Line 113, /home/builds/sourcemod/linux-1.10/build/plugins/nextmap.sp::OnConfigsExecuted
L 04/10/2020 - 20:12:37: [nextmap.smx] FATAL: Cannot load map cycle. Nextmap not loaded.
L 04/10/2020 - 20:12:37: [SM] Exception reported: Mapcycle Not Found
L 04/10/2020 - 20:12:37: [SM] Blaming: nextmap.smx
L 04/10/2020 - 20:12:37: [SM] Call stack trace:
L 04/10/2020 - 20:12:37: [SM]   [0] SetFailState
L 04/10/2020 - 20:12:37: [SM]   [1] Line 143, /home/builds/sourcemod/linux-1.10/build/plugins/nextmap.sp::FindAndSetNextMap
L 04/10/2020 - 20:12:37: [SM]   [2] Line 113, /home/builds/sourcemod/linux-1.10/build/plugins/nextmap.sp::OnConfigsExecuted
L 04/10/2020 - 20:19:15: Error log file session closed.
L 04/10/2020 - 20:19:15: SourceMod error session started
L 04/10/2020 - 20:19:15: Info (map "bhop_acino") (file "/home/steam/csgo-ds/csgo/addons/sourcemod/logs/errors_20200410.log")
L 04/10/2020 - 20:19:15: [admin-flatfile.smx] Error(s) detected parsing addons/sourcemod/configs/admin_overrides.cfg
L 04/10/2020 - 20:19:15: [admin-flatfile.smx]  (line 0) Stream failed to open
L 04/10/2020 - 20:19:15: [admin-flatfile.smx] Error(s) detected parsing addons/sourcemod/configs/admin_groups.cfg
L 04/10/2020 - 20:19:15: [admin-flatfile.smx]  (line 0) Stream failed to open
L 04/10/2020 - 20:19:15: [admin-flatfile.smx] Error(s) detected parsing addons/sourcemod/configs/admins.cfg
L 04/10/2020 - 20:19:15: [admin-flatfile.smx]  (line 45) Unknown group "Admins"
L 04/10/2020 - 20:19:15: [admin-flatfile.smx]  (line 54) Unknown group "Admins"
L 04/10/2020 - 20:19:15: [admin-flatfile.smx]  (line 63) Unknown group "Admins"
L 04/10/2020 - 20:19:15: [admin-flatfile.smx]  (line 72) Unknown group "Admins"
L 04/10/2020 - 20:19:15: [admin-flatfile.smx]  (line 81) Unknown group "Admins"
L 04/10/2020 - 20:19:15: [admin-flatfile.smx]  (line 89) Unknown group "Admins"
L 04/10/2020 - 20:19:18: [SM] Exception reported: Invalid file handle 0 (error 4)
L 04/10/2020 - 20:19:18: [SM] Blaming: sm_downloader.smx
L 04/10/2020 - 20:19:18: [SM] Call stack trace:
L 04/10/2020 - 20:19:18: [SM]   [0] ReadDirEntry
L 04/10/2020 - 20:19:18: [SM]   [1] Line 132, /home/forums/content/files/2/6/5/9/8/3/150553.attach::ReadFileFolder
L 04/10/2020 - 20:19:18: [SM]   [2] Line 190, /home/forums/content/files/2/6/5/9/8/3/150553.attach::ReadDownloads
L 04/10/2020 - 20:19:18: [SM]   [3] Line 112, /home/forums/content/files/2/6/5/9/8/3/150553.attach::OnMapStart
L 04/10/2020 - 20:22:01: Error log file session closed.
L 04/10/2020 - 20:22:18: SourceMod error session started
L 04/10/2020 - 20:22:18: Info (map "jb_obama_v5_beta") (file "/home/steam/csgo-ds/csgo/addons/sourcemod/logs/errors_20200410.log")
L 04/10/2020 - 20:22:18: [SM] Unable to load plugin "cmenu.smx": Native "EJBW_IsClientWarden" was not found
L 04/10/2020 - 20:22:18: [admin-flatfile.smx] Error(s) detected parsing addons/sourcemod/configs/admin_overrides.cfg
L 04/10/2020 - 20:22:18: [admin-flatfile.smx]  (line 0) Stream failed to open
L 04/10/2020 - 20:22:18: [admin-flatfile.smx] Error(s) detected parsing addons/sourcemod/configs/admin_groups.cfg
L 04/10/2020 - 20:22:18: [admin-flatfile.smx]  (line 0) Stream failed to open
L 04/10/2020 - 20:22:18: [admin-flatfile.smx] Error(s) detected parsing addons/sourcemod/configs/admins.cfg
L 04/10/2020 - 20:22:18: [admin-flatfile.smx]  (line 45) Unknown group "Admins"
L 04/10/2020 - 20:22:18: [admin-flatfile.smx]  (line 54) Unknown group "Admins"
L 04/10/2020 - 20:22:18: [admin-flatfile.smx]  (line 63) Unknown group "Admins"
L 04/10/2020 - 20:22:18: [admin-flatfile.smx]  (line 72) Unknown group "Admins"
L 04/10/2020 - 20:22:18: [admin-flatfile.smx]  (line 81) Unknown group "Admins"
L 04/10/2020 - 20:22:18: [admin-flatfile.smx]  (line 89) Unknown group "Admins"
L 04/10/2020 - 20:22:21: [SM] Exception reported: Invalid file handle 0 (error 4)
L 04/10/2020 - 20:22:21: [SM] Blaming: sm_downloader.smx
L 04/10/2020 - 20:22:21: [SM] Call stack trace:
L 04/10/2020 - 20:22:21: [SM]   [0] ReadDirEntry
L 04/10/2020 - 20:22:21: [SM]   [1] Line 132, /home/forums/content/files/2/6/5/9/8/3/150553.attach::ReadFileFolder
L 04/10/2020 - 20:22:21: [SM]   [2] Line 190, /home/forums/content/files/2/6/5/9/8/3/150553.attach::ReadDownloads
L 04/10/2020 - 20:22:21: [SM]   [3] Line 112, /home/forums/content/files/2/6/5/9/8/3/150553.attach::OnMapStart
L 04/10/2020 - 20:25:07: Error log file session closed.
L 04/10/2020 - 20:25:07: SourceMod error session started
L 04/10/2020 - 20:25:07: Info (map "jb_obama_v5_beta") (file "/home/steam/csgo-ds/csgo/addons/sourcemod/logs/errors_20200410.log")
L 04/10/2020 - 20:25:07: [SM] Fatal error encountered parsing translation file "plugin.mapchooser.txt"
L 04/10/2020 - 20:25:07: [SM] Error (line 0, column 0): Stream failed to open
L 04/10/2020 - 20:25:07: [admin-flatfile.smx] Error(s) detected parsing addons/sourcemod/configs/admin_overrides.cfg
L 04/10/2020 - 20:25:07: [admin-flatfile.smx]  (line 0) Stream failed to open
L 04/10/2020 - 20:25:07: [admin-flatfile.smx] Error(s) detected parsing addons/sourcemod/configs/admin_groups.cfg
L 04/10/2020 - 20:25:07: [admin-flatfile.smx]  (line 0) Stream failed to open
L 04/10/2020 - 20:25:07: [admin-flatfile.smx] Error(s) detected parsing addons/sourcemod/configs/admins.cfg
L 04/10/2020 - 20:25:07: [admin-flatfile.smx]  (line 45) Unknown group "Admins"
L 04/10/2020 - 20:25:07: [admin-flatfile.smx]  (line 54) Unknown group "Admins"
L 04/10/2020 - 20:25:07: [admin-flatfile.smx]  (line 63) Unknown group "Admins"
L 04/10/2020 - 20:25:07: [admin-flatfile.smx]  (line 72) Unknown group "Admins"
L 04/10/2020 - 20:25:07: [admin-flatfile.smx]  (line 81) Unknown group "Admins"
L 04/10/2020 - 20:25:07: [admin-flatfile.smx]  (line 89) Unknown group "Admins"
L 04/10/2020 - 20:25:10: [SM] Exception reported: Invalid file handle 0 (error 4)
L 04/10/2020 - 20:25:10: [SM] Blaming: sm_downloader.smx
L 04/10/2020 - 20:25:10: [SM] Call stack trace:
L 04/10/2020 - 20:25:10: [SM]   [0] ReadDirEntry
L 04/10/2020 - 20:25:10: [SM]   [1] Line 132, /home/forums/content/files/2/6/5/9/8/3/150553.attach::ReadFileFolder
L 04/10/2020 - 20:25:10: [SM]   [2] Line 190, /home/forums/content/files/2/6/5/9/8/3/150553.attach::ReadDownloads
L 04/10/2020 - 20:25:10: [SM]   [3] Line 112, /home/forums/content/files/2/6/5/9/8/3/150553.attach::OnMapStart
L 04/10/2020 - 20:28:28: Error log file session closed.
L 04/10/2020 - 20:28:28: SourceMod error session started
L 04/10/2020 - 20:28:28: Info (map "bhop_acino") (file "/home/steam/csgo-ds/csgo/addons/sourcemod/logs/errors_20200410.log")
L 04/10/2020 - 20:28:28: [admin-flatfile.smx] Error(s) detected parsing addons/sourcemod/configs/admin_overrides.cfg
L 04/10/2020 - 20:28:28: [admin-flatfile.smx]  (line 0) Stream failed to open
L 04/10/2020 - 20:28:28: [admin-flatfile.smx] Error(s) detected parsing addons/sourcemod/configs/admin_groups.cfg
L 04/10/2020 - 20:28:28: [admin-flatfile.smx]  (line 0) Stream failed to open
L 04/10/2020 - 20:28:28: [admin-flatfile.smx] Error(s) detected parsing addons/sourcemod/configs/admins.cfg
L 04/10/2020 - 20:28:28: [admin-flatfile.smx]  (line 45) Unknown group "Admins"
L 04/10/2020 - 20:28:28: [admin-flatfile.smx]  (line 54) Unknown group "Admins"
L 04/10/2020 - 20:28:28: [admin-flatfile.smx]  (line 63) Unknown group "Admins"
L 04/10/2020 - 20:28:28: [admin-flatfile.smx]  (line 72) Unknown group "Admins"
L 04/10/2020 - 20:28:28: [admin-flatfile.smx]  (line 81) Unknown group "Admins"
L 04/10/2020 - 20:28:28: [admin-flatfile.smx]  (line 89) Unknown group "Admins"
L 04/10/2020 - 20:28:31: [SM] Exception reported: Invalid file handle 0 (error 4)
L 04/10/2020 - 20:28:31: [SM] Blaming: sm_downloader.smx
L 04/10/2020 - 20:28:31: [SM] Call stack trace:
L 04/10/2020 - 20:28:31: [SM]   [0] ReadDirEntry
L 04/10/2020 - 20:28:31: [SM]   [1] Line 132, /home/forums/content/files/2/6/5/9/8/3/150553.attach::ReadFileFolder
L 04/10/2020 - 20:28:31: [SM]   [2] Line 190, /home/forums/content/files/2/6/5/9/8/3/150553.attach::ReadDownloads
L 04/10/2020 - 20:28:31: [SM]   [3] Line 112, /home/forums/content/files/2/6/5/9/8/3/150553.attach::OnMapStart
L 04/10/2020 - 20:29:01: Error log file session closed.
L 04/10/2020 - 20:37:17: SourceMod error session started
L 04/10/2020 - 20:37:17: Info (map "jb_obama_v5_beta") (file "/home/steam/csgo-ds/csgo/addons/sourcemod/logs/errors_20200410.log")
L 04/10/2020 - 20:37:17: [SM] Unable to load plugin "cmenu.smx": Native "EJBW_IsClientWarden" was not found
L 04/10/2020 - 20:37:17: [SM] Could not parse file "/home/steam/csgo-ds/csgo/addons/sourcemod/configs/maplists.cfg"
L 04/10/2020 - 20:37:17: [SM] Error on line 0 (col 0): Stream failed to open
L 04/10/2020 - 20:37:17: [admin-flatfile.smx] Error(s) detected parsing addons/sourcemod/configs/admin_overrides.cfg
L 04/10/2020 - 20:37:17: [admin-flatfile.smx]  (line 0) Stream failed to open
L 04/10/2020 - 20:37:17: [admin-flatfile.smx] Error(s) detected parsing addons/sourcemod/configs/admin_groups.cfg
L 04/10/2020 - 20:37:17: [admin-flatfile.smx]  (line 0) Stream failed to open
L 04/10/2020 - 20:37:17: [admin-flatfile.smx] Error(s) detected parsing addons/sourcemod/configs/admins.cfg
L 04/10/2020 - 20:37:17: [admin-flatfile.smx]  (line 45) Unknown group "Admins"
L 04/10/2020 - 20:37:17: [admin-flatfile.smx]  (line 54) Unknown group "Admins"
L 04/10/2020 - 20:37:17: [admin-flatfile.smx]  (line 63) Unknown group "Admins"
L 04/10/2020 - 20:37:17: [admin-flatfile.smx]  (line 72) Unknown group "Admins"
L 04/10/2020 - 20:37:17: [admin-flatfile.smx]  (line 81) Unknown group "Admins"
L 04/10/2020 - 20:37:17: [admin-flatfile.smx]  (line 89) Unknown group "Admins"
L 04/10/2020 - 20:37:20: [SM] Exception reported: Invalid file handle 0 (error 4)
L 04/10/2020 - 20:37:20: [SM] Blaming: sm_downloader.smx
L 04/10/2020 - 20:37:20: [SM] Call stack trace:
L 04/10/2020 - 20:37:20: [SM]   [0] ReadDirEntry
L 04/10/2020 - 20:37:20: [SM]   [1] Line 132, /home/forums/content/files/2/6/5/9/8/3/150553.attach::ReadFileFolder
L 04/10/2020 - 20:37:20: [SM]   [2] Line 190, /home/forums/content/files/2/6/5/9/8/3/150553.attach::ReadDownloads
L 04/10/2020 - 20:37:20: [SM]   [3] Line 112, /home/forums/content/files/2/6/5/9/8/3/150553.attach::OnMapStart
L 04/10/2020 - 20:37:51: Error log file session closed.
L 04/10/2020 - 20:37:51: SourceMod error session started
L 04/10/2020 - 20:37:51: Info (map "jb_obama_v5_beta") (file "/home/steam/csgo-ds/csgo/addons/sourcemod/logs/errors_20200410.log")
L 04/10/2020 - 20:37:51: [admin-flatfile.smx] Error(s) detected parsing addons/sourcemod/configs/admin_overrides.cfg
L 04/10/2020 - 20:37:51: [admin-flatfile.smx]  (line 0) Stream failed to open
L 04/10/2020 - 20:37:51: [admin-flatfile.smx] Error(s) detected parsing addons/sourcemod/configs/admin_groups.cfg
L 04/10/2020 - 20:37:51: [admin-flatfile.smx]  (line 0) Stream failed to open
L 04/10/2020 - 20:37:51: [admin-flatfile.smx] Error(s) detected parsing addons/sourcemod/configs/admins.cfg
L 04/10/2020 - 20:37:51: [admin-flatfile.smx]  (line 45) Unknown group "Admins"
L 04/10/2020 - 20:37:51: [admin-flatfile.smx]  (line 54) Unknown group "Admins"
L 04/10/2020 - 20:37:51: [admin-flatfile.smx]  (line 63) Unknown group "Admins"
L 04/10/2020 - 20:37:51: [admin-flatfile.smx]  (line 72) Unknown group "Admins"
L 04/10/2020 - 20:37:51: [admin-flatfile.smx]  (line 81) Unknown group "Admins"
L 04/10/2020 - 20:37:51: [admin-flatfile.smx]  (line 89) Unknown group "Admins"
L 04/10/2020 - 20:37:54: [SM] Exception reported: Invalid file handle 0 (error 4)
L 04/10/2020 - 20:37:54: [SM] Blaming: sm_downloader.smx
L 04/10/2020 - 20:37:54: [SM] Call stack trace:
L 04/10/2020 - 20:37:54: [SM]   [0] ReadDirEntry
L 04/10/2020 - 20:37:54: [SM]   [1] Line 132, /home/forums/content/files/2/6/5/9/8/3/150553.attach::ReadFileFolder
L 04/10/2020 - 20:37:54: [SM]   [2] Line 190, /home/forums/content/files/2/6/5/9/8/3/150553.attach::ReadDownloads
L 04/10/2020 - 20:37:54: [SM]   [3] Line 112, /home/forums/content/files/2/6/5/9/8/3/150553.attach::OnMapStart
L 04/10/2020 - 20:37:54: [nextmap.smx] FATAL: Cannot load map cycle. Nextmap not loaded.
L 04/10/2020 - 20:37:54: [SM] Exception reported: Mapcycle Not Found
L 04/10/2020 - 20:37:54: [SM] Blaming: nextmap.smx
L 04/10/2020 - 20:37:54: [SM] Call stack trace:
L 04/10/2020 - 20:37:54: [SM]   [0] SetFailState
L 04/10/2020 - 20:37:54: [SM]   [1] Line 139, /home/builds/sourcemod/linux-1.6/build/plugins/nextmap.sp::FindAndSetNextMap
L 04/10/2020 - 20:37:54: [SM]   [2] Line 109, /home/builds/sourcemod/linux-1.6/build/plugins/nextmap.sp::OnConfigsExecuted
L 04/10/2020 - 20:38:31: Error log file session closed.
L 04/10/2020 - 20:38:31: SourceMod error session started
L 04/10/2020 - 20:38:31: Info (map "jb_jailberd_v5_final_fix") (file "/home/steam/csgo-ds/csgo/addons/sourcemod/logs/errors_20200410.log")
L 04/10/2020 - 20:38:31: [admin-flatfile.smx] Error(s) detected parsing addons/sourcemod/configs/admin_overrides.cfg
L 04/10/2020 - 20:38:31: [admin-flatfile.smx]  (line 0) Stream failed to open
L 04/10/2020 - 20:38:31: [admin-flatfile.smx] Error(s) detected parsing addons/sourcemod/configs/admin_groups.cfg
L 04/10/2020 - 20:38:31: [admin-flatfile.smx]  (line 0) Stream failed to open
L 04/10/2020 - 20:38:31: [admin-flatfile.smx] Error(s) detected parsing addons/sourcemod/configs/admins.cfg
L 04/10/2020 - 20:38:31: [admin-flatfile.smx]  (line 45) Unknown group "Admins"
L 04/10/2020 - 20:38:31: [admin-flatfile.smx]  (line 54) Unknown group "Admins"
L 04/10/2020 - 20:38:31: [admin-flatfile.smx]  (line 63) Unknown group "Admins"
L 04/10/2020 - 20:38:31: [admin-flatfile.smx]  (line 72) Unknown group "Admins"
L 04/10/2020 - 20:38:31: [admin-flatfile.smx]  (line 81) Unknown group "Admins"
L 04/10/2020 - 20:38:31: [admin-flatfile.smx]  (line 89) Unknown group "Admins"
L 04/10/2020 - 20:38:35: [SM] Exception reported: Invalid file handle 0 (error 4)
L 04/10/2020 - 20:38:35: [SM] Blaming: sm_downloader.smx
L 04/10/2020 - 20:38:35: [SM] Call stack trace:
L 04/10/2020 - 20:38:35: [SM]   [0] ReadDirEntry
L 04/10/2020 - 20:38:35: [SM]   [1] Line 132, /home/forums/content/files/2/6/5/9/8/3/150553.attach::ReadFileFolder
L 04/10/2020 - 20:38:35: [SM]   [2] Line 190, /home/forums/content/files/2/6/5/9/8/3/150553.attach::ReadDownloads
L 04/10/2020 - 20:38:35: [SM]   [3] Line 112, /home/forums/content/files/2/6/5/9/8/3/150553.attach::OnMapStart
L 04/10/2020 - 20:38:35: [nextmap.smx] FATAL: Cannot load map cycle. Nextmap not loaded.
L 04/10/2020 - 20:38:35: [SM] Exception reported: Mapcycle Not Found
L 04/10/2020 - 20:38:35: [SM] Blaming: nextmap.smx
L 04/10/2020 - 20:38:35: [SM] Call stack trace:
L 04/10/2020 - 20:38:35: [SM]   [0] SetFailState
L 04/10/2020 - 20:38:35: [SM]   [1] Line 139, /home/builds/sourcemod/linux-1.6/build/plugins/nextmap.sp::FindAndSetNextMap
L 04/10/2020 - 20:38:35: [SM]   [2] Line 109, /home/builds/sourcemod/linux-1.6/build/plugins/nextmap.sp::OnConfigsExecuted
L 04/10/2020 - 20:40:48: Error log file session closed.
L 04/10/2020 - 20:40:48: SourceMod error session started
L 04/10/2020 - 20:40:48: Info (map "ba_dreamjail_watchtower_v2-1") (file "/home/steam/csgo-ds/csgo/addons/sourcemod/logs/errors_20200410.log")
L 04/10/2020 - 20:40:48: [admin-flatfile.smx] Error(s) detected parsing addons/sourcemod/configs/admin_overrides.cfg
L 04/10/2020 - 20:40:48: [admin-flatfile.smx]  (line 0) Stream failed to open
L 04/10/2020 - 20:40:48: [admin-flatfile.smx] Error(s) detected parsing addons/sourcemod/configs/admin_groups.cfg
L 04/10/2020 - 20:40:48: [admin-flatfile.smx]  (line 0) Stream failed to open
L 04/10/2020 - 20:40:48: [admin-flatfile.smx] Error(s) detected parsing addons/sourcemod/configs/admins.cfg
L 04/10/2020 - 20:40:48: [admin-flatfile.smx]  (line 45) Unknown group "Admins"
L 04/10/2020 - 20:40:48: [admin-flatfile.smx]  (line 54) Unknown group "Admins"
L 04/10/2020 - 20:40:48: [admin-flatfile.smx]  (line 63) Unknown group "Admins"
L 04/10/2020 - 20:40:48: [admin-flatfile.smx]  (line 72) Unknown group "Admins"
L 04/10/2020 - 20:40:48: [admin-flatfile.smx]  (line 81) Unknown group "Admins"
L 04/10/2020 - 20:40:48: [admin-flatfile.smx]  (line 89) Unknown group "Admins"
L 04/10/2020 - 20:40:51: [SM] Exception reported: Invalid file handle 0 (error 4)
L 04/10/2020 - 20:40:51: [SM] Blaming: sm_downloader.smx
L 04/10/2020 - 20:40:51: [SM] Call stack trace:
L 04/10/2020 - 20:40:51: [SM]   [0] ReadDirEntry
L 04/10/2020 - 20:40:51: [SM]   [1] Line 132, /home/forums/content/files/2/6/5/9/8/3/150553.attach::ReadFileFolder
L 04/10/2020 - 20:40:51: [SM]   [2] Line 190, /home/forums/content/files/2/6/5/9/8/3/150553.attach::ReadDownloads
L 04/10/2020 - 20:40:51: [SM]   [3] Line 112, /home/forums/content/files/2/6/5/9/8/3/150553.attach::OnMapStart
L 04/10/2020 - 20:40:52: [nextmap.smx] FATAL: Cannot load map cycle. Nextmap not loaded.
L 04/10/2020 - 20:40:52: [SM] Exception reported: Mapcycle Not Found
L 04/10/2020 - 20:40:52: [SM] Blaming: nextmap.smx
L 04/10/2020 - 20:40:52: [SM] Call stack trace:
L 04/10/2020 - 20:40:52: [SM]   [0] SetFailState
L 04/10/2020 - 20:40:52: [SM]   [1] Line 139, /home/builds/sourcemod/linux-1.6/build/plugins/nextmap.sp::FindAndSetNextMap
L 04/10/2020 - 20:40:52: [SM]   [2] Line 109, /home/builds/sourcemod/linux-1.6/build/plugins/nextmap.sp::OnConfigsExecuted
L 04/10/2020 - 20:43:11: Error log file session closed.
L 04/10/2020 - 20:43:11: SourceMod error session started
L 04/10/2020 - 20:43:11: Info (map "ba_jail_electric_vip_v2") (file "/home/steam/csgo-ds/csgo/addons/sourcemod/logs/errors_20200410.log")
L 04/10/2020 - 20:43:11: [admin-flatfile.smx] Error(s) detected parsing addons/sourcemod/configs/admin_overrides.cfg
L 04/10/2020 - 20:43:11: [admin-flatfile.smx]  (line 0) Stream failed to open
L 04/10/2020 - 20:43:11: [admin-flatfile.smx] Error(s) detected parsing addons/sourcemod/configs/admin_groups.cfg
L 04/10/2020 - 20:43:11: [admin-flatfile.smx]  (line 0) Stream failed to open
L 04/10/2020 - 20:43:11: [admin-flatfile.smx] Error(s) detected parsing addons/sourcemod/configs/admins.cfg
L 04/10/2020 - 20:43:11: [admin-flatfile.smx]  (line 45) Unknown group "Admins"
L 04/10/2020 - 20:43:11: [admin-flatfile.smx]  (line 54) Unknown group "Admins"
L 04/10/2020 - 20:43:11: [admin-flatfile.smx]  (line 63) Unknown group "Admins"
L 04/10/2020 - 20:43:11: [admin-flatfile.smx]  (line 72) Unknown group "Admins"
L 04/10/2020 - 20:43:11: [admin-flatfile.smx]  (line 81) Unknown group "Admins"
L 04/10/2020 - 20:43:11: [admin-flatfile.smx]  (line 89) Unknown group "Admins"
L 04/10/2020 - 20:43:14: [SM] Exception reported: Invalid file handle 0 (error 4)
L 04/10/2020 - 20:43:14: [SM] Blaming: sm_downloader.smx
L 04/10/2020 - 20:43:14: [SM] Call stack trace:
L 04/10/2020 - 20:43:14: [SM]   [0] ReadDirEntry
L 04/10/2020 - 20:43:14: [SM]   [1] Line 132, /home/forums/content/files/2/6/5/9/8/3/150553.attach::ReadFileFolder
L 04/10/2020 - 20:43:14: [SM]   [2] Line 190, /home/forums/content/files/2/6/5/9/8/3/150553.attach::ReadDownloads
L 04/10/2020 - 20:43:14: [SM]   [3] Line 112, /home/forums/content/files/2/6/5/9/8/3/150553.attach::OnMapStart
L 04/10/2020 - 20:43:14: [nextmap.smx] FATAL: Cannot load map cycle. Nextmap not loaded.
L 04/10/2020 - 20:43:14: [SM] Exception reported: Mapcycle Not Found
L 04/10/2020 - 20:43:14: [SM] Blaming: nextmap.smx
L 04/10/2020 - 20:43:14: [SM] Call stack trace:
L 04/10/2020 - 20:43:14: [SM]   [0] SetFailState
L 04/10/2020 - 20:43:14: [SM]   [1] Line 139, /home/builds/sourcemod/linux-1.6/build/plugins/nextmap.sp::FindAndSetNextMap
L 04/10/2020 - 20:43:14: [SM]   [2] Line 109, /home/builds/sourcemod/linux-1.6/build/plugins/nextmap.sp::OnConfigsExecuted
L 04/10/2020 - 20:45:28: Error log file session closed.
L 04/10/2020 - 20:45:28: SourceMod error session started
L 04/10/2020 - 20:45:28: Info (map "jb_hostile2_default") (file "/home/steam/csgo-ds/csgo/addons/sourcemod/logs/errors_20200410.log")
L 04/10/2020 - 20:45:28: [admin-flatfile.smx] Error(s) detected parsing addons/sourcemod/configs/admin_overrides.cfg
L 04/10/2020 - 20:45:28: [admin-flatfile.smx]  (line 0) Stream failed to open
L 04/10/2020 - 20:45:28: [admin-flatfile.smx] Error(s) detected parsing addons/sourcemod/configs/admin_groups.cfg
L 04/10/2020 - 20:45:28: [admin-flatfile.smx]  (line 0) Stream failed to open
L 04/10/2020 - 20:45:28: [admin-flatfile.smx] Error(s) detected parsing addons/sourcemod/configs/admins.cfg
L 04/10/2020 - 20:45:28: [admin-flatfile.smx]  (line 45) Unknown group "Admins"
L 04/10/2020 - 20:45:28: [admin-flatfile.smx]  (line 54) Unknown group "Admins"
L 04/10/2020 - 20:45:28: [admin-flatfile.smx]  (line 63) Unknown group "Admins"
L 04/10/2020 - 20:45:28: [admin-flatfile.smx]  (line 72) Unknown group "Admins"
L 04/10/2020 - 20:45:28: [admin-flatfile.smx]  (line 81) Unknown group "Admins"
L 04/10/2020 - 20:45:28: [admin-flatfile.smx]  (line 89) Unknown group "Admins"
L 04/10/2020 - 20:45:31: [SM] Exception reported: Invalid file handle 0 (error 4)
L 04/10/2020 - 20:45:31: [SM] Blaming: sm_downloader.smx
L 04/10/2020 - 20:45:31: [SM] Call stack trace:
L 04/10/2020 - 20:45:31: [SM]   [0] ReadDirEntry
L 04/10/2020 - 20:45:31: [SM]   [1] Line 132, /home/forums/content/files/2/6/5/9/8/3/150553.attach::ReadFileFolder
L 04/10/2020 - 20:45:31: [SM]   [2] Line 190, /home/forums/content/files/2/6/5/9/8/3/150553.attach::ReadDownloads
L 04/10/2020 - 20:45:31: [SM]   [3] Line 112, /home/forums/content/files/2/6/5/9/8/3/150553.attach::OnMapStart
L 04/10/2020 - 20:46:30: Error log file session closed.
L 04/10/2020 - 20:46:30: SourceMod error session started
L 04/10/2020 - 20:46:30: Info (map "jb_summer_jail_v3") (file "/home/steam/csgo-ds/csgo/addons/sourcemod/logs/errors_20200410.log")
L 04/10/2020 - 20:46:30: [admin-flatfile.smx] Error(s) detected parsing addons/sourcemod/configs/admin_overrides.cfg
L 04/10/2020 - 20:46:30: [admin-flatfile.smx]  (line 0) Stream failed to open
L 04/10/2020 - 20:46:30: [admin-flatfile.smx] Error(s) detected parsing addons/sourcemod/configs/admin_groups.cfg
L 04/10/2020 - 20:46:30: [admin-flatfile.smx]  (line 0) Stream failed to open
L 04/10/2020 - 20:46:30: [admin-flatfile.smx] Error(s) detected parsing addons/sourcemod/configs/admins.cfg
L 04/10/2020 - 20:46:30: [admin-flatfile.smx]  (line 45) Unknown group "Admins"
L 04/10/2020 - 20:46:30: [admin-flatfile.smx]  (line 54) Unknown group "Admins"
L 04/10/2020 - 20:46:30: [admin-flatfile.smx]  (line 63) Unknown group "Admins"
L 04/10/2020 - 20:46:30: [admin-flatfile.smx]  (line 72) Unknown group "Admins"
L 04/10/2020 - 20:46:30: [admin-flatfile.smx]  (line 81) Unknown group "Admins"
L 04/10/2020 - 20:46:30: [admin-flatfile.smx]  (line 89) Unknown group "Admins"
L 04/10/2020 - 20:46:33: [SM] Exception reported: Invalid file handle 0 (error 4)
L 04/10/2020 - 20:46:33: [SM] Blaming: sm_downloader.smx
L 04/10/2020 - 20:46:33: [SM] Call stack trace:
L 04/10/2020 - 20:46:33: [SM]   [0] ReadDirEntry
L 04/10/2020 - 20:46:33: [SM]   [1] Line 132, /home/forums/content/files/2/6/5/9/8/3/150553.attach::ReadFileFolder
L 04/10/2020 - 20:46:33: [SM]   [2] Line 190, /home/forums/content/files/2/6/5/9/8/3/150553.attach::ReadDownloads
L 04/10/2020 - 20:46:33: [SM]   [3] Line 112, /home/forums/content/files/2/6/5/9/8/3/150553.attach::OnMapStart
L 04/10/2020 - 20:51:51: Error log file session closed.
L 04/10/2020 - 20:52:09: SourceMod error session started
L 04/10/2020 - 20:52:09: Info (map "jb_obama_v5_beta") (file "/home/steam/csgo-ds/csgo/addons/sourcemod/logs/errors_20200410.log")
L 04/10/2020 - 20:52:09: [SM] Unable to load plugin "cmenu.smx": Native "EJBW_IsClientWarden" was not found
L 04/10/2020 - 20:52:09: [SM] Could not parse file "/home/steam/csgo-ds/csgo/addons/sourcemod/configs/maplists.cfg"
L 04/10/2020 - 20:52:09: [SM] Error on line 0 (col 0): Stream failed to open
L 04/10/2020 - 20:52:09: [admin-flatfile.smx] Error(s) detected parsing addons/sourcemod/configs/admin_overrides.cfg
L 04/10/2020 - 20:52:09: [admin-flatfile.smx]  (line 0) Stream failed to open
L 04/10/2020 - 20:52:09: [admin-flatfile.smx] Error(s) detected parsing addons/sourcemod/configs/admin_groups.cfg
L 04/10/2020 - 20:52:09: [admin-flatfile.smx]  (line 0) Stream failed to open
L 04/10/2020 - 20:52:09: [admin-flatfile.smx] Error(s) detected parsing addons/sourcemod/configs/admins.cfg
L 04/10/2020 - 20:52:09: [admin-flatfile.smx]  (line 45) Unknown group "Admins"
L 04/10/2020 - 20:52:09: [admin-flatfile.smx]  (line 54) Unknown group "Admins"
L 04/10/2020 - 20:52:09: [admin-flatfile.smx]  (line 63) Unknown group "Admins"
L 04/10/2020 - 20:52:09: [admin-flatfile.smx]  (line 72) Unknown group "Admins"
L 04/10/2020 - 20:52:09: [admin-flatfile.smx]  (line 81) Unknown group "Admins"
L 04/10/2020 - 20:52:09: [admin-flatfile.smx]  (line 89) Unknown group "Admins"
L 04/10/2020 - 20:52:12: [SM] Exception reported: Invalid file handle 0 (error 4)
L 04/10/2020 - 20:52:12: [SM] Blaming: sm_downloader.smx
L 04/10/2020 - 20:52:12: [SM] Call stack trace:
L 04/10/2020 - 20:52:12: [SM]   [0] ReadDirEntry
L 04/10/2020 - 20:52:12: [SM]   [1] Line 132, /home/forums/content/files/2/6/5/9/8/3/150553.attach::ReadFileFolder
L 04/10/2020 - 20:52:12: [SM]   [2] Line 190, /home/forums/content/files/2/6/5/9/8/3/150553.attach::ReadDownloads
L 04/10/2020 - 20:52:12: [SM]   [3] Line 112, /home/forums/content/files/2/6/5/9/8/3/150553.attach::OnMapStart
L 04/10/2020 - 20:52:34: Error log file session closed.
L 04/10/2020 - 20:52:34: SourceMod error session started
L 04/10/2020 - 20:52:34: Info (map "jb_obama_v5_beta") (file "/home/steam/csgo-ds/csgo/addons/sourcemod/logs/errors_20200410.log")
L 04/10/2020 - 20:52:34: [admin-flatfile.smx] Error(s) detected parsing addons/sourcemod/configs/admin_overrides.cfg
L 04/10/2020 - 20:52:34: [admin-flatfile.smx]  (line 0) Stream failed to open
L 04/10/2020 - 20:52:34: [admin-flatfile.smx] Error(s) detected parsing addons/sourcemod/configs/admin_groups.cfg
L 04/10/2020 - 20:52:34: [admin-flatfile.smx]  (line 0) Stream failed to open
L 04/10/2020 - 20:52:34: [admin-flatfile.smx] Error(s) detected parsing addons/sourcemod/configs/admins.cfg
L 04/10/2020 - 20:52:34: [admin-flatfile.smx]  (line 45) Unknown group "Admins"
L 04/10/2020 - 20:52:34: [admin-flatfile.smx]  (line 54) Unknown group "Admins"
L 04/10/2020 - 20:52:34: [admin-flatfile.smx]  (line 63) Unknown group "Admins"
L 04/10/2020 - 20:52:34: [admin-flatfile.smx]  (line 72) Unknown group "Admins"
L 04/10/2020 - 20:52:34: [admin-flatfile.smx]  (line 81) Unknown group "Admins"
L 04/10/2020 - 20:52:34: [admin-flatfile.smx]  (line 89) Unknown group "Admins"
L 04/10/2020 - 20:52:38: [SM] Exception reported: Invalid file handle 0 (error 4)
L 04/10/2020 - 20:52:38: [SM] Blaming: sm_downloader.smx
L 04/10/2020 - 20:52:38: [SM] Call stack trace:
L 04/10/2020 - 20:52:38: [SM]   [0] ReadDirEntry
L 04/10/2020 - 20:52:38: [SM]   [1] Line 132, /home/forums/content/files/2/6/5/9/8/3/150553.attach::ReadFileFolder
L 04/10/2020 - 20:52:38: [SM]   [2] Line 190, /home/forums/content/files/2/6/5/9/8/3/150553.attach::ReadDownloads
L 04/10/2020 - 20:52:38: [SM]   [3] Line 112, /home/forums/content/files/2/6/5/9/8/3/150553.attach::OnMapStart
L 04/10/2020 - 21:15:37: Error log file session closed.
L 04/10/2020 - 21:15:37: SourceMod error session started
L 04/10/2020 - 21:15:37: Info (map "jb_obama_v5_beta") (file "/home/steam/csgo-ds/csgo/addons/sourcemod/logs/errors_20200410.log")
L 04/10/2020 - 21:15:37: [admin-flatfile.smx] Error(s) detected parsing addons/sourcemod/configs/admin_overrides.cfg
L 04/10/2020 - 21:15:37: [admin-flatfile.smx]  (line 0) Stream failed to open
L 04/10/2020 - 21:15:37: [admin-flatfile.smx] Error(s) detected parsing addons/sourcemod/configs/admin_groups.cfg
L 04/10/2020 - 21:15:37: [admin-flatfile.smx]  (line 0) Stream failed to open
L 04/10/2020 - 21:15:37: [admin-flatfile.smx] Error(s) detected parsing addons/sourcemod/configs/admins.cfg
L 04/10/2020 - 21:15:37: [admin-flatfile.smx]  (line 45) Unknown group "Admins"
L 04/10/2020 - 21:15:37: [admin-flatfile.smx]  (line 54) Unknown group "Admins"
L 04/10/2020 - 21:15:37: [admin-flatfile.smx]  (line 63) Unknown group "Admins"
L 04/10/2020 - 21:15:37: [admin-flatfile.smx]  (line 72) Unknown group "Admins"
L 04/10/2020 - 21:15:37: [admin-flatfile.smx]  (line 81) Unknown group "Admins"
L 04/10/2020 - 21:15:37: [admin-flatfile.smx]  (line 89) Unknown group "Admins"
L 04/10/2020 - 21:15:40: [SM] Exception reported: Invalid file handle 0 (error 4)
L 04/10/2020 - 21:15:40: [SM] Blaming: sm_downloader.smx
L 04/10/2020 - 21:15:40: [SM] Call stack trace:
L 04/10/2020 - 21:15:40: [SM]   [0] ReadDirEntry
L 04/10/2020 - 21:15:40: [SM]   [1] Line 132, /home/forums/content/files/2/6/5/9/8/3/150553.attach::ReadFileFolder
L 04/10/2020 - 21:15:40: [SM]   [2] Line 190, /home/forums/content/files/2/6/5/9/8/3/150553.attach::ReadDownloads
L 04/10/2020 - 21:15:40: [SM]   [3] Line 112, /home/forums/content/files/2/6/5/9/8/3/150553.attach::OnMapStart
L 04/10/2020 - 21:17:50: Error log file session closed.
L 04/10/2020 - 21:17:50: SourceMod error session started
L 04/10/2020 - 21:17:50: Info (map "jb_obama_v5_beta") (file "/home/steam/csgo-ds/csgo/addons/sourcemod/logs/errors_20200410.log")
L 04/10/2020 - 21:17:50: [admin-flatfile.smx] Error(s) detected parsing addons/sourcemod/configs/admin_overrides.cfg
L 04/10/2020 - 21:17:50: [admin-flatfile.smx]  (line 0) Stream failed to open
L 04/10/2020 - 21:17:50: [admin-flatfile.smx] Error(s) detected parsing addons/sourcemod/configs/admin_groups.cfg
L 04/10/2020 - 21:17:50: [admin-flatfile.smx]  (line 0) Stream failed to open
L 04/10/2020 - 21:17:50: [admin-flatfile.smx] Error(s) detected parsing addons/sourcemod/configs/admins.cfg
L 04/10/2020 - 21:17:50: [admin-flatfile.smx]  (line 45) Unknown group "Admins"
L 04/10/2020 - 21:17:50: [admin-flatfile.smx]  (line 54) Unknown group "Admins"
L 04/10/2020 - 21:17:50: [admin-flatfile.smx]  (line 63) Unknown group "Admins"
L 04/10/2020 - 21:17:50: [admin-flatfile.smx]  (line 72) Unknown group "Admins"
L 04/10/2020 - 21:17:50: [admin-flatfile.smx]  (line 81) Unknown group "Admins"
L 04/10/2020 - 21:17:50: [admin-flatfile.smx]  (line 89) Unknown group "Admins"
L 04/10/2020 - 21:17:54: [SM] Exception reported: Invalid file handle 0 (error 4)
L 04/10/2020 - 21:17:54: [SM] Blaming: sm_downloader.smx
L 04/10/2020 - 21:17:54: [SM] Call stack trace:
L 04/10/2020 - 21:17:54: [SM]   [0] ReadDirEntry
L 04/10/2020 - 21:17:54: [SM]   [1] Line 132, /home/forums/content/files/2/6/5/9/8/3/150553.attach::ReadFileFolder
L 04/10/2020 - 21:17:54: [SM]   [2] Line 190, /home/forums/content/files/2/6/5/9/8/3/150553.attach::ReadDownloads
L 04/10/2020 - 21:17:54: [SM]   [3] Line 112, /home/forums/content/files/2/6/5/9/8/3/150553.attach::OnMapStart
L 04/10/2020 - 21:21:46: Error log file session closed.
L 04/10/2020 - 21:21:46: SourceMod error session started
L 04/10/2020 - 21:21:46: Info (map "jb_jailberd_v5_final_fix") (file "/home/steam/csgo-ds/csgo/addons/sourcemod/logs/errors_20200410.log")
L 04/10/2020 - 21:21:46: [admin-flatfile.smx] Error(s) detected parsing addons/sourcemod/configs/admin_overrides.cfg
L 04/10/2020 - 21:21:46: [admin-flatfile.smx]  (line 0) Stream failed to open
L 04/10/2020 - 21:21:46: [admin-flatfile.smx] Error(s) detected parsing addons/sourcemod/configs/admin_groups.cfg
L 04/10/2020 - 21:21:46: [admin-flatfile.smx]  (line 0) Stream failed to open
L 04/10/2020 - 21:21:46: [admin-flatfile.smx] Error(s) detected parsing addons/sourcemod/configs/admins.cfg
L 04/10/2020 - 21:21:46: [admin-flatfile.smx]  (line 45) Unknown group "Admins"
L 04/10/2020 - 21:21:46: [admin-flatfile.smx]  (line 54) Unknown group "Admins"
L 04/10/2020 - 21:21:46: [admin-flatfile.smx]  (line 63) Unknown group "Admins"
L 04/10/2020 - 21:21:46: [admin-flatfile.smx]  (line 72) Unknown group "Admins"
L 04/10/2020 - 21:21:46: [admin-flatfile.smx]  (line 81) Unknown group "Admins"
L 04/10/2020 - 21:21:46: [admin-flatfile.smx]  (line 89) Unknown group "Admins"
L 04/10/2020 - 21:21:49: [SM] Exception reported: Invalid file handle 0 (error 4)
L 04/10/2020 - 21:21:49: [SM] Blaming: sm_downloader.smx
L 04/10/2020 - 21:21:49: [SM] Call stack trace:
L 04/10/2020 - 21:21:49: [SM]   [0] ReadDirEntry
L 04/10/2020 - 21:21:49: [SM]   [1] Line 132, /home/forums/content/files/2/6/5/9/8/3/150553.attach::ReadFileFolder
L 04/10/2020 - 21:21:49: [SM]   [2] Line 190, /home/forums/content/files/2/6/5/9/8/3/150553.attach::ReadDownloads
L 04/10/2020 - 21:21:49: [SM]   [3] Line 112, /home/forums/content/files/2/6/5/9/8/3/150553.attach::OnMapStart
L 04/10/2020 - 21:44:42: Error log file session closed.
L 04/10/2020 - 21:45:02: SourceMod error session started
L 04/10/2020 - 21:45:02: Info (map "jb_summer_jail_v3") (file "/home/steam/csgo-ds/csgo/addons/sourcemod/logs/errors_20200410.log")
L 04/10/2020 - 21:45:02: [SM] Unable to load plugin "cmenu.smx": Native "EJBW_IsClientWarden" was not found
L 04/10/2020 - 21:45:02: [SM] Could not parse file "/home/steam/csgo-ds/csgo/addons/sourcemod/configs/maplists.cfg"
L 04/10/2020 - 21:45:02: [SM] Error on line 0 (col 0): Stream failed to open
L 04/10/2020 - 21:45:02: [admin-flatfile.smx] Error(s) detected parsing addons/sourcemod/configs/admin_overrides.cfg
L 04/10/2020 - 21:45:02: [admin-flatfile.smx]  (line 0) Stream failed to open
L 04/10/2020 - 21:45:02: [admin-flatfile.smx] Error(s) detected parsing addons/sourcemod/configs/admin_groups.cfg
L 04/10/2020 - 21:45:02: [admin-flatfile.smx]  (line 0) Stream failed to open
L 04/10/2020 - 21:45:02: [admin-flatfile.smx] Error(s) detected parsing addons/sourcemod/configs/admins.cfg
L 04/10/2020 - 21:45:02: [admin-flatfile.smx]  (line 45) Unknown group "Admins"
L 04/10/2020 - 21:45:02: [admin-flatfile.smx]  (line 54) Unknown group "Admins"
L 04/10/2020 - 21:45:02: [admin-flatfile.smx]  (line 63) Unknown group "Admins"
L 04/10/2020 - 21:45:02: [admin-flatfile.smx]  (line 72) Unknown group "Admins"
L 04/10/2020 - 21:45:02: [admin-flatfile.smx]  (line 81) Unknown group "Admins"
L 04/10/2020 - 21:45:02: [admin-flatfile.smx]  (line 89) Unknown group "Admins"
L 04/10/2020 - 21:45:06: [SM] Exception reported: Invalid file handle 0 (error 4)
L 04/10/2020 - 21:45:06: [SM] Blaming: sm_downloader.smx
L 04/10/2020 - 21:45:06: [SM] Call stack trace:
L 04/10/2020 - 21:45:06: [SM]   [0] ReadDirEntry
L 04/10/2020 - 21:45:06: [SM]   [1] Line 132, /home/forums/content/files/2/6/5/9/8/3/150553.attach::ReadFileFolder
L 04/10/2020 - 21:45:06: [SM]   [2] Line 190, /home/forums/content/files/2/6/5/9/8/3/150553.attach::ReadDownloads
L 04/10/2020 - 21:45:06: [SM]   [3] Line 112, /home/forums/content/files/2/6/5/9/8/3/150553.attach::OnMapStart
L 04/10/2020 - 21:45:57: Error log file session closed.
L 04/10/2020 - 21:45:57: SourceMod error session started
L 04/10/2020 - 21:45:57: Info (map "jb_summer_jail_v3") (file "/home/steam/csgo-ds/csgo/addons/sourcemod/logs/errors_20200410.log")
L 04/10/2020 - 21:45:57: [admin-flatfile.smx] Error(s) detected parsing addons/sourcemod/configs/admin_overrides.cfg
L 04/10/2020 - 21:45:57: [admin-flatfile.smx]  (line 0) Stream failed to open
L 04/10/2020 - 21:45:57: [admin-flatfile.smx] Error(s) detected parsing addons/sourcemod/configs/admin_groups.cfg
L 04/10/2020 - 21:45:57: [admin-flatfile.smx]  (line 0) Stream failed to open
L 04/10/2020 - 21:45:57: [admin-flatfile.smx] Error(s) detected parsing addons/sourcemod/configs/admins.cfg
L 04/10/2020 - 21:45:57: [admin-flatfile.smx]  (line 45) Unknown group "Admins"
L 04/10/2020 - 21:45:57: [admin-flatfile.smx]  (line 54) Unknown group "Admins"
L 04/10/2020 - 21:45:57: [admin-flatfile.smx]  (line 63) Unknown group "Admins"
L 04/10/2020 - 21:45:57: [admin-flatfile.smx]  (line 72) Unknown group "Admins"
L 04/10/2020 - 21:45:57: [admin-flatfile.smx]  (line 81) Unknown group "Admins"
L 04/10/2020 - 21:45:57: [admin-flatfile.smx]  (line 89) Unknown group "Admins"
L 04/10/2020 - 21:46:00: [SM] Exception reported: Invalid file handle 0 (error 4)
L 04/10/2020 - 21:46:00: [SM] Blaming: sm_downloader.smx
L 04/10/2020 - 21:46:00: [SM] Call stack trace:
L 04/10/2020 - 21:46:00: [SM]   [0] ReadDirEntry
L 04/10/2020 - 21:46:00: [SM]   [1] Line 132, /home/forums/content/files/2/6/5/9/8/3/150553.attach::ReadFileFolder
L 04/10/2020 - 21:46:00: [SM]   [2] Line 190, /home/forums/content/files/2/6/5/9/8/3/150553.attach::ReadDownloads
L 04/10/2020 - 21:46:00: [SM]   [3] Line 112, /home/forums/content/files/2/6/5/9/8/3/150553.attach::OnMapStart
L 04/10/2020 - 21:47:28: Error log file session closed.
L 04/10/2020 - 21:47:28: SourceMod error session started
L 04/10/2020 - 21:47:28: Info (map "jb_summer_jail_v3") (file "/home/steam/csgo-ds/csgo/addons/sourcemod/logs/errors_20200410.log")
L 04/10/2020 - 21:47:28: [admin-flatfile.smx] Error(s) detected parsing addons/sourcemod/configs/admin_overrides.cfg
L 04/10/2020 - 21:47:28: [admin-flatfile.smx]  (line 0) Stream failed to open
L 04/10/2020 - 21:47:28: [admin-flatfile.smx] Error(s) detected parsing addons/sourcemod/configs/admin_groups.cfg
L 04/10/2020 - 21:47:28: [admin-flatfile.smx]  (line 0) Stream failed to open
L 04/10/2020 - 21:47:28: [admin-flatfile.smx] Error(s) detected parsing addons/sourcemod/configs/admins.cfg
L 04/10/2020 - 21:47:28: [admin-flatfile.smx]  (line 45) Unknown group "Admins"
L 04/10/2020 - 21:47:28: [admin-flatfile.smx]  (line 54) Unknown group "Admins"
L 04/10/2020 - 21:47:28: [admin-flatfile.smx]  (line 63) Unknown group "Admins"
L 04/10/2020 - 21:47:28: [admin-flatfile.smx]  (line 72) Unknown group "Admins"
L 04/10/2020 - 21:47:28: [admin-flatfile.smx]  (line 81) Unknown group "Admins"
L 04/10/2020 - 21:47:28: [admin-flatfile.smx]  (line 89) Unknown group "Admins"
L 04/10/2020 - 21:47:32: [SM] Exception reported: Invalid file handle 0 (error 4)
L 04/10/2020 - 21:47:32: [SM] Blaming: sm_downloader.smx
L 04/10/2020 - 21:47:32: [SM] Call stack trace:
L 04/10/2020 - 21:47:32: [SM]   [0] ReadDirEntry
L 04/10/2020 - 21:47:32: [SM]   [1] Line 132, /home/forums/content/files/2/6/5/9/8/3/150553.attach::ReadFileFolder
L 04/10/2020 - 21:47:32: [SM]   [2] Line 190, /home/forums/content/files/2/6/5/9/8/3/150553.attach::ReadDownloads
L 04/10/2020 - 21:47:32: [SM]   [3] Line 112, /home/forums/content/files/2/6/5/9/8/3/150553.attach::OnMapStart
L 04/10/2020 - 21:57:48: Error log file session closed.
L 04/10/2020 - 21:58:04: SourceMod error session started
L 04/10/2020 - 21:58:04: Info (map "jb_summer_jail_v3") (file "/home/steam/csgo-ds/csgo/addons/sourcemod/logs/errors_20200410.log")
L 04/10/2020 - 21:58:04: [SM] Unable to load plugin "cmenu.smx": Native "EJBW_IsClientWarden" was not found
L 04/10/2020 - 21:58:04: [SM] Could not parse file "/home/steam/csgo-ds/csgo/addons/sourcemod/configs/maplists.cfg"
L 04/10/2020 - 21:58:04: [SM] Error on line 0 (col 0): Stream failed to open
L 04/10/2020 - 21:58:04: [admin-flatfile.smx] Error(s) detected parsing addons/sourcemod/configs/admin_overrides.cfg
L 04/10/2020 - 21:58:04: [admin-flatfile.smx]  (line 0) Stream failed to open
L 04/10/2020 - 21:58:04: [admin-flatfile.smx] Error(s) detected parsing addons/sourcemod/configs/admin_groups.cfg
L 04/10/2020 - 21:58:04: [admin-flatfile.smx]  (line 0) Stream failed to open
L 04/10/2020 - 21:58:04: [admin-flatfile.smx] Error(s) detected parsing addons/sourcemod/configs/admins.cfg
L 04/10/2020 - 21:58:04: [admin-flatfile.smx]  (line 45) Unknown group "Admins"
L 04/10/2020 - 21:58:04: [admin-flatfile.smx]  (line 54) Unknown group "Admins"
L 04/10/2020 - 21:58:04: [admin-flatfile.smx]  (line 63) Unknown group "Admins"
L 04/10/2020 - 21:58:04: [admin-flatfile.smx]  (line 72) Unknown group "Admins"
L 04/10/2020 - 21:58:04: [admin-flatfile.smx]  (line 81) Unknown group "Admins"
L 04/10/2020 - 21:58:04: [admin-flatfile.smx]  (line 89) Unknown group "Admins"
L 04/10/2020 - 21:58:08: [SM] Exception reported: Invalid file handle 0 (error 4)
L 04/10/2020 - 21:58:08: [SM] Blaming: sm_downloader.smx
L 04/10/2020 - 21:58:08: [SM] Call stack trace:
L 04/10/2020 - 21:58:08: [SM]   [0] ReadDirEntry
L 04/10/2020 - 21:58:08: [SM]   [1] Line 132, /home/forums/content/files/2/6/5/9/8/3/150553.attach::ReadFileFolder
L 04/10/2020 - 21:58:08: [SM]   [2] Line 190, /home/forums/content/files/2/6/5/9/8/3/150553.attach::ReadDownloads
L 04/10/2020 - 21:58:08: [SM]   [3] Line 112, /home/forums/content/files/2/6/5/9/8/3/150553.attach::OnMapStart
L 04/10/2020 - 21:59:24: Error log file session closed.
L 04/10/2020 - 21:59:24: SourceMod error session started
L 04/10/2020 - 21:59:24: Info (map "jb_summer_jail_v3") (file "/home/steam/csgo-ds/csgo/addons/sourcemod/logs/errors_20200410.log")
L 04/10/2020 - 21:59:24: [admin-flatfile.smx] Error(s) detected parsing addons/sourcemod/configs/admin_overrides.cfg
L 04/10/2020 - 21:59:24: [admin-flatfile.smx]  (line 0) Stream failed to open
L 04/10/2020 - 21:59:24: [admin-flatfile.smx] Error(s) detected parsing addons/sourcemod/configs/admin_groups.cfg
L 04/10/2020 - 21:59:24: [admin-flatfile.smx]  (line 0) Stream failed to open
L 04/10/2020 - 21:59:24: [admin-flatfile.smx] Error(s) detected parsing addons/sourcemod/configs/admins.cfg
L 04/10/2020 - 21:59:24: [admin-flatfile.smx]  (line 45) Unknown group "Admins"
L 04/10/2020 - 21:59:24: [admin-flatfile.smx]  (line 54) Unknown group "Admins"
L 04/10/2020 - 21:59:24: [admin-flatfile.smx]  (line 63) Unknown group "Admins"
L 04/10/2020 - 21:59:24: [admin-flatfile.smx]  (line 72) Unknown group "Admins"
L 04/10/2020 - 21:59:24: [admin-flatfile.smx]  (line 81) Unknown group "Admins"
L 04/10/2020 - 21:59:24: [admin-flatfile.smx]  (line 89) Unknown group "Admins"
L 04/10/2020 - 21:59:28: [SM] Exception reported: Invalid file handle 0 (error 4)
L 04/10/2020 - 21:59:28: [SM] Blaming: sm_downloader.smx
L 04/10/2020 - 21:59:28: [SM] Call stack trace:
L 04/10/2020 - 21:59:28: [SM]   [0] ReadDirEntry
L 04/10/2020 - 21:59:28: [SM]   [1] Line 132, /home/forums/content/files/2/6/5/9/8/3/150553.attach::ReadFileFolder
L 04/10/2020 - 21:59:28: [SM]   [2] Line 190, /home/forums/content/files/2/6/5/9/8/3/150553.attach::ReadDownloads
L 04/10/2020 - 21:59:28: [SM]   [3] Line 112, /home/forums/content/files/2/6/5/9/8/3/150553.attach::OnMapStart
L 04/10/2020 - 22:17:20: Error log file session closed.
L 04/10/2020 - 22:22:16: SourceMod error session started
L 04/10/2020 - 22:22:16: Info (map "jb_summer_jail_v3") (file "/home/steam/csgo-ds/csgo/addons/sourcemod/logs/errors_20200410.log")
L 04/10/2020 - 22:22:16: [SM] Unable to load plugin "cmenu.smx": Native "EJBW_IsClientWarden" was not found
L 04/10/2020 - 22:22:16: [SM] Could not parse file "/home/steam/csgo-ds/csgo/addons/sourcemod/configs/maplists.cfg"
L 04/10/2020 - 22:22:16: [SM] Error on line 0 (col 0): Stream failed to open
L 04/10/2020 - 22:22:16: [admin-flatfile.smx] Error(s) detected parsing addons/sourcemod/configs/admin_overrides.cfg
L 04/10/2020 - 22:22:16: [admin-flatfile.smx]  (line 0) Stream failed to open
L 04/10/2020 - 22:22:16: [admin-flatfile.smx] Error(s) detected parsing addons/sourcemod/configs/admin_groups.cfg
L 04/10/2020 - 22:22:16: [admin-flatfile.smx]  (line 0) Stream failed to open
L 04/10/2020 - 22:22:16: [admin-flatfile.smx] Error(s) detected parsing addons/sourcemod/configs/admins.cfg
L 04/10/2020 - 22:22:16: [admin-flatfile.smx]  (line 45) Unknown group "Admins"
L 04/10/2020 - 22:22:16: [admin-flatfile.smx]  (line 54) Unknown group "Admins"
L 04/10/2020 - 22:22:16: [admin-flatfile.smx]  (line 63) Unknown group "Admins"
L 04/10/2020 - 22:22:16: [admin-flatfile.smx]  (line 72) Unknown group "Admins"
L 04/10/2020 - 22:22:16: [admin-flatfile.smx]  (line 81) Unknown group "Admins"
L 04/10/2020 - 22:22:16: [admin-flatfile.smx]  (line 89) Unknown group "Admins"
L 04/10/2020 - 22:22:20: [SM] Exception reported: Invalid file handle 0 (error 4)
L 04/10/2020 - 22:22:20: [SM] Blaming: sm_downloader.smx
L 04/10/2020 - 22:22:20: [SM] Call stack trace:
L 04/10/2020 - 22:22:20: [SM]   [0] ReadDirEntry
L 04/10/2020 - 22:22:20: [SM]   [1] Line 132, /home/forums/content/files/2/6/5/9/8/3/150553.attach::ReadFileFolder
L 04/10/2020 - 22:22:20: [SM]   [2] Line 190, /home/forums/content/files/2/6/5/9/8/3/150553.attach::ReadDownloads
L 04/10/2020 - 22:22:20: [SM]   [3] Line 112, /home/forums/content/files/2/6/5/9/8/3/150553.attach::OnMapStart
L 04/10/2020 - 22:23:39: Error log file session closed.
L 04/10/2020 - 22:23:39: SourceMod error session started
L 04/10/2020 - 22:23:39: Info (map "jb_summer_jail_v3") (file "/home/steam/csgo-ds/csgo/addons/sourcemod/logs/errors_20200410.log")
L 04/10/2020 - 22:23:39: [admin-flatfile.smx] Error(s) detected parsing addons/sourcemod/configs/admin_overrides.cfg
L 04/10/2020 - 22:23:39: [admin-flatfile.smx]  (line 0) Stream failed to open
L 04/10/2020 - 22:23:39: [admin-flatfile.smx] Error(s) detected parsing addons/sourcemod/configs/admin_groups.cfg
L 04/10/2020 - 22:23:39: [admin-flatfile.smx]  (line 0) Stream failed to open
L 04/10/2020 - 22:23:39: [admin-flatfile.smx] Error(s) detected parsing addons/sourcemod/configs/admins.cfg
L 04/10/2020 - 22:23:39: [admin-flatfile.smx]  (line 45) Unknown group "Admins"
L 04/10/2020 - 22:23:39: [admin-flatfile.smx]  (line 54) Unknown group "Admins"
L 04/10/2020 - 22:23:39: [admin-flatfile.smx]  (line 63) Unknown group "Admins"
L 04/10/2020 - 22:23:39: [admin-flatfile.smx]  (line 72) Unknown group "Admins"
L 04/10/2020 - 22:23:39: [admin-flatfile.smx]  (line 81) Unknown group "Admins"
L 04/10/2020 - 22:23:39: [admin-flatfile.smx]  (line 89) Unknown group "Admins"
L 04/10/2020 - 22:23:43: [SM] Exception reported: Invalid file handle 0 (error 4)
L 04/10/2020 - 22:23:43: [SM] Blaming: sm_downloader.smx
L 04/10/2020 - 22:23:43: [SM] Call stack trace:
L 04/10/2020 - 22:23:43: [SM]   [0] ReadDirEntry
L 04/10/2020 - 22:23:43: [SM]   [1] Line 132, /home/forums/content/files/2/6/5/9/8/3/150553.attach::ReadFileFolder
L 04/10/2020 - 22:23:43: [SM]   [2] Line 190, /home/forums/content/files/2/6/5/9/8/3/150553.attach::ReadDownloads
L 04/10/2020 - 22:23:43: [SM]   [3] Line 112, /home/forums/content/files/2/6/5/9/8/3/150553.attach::OnMapStart
L 04/10/2020 - 22:26:10: Error log file session closed.
L 04/10/2020 - 22:27:08: SourceMod error session started
L 04/10/2020 - 22:27:08: Info (map "jb_summer_jail_v3") (file "/home/steam/csgo-ds/csgo/addons/sourcemod/logs/errors_20200410.log")
L 04/10/2020 - 22:27:08: [SM] Unable to load plugin "cmenu.smx": Native "EJBW_IsClientWarden" was not found
L 04/10/2020 - 22:27:08: [SM] Could not parse file "/home/steam/csgo-ds/csgo/addons/sourcemod/configs/maplists.cfg"
L 04/10/2020 - 22:27:08: [SM] Error on line 0 (col 0): Stream failed to open
L 04/10/2020 - 22:27:08: [admin-flatfile.smx] Error(s) detected parsing addons/sourcemod/configs/admin_overrides.cfg
L 04/10/2020 - 22:27:08: [admin-flatfile.smx]  (line 0) Stream failed to open
L 04/10/2020 - 22:27:08: [admin-flatfile.smx] Error(s) detected parsing addons/sourcemod/configs/admin_groups.cfg
L 04/10/2020 - 22:27:08: [admin-flatfile.smx]  (line 0) Stream failed to open
L 04/10/2020 - 22:27:08: [admin-flatfile.smx] Error(s) detected parsing addons/sourcemod/configs/admins.cfg
L 04/10/2020 - 22:27:08: [admin-flatfile.smx]  (line 45) Unknown group "Admins"
L 04/10/2020 - 22:27:08: [admin-flatfile.smx]  (line 54) Unknown group "Admins"
L 04/10/2020 - 22:27:08: [admin-flatfile.smx]  (line 63) Unknown group "Admins"
L 04/10/2020 - 22:27:08: [admin-flatfile.smx]  (line 72) Unknown group "Admins"
L 04/10/2020 - 22:27:08: [admin-flatfile.smx]  (line 81) Unknown group "Admins"
L 04/10/2020 - 22:27:08: [admin-flatfile.smx]  (line 89) Unknown group "Admins"
L 04/10/2020 - 22:27:11: [SM] Exception reported: Invalid file handle 0 (error 4)
L 04/10/2020 - 22:27:11: [SM] Blaming: sm_downloader.smx
L 04/10/2020 - 22:27:11: [SM] Call stack trace:
L 04/10/2020 - 22:27:11: [SM]   [0] ReadDirEntry
L 04/10/2020 - 22:27:11: [SM]   [1] Line 132, /home/forums/content/files/2/6/5/9/8/3/150553.attach::ReadFileFolder
L 04/10/2020 - 22:27:11: [SM]   [2] Line 190, /home/forums/content/files/2/6/5/9/8/3/150553.attach::ReadDownloads
L 04/10/2020 - 22:27:11: [SM]   [3] Line 112, /home/forums/content/files/2/6/5/9/8/3/150553.attach::OnMapStart
L 04/10/2020 - 22:27:27: Error log file session closed.
L 04/10/2020 - 22:27:27: SourceMod error session started
L 04/10/2020 - 22:27:27: Info (map "jb_summer_jail_v3") (file "/home/steam/csgo-ds/csgo/addons/sourcemod/logs/errors_20200410.log")
L 04/10/2020 - 22:27:27: [admin-flatfile.smx] Error(s) detected parsing addons/sourcemod/configs/admin_overrides.cfg
L 04/10/2020 - 22:27:27: [admin-flatfile.smx]  (line 0) Stream failed to open
L 04/10/2020 - 22:27:27: [admin-flatfile.smx] Error(s) detected parsing addons/sourcemod/configs/admin_groups.cfg
L 04/10/2020 - 22:27:27: [admin-flatfile.smx]  (line 0) Stream failed to open
L 04/10/2020 - 22:27:27: [admin-flatfile.smx] Error(s) detected parsing addons/sourcemod/configs/admins.cfg
L 04/10/2020 - 22:27:27: [admin-flatfile.smx]  (line 45) Unknown group "Admins"
L 04/10/2020 - 22:27:27: [admin-flatfile.smx]  (line 54) Unknown group "Admins"
L 04/10/2020 - 22:27:27: [admin-flatfile.smx]  (line 63) Unknown group "Admins"
L 04/10/2020 - 22:27:27: [admin-flatfile.smx]  (line 72) Unknown group "Admins"
L 04/10/2020 - 22:27:27: [admin-flatfile.smx]  (line 81) Unknown group "Admins"
L 04/10/2020 - 22:27:27: [admin-flatfile.smx]  (line 89) Unknown group "Admins"
L 04/10/2020 - 22:27:30: [SM] Exception reported: Invalid file handle 0 (error 4)
L 04/10/2020 - 22:27:30: [SM] Blaming: sm_downloader.smx
L 04/10/2020 - 22:27:30: [SM] Call stack trace:
L 04/10/2020 - 22:27:30: [SM]   [0] ReadDirEntry
L 04/10/2020 - 22:27:30: [SM]   [1] Line 132, /home/forums/content/files/2/6/5/9/8/3/150553.attach::ReadFileFolder
L 04/10/2020 - 22:27:30: [SM]   [2] Line 190, /home/forums/content/files/2/6/5/9/8/3/150553.attach::ReadDownloads
L 04/10/2020 - 22:27:30: [SM]   [3] Line 112, /home/forums/content/files/2/6/5/9/8/3/150553.attach::OnMapStart
L 04/10/2020 - 22:30:44: Error log file session closed.
L 04/10/2020 - 22:32:10: SourceMod error session started
L 04/10/2020 - 22:32:10: Info (map "jb_summer_jail_v3") (file "/home/steam/csgo-ds/csgo/addons/sourcemod/logs/errors_20200410.log")
L 04/10/2020 - 22:32:10: [SM] Unable to load plugin "cmenu.smx": Native "EJBW_IsClientWarden" was not found
L 04/10/2020 - 22:32:10: [SM] Could not parse file "/home/steam/csgo-ds/csgo/addons/sourcemod/configs/maplists.cfg"
L 04/10/2020 - 22:32:10: [SM] Error on line 0 (col 0): Stream failed to open
L 04/10/2020 - 22:32:10: [admin-flatfile.smx] Error(s) detected parsing addons/sourcemod/configs/admin_overrides.cfg
L 04/10/2020 - 22:32:11: [admin-flatfile.smx]  (line 0) Stream failed to open
L 04/10/2020 - 22:32:11: [admin-flatfile.smx] Error(s) detected parsing addons/sourcemod/configs/admin_groups.cfg
L 04/10/2020 - 22:32:11: [admin-flatfile.smx]  (line 0) Stream failed to open
L 04/10/2020 - 22:32:11: [admin-flatfile.smx] Error(s) detected parsing addons/sourcemod/configs/admins.cfg
L 04/10/2020 - 22:32:11: [admin-flatfile.smx]  (line 45) Unknown group "Admins"
L 04/10/2020 - 22:32:11: [admin-flatfile.smx]  (line 54) Unknown group "Admins"
L 04/10/2020 - 22:32:11: [admin-flatfile.smx]  (line 63) Unknown group "Admins"
L 04/10/2020 - 22:32:11: [admin-flatfile.smx]  (line 72) Unknown group "Admins"
L 04/10/2020 - 22:32:11: [admin-flatfile.smx]  (line 81) Unknown group "Admins"
L 04/10/2020 - 22:32:11: [admin-flatfile.smx]  (line 89) Unknown group "Admins"
L 04/10/2020 - 22:32:14: [SM] Exception reported: Invalid file handle 0 (error 4)
L 04/10/2020 - 22:32:14: [SM] Blaming: sm_downloader.smx
L 04/10/2020 - 22:32:14: [SM] Call stack trace:
L 04/10/2020 - 22:32:14: [SM]   [0] ReadDirEntry
L 04/10/2020 - 22:32:14: [SM]   [1] Line 132, /home/forums/content/files/2/6/5/9/8/3/150553.attach::ReadFileFolder
L 04/10/2020 - 22:32:14: [SM]   [2] Line 190, /home/forums/content/files/2/6/5/9/8/3/150553.attach::ReadDownloads
L 04/10/2020 - 22:32:14: [SM]   [3] Line 112, /home/forums/content/files/2/6/5/9/8/3/150553.attach::OnMapStart
L 04/10/2020 - 22:33:39: Error log file session closed.
L 04/10/2020 - 22:33:39: SourceMod error session started
L 04/10/2020 - 22:33:39: Info (map "jb_summer_jail_v3") (file "/home/steam/csgo-ds/csgo/addons/sourcemod/logs/errors_20200410.log")
L 04/10/2020 - 22:33:39: [admin-flatfile.smx] Error(s) detected parsing addons/sourcemod/configs/admin_overrides.cfg
L 04/10/2020 - 22:33:39: [admin-flatfile.smx]  (line 0) Stream failed to open
L 04/10/2020 - 22:33:39: [admin-flatfile.smx] Error(s) detected parsing addons/sourcemod/configs/admin_groups.cfg
L 04/10/2020 - 22:33:39: [admin-flatfile.smx]  (line 0) Stream failed to open
L 04/10/2020 - 22:33:39: [admin-flatfile.smx] Error(s) detected parsing addons/sourcemod/configs/admins.cfg
L 04/10/2020 - 22:33:39: [admin-flatfile.smx]  (line 45) Unknown group "Admins"
L 04/10/2020 - 22:33:39: [admin-flatfile.smx]  (line 54) Unknown group "Admins"
L 04/10/2020 - 22:33:39: [admin-flatfile.smx]  (line 63) Unknown group "Admins"
L 04/10/2020 - 22:33:39: [admin-flatfile.smx]  (line 72) Unknown group "Admins"
L 04/10/2020 - 22:33:39: [admin-flatfile.smx]  (line 81) Unknown group "Admins"
L 04/10/2020 - 22:33:39: [admin-flatfile.smx]  (line 89) Unknown group "Admins"
L 04/10/2020 - 22:33:42: [SM] Exception reported: Invalid file handle 0 (error 4)
L 04/10/2020 - 22:33:42: [SM] Blaming: sm_downloader.smx
L 04/10/2020 - 22:33:42: [SM] Call stack trace:
L 04/10/2020 - 22:33:42: [SM]   [0] ReadDirEntry
L 04/10/2020 - 22:33:42: [SM]   [1] Line 132, /home/forums/content/files/2/6/5/9/8/3/150553.attach::ReadFileFolder
L 04/10/2020 - 22:33:42: [SM]   [2] Line 190, /home/forums/content/files/2/6/5/9/8/3/150553.attach::ReadDownloads
L 04/10/2020 - 22:33:42: [SM]   [3] Line 112, /home/forums/content/files/2/6/5/9/8/3/150553.attach::OnMapStart
L 04/10/2020 - 22:33:47: [SM] Exception reported: Native is not bound
L 04/10/2020 - 22:33:47: [SM] Blaming: automessage.smx
L 04/10/2020 - 22:33:47: [SM] Call stack trace:
L 04/10/2020 - 22:33:47: [SM]   [0] BfWriteByte
L 04/10/2020 - 22:33:47: [SM]   [1] Line 347, /home/steam/csgo-ds/csgo/addons/sourcemod/scripting/include/colors.inc::CSayText2
L 04/10/2020 - 22:33:47: [SM]   [2] Line 74, /home/steam/csgo-ds/csgo/addons/sourcemod/scripting/include/colors.inc::CPrintToChat
L 04/10/2020 - 22:33:47: [SM]   [3] Line 152, automessage.sp::PrintAdverToAll
L 04/10/2020 - 22:33:47: [SM]   [4] Line 54, automessage.sp::Event_PrintAdvert
L 04/10/2020 - 22:34:03: SourceMod error session started
L 04/10/2020 - 22:34:03: Info (map "jb_summer_jail_v3") (file "/home/steam/csgo-ds/csgo/addons/sourcemod/logs/errors_20200410.log")
L 04/10/2020 - 22:34:03: [SM] Unable to load plugin "cmenu.smx": Native "EJBW_IsClientWarden" was not found
L 04/10/2020 - 22:34:03: [SM] Could not parse file "/home/steam/csgo-ds/csgo/addons/sourcemod/configs/maplists.cfg"
L 04/10/2020 - 22:34:03: [SM] Error on line 0 (col 0): Stream failed to open
L 04/10/2020 - 22:34:03: [admin-flatfile.smx] Error(s) detected parsing addons/sourcemod/configs/admin_overrides.cfg
L 04/10/2020 - 22:34:03: [admin-flatfile.smx]  (line 0) Stream failed to open
L 04/10/2020 - 22:34:03: [admin-flatfile.smx] Error(s) detected parsing addons/sourcemod/configs/admin_groups.cfg
L 04/10/2020 - 22:34:03: [admin-flatfile.smx]  (line 0) Stream failed to open
L 04/10/2020 - 22:34:03: [admin-flatfile.smx] Error(s) detected parsing addons/sourcemod/configs/admins.cfg
L 04/10/2020 - 22:34:03: [admin-flatfile.smx]  (line 45) Unknown group "Admins"
L 04/10/2020 - 22:34:03: [admin-flatfile.smx]  (line 54) Unknown group "Admins"
L 04/10/2020 - 22:34:03: [admin-flatfile.smx]  (line 63) Unknown group "Admins"
L 04/10/2020 - 22:34:03: [admin-flatfile.smx]  (line 72) Unknown group "Admins"
L 04/10/2020 - 22:34:03: [admin-flatfile.smx]  (line 81) Unknown group "Admins"
L 04/10/2020 - 22:34:03: [admin-flatfile.smx]  (line 89) Unknown group "Admins"
L 04/10/2020 - 22:34:06: [SM] Exception reported: Invalid file handle 0 (error 4)
L 04/10/2020 - 22:34:06: [SM] Blaming: sm_downloader.smx
L 04/10/2020 - 22:34:06: [SM] Call stack trace:
L 04/10/2020 - 22:34:06: [SM]   [0] ReadDirEntry
L 04/10/2020 - 22:34:06: [SM]   [1] Line 132, /home/forums/content/files/2/6/5/9/8/3/150553.attach::ReadFileFolder
L 04/10/2020 - 22:34:06: [SM]   [2] Line 190, /home/forums/content/files/2/6/5/9/8/3/150553.attach::ReadDownloads
L 04/10/2020 - 22:34:06: [SM]   [3] Line 112, /home/forums/content/files/2/6/5/9/8/3/150553.attach::OnMapStart
L 04/10/2020 - 22:34:36: Error log file session closed.
L 04/10/2020 - 22:34:36: SourceMod error session started
L 04/10/2020 - 22:34:36: Info (map "jb_summer_jail_v3") (file "/home/steam/csgo-ds/csgo/addons/sourcemod/logs/errors_20200410.log")
L 04/10/2020 - 22:34:36: [admin-flatfile.smx] Error(s) detected parsing addons/sourcemod/configs/admin_overrides.cfg
L 04/10/2020 - 22:34:36: [admin-flatfile.smx]  (line 0) Stream failed to open
L 04/10/2020 - 22:34:36: [admin-flatfile.smx] Error(s) detected parsing addons/sourcemod/configs/admin_groups.cfg
L 04/10/2020 - 22:34:36: [admin-flatfile.smx]  (line 0) Stream failed to open
L 04/10/2020 - 22:34:36: [admin-flatfile.smx] Error(s) detected parsing addons/sourcemod/configs/admins.cfg
L 04/10/2020 - 22:34:36: [admin-flatfile.smx]  (line 45) Unknown group "Admins"
L 04/10/2020 - 22:34:36: [admin-flatfile.smx]  (line 54) Unknown group "Admins"
L 04/10/2020 - 22:34:36: [admin-flatfile.smx]  (line 63) Unknown group "Admins"
L 04/10/2020 - 22:34:36: [admin-flatfile.smx]  (line 72) Unknown group "Admins"
L 04/10/2020 - 22:34:36: [admin-flatfile.smx]  (line 81) Unknown group "Admins"
L 04/10/2020 - 22:34:36: [admin-flatfile.smx]  (line 89) Unknown group "Admins"
L 04/10/2020 - 22:34:40: [SM] Exception reported: Invalid file handle 0 (error 4)
L 04/10/2020 - 22:34:40: [SM] Blaming: sm_downloader.smx
L 04/10/2020 - 22:34:40: [SM] Call stack trace:
L 04/10/2020 - 22:34:40: [SM]   [0] ReadDirEntry
L 04/10/2020 - 22:34:40: [SM]   [1] Line 132, /home/forums/content/files/2/6/5/9/8/3/150553.attach::ReadFileFolder
L 04/10/2020 - 22:34:40: [SM]   [2] Line 190, /home/forums/content/files/2/6/5/9/8/3/150553.attach::ReadDownloads
L 04/10/2020 - 22:34:40: [SM]   [3] Line 112, /home/forums/content/files/2/6/5/9/8/3/150553.attach::OnMapStart
L 04/10/2020 - 22:34:45: [SM] Exception reported: Native is not bound
L 04/10/2020 - 22:34:45: [SM] Blaming: automessage.smx
L 04/10/2020 - 22:34:45: [SM] Call stack trace:
L 04/10/2020 - 22:34:45: [SM]   [0] BfWriteByte
L 04/10/2020 - 22:34:45: [SM]   [1] Line 347, /home/steam/csgo-ds/csgo/addons/sourcemod/scripting/include/colors.inc::CSayText2
L 04/10/2020 - 22:34:45: [SM]   [2] Line 74, /home/steam/csgo-ds/csgo/addons/sourcemod/scripting/include/colors.inc::CPrintToChat
L 04/10/2020 - 22:34:45: [SM]   [3] Line 152, automessage.sp::PrintAdverToAll
L 04/10/2020 - 22:34:45: [SM]   [4] Line 54, automessage.sp::Event_PrintAdvert
L 04/10/2020 - 22:35:03: SourceMod error session started
L 04/10/2020 - 22:35:03: Info (map "jb_summer_jail_v3") (file "/home/steam/csgo-ds/csgo/addons/sourcemod/logs/errors_20200410.log")
L 04/10/2020 - 22:35:03: [SM] Unable to load plugin "cmenu.smx": Native "EJBW_IsClientWarden" was not found
L 04/10/2020 - 22:35:03: [SM] Could not parse file "/home/steam/csgo-ds/csgo/addons/sourcemod/configs/maplists.cfg"
L 04/10/2020 - 22:35:03: [SM] Error on line 0 (col 0): Stream failed to open
L 04/10/2020 - 22:35:03: [admin-flatfile.smx] Error(s) detected parsing addons/sourcemod/configs/admin_overrides.cfg
L 04/10/2020 - 22:35:03: [admin-flatfile.smx]  (line 0) Stream failed to open
L 04/10/2020 - 22:35:03: [admin-flatfile.smx] Error(s) detected parsing addons/sourcemod/configs/admin_groups.cfg
L 04/10/2020 - 22:35:03: [admin-flatfile.smx]  (line 0) Stream failed to open
L 04/10/2020 - 22:35:03: [admin-flatfile.smx] Error(s) detected parsing addons/sourcemod/configs/admins.cfg
L 04/10/2020 - 22:35:03: [admin-flatfile.smx]  (line 45) Unknown group "Admins"
L 04/10/2020 - 22:35:03: [admin-flatfile.smx]  (line 54) Unknown group "Admins"
L 04/10/2020 - 22:35:03: [admin-flatfile.smx]  (line 63) Unknown group "Admins"
L 04/10/2020 - 22:35:03: [admin-flatfile.smx]  (line 72) Unknown group "Admins"
L 04/10/2020 - 22:35:03: [admin-flatfile.smx]  (line 81) Unknown group "Admins"
L 04/10/2020 - 22:35:03: [admin-flatfile.smx]  (line 89) Unknown group "Admins"
L 04/10/2020 - 22:35:06: [SM] Exception reported: Invalid file handle 0 (error 4)
L 04/10/2020 - 22:35:06: [SM] Blaming: sm_downloader.smx
L 04/10/2020 - 22:35:06: [SM] Call stack trace:
L 04/10/2020 - 22:35:06: [SM]   [0] ReadDirEntry
L 04/10/2020 - 22:35:06: [SM]   [1] Line 132, /home/forums/content/files/2/6/5/9/8/3/150553.attach::ReadFileFolder
L 04/10/2020 - 22:35:06: [SM]   [2] Line 190, /home/forums/content/files/2/6/5/9/8/3/150553.attach::ReadDownloads
L 04/10/2020 - 22:35:06: [SM]   [3] Line 112, /home/forums/content/files/2/6/5/9/8/3/150553.attach::OnMapStart
L 04/10/2020 - 22:35:08: Error log file session closed.
L 04/10/2020 - 22:38:52: SourceMod error session started
L 04/10/2020 - 22:38:52: Info (map "jb_summer_jail_v3") (file "/home/steam/csgo-ds/csgo/addons/sourcemod/logs/errors_20200410.log")
L 04/10/2020 - 22:38:52: [SM] Unable to load plugin "cmenu.smx": Native "EJBW_IsClientWarden" was not found
L 04/10/2020 - 22:38:52: [SM] Could not parse file "/home/steam/csgo-ds/csgo/addons/sourcemod/configs/maplists.cfg"
L 04/10/2020 - 22:38:52: [SM] Error on line 0 (col 0): Stream failed to open
L 04/10/2020 - 22:38:52: [admin-flatfile.smx] Error(s) detected parsing addons/sourcemod/configs/admin_overrides.cfg
L 04/10/2020 - 22:38:52: [admin-flatfile.smx]  (line 0) Stream failed to open
L 04/10/2020 - 22:38:52: [admin-flatfile.smx] Error(s) detected parsing addons/sourcemod/configs/admin_groups.cfg
L 04/10/2020 - 22:38:52: [admin-flatfile.smx]  (line 0) Stream failed to open
L 04/10/2020 - 22:38:52: [admin-flatfile.smx] Error(s) detected parsing addons/sourcemod/configs/admins.cfg
L 04/10/2020 - 22:38:52: [admin-flatfile.smx]  (line 45) Unknown group "Admins"
L 04/10/2020 - 22:38:52: [admin-flatfile.smx]  (line 54) Unknown group "Admins"
L 04/10/2020 - 22:38:52: [admin-flatfile.smx]  (line 63) Unknown group "Admins"
L 04/10/2020 - 22:38:52: [admin-flatfile.smx]  (line 72) Unknown group "Admins"
L 04/10/2020 - 22:38:52: [admin-flatfile.smx]  (line 81) Unknown group "Admins"
L 04/10/2020 - 22:38:52: [admin-flatfile.smx]  (line 89) Unknown group "Admins"
L 04/10/2020 - 22:38:55: [SM] Exception reported: Invalid file handle 0 (error 4)
L 04/10/2020 - 22:38:55: [SM] Blaming: sm_downloader.smx
L 04/10/2020 - 22:38:55: [SM] Call stack trace:
L 04/10/2020 - 22:38:55: [SM]   [0] ReadDirEntry
L 04/10/2020 - 22:38:55: [SM]   [1] Line 132, /home/forums/content/files/2/6/5/9/8/3/150553.attach::ReadFileFolder
L 04/10/2020 - 22:38:55: [SM]   [2] Line 190, /home/forums/content/files/2/6/5/9/8/3/150553.attach::ReadDownloads
L 04/10/2020 - 22:38:55: [SM]   [3] Line 112, /home/forums/content/files/2/6/5/9/8/3/150553.attach::OnMapStart
L 04/10/2020 - 22:39:04: Error log file session closed.
L 04/10/2020 - 22:39:04: SourceMod error session started
L 04/10/2020 - 22:39:04: Info (map "jb_summer_jail_v3") (file "/home/steam/csgo-ds/csgo/addons/sourcemod/logs/errors_20200410.log")
L 04/10/2020 - 22:39:04: [admin-flatfile.smx] Error(s) detected parsing addons/sourcemod/configs/admin_overrides.cfg
L 04/10/2020 - 22:39:04: [admin-flatfile.smx]  (line 0) Stream failed to open
L 04/10/2020 - 22:39:04: [admin-flatfile.smx] Error(s) detected parsing addons/sourcemod/configs/admin_groups.cfg
L 04/10/2020 - 22:39:04: [admin-flatfile.smx]  (line 0) Stream failed to open
L 04/10/2020 - 22:39:04: [admin-flatfile.smx] Error(s) detected parsing addons/sourcemod/configs/admins.cfg
L 04/10/2020 - 22:39:04: [admin-flatfile.smx]  (line 45) Unknown group "Admins"
L 04/10/2020 - 22:39:04: [admin-flatfile.smx]  (line 54) Unknown group "Admins"
L 04/10/2020 - 22:39:04: [admin-flatfile.smx]  (line 63) Unknown group "Admins"
L 04/10/2020 - 22:39:04: [admin-flatfile.smx]  (line 72) Unknown group "Admins"
L 04/10/2020 - 22:39:04: [admin-flatfile.smx]  (line 81) Unknown group "Admins"
L 04/10/2020 - 22:39:04: [admin-flatfile.smx]  (line 89) Unknown group "Admins"
L 04/10/2020 - 22:39:07: [SM] Exception reported: Invalid file handle 0 (error 4)
L 04/10/2020 - 22:39:07: [SM] Blaming: sm_downloader.smx
L 04/10/2020 - 22:39:07: [SM] Call stack trace:
L 04/10/2020 - 22:39:07: [SM]   [0] ReadDirEntry
L 04/10/2020 - 22:39:07: [SM]   [1] Line 132, /home/forums/content/files/2/6/5/9/8/3/150553.attach::ReadFileFolder
L 04/10/2020 - 22:39:07: [SM]   [2] Line 190, /home/forums/content/files/2/6/5/9/8/3/150553.attach::ReadDownloads
L 04/10/2020 - 22:39:07: [SM]   [3] Line 112, /home/forums/content/files/2/6/5/9/8/3/150553.attach::OnMapStart
L 04/10/2020 - 22:54:49: Error log file session closed.
L 04/10/2020 - 22:55:05: SourceMod error session started
L 04/10/2020 - 22:55:05: Info (map "jb_summer_jail_v3") (file "/home/steam/csgo-ds/csgo/addons/sourcemod/logs/errors_20200410.log")
L 04/10/2020 - 22:55:05: [SM] Unable to load plugin "cmenu.smx": Native "EJBW_IsClientWarden" was not found
L 04/10/2020 - 22:55:05: [SM] Could not parse file "/home/steam/csgo-ds/csgo/addons/sourcemod/configs/maplists.cfg"
L 04/10/2020 - 22:55:05: [SM] Error on line 0 (col 0): Stream failed to open
L 04/10/2020 - 22:55:05: [admin-flatfile.smx] Error(s) detected parsing addons/sourcemod/configs/admin_overrides.cfg
L 04/10/2020 - 22:55:05: [admin-flatfile.smx]  (line 0) Stream failed to open
L 04/10/2020 - 22:55:05: [admin-flatfile.smx] Error(s) detected parsing addons/sourcemod/configs/admin_groups.cfg
L 04/10/2020 - 22:55:05: [admin-flatfile.smx]  (line 0) Stream failed to open
L 04/10/2020 - 22:55:05: [admin-flatfile.smx] Error(s) detected parsing addons/sourcemod/configs/admins.cfg
L 04/10/2020 - 22:55:05: [admin-flatfile.smx]  (line 45) Unknown group "Admins"
L 04/10/2020 - 22:55:05: [admin-flatfile.smx]  (line 54) Unknown group "Admins"
L 04/10/2020 - 22:55:05: [admin-flatfile.smx]  (line 63) Unknown group "Admins"
L 04/10/2020 - 22:55:05: [admin-flatfile.smx]  (line 72) Unknown group "Admins"
L 04/10/2020 - 22:55:05: [admin-flatfile.smx]  (line 81) Unknown group "Admins"
L 04/10/2020 - 22:55:05: [admin-flatfile.smx]  (line 89) Unknown group "Admins"
L 04/10/2020 - 22:55:09: [SM] Exception reported: Invalid file handle 0 (error 4)
L 04/10/2020 - 22:55:09: [SM] Blaming: sm_downloader.smx
L 04/10/2020 - 22:55:09: [SM] Call stack trace:
L 04/10/2020 - 22:55:09: [SM]   [0] ReadDirEntry
L 04/10/2020 - 22:55:09: [SM]   [1] Line 132, /home/forums/content/files/2/6/5/9/8/3/150553.attach::ReadFileFolder
L 04/10/2020 - 22:55:09: [SM]   [2] Line 190, /home/forums/content/files/2/6/5/9/8/3/150553.attach::ReadDownloads
L 04/10/2020 - 22:55:09: [SM]   [3] Line 112, /home/forums/content/files/2/6/5/9/8/3/150553.attach::OnMapStart
L 04/10/2020 - 22:56:19: Error log file session closed.
L 04/10/2020 - 22:56:19: SourceMod error session started
L 04/10/2020 - 22:56:19: Info (map "jb_summer_jail_v3") (file "/home/steam/csgo-ds/csgo/addons/sourcemod/logs/errors_20200410.log")
L 04/10/2020 - 22:56:19: [admin-flatfile.smx] Error(s) detected parsing addons/sourcemod/configs/admin_overrides.cfg
L 04/10/2020 - 22:56:19: [admin-flatfile.smx]  (line 0) Stream failed to open
L 04/10/2020 - 22:56:19: [admin-flatfile.smx] Error(s) detected parsing addons/sourcemod/configs/admin_groups.cfg
L 04/10/2020 - 22:56:19: [admin-flatfile.smx]  (line 0) Stream failed to open
L 04/10/2020 - 22:56:19: [admin-flatfile.smx] Error(s) detected parsing addons/sourcemod/configs/admins.cfg
L 04/10/2020 - 22:56:19: [admin-flatfile.smx]  (line 45) Unknown group "Admins"
L 04/10/2020 - 22:56:19: [admin-flatfile.smx]  (line 54) Unknown group "Admins"
L 04/10/2020 - 22:56:19: [admin-flatfile.smx]  (line 63) Unknown group "Admins"
L 04/10/2020 - 22:56:19: [admin-flatfile.smx]  (line 72) Unknown group "Admins"
L 04/10/2020 - 22:56:19: [admin-flatfile.smx]  (line 81) Unknown group "Admins"
L 04/10/2020 - 22:56:19: [admin-flatfile.smx]  (line 89) Unknown group "Admins"
L 04/10/2020 - 22:56:22: [SM] Exception reported: Invalid file handle 0 (error 4)
L 04/10/2020 - 22:56:22: [SM] Blaming: sm_downloader.smx
L 04/10/2020 - 22:56:22: [SM] Call stack trace:
L 04/10/2020 - 22:56:22: [SM]   [0] ReadDirEntry
L 04/10/2020 - 22:56:22: [SM]   [1] Line 132, /home/forums/content/files/2/6/5/9/8/3/150553.attach::ReadFileFolder
L 04/10/2020 - 22:56:22: [SM]   [2] Line 190, /home/forums/content/files/2/6/5/9/8/3/150553.attach::ReadDownloads
L 04/10/2020 - 22:56:22: [SM]   [3] Line 112, /home/forums/content/files/2/6/5/9/8/3/150553.attach::OnMapStart
L 04/11/2020 - 00:18:00: Error log file session closed.
