L 03/27/2020 - 17:48:18: SourceMod error session started
L 03/27/2020 - 17:48:18: Info (map "jb_obama_v5_beta") (file "/home/steam/csgo-ds/csgo/addons/sourcemod/logs/errors_20200327.log")
L 03/27/2020 - 17:48:18: [CLIENTPREFS] unable to open database file
L 03/27/2020 - 17:48:23: [CLIENTPREFS] unable to open database file
L 03/27/2020 - 17:48:23: Failed to auto generate config for basevotes.smx, make sure the directory has write permission.
L 03/27/2020 - 17:48:23: Failed to auto generate config for funvotes.smx, make sure the directory has write permission.
L 03/27/2020 - 17:48:23: Failed to auto generate config for funcommands.smx, make sure the directory has write permission.
L 03/27/2020 - 17:48:51: Error log file session closed.
L 03/27/2020 - 17:49:07: SourceMod error session started
L 03/27/2020 - 17:49:07: Info (map "jb_obama_v5_beta") (file "/home/steam/csgo-ds/csgo/addons/sourcemod/logs/errors_20200327.log")
L 03/27/2020 - 17:49:07: [CLIENTPREFS] unable to open database file
L 03/27/2020 - 17:49:09: [CLIENTPREFS] unable to open database file
L 03/27/2020 - 17:49:09: Failed to auto generate config for basevotes.smx, make sure the directory has write permission.
L 03/27/2020 - 17:49:09: Failed to auto generate config for funvotes.smx, make sure the directory has write permission.
L 03/27/2020 - 17:49:09: Failed to auto generate config for funcommands.smx, make sure the directory has write permission.
L 03/27/2020 - 17:49:23: Error log file session closed.
L 03/27/2020 - 17:49:39: SourceMod error session started
L 03/27/2020 - 17:49:39: Info (map "jb_obama_v5_beta") (file "/home/steam/csgo-ds/csgo/addons/sourcemod/logs/errors_20200327.log")
L 03/27/2020 - 17:49:39: [CLIENTPREFS] unable to open database file
L 03/27/2020 - 17:49:41: [CLIENTPREFS] unable to open database file
L 03/27/2020 - 17:49:41: Failed to auto generate config for basevotes.smx, make sure the directory has write permission.
L 03/27/2020 - 17:49:41: Failed to auto generate config for funvotes.smx, make sure the directory has write permission.
L 03/27/2020 - 17:49:41: Failed to auto generate config for funcommands.smx, make sure the directory has write permission.
L 03/27/2020 - 17:54:59: Error log file session closed.
L 03/27/2020 - 17:55:15: SourceMod error session started
L 03/27/2020 - 17:55:15: Info (map "jb_obama_v5_beta") (file "/home/steam/csgo-ds/csgo/addons/sourcemod/logs/errors_20200327.log")
L 03/27/2020 - 17:55:15: [CLIENTPREFS] unable to open database file
L 03/27/2020 - 17:55:18: [CLIENTPREFS] unable to open database file
L 03/27/2020 - 17:55:18: Failed to auto generate config for basevotes.smx, make sure the directory has write permission.
L 03/27/2020 - 17:55:18: Failed to auto generate config for funvotes.smx, make sure the directory has write permission.
L 03/27/2020 - 17:55:18: Failed to auto generate config for funcommands.smx, make sure the directory has write permission.
L 03/27/2020 - 17:56:08: Error log file session closed.
L 03/27/2020 - 20:30:31: SourceMod error session started
L 03/27/2020 - 20:30:31: Info (map "jb_obama_v5_beta") (file "/home/steam/csgo-ds/csgo/addons/sourcemod/logs/errors_20200327.log")
L 03/27/2020 - 20:30:31: [SM] Exception reported: Could not open file "/home/steam/csgo-ds/csgo/addons/sourcemod/logs/MyJailbreak/Events-20-03-27.log"
L 03/27/2020 - 20:30:31: [SM] Blaming: MyJailbreak/dealdamage.smx
L 03/27/2020 - 20:30:31: [SM] Call stack trace:
L 03/27/2020 - 20:30:31: [SM]   [0] LogToFileEx
L 03/27/2020 - 20:30:31: [SM]   [1] Line 534, addons/sourcemod/scripting/MyJailbreak/dealdamage.sp::Command_SetDealDamage
L 03/27/2020 - 20:30:31: [SM]   [3] FakeClientCommand
L 03/27/2020 - 20:30:31: [SM]   [4] Line 1752, addons/sourcemod/scripting/MyJailbreak/menu.sp::SetEventMenuHandler
L 03/27/2020 - 20:30:34: [SM] Exception reported: Could not open file "/home/steam/csgo-ds/csgo/addons/sourcemod/logs/MyJailbreak/Events-20-03-27.log"
L 03/27/2020 - 20:30:34: [SM] Blaming: MyJailbreak/dealdamage.smx
L 03/27/2020 - 20:30:34: [SM] Call stack trace:
L 03/27/2020 - 20:30:34: [SM]   [0] LogToFileEx
L 03/27/2020 - 20:30:34: [SM]   [1] Line 1459, addons/sourcemod/scripting/MyJailbreak/dealdamage.sp::CalcResults
L 03/27/2020 - 20:30:34: [SM]   [2] Line 710, addons/sourcemod/scripting/MyJailbreak/dealdamage.sp::Event_RoundEnd
L 03/27/2020 - 20:32:17: [SM] Exception reported: Could not open file "/home/steam/csgo-ds/csgo/addons/sourcemod/logs/MyJailbreak/Events-20-03-27.log"
L 03/27/2020 - 20:32:17: [SM] Blaming: MyJailbreak/dealdamage.smx
L 03/27/2020 - 20:32:17: [SM] Call stack trace:
L 03/27/2020 - 20:32:17: [SM]   [0] LogToFileEx
L 03/27/2020 - 20:32:17: [SM]   [1] Line 1459, addons/sourcemod/scripting/MyJailbreak/dealdamage.sp::CalcResults
L 03/27/2020 - 20:32:17: [SM]   [2] Line 710, addons/sourcemod/scripting/MyJailbreak/dealdamage.sp::Event_RoundEnd
L 03/27/2020 - 20:32:17: [SM]   [4] ForcePlayerSuicide
L 03/27/2020 - 20:32:17: [SM]   [5] Line 37, /home/builds/sourcemod/linux-1.10/build/plugins/playercommands/slay.sp::PerformSlay
L 03/27/2020 - 20:32:17: [SM]   [6] Line 108, /home/builds/sourcemod/linux-1.10/build/plugins/playercommands/slay.sp::MenuHandler_Slay
L 03/27/2020 - 20:32:43: [SM] Exception reported: Could not open file "/home/steam/csgo-ds/csgo/addons/sourcemod/logs/MyJailbreak/Events-20-03-27.log"
L 03/27/2020 - 20:32:43: [SM] Blaming: MyJailbreak/dealdamage.smx
L 03/27/2020 - 20:32:43: [SM] Call stack trace:
L 03/27/2020 - 20:32:43: [SM]   [0] LogToFileEx
L 03/27/2020 - 20:32:43: [SM]   [1] Line 1459, addons/sourcemod/scripting/MyJailbreak/dealdamage.sp::CalcResults
L 03/27/2020 - 20:32:43: [SM]   [2] Line 710, addons/sourcemod/scripting/MyJailbreak/dealdamage.sp::Event_RoundEnd
L 03/27/2020 - 20:32:43: [SM]   [4] ForcePlayerSuicide
L 03/27/2020 - 20:32:43: [SM]   [5] Line 37, /home/builds/sourcemod/linux-1.10/build/plugins/playercommands/slay.sp::PerformSlay
L 03/27/2020 - 20:32:43: [SM]   [6] Line 108, /home/builds/sourcemod/linux-1.10/build/plugins/playercommands/slay.sp::MenuHandler_Slay
L 03/27/2020 - 20:32:58: [SM] Exception reported: Could not open file "/home/steam/csgo-ds/csgo/addons/sourcemod/logs/MyJailbreak/Events-20-03-27.log"
L 03/27/2020 - 20:32:58: [SM] Blaming: MyJailbreak/dealdamage.smx
L 03/27/2020 - 20:32:58: [SM] Call stack trace:
L 03/27/2020 - 20:32:58: [SM]   [0] LogToFileEx
L 03/27/2020 - 20:32:58: [SM]   [1] Line 1459, addons/sourcemod/scripting/MyJailbreak/dealdamage.sp::CalcResults
L 03/27/2020 - 20:32:58: [SM]   [2] Line 710, addons/sourcemod/scripting/MyJailbreak/dealdamage.sp::Event_RoundEnd
L 03/27/2020 - 20:32:58: [SM]   [4] ForcePlayerSuicide
L 03/27/2020 - 20:32:58: [SM]   [5] Line 37, /home/builds/sourcemod/linux-1.10/build/plugins/playercommands/slay.sp::PerformSlay
L 03/27/2020 - 20:32:58: [SM]   [6] Line 108, /home/builds/sourcemod/linux-1.10/build/plugins/playercommands/slay.sp::MenuHandler_Slay
L 03/27/2020 - 20:33:09: [SM] Exception reported: Could not open file "/home/steam/csgo-ds/csgo/addons/sourcemod/logs/MyJailbreak/Events-20-03-27.log"
L 03/27/2020 - 20:33:09: [SM] Blaming: MyJailbreak/dealdamage.smx
L 03/27/2020 - 20:33:09: [SM] Call stack trace:
L 03/27/2020 - 20:33:09: [SM]   [0] LogToFileEx
L 03/27/2020 - 20:33:09: [SM]   [1] Line 1459, addons/sourcemod/scripting/MyJailbreak/dealdamage.sp::CalcResults
L 03/27/2020 - 20:33:09: [SM]   [2] Line 710, addons/sourcemod/scripting/MyJailbreak/dealdamage.sp::Event_RoundEnd
L 03/27/2020 - 20:33:09: [SM]   [4] ForcePlayerSuicide
L 03/27/2020 - 20:33:09: [SM]   [5] Line 37, /home/builds/sourcemod/linux-1.10/build/plugins/playercommands/slay.sp::PerformSlay
L 03/27/2020 - 20:33:09: [SM]   [6] Line 108, /home/builds/sourcemod/linux-1.10/build/plugins/playercommands/slay.sp::MenuHandler_Slay
L 03/27/2020 - 20:33:46: Error log file session closed.
L 03/27/2020 - 20:36:02: SourceMod error session started
L 03/27/2020 - 20:36:02: Info (map "jb_obama_v5_beta") (file "/home/steam/csgo-ds/csgo/addons/sourcemod/logs/errors_20200327.log")
L 03/27/2020 - 20:36:02: [SM] Exception reported: Cannot set m_iItemDefinitionIndex with "FollowCSGOServerGuidelines" option enabled.
L 03/27/2020 - 20:36:02: [SM] Blaming: sm_hosties.smx
L 03/27/2020 - 20:36:02: [SM] Call stack trace:
L 03/27/2020 - 20:36:02: [SM]   [0] SetEntProp
L 03/27/2020 - 20:36:02: [SM]   [1] Line 5170, hosties/lastrequest.sp::Timer_Countdown
L 03/27/2020 - 20:36:47: [SM] Exception reported: Cannot set m_iItemDefinitionIndex with "FollowCSGOServerGuidelines" option enabled.
L 03/27/2020 - 20:36:47: [SM] Blaming: sm_hosties.smx
L 03/27/2020 - 20:36:47: [SM] Call stack trace:
L 03/27/2020 - 20:36:47: [SM]   [0] SetEntProp
L 03/27/2020 - 20:36:47: [SM]   [1] Line 5185, hosties/lastrequest.sp::Timer_Countdown
L 03/27/2020 - 20:37:12: [SM] Exception reported: Invalid data pack position, 120 is out of bounds (18)
L 03/27/2020 - 20:37:12: [SM] Blaming: sm_hosties.smx
L 03/27/2020 - 20:37:12: [SM] Call stack trace:
L 03/27/2020 - 20:37:12: [SM]   [0] SetPackPosition
L 03/27/2020 - 20:37:12: [SM]   [1] Line 1611, hosties/lastrequest.sp::LastRequest_PlayerJump
L 03/27/2020 - 20:37:13: [SM] Exception reported: Invalid data pack position, 96 is out of bounds (18)
L 03/27/2020 - 20:37:13: [SM] Blaming: sm_hosties.smx
L 03/27/2020 - 20:37:13: [SM] Call stack trace:
L 03/27/2020 - 20:37:13: [SM]   [0] SetPackPosition
L 03/27/2020 - 20:37:13: [SM]   [1] Line 1600, hosties/lastrequest.sp::LastRequest_PlayerJump
L 03/27/2020 - 20:37:14: [SM] Exception reported: Invalid data pack position, 48 is out of bounds (18)
L 03/27/2020 - 20:37:14: [SM] Blaming: sm_hosties.smx
L 03/27/2020 - 20:37:14: [SM] Call stack trace:
L 03/27/2020 - 20:37:14: [SM]   [0] SetPackPosition
L 03/27/2020 - 20:37:14: [SM]   [1] Line 2166, hosties/lastrequest.sp::OnWeaponDrop
L 03/27/2020 - 20:37:22: [SM] Exception reported: Invalid data pack position, 72 is out of bounds (18)
L 03/27/2020 - 20:37:22: [SM] Blaming: sm_hosties.smx
L 03/27/2020 - 20:37:22: [SM] Call stack trace:
L 03/27/2020 - 20:37:22: [SM]   [0] SetPackPosition
L 03/27/2020 - 20:37:22: [SM]   [1] Line 2184, hosties/lastrequest.sp::OnWeaponDrop
L 03/27/2020 - 20:39:13: [SM] Exception reported: Cannot set m_iItemDefinitionIndex with "FollowCSGOServerGuidelines" option enabled.
L 03/27/2020 - 20:39:13: [SM] Blaming: sm_hosties.smx
L 03/27/2020 - 20:39:13: [SM] Call stack trace:
L 03/27/2020 - 20:39:13: [SM]   [0] SetEntProp
L 03/27/2020 - 20:39:13: [SM]   [1] Line 4051, hosties/lastrequest.sp::InitializeGame
L 03/27/2020 - 20:39:13: [SM]   [2] Line 3451, hosties/lastrequest.sp::MainPlayerHandler
L 03/27/2020 - 20:41:48: [SM] Exception reported: Could not open file "/home/steam/csgo-ds/csgo/addons/sourcemod/logs/MyJailbreak/Events-20-03-27.log"
L 03/27/2020 - 20:41:48: [SM] Blaming: MyJailbreak/noscope.smx
L 03/27/2020 - 20:41:48: [SM] Call stack trace:
L 03/27/2020 - 20:41:48: [SM]   [0] LogToFileEx
L 03/27/2020 - 20:41:48: [SM]   [1] Line 448, addons/sourcemod/scripting/MyJailbreak/noscope.sp::Command_SetNoScope
L 03/27/2020 - 20:41:48: [SM]   [3] FakeClientCommand
L 03/27/2020 - 20:41:48: [SM]   [4] Line 1752, addons/sourcemod/scripting/MyJailbreak/menu.sp::SetEventMenuHandler
L 03/27/2020 - 20:53:04: Error log file session closed.
L 03/27/2020 - 20:53:21: SourceMod error session started
L 03/27/2020 - 20:53:21: Info (map "jb_obama_v5_beta") (file "/home/steam/csgo-ds/csgo/addons/sourcemod/logs/errors_20200327.log")
L 03/27/2020 - 20:53:21: [SM] Exception reported: MyJailbreak Warden - Can't open File: addons/sourcemod/configs/MyJailbreak/orders.cfg
L 03/27/2020 - 20:53:21: [SM] Blaming: MyJailbreak/warden.smx
L 03/27/2020 - 20:53:21: [SM] Call stack trace:
L 03/27/2020 - 20:53:21: [SM]   [0] SetFailState
L 03/27/2020 - 20:53:21: [SM]   [1] Line 86, addons/sourcemod/scripting/MyJailbreak/MyJailbreak/Modules/Warden/orders.sp::Orders_OnMapStart
L 03/27/2020 - 20:53:21: [SM]   [2] Line 1197, addons/sourcemod/scripting/MyJailbreak/warden.sp::OnMapStart
L 03/27/2020 - 20:56:04: Error log file session closed.
L 03/27/2020 - 20:56:07: SourceMod error session started
L 03/27/2020 - 20:56:07: Info (map "jb_obama_v5_beta") (file "/home/steam/csgo-ds/csgo/addons/sourcemod/logs/errors_20200327.log")
L 03/27/2020 - 20:56:07: [SM] Exception reported: MyJailbreak Warden - Can't open File: addons/sourcemod/configs/MyJailbreak/orders.cfg
L 03/27/2020 - 20:56:07: [SM] Blaming: MyJailbreak/warden.smx
L 03/27/2020 - 20:56:07: [SM] Call stack trace:
L 03/27/2020 - 20:56:07: [SM]   [0] SetFailState
L 03/27/2020 - 20:56:07: [SM]   [1] Line 86, addons/sourcemod/scripting/MyJailbreak/MyJailbreak/Modules/Warden/orders.sp::Orders_OnMapStart
L 03/27/2020 - 20:56:07: [SM]   [2] Line 1197, addons/sourcemod/scripting/MyJailbreak/warden.sp::OnMapStart
L 03/27/2020 - 20:56:07: [SM] Exception reported: MyJailbreak Arms Race - Can't read addons/sourcemod/configs/MyJailbreak/armsrace.ini correctly! (ImportFromFile)
L 03/27/2020 - 20:56:07: [SM] Blaming: MyJailbreak/armsrace.smx
L 03/27/2020 - 20:56:07: [SM] Call stack trace:
L 03/27/2020 - 20:56:07: [SM]   [0] SetFailState
L 03/27/2020 - 20:56:07: [SM]   [1] Line 1118, addons/sourcemod/scripting/MyJailbreak/armsrace.sp::GetWeapons
L 03/27/2020 - 20:56:07: [SM]   [2] Line 300, addons/sourcemod/scripting/MyJailbreak/armsrace.sp::OnConfigsExecuted
L 03/27/2020 - 20:57:31: Error log file session closed.
L 03/27/2020 - 20:57:50: SourceMod error session started
L 03/27/2020 - 20:57:50: Info (map "jb_obama_v5_beta") (file "/home/steam/csgo-ds/csgo/addons/sourcemod/logs/errors_20200327.log")
L 03/27/2020 - 20:57:50: [SM] Exception reported: MyJailbreak Warden - Can't open File: addons/sourcemod/configs/MyJailbreak/orders.cfg
L 03/27/2020 - 20:57:50: [SM] Blaming: MyJailbreak/warden.smx
L 03/27/2020 - 20:57:50: [SM] Call stack trace:
L 03/27/2020 - 20:57:50: [SM]   [0] SetFailState
L 03/27/2020 - 20:57:50: [SM]   [1] Line 86, addons/sourcemod/scripting/MyJailbreak/MyJailbreak/Modules/Warden/orders.sp::Orders_OnMapStart
L 03/27/2020 - 20:57:50: [SM]   [2] Line 1197, addons/sourcemod/scripting/MyJailbreak/warden.sp::OnMapStart
L 03/27/2020 - 20:57:54: Error log file session closed.
L 03/27/2020 - 20:57:57: SourceMod error session started
L 03/27/2020 - 20:57:57: Info (map "jb_obama_v5_beta") (file "/home/steam/csgo-ds/csgo/addons/sourcemod/logs/errors_20200327.log")
L 03/27/2020 - 20:57:57: [SM] Exception reported: MyJailbreak Warden - Can't open File: addons/sourcemod/configs/MyJailbreak/orders.cfg
L 03/27/2020 - 20:57:57: [SM] Blaming: MyJailbreak/warden.smx
L 03/27/2020 - 20:57:57: [SM] Call stack trace:
L 03/27/2020 - 20:57:57: [SM]   [0] SetFailState
L 03/27/2020 - 20:57:57: [SM]   [1] Line 86, addons/sourcemod/scripting/MyJailbreak/MyJailbreak/Modules/Warden/orders.sp::Orders_OnMapStart
L 03/27/2020 - 20:57:57: [SM]   [2] Line 1197, addons/sourcemod/scripting/MyJailbreak/warden.sp::OnMapStart
L 03/27/2020 - 20:57:57: [SM] Exception reported: MyJailbreak Arms Race - Can't read addons/sourcemod/configs/MyJailbreak/armsrace.ini correctly! (ImportFromFile)
L 03/27/2020 - 20:57:57: [SM] Blaming: MyJailbreak/armsrace.smx
L 03/27/2020 - 20:57:57: [SM] Call stack trace:
L 03/27/2020 - 20:57:57: [SM]   [0] SetFailState
L 03/27/2020 - 20:57:57: [SM]   [1] Line 1118, addons/sourcemod/scripting/MyJailbreak/armsrace.sp::GetWeapons
L 03/27/2020 - 20:57:57: [SM]   [2] Line 300, addons/sourcemod/scripting/MyJailbreak/armsrace.sp::OnConfigsExecuted
L 03/27/2020 - 21:03:25: [SM] Exception reported: Could not open file "/home/steam/csgo-ds/csgo/addons/sourcemod/logs/MyJailbreak/Events-20-03-27.log"
L 03/27/2020 - 21:03:25: [SM] Blaming: MyJailbreak/noscope.smx
L 03/27/2020 - 21:03:25: [SM] Call stack trace:
L 03/27/2020 - 21:03:25: [SM]   [0] LogToFileEx
L 03/27/2020 - 21:03:25: [SM]   [1] Line 448, addons/sourcemod/scripting/MyJailbreak/noscope.sp::Command_SetNoScope
L 03/27/2020 - 21:03:25: [SM]   [3] FakeClientCommand
L 03/27/2020 - 21:03:25: [SM]   [4] Line 1752, addons/sourcemod/scripting/MyJailbreak/menu.sp::SetEventMenuHandler
L 03/27/2020 - 21:04:25: Error log file session closed.
L 03/27/2020 - 21:08:43: SourceMod error session started
L 03/27/2020 - 21:08:43: Info (map "jb_obama_v5_beta") (file "/home/steam/csgo-ds/csgo/addons/sourcemod/logs/errors_20200327.log")
L 03/27/2020 - 21:08:43: [SM] Exception reported: Invalid data pack position, 96 is out of bounds (18)
L 03/27/2020 - 21:08:43: [SM] Blaming: sm_hosties.smx
L 03/27/2020 - 21:08:43: [SM] Call stack trace:
L 03/27/2020 - 21:08:43: [SM]   [0] SetPackPosition
L 03/27/2020 - 21:08:43: [SM]   [1] Line 1600, hosties/lastrequest.sp::LastRequest_PlayerJump
L 03/27/2020 - 21:09:37: [SM] Exception reported: Could not open file "/home/steam/csgo-ds/csgo/addons/sourcemod/logs/MyJailbreak/Freekills-20-03-27.log"
L 03/27/2020 - 21:09:37: [SM] Blaming: MyJailbreak/request.smx
L 03/27/2020 - 21:09:37: [SM] Call stack trace:
L 03/27/2020 - 21:09:37: [SM]   [0] LogToFileEx
L 03/27/2020 - 21:09:37: [SM]   [1] Line 144, addons/sourcemod/scripting/MyJailbreak/MyJailbreak/Modules/Request/freekill.sp::Command_Freekill
L 03/27/2020 - 21:09:37: [SM]   [2] Line 143, addons/sourcemod/scripting/MyJailbreak/MyJailbreak/Modules/Request/killreason.sp::Handler_KillReason
L 03/27/2020 - 21:09:46: [SM] Exception reported: Cannot set m_iItemDefinitionIndex with "FollowCSGOServerGuidelines" option enabled.
L 03/27/2020 - 21:09:46: [SM] Blaming: sm_hosties.smx
L 03/27/2020 - 21:09:46: [SM] Call stack trace:
L 03/27/2020 - 21:09:46: [SM]   [0] SetEntProp
L 03/27/2020 - 21:09:46: [SM]   [1] Line 5185, hosties/lastrequest.sp::Timer_Countdown
L 03/27/2020 - 21:09:49: [SM] Exception reported: Could not open file "/home/steam/csgo-ds/csgo/addons/sourcemod/logs/MyJailbreak/Freekills-20-03-27.log"
L 03/27/2020 - 21:09:49: [SM] Blaming: MyJailbreak/request.smx
L 03/27/2020 - 21:09:49: [SM] Call stack trace:
L 03/27/2020 - 21:09:49: [SM]   [0] LogToFileEx
L 03/27/2020 - 21:09:49: [SM]   [1] Line 393, addons/sourcemod/scripting/MyJailbreak/MyJailbreak/Modules/Request/freekill.sp::RespawnHandler
L 03/27/2020 - 21:17:32: [SM] Exception reported: Could not open file "/home/steam/csgo-ds/csgo/addons/sourcemod/logs/MyJailbreak/Events-20-03-27.log"
L 03/27/2020 - 21:17:32: [SM] Blaming: MyJailbreak/ffa.smx
L 03/27/2020 - 21:17:32: [SM] Call stack trace:
L 03/27/2020 - 21:17:32: [SM]   [0] LogToFileEx
L 03/27/2020 - 21:17:32: [SM]   [1] Line 419, addons/sourcemod/scripting/MyJailbreak/ffa.sp::Command_Setffa
L 03/27/2020 - 21:17:32: [SM]   [3] FakeClientCommand
L 03/27/2020 - 21:17:32: [SM]   [4] Line 1752, addons/sourcemod/scripting/MyJailbreak/menu.sp::SetEventMenuHandler
L 03/27/2020 - 21:24:06: Error log file session closed.
