L 04/05/2020 - 15:26:17: SourceMod error session started
L 04/05/2020 - 15:26:17: Info (map "jb_obama_v5_beta") (file "/home/steam/csgo-ds/csgo/addons/sourcemod/logs/errors_20200405.log")
L 04/05/2020 - 15:26:17: [SM] Unable to load plugin "cmenu.smx": Native "EJBW_IsClientWarden" was not found
L 04/05/2020 - 15:26:18: [admin-flatfile.smx] Error(s) detected parsing addons/sourcemod/configs/admin_overrides.cfg
L 04/05/2020 - 15:26:18: [admin-flatfile.smx]  (line 0) Stream failed to open
L 04/05/2020 - 15:26:18: [admin-flatfile.smx] Error(s) detected parsing addons/sourcemod/configs/admin_groups.cfg
L 04/05/2020 - 15:26:18: [admin-flatfile.smx]  (line 0) Stream failed to open
L 04/05/2020 - 15:26:18: [admin-flatfile.smx] Error(s) detected parsing addons/sourcemod/configs/admins.cfg
L 04/05/2020 - 15:26:18: [admin-flatfile.smx]  (line 44) Unknown group "Admins"
L 04/05/2020 - 15:26:18: [admin-flatfile.smx]  (line 53) Unknown group "Admins"
L 04/05/2020 - 15:26:18: [admin-flatfile.smx]  (line 62) Unknown group "Admins"
L 04/05/2020 - 15:26:18: [admin-flatfile.smx]  (line 71) Unknown group "Admins"
L 04/05/2020 - 15:26:18: [admin-flatfile.smx]  (line 80) Unknown group "Admins"
L 04/05/2020 - 15:26:18: [admin-flatfile.smx]  (line 88) Unknown group "Admins"
L 04/05/2020 - 15:26:23: [SM] Exception reported: Fatal error: Missing "Terrorists" section!
L 04/05/2020 - 15:26:23: [SM] Blaming: csgo_skins.smx
L 04/05/2020 - 15:26:23: [SM] Call stack trace:
L 04/05/2020 - 15:26:23: [SM]   [0] SetFailState
L 04/05/2020 - 15:26:23: [SM]   [1] Line 342, C:\csgo_skins.sp::PrepareConfig
L 04/05/2020 - 15:26:23: [SM]   [2] Line 120, C:\csgo_skins.sp::OnMapStart
L 04/05/2020 - 15:27:53: Error log file session closed.
L 04/05/2020 - 15:27:53: SourceMod error session started
L 04/05/2020 - 15:27:53: Info (map "jb_obama_v5_beta") (file "/home/steam/csgo-ds/csgo/addons/sourcemod/logs/errors_20200405.log")
L 04/05/2020 - 15:27:53: [admin-flatfile.smx] Error(s) detected parsing addons/sourcemod/configs/admin_overrides.cfg
L 04/05/2020 - 15:27:53: [admin-flatfile.smx]  (line 0) Stream failed to open
L 04/05/2020 - 15:27:53: [admin-flatfile.smx] Error(s) detected parsing addons/sourcemod/configs/admin_groups.cfg
L 04/05/2020 - 15:27:53: [admin-flatfile.smx]  (line 0) Stream failed to open
L 04/05/2020 - 15:27:53: [admin-flatfile.smx] Error(s) detected parsing addons/sourcemod/configs/admins.cfg
L 04/05/2020 - 15:27:53: [admin-flatfile.smx]  (line 44) Unknown group "Admins"
L 04/05/2020 - 15:27:53: [admin-flatfile.smx]  (line 53) Unknown group "Admins"
L 04/05/2020 - 15:27:53: [admin-flatfile.smx]  (line 62) Unknown group "Admins"
L 04/05/2020 - 15:27:53: [admin-flatfile.smx]  (line 71) Unknown group "Admins"
L 04/05/2020 - 15:27:53: [admin-flatfile.smx]  (line 80) Unknown group "Admins"
L 04/05/2020 - 15:27:53: [admin-flatfile.smx]  (line 88) Unknown group "Admins"
L 04/05/2020 - 15:27:56: [SM] Exception reported: Fatal error: Missing "Terrorists" section!
L 04/05/2020 - 15:27:56: [SM] Blaming: csgo_skins.smx
L 04/05/2020 - 15:27:56: [SM] Call stack trace:
L 04/05/2020 - 15:27:56: [SM]   [0] SetFailState
L 04/05/2020 - 15:27:56: [SM]   [1] Line 342, C:\csgo_skins.sp::PrepareConfig
L 04/05/2020 - 15:27:56: [SM]   [2] Line 120, C:\csgo_skins.sp::OnMapStart
L 04/05/2020 - 15:27:56: [nextmap.smx] FATAL: Cannot load map cycle. Nextmap not loaded.
L 04/05/2020 - 15:27:56: [SM] Exception reported: Mapcycle Not Found
L 04/05/2020 - 15:27:56: [SM] Blaming: nextmap.smx
L 04/05/2020 - 15:27:56: [SM] Call stack trace:
L 04/05/2020 - 15:27:56: [SM]   [0] SetFailState
L 04/05/2020 - 15:27:56: [SM]   [1] Line 143, /home/builds/sourcemod/linux-1.10/build/plugins/nextmap.sp::FindAndSetNextMap
L 04/05/2020 - 15:27:56: [SM]   [2] Line 113, /home/builds/sourcemod/linux-1.10/build/plugins/nextmap.sp::OnConfigsExecuted
L 04/05/2020 - 15:30:14: Error log file session closed.
L 04/05/2020 - 15:30:24: SourceMod error session started
L 04/05/2020 - 15:30:24: Info (map "jb_obama_v5_beta") (file "/home/steam/csgo-ds/csgo/addons/sourcemod/logs/errors_20200405.log")
L 04/05/2020 - 15:30:24: [SM] Unable to load plugin "cmenu.smx": Native "EJBW_IsClientWarden" was not found
L 04/05/2020 - 15:30:24: [admin-flatfile.smx] Error(s) detected parsing addons/sourcemod/configs/admin_overrides.cfg
L 04/05/2020 - 15:30:24: [admin-flatfile.smx]  (line 0) Stream failed to open
L 04/05/2020 - 15:30:24: [admin-flatfile.smx] Error(s) detected parsing addons/sourcemod/configs/admin_groups.cfg
L 04/05/2020 - 15:30:24: [admin-flatfile.smx]  (line 0) Stream failed to open
L 04/05/2020 - 15:30:24: [admin-flatfile.smx] Error(s) detected parsing addons/sourcemod/configs/admins.cfg
L 04/05/2020 - 15:30:24: [admin-flatfile.smx]  (line 44) Unknown group "Admins"
L 04/05/2020 - 15:30:24: [admin-flatfile.smx]  (line 53) Unknown group "Admins"
L 04/05/2020 - 15:30:24: [admin-flatfile.smx]  (line 62) Unknown group "Admins"
L 04/05/2020 - 15:30:24: [admin-flatfile.smx]  (line 71) Unknown group "Admins"
L 04/05/2020 - 15:30:24: [admin-flatfile.smx]  (line 80) Unknown group "Admins"
L 04/05/2020 - 15:30:24: [admin-flatfile.smx]  (line 88) Unknown group "Admins"
L 04/05/2020 - 15:30:28: [SM] Exception reported: Fatal error: Missing "Terrorists" section!
L 04/05/2020 - 15:30:28: [SM] Blaming: csgo_skins.smx
L 04/05/2020 - 15:30:28: [SM] Call stack trace:
L 04/05/2020 - 15:30:28: [SM]   [0] SetFailState
L 04/05/2020 - 15:30:28: [SM]   [1] Line 342, C:\csgo_skins.sp::PrepareConfig
L 04/05/2020 - 15:30:28: [SM]   [2] Line 120, C:\csgo_skins.sp::OnMapStart
L 04/05/2020 - 15:31:55: Error log file session closed.
L 04/05/2020 - 15:31:55: SourceMod error session started
L 04/05/2020 - 15:31:55: Info (map "jb_obama_v5_beta") (file "/home/steam/csgo-ds/csgo/addons/sourcemod/logs/errors_20200405.log")
L 04/05/2020 - 15:31:55: [admin-flatfile.smx] Error(s) detected parsing addons/sourcemod/configs/admin_overrides.cfg
L 04/05/2020 - 15:31:55: [admin-flatfile.smx]  (line 0) Stream failed to open
L 04/05/2020 - 15:31:55: [admin-flatfile.smx] Error(s) detected parsing addons/sourcemod/configs/admin_groups.cfg
L 04/05/2020 - 15:31:55: [admin-flatfile.smx]  (line 0) Stream failed to open
L 04/05/2020 - 15:31:55: [admin-flatfile.smx] Error(s) detected parsing addons/sourcemod/configs/admins.cfg
L 04/05/2020 - 15:31:55: [admin-flatfile.smx]  (line 44) Unknown group "Admins"
L 04/05/2020 - 15:31:55: [admin-flatfile.smx]  (line 53) Unknown group "Admins"
L 04/05/2020 - 15:31:55: [admin-flatfile.smx]  (line 62) Unknown group "Admins"
L 04/05/2020 - 15:31:55: [admin-flatfile.smx]  (line 71) Unknown group "Admins"
L 04/05/2020 - 15:31:55: [admin-flatfile.smx]  (line 80) Unknown group "Admins"
L 04/05/2020 - 15:31:55: [admin-flatfile.smx]  (line 88) Unknown group "Admins"
L 04/05/2020 - 15:31:59: [SM] Exception reported: Fatal error: Missing "Terrorists" section!
L 04/05/2020 - 15:31:59: [SM] Blaming: csgo_skins.smx
L 04/05/2020 - 15:31:59: [SM] Call stack trace:
L 04/05/2020 - 15:31:59: [SM]   [0] SetFailState
L 04/05/2020 - 15:31:59: [SM]   [1] Line 342, C:\csgo_skins.sp::PrepareConfig
L 04/05/2020 - 15:31:59: [SM]   [2] Line 120, C:\csgo_skins.sp::OnMapStart
L 04/05/2020 - 15:31:59: [nextmap.smx] FATAL: Cannot load map cycle. Nextmap not loaded.
L 04/05/2020 - 15:31:59: [SM] Exception reported: Mapcycle Not Found
L 04/05/2020 - 15:31:59: [SM] Blaming: nextmap.smx
L 04/05/2020 - 15:31:59: [SM] Call stack trace:
L 04/05/2020 - 15:31:59: [SM]   [0] SetFailState
L 04/05/2020 - 15:31:59: [SM]   [1] Line 143, /home/builds/sourcemod/linux-1.10/build/plugins/nextmap.sp::FindAndSetNextMap
L 04/05/2020 - 15:31:59: [SM]   [2] Line 113, /home/builds/sourcemod/linux-1.10/build/plugins/nextmap.sp::OnConfigsExecuted
L 04/05/2020 - 15:33:13: Error log file session closed.
L 04/05/2020 - 15:33:13: SourceMod error session started
L 04/05/2020 - 15:33:13: Info (map "jb_obama_v5_beta") (file "/home/steam/csgo-ds/csgo/addons/sourcemod/logs/errors_20200405.log")
L 04/05/2020 - 15:33:13: [admin-flatfile.smx] Error(s) detected parsing addons/sourcemod/configs/admin_overrides.cfg
L 04/05/2020 - 15:33:13: [admin-flatfile.smx]  (line 0) Stream failed to open
L 04/05/2020 - 15:33:13: [admin-flatfile.smx] Error(s) detected parsing addons/sourcemod/configs/admin_groups.cfg
L 04/05/2020 - 15:33:13: [admin-flatfile.smx]  (line 0) Stream failed to open
L 04/05/2020 - 15:33:13: [admin-flatfile.smx] Error(s) detected parsing addons/sourcemod/configs/admins.cfg
L 04/05/2020 - 15:33:13: [admin-flatfile.smx]  (line 44) Unknown group "Admins"
L 04/05/2020 - 15:33:13: [admin-flatfile.smx]  (line 53) Unknown group "Admins"
L 04/05/2020 - 15:33:13: [admin-flatfile.smx]  (line 62) Unknown group "Admins"
L 04/05/2020 - 15:33:13: [admin-flatfile.smx]  (line 71) Unknown group "Admins"
L 04/05/2020 - 15:33:13: [admin-flatfile.smx]  (line 80) Unknown group "Admins"
L 04/05/2020 - 15:33:13: [admin-flatfile.smx]  (line 88) Unknown group "Admins"
L 04/05/2020 - 15:33:16: [SM] Exception reported: Fatal error: Missing "Terrorists" section!
L 04/05/2020 - 15:33:16: [SM] Blaming: csgo_skins.smx
L 04/05/2020 - 15:33:16: [SM] Call stack trace:
L 04/05/2020 - 15:33:16: [SM]   [0] SetFailState
L 04/05/2020 - 15:33:16: [SM]   [1] Line 342, C:\csgo_skins.sp::PrepareConfig
L 04/05/2020 - 15:33:16: [SM]   [2] Line 120, C:\csgo_skins.sp::OnMapStart
L 04/05/2020 - 15:33:17: [nextmap.smx] FATAL: Cannot load map cycle. Nextmap not loaded.
L 04/05/2020 - 15:33:17: [SM] Exception reported: Mapcycle Not Found
L 04/05/2020 - 15:33:17: [SM] Blaming: nextmap.smx
L 04/05/2020 - 15:33:17: [SM] Call stack trace:
L 04/05/2020 - 15:33:17: [SM]   [0] SetFailState
L 04/05/2020 - 15:33:17: [SM]   [1] Line 143, /home/builds/sourcemod/linux-1.10/build/plugins/nextmap.sp::FindAndSetNextMap
L 04/05/2020 - 15:33:17: [SM]   [2] Line 113, /home/builds/sourcemod/linux-1.10/build/plugins/nextmap.sp::OnConfigsExecuted
L 04/05/2020 - 15:36:26: [SM] Exception reported: Could not open file "/home/steam/csgo-ds/csgo/addons/sourcemod/logs/MyJailbreak/Events-20-04-05.log"
L 04/05/2020 - 15:36:26: [SM] Blaming: MyJailbreak/war.smx
L 04/05/2020 - 15:36:26: [SM] Call stack trace:
L 04/05/2020 - 15:36:26: [SM]   [0] LogToFileEx
L 04/05/2020 - 15:36:26: [SM]   [1] Line 421, addons/sourcemod/scripting/MyJailbreak/war.sp::Command_SetWar
L 04/05/2020 - 15:36:26: [SM]   [3] FakeClientCommand
L 04/05/2020 - 15:36:26: [SM]   [4] Line 1752, addons/sourcemod/scripting/MyJailbreak/menu.sp::SetEventMenuHandler
L 04/05/2020 - 15:47:12: [SM] Exception reported: Could not open file "/home/steam/csgo-ds/csgo/addons/sourcemod/logs/MyJailbreak/Events-20-04-05.log"
L 04/05/2020 - 15:47:12: [SM] Blaming: MyJailbreak/war.smx
L 04/05/2020 - 15:47:12: [SM] Call stack trace:
L 04/05/2020 - 15:47:12: [SM]   [0] LogToFileEx
L 04/05/2020 - 15:47:12: [SM]   [1] Line 421, addons/sourcemod/scripting/MyJailbreak/war.sp::Command_SetWar
L 04/05/2020 - 15:47:12: [SM]   [3] FakeClientCommand
L 04/05/2020 - 15:47:12: [SM]   [4] Line 1752, addons/sourcemod/scripting/MyJailbreak/menu.sp::SetEventMenuHandler
L 04/05/2020 - 15:49:01: [SM] Exception reported: Could not open file "/home/steam/csgo-ds/csgo/addons/sourcemod/logs/MyJailbreak/Events-20-04-05.log"
L 04/05/2020 - 15:49:01: [SM] Blaming: MyJailbreak/war.smx
L 04/05/2020 - 15:49:01: [SM] Call stack trace:
L 04/05/2020 - 15:49:01: [SM]   [0] LogToFileEx
L 04/05/2020 - 15:49:01: [SM]   [1] Line 421, addons/sourcemod/scripting/MyJailbreak/war.sp::Command_SetWar
L 04/05/2020 - 15:49:01: [SM]   [3] FakeClientCommand
L 04/05/2020 - 15:49:01: [SM]   [4] Line 1752, addons/sourcemod/scripting/MyJailbreak/menu.sp::SetEventMenuHandler
L 04/05/2020 - 15:50:50: [SM] Exception reported: Could not open file "/home/steam/csgo-ds/csgo/addons/sourcemod/logs/MyJailbreak/Events-20-04-05.log"
L 04/05/2020 - 15:50:50: [SM] Blaming: MyJailbreak/war.smx
L 04/05/2020 - 15:50:50: [SM] Call stack trace:
L 04/05/2020 - 15:50:50: [SM]   [0] LogToFileEx
L 04/05/2020 - 15:50:50: [SM]   [1] Line 421, addons/sourcemod/scripting/MyJailbreak/war.sp::Command_SetWar
L 04/05/2020 - 15:50:50: [SM]   [3] FakeClientCommand
L 04/05/2020 - 15:50:50: [SM]   [4] Line 1752, addons/sourcemod/scripting/MyJailbreak/menu.sp::SetEventMenuHandler
L 04/05/2020 - 15:56:27: [SM] Exception reported: Invalid data pack position, 120 is out of bounds (18)
L 04/05/2020 - 15:56:27: [SM] Blaming: sm_hosties.smx
L 04/05/2020 - 15:56:27: [SM] Call stack trace:
L 04/05/2020 - 15:56:27: [SM]   [0] SetPackPosition
L 04/05/2020 - 15:56:27: [SM]   [1] Line 1674, hosties/lastrequest.sp::LastRequest_PlayerJump
L 04/05/2020 - 15:56:30: [SM] Exception reported: Invalid data pack position, 120 is out of bounds (18)
L 04/05/2020 - 15:56:30: [SM] Blaming: sm_hosties.smx
L 04/05/2020 - 15:56:30: [SM] Call stack trace:
L 04/05/2020 - 15:56:30: [SM]   [0] SetPackPosition
L 04/05/2020 - 15:56:30: [SM]   [1] Line 1674, hosties/lastrequest.sp::LastRequest_PlayerJump
L 04/05/2020 - 15:56:36: [SM] Exception reported: Invalid data pack position, 96 is out of bounds (18)
L 04/05/2020 - 15:56:36: [SM] Blaming: sm_hosties.smx
L 04/05/2020 - 15:56:36: [SM] Call stack trace:
L 04/05/2020 - 15:56:36: [SM]   [0] SetPackPosition
L 04/05/2020 - 15:56:36: [SM]   [1] Line 1663, hosties/lastrequest.sp::LastRequest_PlayerJump
L 04/05/2020 - 15:56:36: [SM] Exception reported: Invalid data pack position, 48 is out of bounds (18)
L 04/05/2020 - 15:56:36: [SM] Blaming: sm_hosties.smx
L 04/05/2020 - 15:56:36: [SM] Call stack trace:
L 04/05/2020 - 15:56:36: [SM]   [0] SetPackPosition
L 04/05/2020 - 15:56:36: [SM]   [1] Line 2226, hosties/lastrequest.sp::OnWeaponDrop
L 04/05/2020 - 15:56:39: [SM] Exception reported: Invalid data pack position, 120 is out of bounds (18)
L 04/05/2020 - 15:56:39: [SM] Blaming: sm_hosties.smx
L 04/05/2020 - 15:56:39: [SM] Call stack trace:
L 04/05/2020 - 15:56:39: [SM]   [0] SetPackPosition
L 04/05/2020 - 15:56:39: [SM]   [1] Line 1674, hosties/lastrequest.sp::LastRequest_PlayerJump
L 04/05/2020 - 15:56:40: [SM] Exception reported: Invalid data pack position, 72 is out of bounds (18)
L 04/05/2020 - 15:56:40: [SM] Blaming: sm_hosties.smx
L 04/05/2020 - 15:56:40: [SM] Call stack trace:
L 04/05/2020 - 15:56:40: [SM]   [0] SetPackPosition
L 04/05/2020 - 15:56:40: [SM]   [1] Line 2244, hosties/lastrequest.sp::OnWeaponDrop
L 04/05/2020 - 15:57:15: SourceMod error session started
L 04/05/2020 - 15:57:15: Info (map "jb_obama_v5_beta") (file "/home/steam/csgo-ds/csgo/addons/sourcemod/logs/errors_20200405.log")
L 04/05/2020 - 15:57:15: [SM] Unable to load plugin "cmenu.smx": Native "EJBW_IsClientWarden" was not found
L 04/05/2020 - 15:57:15: [admin-flatfile.smx] Error(s) detected parsing addons/sourcemod/configs/admin_overrides.cfg
L 04/05/2020 - 15:57:15: [admin-flatfile.smx]  (line 0) Stream failed to open
L 04/05/2020 - 15:57:15: [admin-flatfile.smx] Error(s) detected parsing addons/sourcemod/configs/admin_groups.cfg
L 04/05/2020 - 15:57:15: [admin-flatfile.smx]  (line 0) Stream failed to open
L 04/05/2020 - 15:57:15: [admin-flatfile.smx] Error(s) detected parsing addons/sourcemod/configs/admins.cfg
L 04/05/2020 - 15:57:15: [admin-flatfile.smx]  (line 44) Unknown group "Admins"
L 04/05/2020 - 15:57:15: [admin-flatfile.smx]  (line 53) Unknown group "Admins"
L 04/05/2020 - 15:57:15: [admin-flatfile.smx]  (line 62) Unknown group "Admins"
L 04/05/2020 - 15:57:15: [admin-flatfile.smx]  (line 71) Unknown group "Admins"
L 04/05/2020 - 15:57:15: [admin-flatfile.smx]  (line 80) Unknown group "Admins"
L 04/05/2020 - 15:57:15: [admin-flatfile.smx]  (line 88) Unknown group "Admins"
L 04/05/2020 - 15:57:18: [SM] Exception reported: Fatal error: Missing "Terrorists" section!
L 04/05/2020 - 15:57:18: [SM] Blaming: csgo_skins.smx
L 04/05/2020 - 15:57:18: [SM] Call stack trace:
L 04/05/2020 - 15:57:18: [SM]   [0] SetFailState
L 04/05/2020 - 15:57:18: [SM]   [1] Line 342, C:\csgo_skins.sp::PrepareConfig
L 04/05/2020 - 15:57:18: [SM]   [2] Line 120, C:\csgo_skins.sp::OnMapStart
L 04/05/2020 - 15:57:27: Error log file session closed.
L 04/05/2020 - 15:57:43: SourceMod error session started
L 04/05/2020 - 15:57:43: Info (map "jb_obama_v5_beta") (file "/home/steam/csgo-ds/csgo/addons/sourcemod/logs/errors_20200405.log")
L 04/05/2020 - 15:57:43: [SM] Unable to load plugin "cmenu.smx": Native "EJBW_IsClientWarden" was not found
L 04/05/2020 - 15:57:43: [admin-flatfile.smx] Error(s) detected parsing addons/sourcemod/configs/admin_overrides.cfg
L 04/05/2020 - 15:57:43: [admin-flatfile.smx]  (line 0) Stream failed to open
L 04/05/2020 - 15:57:43: [admin-flatfile.smx] Error(s) detected parsing addons/sourcemod/configs/admin_groups.cfg
L 04/05/2020 - 15:57:43: [admin-flatfile.smx]  (line 0) Stream failed to open
L 04/05/2020 - 15:57:43: [admin-flatfile.smx] Error(s) detected parsing addons/sourcemod/configs/admins.cfg
L 04/05/2020 - 15:57:43: [admin-flatfile.smx]  (line 44) Unknown group "Admins"
L 04/05/2020 - 15:57:43: [admin-flatfile.smx]  (line 53) Unknown group "Admins"
L 04/05/2020 - 15:57:43: [admin-flatfile.smx]  (line 62) Unknown group "Admins"
L 04/05/2020 - 15:57:43: [admin-flatfile.smx]  (line 71) Unknown group "Admins"
L 04/05/2020 - 15:57:43: [admin-flatfile.smx]  (line 80) Unknown group "Admins"
L 04/05/2020 - 15:57:43: [admin-flatfile.smx]  (line 88) Unknown group "Admins"
L 04/05/2020 - 15:57:46: [SM] Exception reported: Fatal error: Missing "Terrorists" section!
L 04/05/2020 - 15:57:46: [SM] Blaming: csgo_skins.smx
L 04/05/2020 - 15:57:46: [SM] Call stack trace:
L 04/05/2020 - 15:57:46: [SM]   [0] SetFailState
L 04/05/2020 - 15:57:46: [SM]   [1] Line 342, C:\csgo_skins.sp::PrepareConfig
L 04/05/2020 - 15:57:46: [SM]   [2] Line 120, C:\csgo_skins.sp::OnMapStart
L 04/05/2020 - 16:06:05: Error log file session closed.
L 04/05/2020 - 16:06:05: SourceMod error session started
L 04/05/2020 - 16:06:05: Info (map "jb_obama_v5_beta") (file "/home/steam/csgo-ds/csgo/addons/sourcemod/logs/errors_20200405.log")
L 04/05/2020 - 16:06:05: [admin-flatfile.smx] Error(s) detected parsing addons/sourcemod/configs/admin_overrides.cfg
L 04/05/2020 - 16:06:05: [admin-flatfile.smx]  (line 0) Stream failed to open
L 04/05/2020 - 16:06:05: [admin-flatfile.smx] Error(s) detected parsing addons/sourcemod/configs/admin_groups.cfg
L 04/05/2020 - 16:06:05: [admin-flatfile.smx]  (line 0) Stream failed to open
L 04/05/2020 - 16:06:05: [admin-flatfile.smx] Error(s) detected parsing addons/sourcemod/configs/admins.cfg
L 04/05/2020 - 16:06:05: [admin-flatfile.smx]  (line 44) Unknown group "Admins"
L 04/05/2020 - 16:06:05: [admin-flatfile.smx]  (line 53) Unknown group "Admins"
L 04/05/2020 - 16:06:05: [admin-flatfile.smx]  (line 62) Unknown group "Admins"
L 04/05/2020 - 16:06:05: [admin-flatfile.smx]  (line 71) Unknown group "Admins"
L 04/05/2020 - 16:06:05: [admin-flatfile.smx]  (line 80) Unknown group "Admins"
L 04/05/2020 - 16:06:05: [admin-flatfile.smx]  (line 88) Unknown group "Admins"
L 04/05/2020 - 16:06:08: [SM] Exception reported: Fatal error: Missing "Terrorists" section!
L 04/05/2020 - 16:06:08: [SM] Blaming: csgo_skins.smx
L 04/05/2020 - 16:06:08: [SM] Call stack trace:
L 04/05/2020 - 16:06:08: [SM]   [0] SetFailState
L 04/05/2020 - 16:06:08: [SM]   [1] Line 342, C:\csgo_skins.sp::PrepareConfig
L 04/05/2020 - 16:06:08: [SM]   [2] Line 120, C:\csgo_skins.sp::OnMapStart
L 04/05/2020 - 16:06:08: [nextmap.smx] FATAL: Cannot load map cycle. Nextmap not loaded.
L 04/05/2020 - 16:06:08: [SM] Exception reported: Mapcycle Not Found
L 04/05/2020 - 16:06:08: [SM] Blaming: nextmap.smx
L 04/05/2020 - 16:06:08: [SM] Call stack trace:
L 04/05/2020 - 16:06:08: [SM]   [0] SetFailState
L 04/05/2020 - 16:06:08: [SM]   [1] Line 143, /home/builds/sourcemod/linux-1.10/build/plugins/nextmap.sp::FindAndSetNextMap
L 04/05/2020 - 16:06:08: [SM]   [2] Line 113, /home/builds/sourcemod/linux-1.10/build/plugins/nextmap.sp::OnConfigsExecuted
L 04/05/2020 - 16:08:08: [SM] Exception reported: Could not open file "/home/steam/csgo-ds/csgo/addons/sourcemod/logs/MyJailbreak/Events-20-04-05.log"
L 04/05/2020 - 16:08:08: [SM] Blaming: MyJailbreak/war.smx
L 04/05/2020 - 16:08:08: [SM] Call stack trace:
L 04/05/2020 - 16:08:08: [SM]   [0] LogToFileEx
L 04/05/2020 - 16:08:08: [SM]   [1] Line 421, addons/sourcemod/scripting/MyJailbreak/war.sp::Command_SetWar
L 04/05/2020 - 16:08:08: [SM]   [3] FakeClientCommand
L 04/05/2020 - 16:08:08: [SM]   [4] Line 1752, addons/sourcemod/scripting/MyJailbreak/menu.sp::SetEventMenuHandler
L 04/05/2020 - 16:10:37: SourceMod error session started
L 04/05/2020 - 16:10:37: Info (map "jb_obama_v5_beta") (file "/home/steam/csgo-ds/csgo/addons/sourcemod/logs/errors_20200405.log")
L 04/05/2020 - 16:10:37: [SM] Unable to load plugin "cmenu.smx": Native "EJBW_IsClientWarden" was not found
L 04/05/2020 - 16:10:37: [admin-flatfile.smx] Error(s) detected parsing addons/sourcemod/configs/admin_overrides.cfg
L 04/05/2020 - 16:10:37: [admin-flatfile.smx]  (line 0) Stream failed to open
L 04/05/2020 - 16:10:37: [admin-flatfile.smx] Error(s) detected parsing addons/sourcemod/configs/admin_groups.cfg
L 04/05/2020 - 16:10:37: [admin-flatfile.smx]  (line 0) Stream failed to open
L 04/05/2020 - 16:10:37: [admin-flatfile.smx] Error(s) detected parsing addons/sourcemod/configs/admins.cfg
L 04/05/2020 - 16:10:37: [admin-flatfile.smx]  (line 44) Unknown group "Admins"
L 04/05/2020 - 16:10:37: [admin-flatfile.smx]  (line 53) Unknown group "Admins"
L 04/05/2020 - 16:10:37: [admin-flatfile.smx]  (line 62) Unknown group "Admins"
L 04/05/2020 - 16:10:37: [admin-flatfile.smx]  (line 71) Unknown group "Admins"
L 04/05/2020 - 16:10:37: [admin-flatfile.smx]  (line 80) Unknown group "Admins"
L 04/05/2020 - 16:10:37: [admin-flatfile.smx]  (line 88) Unknown group "Admins"
L 04/05/2020 - 16:10:41: [SM] Exception reported: Fatal error: Missing "Terrorists" section!
L 04/05/2020 - 16:10:41: [SM] Blaming: csgo_skins.smx
L 04/05/2020 - 16:10:41: [SM] Call stack trace:
L 04/05/2020 - 16:10:41: [SM]   [0] SetFailState
L 04/05/2020 - 16:10:41: [SM]   [1] Line 342, C:\csgo_skins.sp::PrepareConfig
L 04/05/2020 - 16:10:41: [SM]   [2] Line 120, C:\csgo_skins.sp::OnMapStart
L 04/05/2020 - 16:14:23: Error log file session closed.
L 04/05/2020 - 16:14:23: SourceMod error session started
L 04/05/2020 - 16:14:23: Info (map "jb_obama_v5_beta") (file "/home/steam/csgo-ds/csgo/addons/sourcemod/logs/errors_20200405.log")
L 04/05/2020 - 16:14:23: [admin-flatfile.smx] Error(s) detected parsing addons/sourcemod/configs/admin_overrides.cfg
L 04/05/2020 - 16:14:23: [admin-flatfile.smx]  (line 0) Stream failed to open
L 04/05/2020 - 16:14:23: [admin-flatfile.smx] Error(s) detected parsing addons/sourcemod/configs/admin_groups.cfg
L 04/05/2020 - 16:14:23: [admin-flatfile.smx]  (line 0) Stream failed to open
L 04/05/2020 - 16:14:23: [admin-flatfile.smx] Error(s) detected parsing addons/sourcemod/configs/admins.cfg
L 04/05/2020 - 16:14:23: [admin-flatfile.smx]  (line 44) Unknown group "Admins"
L 04/05/2020 - 16:14:23: [admin-flatfile.smx]  (line 53) Unknown group "Admins"
L 04/05/2020 - 16:14:23: [admin-flatfile.smx]  (line 62) Unknown group "Admins"
L 04/05/2020 - 16:14:23: [admin-flatfile.smx]  (line 71) Unknown group "Admins"
L 04/05/2020 - 16:14:23: [admin-flatfile.smx]  (line 80) Unknown group "Admins"
L 04/05/2020 - 16:14:23: [admin-flatfile.smx]  (line 88) Unknown group "Admins"
L 04/05/2020 - 16:14:26: [SM] Exception reported: Fatal error: Missing "Terrorists" section!
L 04/05/2020 - 16:14:26: [SM] Blaming: csgo_skins.smx
L 04/05/2020 - 16:14:26: [SM] Call stack trace:
L 04/05/2020 - 16:14:26: [SM]   [0] SetFailState
L 04/05/2020 - 16:14:26: [SM]   [1] Line 342, C:\csgo_skins.sp::PrepareConfig
L 04/05/2020 - 16:14:26: [SM]   [2] Line 120, C:\csgo_skins.sp::OnMapStart
L 04/05/2020 - 16:14:26: [nextmap.smx] FATAL: Cannot load map cycle. Nextmap not loaded.
L 04/05/2020 - 16:14:26: [SM] Exception reported: Mapcycle Not Found
L 04/05/2020 - 16:14:26: [SM] Blaming: nextmap.smx
L 04/05/2020 - 16:14:26: [SM] Call stack trace:
L 04/05/2020 - 16:14:26: [SM]   [0] SetFailState
L 04/05/2020 - 16:14:26: [SM]   [1] Line 143, /home/builds/sourcemod/linux-1.10/build/plugins/nextmap.sp::FindAndSetNextMap
L 04/05/2020 - 16:14:26: [SM]   [2] Line 113, /home/builds/sourcemod/linux-1.10/build/plugins/nextmap.sp::OnConfigsExecuted
L 04/05/2020 - 16:14:43: Error log file session closed.
L 04/05/2020 - 16:14:52: SourceMod error session started
L 04/05/2020 - 16:14:52: Info (map "jb_obama_v5_beta") (file "/home/steam/csgo-ds/csgo/addons/sourcemod/logs/errors_20200405.log")
L 04/05/2020 - 16:14:52: [SM] Unable to load plugin "cmenu.smx": Native "EJBW_IsClientWarden" was not found
L 04/05/2020 - 16:14:52: [admin-flatfile.smx] Error(s) detected parsing addons/sourcemod/configs/admin_overrides.cfg
L 04/05/2020 - 16:14:52: [admin-flatfile.smx]  (line 0) Stream failed to open
L 04/05/2020 - 16:14:52: [admin-flatfile.smx] Error(s) detected parsing addons/sourcemod/configs/admin_groups.cfg
L 04/05/2020 - 16:14:52: [admin-flatfile.smx]  (line 0) Stream failed to open
L 04/05/2020 - 16:14:52: [admin-flatfile.smx] Error(s) detected parsing addons/sourcemod/configs/admins.cfg
L 04/05/2020 - 16:14:52: [admin-flatfile.smx]  (line 44) Unknown group "Admins"
L 04/05/2020 - 16:14:52: [admin-flatfile.smx]  (line 53) Unknown group "Admins"
L 04/05/2020 - 16:14:52: [admin-flatfile.smx]  (line 62) Unknown group "Admins"
L 04/05/2020 - 16:14:52: [admin-flatfile.smx]  (line 71) Unknown group "Admins"
L 04/05/2020 - 16:14:52: [admin-flatfile.smx]  (line 80) Unknown group "Admins"
L 04/05/2020 - 16:14:52: [admin-flatfile.smx]  (line 88) Unknown group "Admins"
L 04/05/2020 - 16:14:56: [SM] Exception reported: Fatal error: Missing "Terrorists" section!
L 04/05/2020 - 16:14:56: [SM] Blaming: csgo_skins.smx
L 04/05/2020 - 16:14:56: [SM] Call stack trace:
L 04/05/2020 - 16:14:56: [SM]   [0] SetFailState
L 04/05/2020 - 16:14:56: [SM]   [1] Line 342, C:\csgo_skins.sp::PrepareConfig
L 04/05/2020 - 16:14:56: [SM]   [2] Line 120, C:\csgo_skins.sp::OnMapStart
L 04/05/2020 - 16:15:56: Error log file session closed.
L 04/05/2020 - 16:15:56: SourceMod error session started
L 04/05/2020 - 16:15:56: Info (map "jb_obama_v5_beta") (file "/home/steam/csgo-ds/csgo/addons/sourcemod/logs/errors_20200405.log")
L 04/05/2020 - 16:15:56: [admin-flatfile.smx] Error(s) detected parsing addons/sourcemod/configs/admin_overrides.cfg
L 04/05/2020 - 16:15:56: [admin-flatfile.smx]  (line 0) Stream failed to open
L 04/05/2020 - 16:15:56: [admin-flatfile.smx] Error(s) detected parsing addons/sourcemod/configs/admin_groups.cfg
L 04/05/2020 - 16:15:56: [admin-flatfile.smx]  (line 0) Stream failed to open
L 04/05/2020 - 16:15:56: [admin-flatfile.smx] Error(s) detected parsing addons/sourcemod/configs/admins.cfg
L 04/05/2020 - 16:15:56: [admin-flatfile.smx]  (line 44) Unknown group "Admins"
L 04/05/2020 - 16:15:56: [admin-flatfile.smx]  (line 53) Unknown group "Admins"
L 04/05/2020 - 16:15:56: [admin-flatfile.smx]  (line 62) Unknown group "Admins"
L 04/05/2020 - 16:15:56: [admin-flatfile.smx]  (line 71) Unknown group "Admins"
L 04/05/2020 - 16:15:56: [admin-flatfile.smx]  (line 80) Unknown group "Admins"
L 04/05/2020 - 16:15:56: [admin-flatfile.smx]  (line 88) Unknown group "Admins"
L 04/05/2020 - 16:15:59: [SM] Exception reported: Fatal error: Missing "Terrorists" section!
L 04/05/2020 - 16:15:59: [SM] Blaming: csgo_skins.smx
L 04/05/2020 - 16:15:59: [SM] Call stack trace:
L 04/05/2020 - 16:15:59: [SM]   [0] SetFailState
L 04/05/2020 - 16:15:59: [SM]   [1] Line 342, C:\csgo_skins.sp::PrepareConfig
L 04/05/2020 - 16:15:59: [SM]   [2] Line 120, C:\csgo_skins.sp::OnMapStart
L 04/05/2020 - 16:15:59: [nextmap.smx] FATAL: Cannot load map cycle. Nextmap not loaded.
L 04/05/2020 - 16:15:59: [SM] Exception reported: Mapcycle Not Found
L 04/05/2020 - 16:15:59: [SM] Blaming: nextmap.smx
L 04/05/2020 - 16:15:59: [SM] Call stack trace:
L 04/05/2020 - 16:15:59: [SM]   [0] SetFailState
L 04/05/2020 - 16:15:59: [SM]   [1] Line 143, /home/builds/sourcemod/linux-1.10/build/plugins/nextmap.sp::FindAndSetNextMap
L 04/05/2020 - 16:15:59: [SM]   [2] Line 113, /home/builds/sourcemod/linux-1.10/build/plugins/nextmap.sp::OnConfigsExecuted
L 04/05/2020 - 16:17:32: [SM] Exception reported: Could not open file "/home/steam/csgo-ds/csgo/addons/sourcemod/logs/MyJailbreak/Events-20-04-05.log"
L 04/05/2020 - 16:17:32: [SM] Blaming: MyJailbreak/war.smx
L 04/05/2020 - 16:17:32: [SM] Call stack trace:
L 04/05/2020 - 16:17:32: [SM]   [0] LogToFileEx
L 04/05/2020 - 16:17:32: [SM]   [1] Line 421, addons/sourcemod/scripting/MyJailbreak/war.sp::Command_SetWar
L 04/05/2020 - 16:17:32: [SM]   [3] FakeClientCommand
L 04/05/2020 - 16:17:32: [SM]   [4] Line 1752, addons/sourcemod/scripting/MyJailbreak/menu.sp::SetEventMenuHandler
L 04/05/2020 - 16:19:27: [SM] Exception reported: Could not open file "/home/steam/csgo-ds/csgo/addons/sourcemod/logs/MyJailbreak/Events-20-04-05.log"
L 04/05/2020 - 16:19:27: [SM] Blaming: MyJailbreak/catch.smx
L 04/05/2020 - 16:19:27: [SM] Call stack trace:
L 04/05/2020 - 16:19:27: [SM]   [0] LogToFileEx
L 04/05/2020 - 16:19:27: [SM]   [1] Line 534, addons/sourcemod/scripting/MyJailbreak/catch.sp::Command_SetCatch
L 04/05/2020 - 16:19:27: [SM]   [3] FakeClientCommand
L 04/05/2020 - 16:19:27: [SM]   [4] Line 1752, addons/sourcemod/scripting/MyJailbreak/menu.sp::SetEventMenuHandler
L 04/05/2020 - 16:32:38: Error log file session closed.
L 04/05/2020 - 16:32:38: SourceMod error session started
L 04/05/2020 - 16:32:38: Info (map "jb_spy_vs_spy_beta7") (file "/home/steam/csgo-ds/csgo/addons/sourcemod/logs/errors_20200405.log")
L 04/05/2020 - 16:32:38: [admin-flatfile.smx] Error(s) detected parsing addons/sourcemod/configs/admin_overrides.cfg
L 04/05/2020 - 16:32:38: [admin-flatfile.smx]  (line 0) Stream failed to open
L 04/05/2020 - 16:32:38: [admin-flatfile.smx] Error(s) detected parsing addons/sourcemod/configs/admin_groups.cfg
L 04/05/2020 - 16:32:38: [admin-flatfile.smx]  (line 0) Stream failed to open
L 04/05/2020 - 16:32:38: [admin-flatfile.smx] Error(s) detected parsing addons/sourcemod/configs/admins.cfg
L 04/05/2020 - 16:32:38: [admin-flatfile.smx]  (line 44) Unknown group "Admins"
L 04/05/2020 - 16:32:38: [admin-flatfile.smx]  (line 53) Unknown group "Admins"
L 04/05/2020 - 16:32:38: [admin-flatfile.smx]  (line 62) Unknown group "Admins"
L 04/05/2020 - 16:32:38: [admin-flatfile.smx]  (line 71) Unknown group "Admins"
L 04/05/2020 - 16:32:38: [admin-flatfile.smx]  (line 80) Unknown group "Admins"
L 04/05/2020 - 16:32:38: [admin-flatfile.smx]  (line 88) Unknown group "Admins"
L 04/05/2020 - 16:32:42: [SM] Exception reported: Fatal error: Missing "Terrorists" section!
L 04/05/2020 - 16:32:42: [SM] Blaming: csgo_skins.smx
L 04/05/2020 - 16:32:42: [SM] Call stack trace:
L 04/05/2020 - 16:32:42: [SM]   [0] SetFailState
L 04/05/2020 - 16:32:42: [SM]   [1] Line 342, C:\csgo_skins.sp::PrepareConfig
L 04/05/2020 - 16:32:42: [SM]   [2] Line 120, C:\csgo_skins.sp::OnMapStart
L 04/05/2020 - 16:32:42: [nextmap.smx] FATAL: Cannot load map cycle. Nextmap not loaded.
L 04/05/2020 - 16:32:42: [SM] Exception reported: Mapcycle Not Found
L 04/05/2020 - 16:32:42: [SM] Blaming: nextmap.smx
L 04/05/2020 - 16:32:42: [SM] Call stack trace:
L 04/05/2020 - 16:32:42: [SM]   [0] SetFailState
L 04/05/2020 - 16:32:42: [SM]   [1] Line 143, /home/builds/sourcemod/linux-1.10/build/plugins/nextmap.sp::FindAndSetNextMap
L 04/05/2020 - 16:32:42: [SM]   [2] Line 113, /home/builds/sourcemod/linux-1.10/build/plugins/nextmap.sp::OnConfigsExecuted
L 04/05/2020 - 16:35:05: [SM] Exception reported: Could not open file "/home/steam/csgo-ds/csgo/addons/sourcemod/logs/MyJailbreak/Events-20-04-05.log"
L 04/05/2020 - 16:35:05: [SM] Blaming: MyJailbreak/zombie.smx
L 04/05/2020 - 16:35:05: [SM] Call stack trace:
L 04/05/2020 - 16:35:05: [SM]   [0] LogToFileEx
L 04/05/2020 - 16:35:05: [SM]   [1] Line 513, addons/sourcemod/scripting/MyJailbreak/zombie.sp::Command_SetZombie
L 04/05/2020 - 16:35:05: [SM]   [3] FakeClientCommand
L 04/05/2020 - 16:35:05: [SM]   [4] Line 1752, addons/sourcemod/scripting/MyJailbreak/menu.sp::SetEventMenuHandler
L 04/05/2020 - 16:39:20: [SM] Exception reported: Invalid data pack position, 48 is out of bounds (18)
L 04/05/2020 - 16:39:20: [SM] Blaming: sm_hosties.smx
L 04/05/2020 - 16:39:20: [SM] Call stack trace:
L 04/05/2020 - 16:39:20: [SM]   [0] SetPackPosition
L 04/05/2020 - 16:39:20: [SM]   [1] Line 2226, hosties/lastrequest.sp::OnWeaponDrop
L 04/05/2020 - 16:42:33: Error log file session closed.
L 04/05/2020 - 16:42:33: SourceMod error session started
L 04/05/2020 - 16:42:33: Info (map "jb_spy_vs_spy_beta7") (file "/home/steam/csgo-ds/csgo/addons/sourcemod/logs/errors_20200405.log")
L 04/05/2020 - 16:42:33: [admin-flatfile.smx] Error(s) detected parsing addons/sourcemod/configs/admin_overrides.cfg
L 04/05/2020 - 16:42:33: [admin-flatfile.smx]  (line 0) Stream failed to open
L 04/05/2020 - 16:42:33: [admin-flatfile.smx] Error(s) detected parsing addons/sourcemod/configs/admin_groups.cfg
L 04/05/2020 - 16:42:33: [admin-flatfile.smx]  (line 0) Stream failed to open
L 04/05/2020 - 16:42:33: [admin-flatfile.smx] Error(s) detected parsing addons/sourcemod/configs/admins.cfg
L 04/05/2020 - 16:42:33: [admin-flatfile.smx]  (line 44) Unknown group "Admins"
L 04/05/2020 - 16:42:33: [admin-flatfile.smx]  (line 53) Unknown group "Admins"
L 04/05/2020 - 16:42:33: [admin-flatfile.smx]  (line 62) Unknown group "Admins"
L 04/05/2020 - 16:42:33: [admin-flatfile.smx]  (line 71) Unknown group "Admins"
L 04/05/2020 - 16:42:33: [admin-flatfile.smx]  (line 80) Unknown group "Admins"
L 04/05/2020 - 16:42:33: [admin-flatfile.smx]  (line 88) Unknown group "Admins"
L 04/05/2020 - 16:42:36: [SM] Exception reported: Fatal error: Missing "Terrorists" section!
L 04/05/2020 - 16:42:36: [SM] Blaming: csgo_skins.smx
L 04/05/2020 - 16:42:36: [SM] Call stack trace:
L 04/05/2020 - 16:42:36: [SM]   [0] SetFailState
L 04/05/2020 - 16:42:36: [SM]   [1] Line 342, C:\csgo_skins.sp::PrepareConfig
L 04/05/2020 - 16:42:36: [SM]   [2] Line 120, C:\csgo_skins.sp::OnMapStart
L 04/05/2020 - 16:42:36: [nextmap.smx] FATAL: Cannot load map cycle. Nextmap not loaded.
L 04/05/2020 - 16:42:36: [SM] Exception reported: Mapcycle Not Found
L 04/05/2020 - 16:42:36: [SM] Blaming: nextmap.smx
L 04/05/2020 - 16:42:36: [SM] Call stack trace:
L 04/05/2020 - 16:42:36: [SM]   [0] SetFailState
L 04/05/2020 - 16:42:36: [SM]   [1] Line 143, /home/builds/sourcemod/linux-1.10/build/plugins/nextmap.sp::FindAndSetNextMap
L 04/05/2020 - 16:42:36: [SM]   [2] Line 113, /home/builds/sourcemod/linux-1.10/build/plugins/nextmap.sp::OnConfigsExecuted
L 04/05/2020 - 16:48:02: [SM] Exception reported: Could not open file "/home/steam/csgo-ds/csgo/addons/sourcemod/logs/MyJailbreak/Events-20-04-05.log"
L 04/05/2020 - 16:48:02: [SM] Blaming: MyJailbreak/war.smx
L 04/05/2020 - 16:48:02: [SM] Call stack trace:
L 04/05/2020 - 16:48:02: [SM]   [0] LogToFileEx
L 04/05/2020 - 16:48:02: [SM]   [1] Line 375, addons/sourcemod/scripting/MyJailbreak/war.sp::Command_SetWar
L 04/05/2020 - 16:48:49: Error log file session closed.
L 04/05/2020 - 16:48:49: SourceMod error session started
L 04/05/2020 - 16:48:49: Info (map "jb_obama_v5_beta") (file "/home/steam/csgo-ds/csgo/addons/sourcemod/logs/errors_20200405.log")
L 04/05/2020 - 16:48:49: [admin-flatfile.smx] Error(s) detected parsing addons/sourcemod/configs/admin_overrides.cfg
L 04/05/2020 - 16:48:49: [admin-flatfile.smx]  (line 0) Stream failed to open
L 04/05/2020 - 16:48:49: [admin-flatfile.smx] Error(s) detected parsing addons/sourcemod/configs/admin_groups.cfg
L 04/05/2020 - 16:48:49: [admin-flatfile.smx]  (line 0) Stream failed to open
L 04/05/2020 - 16:48:49: [admin-flatfile.smx] Error(s) detected parsing addons/sourcemod/configs/admins.cfg
L 04/05/2020 - 16:48:49: [admin-flatfile.smx]  (line 44) Unknown group "Admins"
L 04/05/2020 - 16:48:49: [admin-flatfile.smx]  (line 53) Unknown group "Admins"
L 04/05/2020 - 16:48:49: [admin-flatfile.smx]  (line 62) Unknown group "Admins"
L 04/05/2020 - 16:48:49: [admin-flatfile.smx]  (line 71) Unknown group "Admins"
L 04/05/2020 - 16:48:49: [admin-flatfile.smx]  (line 80) Unknown group "Admins"
L 04/05/2020 - 16:48:49: [admin-flatfile.smx]  (line 88) Unknown group "Admins"
L 04/05/2020 - 16:48:53: [SM] Exception reported: Fatal error: Missing "Terrorists" section!
L 04/05/2020 - 16:48:53: [SM] Blaming: csgo_skins.smx
L 04/05/2020 - 16:48:53: [SM] Call stack trace:
L 04/05/2020 - 16:48:53: [SM]   [0] SetFailState
L 04/05/2020 - 16:48:53: [SM]   [1] Line 342, C:\csgo_skins.sp::PrepareConfig
L 04/05/2020 - 16:48:53: [SM]   [2] Line 120, C:\csgo_skins.sp::OnMapStart
L 04/05/2020 - 16:48:53: [nextmap.smx] FATAL: Cannot load map cycle. Nextmap not loaded.
L 04/05/2020 - 16:48:53: [SM] Exception reported: Mapcycle Not Found
L 04/05/2020 - 16:48:53: [SM] Blaming: nextmap.smx
L 04/05/2020 - 16:48:53: [SM] Call stack trace:
L 04/05/2020 - 16:48:53: [SM]   [0] SetFailState
L 04/05/2020 - 16:48:53: [SM]   [1] Line 143, /home/builds/sourcemod/linux-1.10/build/plugins/nextmap.sp::FindAndSetNextMap
L 04/05/2020 - 16:48:53: [SM]   [2] Line 113, /home/builds/sourcemod/linux-1.10/build/plugins/nextmap.sp::OnConfigsExecuted
L 04/05/2020 - 16:50:36: [SM] Exception reported: Could not open file "/home/steam/csgo-ds/csgo/addons/sourcemod/logs/MyJailbreak/Events-20-04-05.log"
L 04/05/2020 - 16:50:36: [SM] Blaming: MyJailbreak/war.smx
L 04/05/2020 - 16:50:36: [SM] Call stack trace:
L 04/05/2020 - 16:50:36: [SM]   [0] LogToFileEx
L 04/05/2020 - 16:50:36: [SM]   [1] Line 421, addons/sourcemod/scripting/MyJailbreak/war.sp::Command_SetWar
L 04/05/2020 - 16:50:36: [SM]   [3] FakeClientCommand
L 04/05/2020 - 16:50:36: [SM]   [4] Line 1752, addons/sourcemod/scripting/MyJailbreak/menu.sp::SetEventMenuHandler
L 04/05/2020 - 16:52:55: [SM] Exception reported: Could not open file "/home/steam/csgo-ds/csgo/addons/sourcemod/logs/MyJailbreak/Freekills-20-04-05.log"
L 04/05/2020 - 16:52:55: [SM] Blaming: MyJailbreak/request.smx
L 04/05/2020 - 16:52:55: [SM] Call stack trace:
L 04/05/2020 - 16:52:55: [SM]   [0] LogToFileEx
L 04/05/2020 - 16:52:55: [SM]   [1] Line 144, addons/sourcemod/scripting/MyJailbreak/MyJailbreak/Modules/Request/freekill.sp::Command_Freekill
L 04/05/2020 - 16:52:55: [SM]   [2] Line 143, addons/sourcemod/scripting/MyJailbreak/MyJailbreak/Modules/Request/killreason.sp::Handler_KillReason
L 04/05/2020 - 17:00:14: [SM] Exception reported: Invalid data pack position, 48 is out of bounds (18)
L 04/05/2020 - 17:00:14: [SM] Blaming: sm_hosties.smx
L 04/05/2020 - 17:00:14: [SM] Call stack trace:
L 04/05/2020 - 17:00:14: [SM]   [0] SetPackPosition
L 04/05/2020 - 17:00:14: [SM]   [1] Line 2226, hosties/lastrequest.sp::OnWeaponDrop
