L 03/31/2020 - 17:51:35: SourceMod error session started
L 03/31/2020 - 17:51:35: Info (map "jb_obama_v5_beta") (file "/home/steam/csgo-ds/csgo/addons/sourcemod/logs/errors_20200331.log")
L 03/31/2020 - 17:51:35: [SM] Unable to load plugin "cmenu.smx": Could not find required plugin "smartjaildoors"
L 03/31/2020 - 17:51:41: [SM] Exception reported: Fatal error: Unable to open generic configuration file "addons/sourcemod/configs/skins/any.cfg"!
L 03/31/2020 - 17:51:41: [SM] Blaming: csgo_skins.smx
L 03/31/2020 - 17:51:41: [SM] Call stack trace:
L 03/31/2020 - 17:51:41: [SM]   [0] SetFailState
L 03/31/2020 - 17:51:41: [SM]   [1] Line 114, C:\csgo_skins.sp::OnMapStart
L 03/31/2020 - 17:52:53: Error log file session closed.
L 03/31/2020 - 17:52:56: SourceMod error session started
L 03/31/2020 - 17:52:56: Info (map "jb_obama_v5_beta") (file "/home/steam/csgo-ds/csgo/addons/sourcemod/logs/errors_20200331.log")
L 03/31/2020 - 17:52:56: [SM] Exception reported: Fatal error: Unable to open generic configuration file "addons/sourcemod/configs/skins/any.cfg"!
L 03/31/2020 - 17:52:56: [SM] Blaming: csgo_skins.smx
L 03/31/2020 - 17:52:56: [SM] Call stack trace:
L 03/31/2020 - 17:52:56: [SM]   [0] SetFailState
L 03/31/2020 - 17:52:56: [SM]   [1] Line 114, C:\csgo_skins.sp::OnMapStart
L 03/31/2020 - 17:52:56: [nextmap.smx] FATAL: Cannot load map cycle. Nextmap not loaded.
L 03/31/2020 - 17:52:56: [SM] Exception reported: Mapcycle Not Found
L 03/31/2020 - 17:52:56: [SM] Blaming: nextmap.smx
L 03/31/2020 - 17:52:56: [SM] Call stack trace:
L 03/31/2020 - 17:52:56: [SM]   [0] SetFailState
L 03/31/2020 - 17:52:56: [SM]   [1] Line 143, /home/builds/sourcemod/linux-1.10/build/plugins/nextmap.sp::FindAndSetNextMap
L 03/31/2020 - 17:52:56: [SM]   [2] Line 113, /home/builds/sourcemod/linux-1.10/build/plugins/nextmap.sp::OnConfigsExecuted
L 03/31/2020 - 17:53:07: [SM] Exception reported: Could not read Handle 2b002b (error 1)
L 03/31/2020 - 17:53:07: [SM] Blaming: updater.smx
L 03/31/2020 - 17:53:07: [SM] Call stack trace:
L 03/31/2020 - 17:53:07: [SM]   [0] GetPluginInfo
L 03/31/2020 - 17:53:07: [SM]   [1] Line 141, updater/filesys.sp::ParseUpdateFile
L 03/31/2020 - 17:53:07: [SM]   [2] Line 158, updater/download.sp::DownloadEnded
L 03/31/2020 - 17:53:07: [SM]   [3] Line 30, updater/download_steamworks.sp::OnSteamWorksHTTPComplete
