L 03/29/2020 - 16:23:40: SourceMod error session started
L 03/29/2020 - 16:23:40: Info (map "jb_obama_v5_beta") (file "/home/steam/csgo-ds/csgo/addons/sourcemod/logs/errors_20200329.log")
L 03/29/2020 - 16:23:40: [SM] Exception reported: Fatal error: Unable to open generic configuration file "addons/sourcemod/configs/skins/any.cfg"!
L 03/29/2020 - 16:23:40: [SM] Blaming: csgo_skins.smx
L 03/29/2020 - 16:23:40: [SM] Call stack trace:
L 03/29/2020 - 16:23:40: [SM]   [0] SetFailState
L 03/29/2020 - 16:23:40: [SM]   [1] Line 114, C:\csgo_skins.sp::OnMapStart
L 03/29/2020 - 16:24:37: Error log file session closed.
L 03/29/2020 - 16:24:39: SourceMod error session started
L 03/29/2020 - 16:24:39: Info (map "jb_obama_v5_beta") (file "/home/steam/csgo-ds/csgo/addons/sourcemod/logs/errors_20200329.log")
L 03/29/2020 - 16:24:39: [SM] Exception reported: Fatal error: Unable to open generic configuration file "addons/sourcemod/configs/skins/any.cfg"!
L 03/29/2020 - 16:24:39: [SM] Blaming: csgo_skins.smx
L 03/29/2020 - 16:24:39: [SM] Call stack trace:
L 03/29/2020 - 16:24:39: [SM]   [0] SetFailState
L 03/29/2020 - 16:24:39: [SM]   [1] Line 114, C:\csgo_skins.sp::OnMapStart
L 03/29/2020 - 16:24:40: [nextmap.smx] FATAL: Cannot load map cycle. Nextmap not loaded.
L 03/29/2020 - 16:24:40: [SM] Exception reported: Mapcycle Not Found
L 03/29/2020 - 16:24:40: [SM] Blaming: nextmap.smx
L 03/29/2020 - 16:24:40: [SM] Call stack trace:
L 03/29/2020 - 16:24:40: [SM]   [0] SetFailState
L 03/29/2020 - 16:24:40: [SM]   [1] Line 143, /home/builds/sourcemod/linux-1.10/build/plugins/nextmap.sp::FindAndSetNextMap
L 03/29/2020 - 16:24:40: [SM]   [2] Line 113, /home/builds/sourcemod/linux-1.10/build/plugins/nextmap.sp::OnConfigsExecuted
L 03/29/2020 - 16:31:14: [SM] Exception reported: Invalid data pack position, 96 is out of bounds (18)
L 03/29/2020 - 16:31:14: [SM] Blaming: sm_hosties.smx
L 03/29/2020 - 16:31:14: [SM] Call stack trace:
L 03/29/2020 - 16:31:14: [SM]   [0] SetPackPosition
L 03/29/2020 - 16:31:14: [SM]   [1] Line 1600, hosties/lastrequest.sp::LastRequest_PlayerJump
L 03/29/2020 - 16:31:15: [SM] Exception reported: Invalid data pack position, 96 is out of bounds (18)
L 03/29/2020 - 16:31:15: [SM] Blaming: sm_hosties.smx
L 03/29/2020 - 16:31:15: [SM] Call stack trace:
L 03/29/2020 - 16:31:15: [SM]   [0] SetPackPosition
L 03/29/2020 - 16:31:15: [SM]   [1] Line 1600, hosties/lastrequest.sp::LastRequest_PlayerJump
L 03/29/2020 - 16:31:15: [SM] Exception reported: Invalid data pack position, 96 is out of bounds (18)
L 03/29/2020 - 16:31:15: [SM] Blaming: sm_hosties.smx
L 03/29/2020 - 16:31:15: [SM] Call stack trace:
L 03/29/2020 - 16:31:15: [SM]   [0] SetPackPosition
L 03/29/2020 - 16:31:15: [SM]   [1] Line 1600, hosties/lastrequest.sp::LastRequest_PlayerJump
L 03/29/2020 - 16:31:15: [SM] Exception reported: Invalid data pack position, 120 is out of bounds (18)
L 03/29/2020 - 16:31:15: [SM] Blaming: sm_hosties.smx
L 03/29/2020 - 16:31:15: [SM] Call stack trace:
L 03/29/2020 - 16:31:15: [SM]   [0] SetPackPosition
L 03/29/2020 - 16:31:15: [SM]   [1] Line 1611, hosties/lastrequest.sp::LastRequest_PlayerJump
L 03/29/2020 - 16:31:16: [SM] Exception reported: Invalid data pack position, 72 is out of bounds (18)
L 03/29/2020 - 16:31:16: [SM] Blaming: sm_hosties.smx
L 03/29/2020 - 16:31:16: [SM] Call stack trace:
L 03/29/2020 - 16:31:16: [SM]   [0] SetPackPosition
L 03/29/2020 - 16:31:16: [SM]   [1] Line 2184, hosties/lastrequest.sp::OnWeaponDrop
L 03/29/2020 - 16:31:16: [SM] Exception reported: Invalid data pack position, 96 is out of bounds (18)
L 03/29/2020 - 16:31:16: [SM] Blaming: sm_hosties.smx
L 03/29/2020 - 16:31:16: [SM] Call stack trace:
L 03/29/2020 - 16:31:16: [SM]   [0] SetPackPosition
L 03/29/2020 - 16:31:16: [SM]   [1] Line 1600, hosties/lastrequest.sp::LastRequest_PlayerJump
L 03/29/2020 - 16:31:18: [SM] Exception reported: Invalid data pack position, 96 is out of bounds (18)
L 03/29/2020 - 16:31:18: [SM] Blaming: sm_hosties.smx
L 03/29/2020 - 16:31:18: [SM] Call stack trace:
L 03/29/2020 - 16:31:18: [SM]   [0] SetPackPosition
L 03/29/2020 - 16:31:18: [SM]   [1] Line 1600, hosties/lastrequest.sp::LastRequest_PlayerJump
L 03/29/2020 - 16:31:18: [SM] Exception reported: Invalid data pack position, 48 is out of bounds (18)
L 03/29/2020 - 16:31:18: [SM] Blaming: sm_hosties.smx
L 03/29/2020 - 16:31:18: [SM] Call stack trace:
L 03/29/2020 - 16:31:18: [SM]   [0] SetPackPosition
L 03/29/2020 - 16:31:18: [SM]   [1] Line 2166, hosties/lastrequest.sp::OnWeaponDrop
L 03/29/2020 - 16:31:30: [SM] Exception reported: Invalid data pack position, 120 is out of bounds (18)
L 03/29/2020 - 16:31:30: [SM] Blaming: sm_hosties.smx
L 03/29/2020 - 16:31:30: [SM] Call stack trace:
L 03/29/2020 - 16:31:30: [SM]   [0] SetPackPosition
L 03/29/2020 - 16:31:30: [SM]   [1] Line 1611, hosties/lastrequest.sp::LastRequest_PlayerJump
L 03/29/2020 - 16:31:31: [SM] Exception reported: Invalid data pack position, 96 is out of bounds (18)
L 03/29/2020 - 16:31:31: [SM] Blaming: sm_hosties.smx
L 03/29/2020 - 16:31:31: [SM] Call stack trace:
L 03/29/2020 - 16:31:31: [SM]   [0] SetPackPosition
L 03/29/2020 - 16:31:31: [SM]   [1] Line 1600, hosties/lastrequest.sp::LastRequest_PlayerJump
L 03/29/2020 - 16:31:31: [SM] Exception reported: Invalid data pack position, 120 is out of bounds (18)
L 03/29/2020 - 16:31:31: [SM] Blaming: sm_hosties.smx
L 03/29/2020 - 16:31:31: [SM] Call stack trace:
L 03/29/2020 - 16:31:31: [SM]   [0] SetPackPosition
L 03/29/2020 - 16:31:31: [SM]   [1] Line 1611, hosties/lastrequest.sp::LastRequest_PlayerJump
L 03/29/2020 - 16:31:31: [SM] Exception reported: Invalid data pack position, 48 is out of bounds (18)
L 03/29/2020 - 16:31:31: [SM] Blaming: sm_hosties.smx
L 03/29/2020 - 16:31:31: [SM] Call stack trace:
L 03/29/2020 - 16:31:31: [SM]   [0] SetPackPosition
L 03/29/2020 - 16:31:31: [SM]   [1] Line 2166, hosties/lastrequest.sp::OnWeaponDrop
L 03/29/2020 - 16:31:33: [SM] Exception reported: Invalid data pack position, 120 is out of bounds (18)
L 03/29/2020 - 16:31:33: [SM] Blaming: sm_hosties.smx
L 03/29/2020 - 16:31:33: [SM] Call stack trace:
L 03/29/2020 - 16:31:33: [SM]   [0] SetPackPosition
L 03/29/2020 - 16:31:33: [SM]   [1] Line 1611, hosties/lastrequest.sp::LastRequest_PlayerJump
L 03/29/2020 - 16:31:33: [SM] Exception reported: Invalid data pack position, 72 is out of bounds (18)
L 03/29/2020 - 16:31:33: [SM] Blaming: sm_hosties.smx
L 03/29/2020 - 16:31:33: [SM] Call stack trace:
L 03/29/2020 - 16:31:33: [SM]   [0] SetPackPosition
L 03/29/2020 - 16:31:33: [SM]   [1] Line 2184, hosties/lastrequest.sp::OnWeaponDrop
L 03/29/2020 - 16:32:50: [SM] Exception reported: Cannot set m_iItemDefinitionIndex with "FollowCSGOServerGuidelines" option enabled.
L 03/29/2020 - 16:32:50: [SM] Blaming: sm_hosties.smx
L 03/29/2020 - 16:32:50: [SM] Call stack trace:
L 03/29/2020 - 16:32:50: [SM]   [0] SetEntProp
L 03/29/2020 - 16:32:50: [SM]   [1] Line 5170, hosties/lastrequest.sp::Timer_Countdown
L 03/29/2020 - 16:33:19: [SM] Exception reported: Could not open file "/home/steam/csgo-ds/csgo/addons/sourcemod/logs/MyJailbreak/MyJB-20-03-29.log"
L 03/29/2020 - 16:33:19: [SM] Blaming: MyJailbreak/warden.smx
L 03/29/2020 - 16:33:19: [SM] Call stack trace:
L 03/29/2020 - 16:33:19: [SM]   [0] LogToFileEx
L 03/29/2020 - 16:33:19: [SM]   [1] Line 794, addons/sourcemod/scripting/MyJailbreak/warden.sp::AdminCommand_RemoveWarden
L 03/29/2020 - 16:33:19: [SM]   [3] FakeClientCommand
L 03/29/2020 - 16:33:19: [SM]   [4] Line 359, addons/sourcemod/scripting/MyJailbreak/menu.sp::Handler_AdminMenu_RemoveWarden
L 03/29/2020 - 16:38:57: [SM] Exception reported: Could not open file "/home/steam/csgo-ds/csgo/addons/sourcemod/logs/MyJailbreak/MyJB-20-03-29.log"
L 03/29/2020 - 16:38:57: [SM] Blaming: MyJailbreak/warden.smx
L 03/29/2020 - 16:38:57: [SM] Call stack trace:
L 03/29/2020 - 16:38:57: [SM]   [0] LogToFileEx
L 03/29/2020 - 16:38:57: [SM]   [1] Line 794, addons/sourcemod/scripting/MyJailbreak/warden.sp::AdminCommand_RemoveWarden
L 03/29/2020 - 16:40:52: [SM] Exception reported: Cannot set m_iItemDefinitionIndex with "FollowCSGOServerGuidelines" option enabled.
L 03/29/2020 - 16:40:52: [SM] Blaming: sm_hosties.smx
L 03/29/2020 - 16:40:52: [SM] Call stack trace:
L 03/29/2020 - 16:40:52: [SM]   [0] SetEntProp
L 03/29/2020 - 16:40:52: [SM]   [1] Line 5170, hosties/lastrequest.sp::Timer_Countdown
L 03/29/2020 - 16:41:01: Error log file session closed.
L 03/29/2020 - 16:41:03: SourceMod error session started
L 03/29/2020 - 16:41:03: Info (map "jb_obama_v5_beta") (file "/home/steam/csgo-ds/csgo/addons/sourcemod/logs/errors_20200329.log")
L 03/29/2020 - 16:41:03: [SM] Exception reported: Fatal error: Unable to open generic configuration file "addons/sourcemod/configs/skins/any.cfg"!
L 03/29/2020 - 16:41:03: [SM] Blaming: csgo_skins.smx
L 03/29/2020 - 16:41:03: [SM] Call stack trace:
L 03/29/2020 - 16:41:03: [SM]   [0] SetFailState
L 03/29/2020 - 16:41:03: [SM]   [1] Line 114, C:\csgo_skins.sp::OnMapStart
L 03/29/2020 - 16:41:03: [nextmap.smx] FATAL: Cannot load map cycle. Nextmap not loaded.
L 03/29/2020 - 16:41:03: [SM] Exception reported: Mapcycle Not Found
L 03/29/2020 - 16:41:03: [SM] Blaming: nextmap.smx
L 03/29/2020 - 16:41:03: [SM] Call stack trace:
L 03/29/2020 - 16:41:03: [SM]   [0] SetFailState
L 03/29/2020 - 16:41:03: [SM]   [1] Line 143, /home/builds/sourcemod/linux-1.10/build/plugins/nextmap.sp::FindAndSetNextMap
L 03/29/2020 - 16:41:03: [SM]   [2] Line 113, /home/builds/sourcemod/linux-1.10/build/plugins/nextmap.sp::OnConfigsExecuted
L 03/29/2020 - 16:41:19: [SM] Exception reported: Cannot set m_iItemDefinitionIndex with "FollowCSGOServerGuidelines" option enabled.
L 03/29/2020 - 16:41:19: [SM] Blaming: sm_hosties.smx
L 03/29/2020 - 16:41:19: [SM] Call stack trace:
L 03/29/2020 - 16:41:19: [SM]   [0] SetEntProp
L 03/29/2020 - 16:41:19: [SM]   [1] Line 5170, hosties/lastrequest.sp::Timer_Countdown
L 03/29/2020 - 16:44:01: Error log file session closed.
L 03/29/2020 - 16:44:04: SourceMod error session started
L 03/29/2020 - 16:44:04: Info (map "jb_obama_v5_beta") (file "/home/steam/csgo-ds/csgo/addons/sourcemod/logs/errors_20200329.log")
L 03/29/2020 - 16:44:04: [SM] Exception reported: Fatal error: Unable to open generic configuration file "addons/sourcemod/configs/skins/any.cfg"!
L 03/29/2020 - 16:44:04: [SM] Blaming: csgo_skins.smx
L 03/29/2020 - 16:44:04: [SM] Call stack trace:
L 03/29/2020 - 16:44:04: [SM]   [0] SetFailState
L 03/29/2020 - 16:44:04: [SM]   [1] Line 114, C:\csgo_skins.sp::OnMapStart
L 03/29/2020 - 16:44:04: [nextmap.smx] FATAL: Cannot load map cycle. Nextmap not loaded.
L 03/29/2020 - 16:44:04: [SM] Exception reported: Mapcycle Not Found
L 03/29/2020 - 16:44:04: [SM] Blaming: nextmap.smx
L 03/29/2020 - 16:44:04: [SM] Call stack trace:
L 03/29/2020 - 16:44:04: [SM]   [0] SetFailState
L 03/29/2020 - 16:44:04: [SM]   [1] Line 143, /home/builds/sourcemod/linux-1.10/build/plugins/nextmap.sp::FindAndSetNextMap
L 03/29/2020 - 16:44:04: [SM]   [2] Line 113, /home/builds/sourcemod/linux-1.10/build/plugins/nextmap.sp::OnConfigsExecuted
L 03/29/2020 - 16:44:28: [SM] Exception reported: Cannot set m_iItemDefinitionIndex with "FollowCSGOServerGuidelines" option enabled.
L 03/29/2020 - 16:44:28: [SM] Blaming: sm_hosties.smx
L 03/29/2020 - 16:44:28: [SM] Call stack trace:
L 03/29/2020 - 16:44:28: [SM]   [0] SetEntProp
L 03/29/2020 - 16:44:28: [SM]   [1] Line 5170, hosties/lastrequest.sp::Timer_Countdown
L 03/29/2020 - 16:44:54: Error log file session closed.
L 03/29/2020 - 16:45:09: SourceMod error session started
L 03/29/2020 - 16:45:09: Info (map "jb_obama_v5_beta") (file "/home/steam/csgo-ds/csgo/addons/sourcemod/logs/errors_20200329.log")
L 03/29/2020 - 16:45:09: [SM] Exception reported: Fatal error: Unable to open generic configuration file "addons/sourcemod/configs/skins/any.cfg"!
L 03/29/2020 - 16:45:09: [SM] Blaming: csgo_skins.smx
L 03/29/2020 - 16:45:09: [SM] Call stack trace:
L 03/29/2020 - 16:45:09: [SM]   [0] SetFailState
L 03/29/2020 - 16:45:09: [SM]   [1] Line 114, C:\csgo_skins.sp::OnMapStart
L 03/29/2020 - 16:45:12: Error log file session closed.
L 03/29/2020 - 16:45:14: SourceMod error session started
L 03/29/2020 - 16:45:14: Info (map "jb_obama_v5_beta") (file "/home/steam/csgo-ds/csgo/addons/sourcemod/logs/errors_20200329.log")
L 03/29/2020 - 16:45:14: [SM] Exception reported: Fatal error: Unable to open generic configuration file "addons/sourcemod/configs/skins/any.cfg"!
L 03/29/2020 - 16:45:14: [SM] Blaming: csgo_skins.smx
L 03/29/2020 - 16:45:14: [SM] Call stack trace:
L 03/29/2020 - 16:45:14: [SM]   [0] SetFailState
L 03/29/2020 - 16:45:14: [SM]   [1] Line 114, C:\csgo_skins.sp::OnMapStart
L 03/29/2020 - 16:45:14: [nextmap.smx] FATAL: Cannot load map cycle. Nextmap not loaded.
L 03/29/2020 - 16:45:14: [SM] Exception reported: Mapcycle Not Found
L 03/29/2020 - 16:45:14: [SM] Blaming: nextmap.smx
L 03/29/2020 - 16:45:14: [SM] Call stack trace:
L 03/29/2020 - 16:45:14: [SM]   [0] SetFailState
L 03/29/2020 - 16:45:14: [SM]   [1] Line 143, /home/builds/sourcemod/linux-1.10/build/plugins/nextmap.sp::FindAndSetNextMap
L 03/29/2020 - 16:45:14: [SM]   [2] Line 113, /home/builds/sourcemod/linux-1.10/build/plugins/nextmap.sp::OnConfigsExecuted
L 03/29/2020 - 16:46:16: [SM] Exception reported: Cannot set m_iItemDefinitionIndex with "FollowCSGOServerGuidelines" option enabled.
L 03/29/2020 - 16:46:16: [SM] Blaming: sm_hosties.smx
L 03/29/2020 - 16:46:16: [SM] Call stack trace:
L 03/29/2020 - 16:46:16: [SM]   [0] SetEntProp
L 03/29/2020 - 16:46:16: [SM]   [1] Line 5170, hosties/lastrequest.sp::Timer_Countdown
L 03/29/2020 - 16:49:11: Error log file session closed.
L 03/29/2020 - 16:49:22: SourceMod error session started
L 03/29/2020 - 16:49:22: Info (map "jb_obama_v5_beta") (file "/home/steam/csgo-ds/csgo/addons/sourcemod/logs/errors_20200329.log")
L 03/29/2020 - 16:49:22: [SM] Exception reported: Fatal error: Unable to open generic configuration file "addons/sourcemod/configs/skins/any.cfg"!
L 03/29/2020 - 16:49:22: [SM] Blaming: csgo_skins.smx
L 03/29/2020 - 16:49:22: [SM] Call stack trace:
L 03/29/2020 - 16:49:22: [SM]   [0] SetFailState
L 03/29/2020 - 16:49:22: [SM]   [1] Line 114, C:\csgo_skins.sp::OnMapStart
L 03/29/2020 - 16:52:02: Error log file session closed.
L 03/29/2020 - 16:52:05: SourceMod error session started
L 03/29/2020 - 16:52:05: Info (map "jb_obama_v5_beta") (file "/home/steam/csgo-ds/csgo/addons/sourcemod/logs/errors_20200329.log")
L 03/29/2020 - 16:52:05: [SM] Exception reported: Fatal error: Unable to open generic configuration file "addons/sourcemod/configs/skins/any.cfg"!
L 03/29/2020 - 16:52:05: [SM] Blaming: csgo_skins.smx
L 03/29/2020 - 16:52:05: [SM] Call stack trace:
L 03/29/2020 - 16:52:05: [SM]   [0] SetFailState
L 03/29/2020 - 16:52:05: [SM]   [1] Line 114, C:\csgo_skins.sp::OnMapStart
L 03/29/2020 - 16:52:05: [nextmap.smx] FATAL: Cannot load map cycle. Nextmap not loaded.
L 03/29/2020 - 16:52:05: [SM] Exception reported: Mapcycle Not Found
L 03/29/2020 - 16:52:05: [SM] Blaming: nextmap.smx
L 03/29/2020 - 16:52:05: [SM] Call stack trace:
L 03/29/2020 - 16:52:05: [SM]   [0] SetFailState
L 03/29/2020 - 16:52:05: [SM]   [1] Line 143, /home/builds/sourcemod/linux-1.10/build/plugins/nextmap.sp::FindAndSetNextMap
L 03/29/2020 - 16:52:05: [SM]   [2] Line 113, /home/builds/sourcemod/linux-1.10/build/plugins/nextmap.sp::OnConfigsExecuted
L 03/29/2020 - 16:52:58: [SM] Exception reported: Cannot set m_iItemDefinitionIndex with "FollowCSGOServerGuidelines" option enabled.
L 03/29/2020 - 16:52:58: [SM] Blaming: sm_hosties.smx
L 03/29/2020 - 16:52:58: [SM] Call stack trace:
L 03/29/2020 - 16:52:58: [SM]   [0] SetEntProp
L 03/29/2020 - 16:52:58: [SM]   [1] Line 5170, hosties/lastrequest.sp::Timer_Countdown
L 03/29/2020 - 16:57:33: [SM] Exception reported: Invalid data pack position, 48 is out of bounds (18)
L 03/29/2020 - 16:57:33: [SM] Blaming: sm_hosties.smx
L 03/29/2020 - 16:57:33: [SM] Call stack trace:
L 03/29/2020 - 16:57:33: [SM]   [0] SetPackPosition
L 03/29/2020 - 16:57:33: [SM]   [1] Line 2166, hosties/lastrequest.sp::OnWeaponDrop
L 03/29/2020 - 16:57:49: [SM] Exception reported: Cannot set m_iItemDefinitionIndex with "FollowCSGOServerGuidelines" option enabled.
L 03/29/2020 - 16:57:49: [SM] Blaming: sm_hosties.smx
L 03/29/2020 - 16:57:49: [SM] Call stack trace:
L 03/29/2020 - 16:57:49: [SM]   [0] SetEntProp
L 03/29/2020 - 16:57:49: [SM]   [1] Line 4051, hosties/lastrequest.sp::InitializeGame
L 03/29/2020 - 16:57:49: [SM]   [2] Line 3451, hosties/lastrequest.sp::MainPlayerHandler
L 03/29/2020 - 16:58:21: Error log file session closed.
L 03/29/2020 - 16:58:26: SourceMod error session started
L 03/29/2020 - 16:58:26: Info (map "jb_obama_v5_beta") (file "/home/steam/csgo-ds/csgo/addons/sourcemod/logs/errors_20200329.log")
L 03/29/2020 - 16:58:26: [SM] Unable to load plugin "cmenu.smx": Could not find required plugin "smartjaildoors"
L 03/29/2020 - 16:58:29: [SM] Exception reported: Fatal error: Unable to open generic configuration file "addons/sourcemod/configs/skins/any.cfg"!
L 03/29/2020 - 16:58:29: [SM] Blaming: csgo_skins.smx
L 03/29/2020 - 16:58:29: [SM] Call stack trace:
L 03/29/2020 - 16:58:29: [SM]   [0] SetFailState
L 03/29/2020 - 16:58:29: [SM]   [1] Line 114, C:\csgo_skins.sp::OnMapStart
L 03/29/2020 - 16:58:36: Error log file session closed.
L 03/29/2020 - 16:58:39: SourceMod error session started
L 03/29/2020 - 16:58:39: Info (map "jb_obama_v5_beta") (file "/home/steam/csgo-ds/csgo/addons/sourcemod/logs/errors_20200329.log")
L 03/29/2020 - 16:58:39: [SM] Exception reported: Fatal error: Unable to open generic configuration file "addons/sourcemod/configs/skins/any.cfg"!
L 03/29/2020 - 16:58:39: [SM] Blaming: csgo_skins.smx
L 03/29/2020 - 16:58:39: [SM] Call stack trace:
L 03/29/2020 - 16:58:39: [SM]   [0] SetFailState
L 03/29/2020 - 16:58:39: [SM]   [1] Line 114, C:\csgo_skins.sp::OnMapStart
L 03/29/2020 - 16:58:39: [nextmap.smx] FATAL: Cannot load map cycle. Nextmap not loaded.
L 03/29/2020 - 16:58:39: [SM] Exception reported: Mapcycle Not Found
L 03/29/2020 - 16:58:39: [SM] Blaming: nextmap.smx
L 03/29/2020 - 16:58:39: [SM] Call stack trace:
L 03/29/2020 - 16:58:39: [SM]   [0] SetFailState
L 03/29/2020 - 16:58:39: [SM]   [1] Line 143, /home/builds/sourcemod/linux-1.10/build/plugins/nextmap.sp::FindAndSetNextMap
L 03/29/2020 - 16:58:39: [SM]   [2] Line 113, /home/builds/sourcemod/linux-1.10/build/plugins/nextmap.sp::OnConfigsExecuted
L 03/29/2020 - 17:12:08: Error log file session closed.
L 03/29/2020 - 17:12:14: SourceMod error session started
L 03/29/2020 - 17:12:14: Info (map "jb_obama_v5_beta") (file "/home/steam/csgo-ds/csgo/addons/sourcemod/logs/errors_20200329.log")
L 03/29/2020 - 17:12:14: [SM] Exception reported: Failed to create native "IsEventDayActive", name is probably already in use
L 03/29/2020 - 17:12:14: [SM] Blaming: BetterWarden/wardenmenu.smx
L 03/29/2020 - 17:12:14: [SM] Call stack trace:
L 03/29/2020 - 17:12:14: [SM]   [0] CreateNative
L 03/29/2020 - 17:12:14: [SM]   [1] Line 116, wardenmenu.sp::AskPluginLoad2
L 03/29/2020 - 17:12:14: [SM] Failed to load plugin "BetterWarden/wardenmenu.smx": unexpected error 23 in AskPluginLoad callback.
L 03/29/2020 - 17:12:14: [SM] Unable to load plugin "cmenu.smx": Could not find required plugin "smartjaildoors"
L 03/29/2020 - 17:12:14: [SM] Fatal error encountered parsing translation file "BetterWarden.Gangs.phrases.txt"
L 03/29/2020 - 17:12:14: [SM] Error (line 0, column 0): Stream failed to open
L 03/29/2020 - 17:12:14: [SM] Unable to load plugin "BetterWarden/Add-Ons/voteday.smx": Native "ExecWarday" was not found
L 03/29/2020 - 17:12:14: [SM] Unable to load plugin "BetterWarden/betterwarden.smx": Native "IsHnsActive" was not found
L 03/29/2020 - 17:12:17: [SM] Exception reported: Fatal error: Unable to open generic configuration file "addons/sourcemod/configs/skins/any.cfg"!
L 03/29/2020 - 17:12:17: [SM] Blaming: csgo_skins.smx
L 03/29/2020 - 17:12:17: [SM] Call stack trace:
L 03/29/2020 - 17:12:17: [SM]   [0] SetFailState
L 03/29/2020 - 17:12:17: [SM]   [1] Line 114, C:\csgo_skins.sp::OnMapStart
L 03/29/2020 - 17:12:22: Error log file session closed.
L 03/29/2020 - 17:12:22: SourceMod error session started
L 03/29/2020 - 17:12:22: Info (map "jb_obama_v5_beta") (file "/home/steam/csgo-ds/csgo/addons/sourcemod/logs/errors_20200329.log")
L 03/29/2020 - 17:12:22: [SM] Fatal error encountered parsing translation file "BetterWarden.Gangs.phrases.txt"
L 03/29/2020 - 17:12:22: [SM] Error (line 0, column 0): Stream failed to open
L 03/29/2020 - 17:12:22: [SM] Unable to load plugin "BetterWarden/Add-Ons/wildwest.smx": Native "AddToBWLog" was not found
L 03/29/2020 - 17:12:22: [SM] Unable to load plugin "BetterWarden/Add-Ons/gangs.smx": Native "IsClientWarden" was not found
L 03/29/2020 - 17:12:22: [SM] Unable to load plugin "BetterWarden/Add-Ons/zombie.smx": Native "AddToBWLog" was not found
L 03/29/2020 - 17:12:22: [SM] Unable to load plugin "BetterWarden/Add-Ons/catch.smx": Native "GetTeamAliveClientCount" was not found
L 03/29/2020 - 17:12:24: [SM] Exception reported: Fatal error: Unable to open generic configuration file "addons/sourcemod/configs/skins/any.cfg"!
L 03/29/2020 - 17:12:24: [SM] Blaming: csgo_skins.smx
L 03/29/2020 - 17:12:24: [SM] Call stack trace:
L 03/29/2020 - 17:12:24: [SM]   [0] SetFailState
L 03/29/2020 - 17:12:24: [SM]   [1] Line 114, C:\csgo_skins.sp::OnMapStart
L 03/29/2020 - 17:12:24: [nextmap.smx] FATAL: Cannot load map cycle. Nextmap not loaded.
L 03/29/2020 - 17:12:24: [SM] Exception reported: Mapcycle Not Found
L 03/29/2020 - 17:12:24: [SM] Blaming: nextmap.smx
L 03/29/2020 - 17:12:24: [SM] Call stack trace:
L 03/29/2020 - 17:12:24: [SM]   [0] SetFailState
L 03/29/2020 - 17:12:24: [SM]   [1] Line 143, /home/builds/sourcemod/linux-1.10/build/plugins/nextmap.sp::FindAndSetNextMap
L 03/29/2020 - 17:12:24: [SM]   [2] Line 113, /home/builds/sourcemod/linux-1.10/build/plugins/nextmap.sp::OnConfigsExecuted
L 03/29/2020 - 17:12:39: [SM] Exception reported: Could not read Handle 2b002b (error 1)
L 03/29/2020 - 17:12:39: [SM] Blaming: updater.smx
L 03/29/2020 - 17:12:39: [SM] Call stack trace:
L 03/29/2020 - 17:12:39: [SM]   [0] GetPluginInfo
L 03/29/2020 - 17:12:39: [SM]   [1] Line 141, updater/filesys.sp::ParseUpdateFile
L 03/29/2020 - 17:12:39: [SM]   [2] Line 158, updater/download.sp::DownloadEnded
L 03/29/2020 - 17:12:39: [SM]   [3] Line 30, updater/download_steamworks.sp::OnSteamWorksHTTPComplete
L 03/29/2020 - 17:27:21: Error log file session closed.
L 03/29/2020 - 17:27:27: SourceMod error session started
L 03/29/2020 - 17:27:27: Info (map "jb_obama_v5_beta") (file "/home/steam/csgo-ds/csgo/addons/sourcemod/logs/errors_20200329.log")
L 03/29/2020 - 17:27:27: [SM] Unable to load plugin "cmenu.smx": Could not find required plugin "smartjaildoors"
L 03/29/2020 - 17:27:30: [SM] Exception reported: Fatal error: Unable to open generic configuration file "addons/sourcemod/configs/skins/any.cfg"!
L 03/29/2020 - 17:27:30: [SM] Blaming: csgo_skins.smx
L 03/29/2020 - 17:27:30: [SM] Call stack trace:
L 03/29/2020 - 17:27:30: [SM]   [0] SetFailState
L 03/29/2020 - 17:27:30: [SM]   [1] Line 114, C:\csgo_skins.sp::OnMapStart
L 03/29/2020 - 17:27:36: Error log file session closed.
L 03/29/2020 - 17:27:39: SourceMod error session started
L 03/29/2020 - 17:27:39: Info (map "jb_obama_v5_beta") (file "/home/steam/csgo-ds/csgo/addons/sourcemod/logs/errors_20200329.log")
L 03/29/2020 - 17:27:39: [SM] Exception reported: Fatal error: Unable to open generic configuration file "addons/sourcemod/configs/skins/any.cfg"!
L 03/29/2020 - 17:27:39: [SM] Blaming: csgo_skins.smx
L 03/29/2020 - 17:27:39: [SM] Call stack trace:
L 03/29/2020 - 17:27:39: [SM]   [0] SetFailState
L 03/29/2020 - 17:27:39: [SM]   [1] Line 114, C:\csgo_skins.sp::OnMapStart
L 03/29/2020 - 17:27:39: [nextmap.smx] FATAL: Cannot load map cycle. Nextmap not loaded.
L 03/29/2020 - 17:27:39: [SM] Exception reported: Mapcycle Not Found
L 03/29/2020 - 17:27:39: [SM] Blaming: nextmap.smx
L 03/29/2020 - 17:27:39: [SM] Call stack trace:
L 03/29/2020 - 17:27:39: [SM]   [0] SetFailState
L 03/29/2020 - 17:27:39: [SM]   [1] Line 143, /home/builds/sourcemod/linux-1.10/build/plugins/nextmap.sp::FindAndSetNextMap
L 03/29/2020 - 17:27:39: [SM]   [2] Line 113, /home/builds/sourcemod/linux-1.10/build/plugins/nextmap.sp::OnConfigsExecuted
L 03/29/2020 - 17:27:51: [SM] Exception reported: Could not read Handle 2d002d (error 1)
L 03/29/2020 - 17:27:51: [SM] Blaming: updater.smx
L 03/29/2020 - 17:27:51: [SM] Call stack trace:
L 03/29/2020 - 17:27:51: [SM]   [0] GetPluginInfo
L 03/29/2020 - 17:27:51: [SM]   [1] Line 141, updater/filesys.sp::ParseUpdateFile
L 03/29/2020 - 17:27:51: [SM]   [2] Line 158, updater/download.sp::DownloadEnded
L 03/29/2020 - 17:27:51: [SM]   [3] Line 30, updater/download_steamworks.sp::OnSteamWorksHTTPComplete
L 03/29/2020 - 17:29:09: Error log file session closed.
L 03/29/2020 - 17:29:13: SourceMod error session started
L 03/29/2020 - 17:29:13: Info (map "jb_obama_v5_beta") (file "/home/steam/csgo-ds/csgo/addons/sourcemod/logs/errors_20200329.log")
L 03/29/2020 - 17:29:13: [SM] Unable to load plugin "cmenu.smx": Could not find required plugin "smartjaildoors"
L 03/29/2020 - 17:29:16: [SM] Exception reported: Fatal error: Unable to open generic configuration file "addons/sourcemod/configs/skins/any.cfg"!
L 03/29/2020 - 17:29:16: [SM] Blaming: csgo_skins.smx
L 03/29/2020 - 17:29:16: [SM] Call stack trace:
L 03/29/2020 - 17:29:16: [SM]   [0] SetFailState
L 03/29/2020 - 17:29:16: [SM]   [1] Line 114, C:\csgo_skins.sp::OnMapStart
L 03/29/2020 - 17:29:20: Error log file session closed.
L 03/29/2020 - 17:29:23: SourceMod error session started
L 03/29/2020 - 17:29:23: Info (map "jb_obama_v5_beta") (file "/home/steam/csgo-ds/csgo/addons/sourcemod/logs/errors_20200329.log")
L 03/29/2020 - 17:29:23: [SM] Exception reported: Fatal error: Unable to open generic configuration file "addons/sourcemod/configs/skins/any.cfg"!
L 03/29/2020 - 17:29:23: [SM] Blaming: csgo_skins.smx
L 03/29/2020 - 17:29:23: [SM] Call stack trace:
L 03/29/2020 - 17:29:23: [SM]   [0] SetFailState
L 03/29/2020 - 17:29:23: [SM]   [1] Line 114, C:\csgo_skins.sp::OnMapStart
L 03/29/2020 - 17:29:23: [nextmap.smx] FATAL: Cannot load map cycle. Nextmap not loaded.
L 03/29/2020 - 17:29:23: [SM] Exception reported: Mapcycle Not Found
L 03/29/2020 - 17:29:23: [SM] Blaming: nextmap.smx
L 03/29/2020 - 17:29:23: [SM] Call stack trace:
L 03/29/2020 - 17:29:23: [SM]   [0] SetFailState
L 03/29/2020 - 17:29:23: [SM]   [1] Line 143, /home/builds/sourcemod/linux-1.10/build/plugins/nextmap.sp::FindAndSetNextMap
L 03/29/2020 - 17:29:23: [SM]   [2] Line 113, /home/builds/sourcemod/linux-1.10/build/plugins/nextmap.sp::OnConfigsExecuted
L 03/29/2020 - 17:29:35: [SM] Exception reported: Could not read Handle 2d002d (error 1)
L 03/29/2020 - 17:29:35: [SM] Blaming: updater.smx
L 03/29/2020 - 17:29:35: [SM] Call stack trace:
L 03/29/2020 - 17:29:35: [SM]   [0] GetPluginInfo
L 03/29/2020 - 17:29:35: [SM]   [1] Line 141, updater/filesys.sp::ParseUpdateFile
L 03/29/2020 - 17:29:35: [SM]   [2] Line 158, updater/download.sp::DownloadEnded
L 03/29/2020 - 17:29:35: [SM]   [3] Line 30, updater/download_steamworks.sp::OnSteamWorksHTTPComplete
