L 03/28/2020 - 13:47:33: SourceMod log file session started (file "/home/steam/csgo-ds/csgo/addons/sourcemod/logs/L20200328.log") (Version "1.10.0.6478")
L 03/28/2020 - 13:47:33: -------- Mapchange to jb_obama_v5_beta --------
L 03/28/2020 - 13:57:25: [sm_hosties.smx] "Smoweday<2><STEAM_1:0:505070462><>" respawned "Dean<5><BOT><>"
L 03/28/2020 - 21:27:28: SourceMod log file session started (file "/home/steam/csgo-ds/csgo/addons/sourcemod/logs/L20200328.log") (Version "1.10.0.6478")
L 03/28/2020 - 21:27:28: -------- Mapchange to jb_obama_v5_beta --------
L 03/28/2020 - 21:37:02: [basecomm.smx] "MilkA<3><STEAM_1:0:242076907><>" muted "Smoweday<2><STEAM_1:0:505070462><>"
L 03/28/2020 - 21:37:08: [basecomm.smx] "MilkA<3><STEAM_1:0:242076907><>" unmuted "Smoweday<2><STEAM_1:0:505070462><>"
L 03/28/2020 - 21:37:16: [basecomm.smx] "MilkA<3><STEAM_1:0:242076907><>" muted "Smoweday<2><STEAM_1:0:505070462><>"
L 03/28/2020 - 21:37:27: [basecomm.smx] "MilkA<3><STEAM_1:0:242076907><>" unmuted "Smoweday<2><STEAM_1:0:505070462><>"
L 03/28/2020 - 21:38:58: [playercommands.smx] "MilkA<3><STEAM_1:0:242076907><>" slapped "Smoweday<2><STEAM_1:0:505070462><>" (damage "0")
L 03/28/2020 - 21:38:58: [playercommands.smx] "MilkA<3><STEAM_1:0:242076907><>" slapped "Smoweday<2><STEAM_1:0:505070462><>" (damage "0")
L 03/28/2020 - 21:38:58: [playercommands.smx] "MilkA<3><STEAM_1:0:242076907><>" slapped "Smoweday<2><STEAM_1:0:505070462><>" (damage "0")
L 03/28/2020 - 21:38:58: [playercommands.smx] "MilkA<3><STEAM_1:0:242076907><>" slapped "Smoweday<2><STEAM_1:0:505070462><>" (damage "0")
L 03/28/2020 - 21:38:58: [playercommands.smx] "MilkA<3><STEAM_1:0:242076907><>" slapped "Smoweday<2><STEAM_1:0:505070462><>" (damage "0")
L 03/28/2020 - 21:38:58: [playercommands.smx] "MilkA<3><STEAM_1:0:242076907><>" slapped "Smoweday<2><STEAM_1:0:505070462><>" (damage "0")
L 03/28/2020 - 21:38:59: [playercommands.smx] "MilkA<3><STEAM_1:0:242076907><>" slapped "Smoweday<2><STEAM_1:0:505070462><>" (damage "0")
L 03/28/2020 - 21:38:59: [playercommands.smx] "MilkA<3><STEAM_1:0:242076907><>" slapped "Smoweday<2><STEAM_1:0:505070462><>" (damage "0")
L 03/28/2020 - 21:38:59: [playercommands.smx] "MilkA<3><STEAM_1:0:242076907><>" slapped "Smoweday<2><STEAM_1:0:505070462><>" (damage "0")
L 03/28/2020 - 21:38:59: [playercommands.smx] "MilkA<3><STEAM_1:0:242076907><>" slapped "Smoweday<2><STEAM_1:0:505070462><>" (damage "0")
L 03/28/2020 - 21:38:59: [playercommands.smx] "MilkA<3><STEAM_1:0:242076907><>" slapped "Smoweday<2><STEAM_1:0:505070462><>" (damage "0")
L 03/28/2020 - 21:38:59: [playercommands.smx] "MilkA<3><STEAM_1:0:242076907><>" slapped "Smoweday<2><STEAM_1:0:505070462><>" (damage "0")
L 03/28/2020 - 21:38:59: [playercommands.smx] "MilkA<3><STEAM_1:0:242076907><>" slapped "Smoweday<2><STEAM_1:0:505070462><>" (damage "0")
L 03/28/2020 - 21:39:00: [playercommands.smx] "MilkA<3><STEAM_1:0:242076907><>" slapped "Smoweday<2><STEAM_1:0:505070462><>" (damage "0")
L 03/28/2020 - 21:39:00: [playercommands.smx] "MilkA<3><STEAM_1:0:242076907><>" slapped "Smoweday<2><STEAM_1:0:505070462><>" (damage "0")
L 03/28/2020 - 21:39:00: [playercommands.smx] "MilkA<3><STEAM_1:0:242076907><>" slapped "Smoweday<2><STEAM_1:0:505070462><>" (damage "0")
L 03/28/2020 - 21:39:00: [playercommands.smx] "MilkA<3><STEAM_1:0:242076907><>" slapped "Smoweday<2><STEAM_1:0:505070462><>" (damage "0")
L 03/28/2020 - 21:39:00: [playercommands.smx] "MilkA<3><STEAM_1:0:242076907><>" slapped "Smoweday<2><STEAM_1:0:505070462><>" (damage "0")
L 03/28/2020 - 21:39:00: [playercommands.smx] "MilkA<3><STEAM_1:0:242076907><>" slapped "Smoweday<2><STEAM_1:0:505070462><>" (damage "0")
L 03/28/2020 - 21:39:01: [playercommands.smx] "MilkA<3><STEAM_1:0:242076907><>" slapped "Smoweday<2><STEAM_1:0:505070462><>" (damage "0")
L 03/28/2020 - 21:39:01: [playercommands.smx] "MilkA<3><STEAM_1:0:242076907><>" slapped "Smoweday<2><STEAM_1:0:505070462><>" (damage "0")
L 03/28/2020 - 21:39:01: [playercommands.smx] "MilkA<3><STEAM_1:0:242076907><>" slapped "Smoweday<2><STEAM_1:0:505070462><>" (damage "0")
L 03/28/2020 - 21:39:01: [playercommands.smx] "MilkA<3><STEAM_1:0:242076907><>" slapped "Smoweday<2><STEAM_1:0:505070462><>" (damage "0")
L 03/28/2020 - 21:39:01: [playercommands.smx] "MilkA<3><STEAM_1:0:242076907><>" slapped "Smoweday<2><STEAM_1:0:505070462><>" (damage "0")
L 03/28/2020 - 21:39:01: [playercommands.smx] "MilkA<3><STEAM_1:0:242076907><>" slapped "Smoweday<2><STEAM_1:0:505070462><>" (damage "0")
L 03/28/2020 - 21:39:02: [playercommands.smx] "MilkA<3><STEAM_1:0:242076907><>" slapped "MilkA<3><STEAM_1:0:242076907><>" (damage "0")
L 03/28/2020 - 21:39:02: [playercommands.smx] "MilkA<3><STEAM_1:0:242076907><>" slapped "MilkA<3><STEAM_1:0:242076907><>" (damage "0")
L 03/28/2020 - 21:39:02: [playercommands.smx] "MilkA<3><STEAM_1:0:242076907><>" slapped "MilkA<3><STEAM_1:0:242076907><>" (damage "0")
L 03/28/2020 - 21:39:03: [playercommands.smx] "MilkA<3><STEAM_1:0:242076907><>" slapped "MilkA<3><STEAM_1:0:242076907><>" (damage "0")
L 03/28/2020 - 21:39:03: [playercommands.smx] "MilkA<3><STEAM_1:0:242076907><>" slapped "MilkA<3><STEAM_1:0:242076907><>" (damage "0")
L 03/28/2020 - 21:39:03: [playercommands.smx] "MilkA<3><STEAM_1:0:242076907><>" slapped "MilkA<3><STEAM_1:0:242076907><>" (damage "0")
L 03/28/2020 - 21:39:03: [playercommands.smx] "MilkA<3><STEAM_1:0:242076907><>" slapped "MilkA<3><STEAM_1:0:242076907><>" (damage "0")
L 03/28/2020 - 21:39:03: [playercommands.smx] "MilkA<3><STEAM_1:0:242076907><>" slapped "MilkA<3><STEAM_1:0:242076907><>" (damage "0")
L 03/28/2020 - 21:39:03: [playercommands.smx] "MilkA<3><STEAM_1:0:242076907><>" slapped "MilkA<3><STEAM_1:0:242076907><>" (damage "0")
L 03/28/2020 - 21:39:04: [playercommands.smx] "MilkA<3><STEAM_1:0:242076907><>" slapped "MilkA<3><STEAM_1:0:242076907><>" (damage "0")
L 03/28/2020 - 21:39:04: [playercommands.smx] "MilkA<3><STEAM_1:0:242076907><>" slapped "MilkA<3><STEAM_1:0:242076907><>" (damage "0")
L 03/28/2020 - 21:39:04: [playercommands.smx] "MilkA<3><STEAM_1:0:242076907><>" slapped "Smoweday<2><STEAM_1:0:505070462><>" (damage "0")
L 03/28/2020 - 21:39:04: [playercommands.smx] "MilkA<3><STEAM_1:0:242076907><>" slapped "Smoweday<2><STEAM_1:0:505070462><>" (damage "0")
L 03/28/2020 - 21:39:04: [playercommands.smx] "MilkA<3><STEAM_1:0:242076907><>" slapped "Smoweday<2><STEAM_1:0:505070462><>" (damage "0")
L 03/28/2020 - 21:39:04: [playercommands.smx] "MilkA<3><STEAM_1:0:242076907><>" slapped "Smoweday<2><STEAM_1:0:505070462><>" (damage "0")
L 03/28/2020 - 21:39:05: [playercommands.smx] "MilkA<3><STEAM_1:0:242076907><>" slapped "Smoweday<2><STEAM_1:0:505070462><>" (damage "0")
L 03/28/2020 - 21:39:05: [playercommands.smx] "MilkA<3><STEAM_1:0:242076907><>" slapped "Smoweday<2><STEAM_1:0:505070462><>" (damage "0")
L 03/28/2020 - 21:39:05: [playercommands.smx] "MilkA<3><STEAM_1:0:242076907><>" slapped "Smoweday<2><STEAM_1:0:505070462><>" (damage "0")
L 03/28/2020 - 21:39:05: [playercommands.smx] "MilkA<3><STEAM_1:0:242076907><>" slapped "Smoweday<2><STEAM_1:0:505070462><>" (damage "0")
L 03/28/2020 - 21:39:05: [playercommands.smx] "MilkA<3><STEAM_1:0:242076907><>" slapped "Smoweday<2><STEAM_1:0:505070462><>" (damage "0")
L 03/28/2020 - 21:39:06: [playercommands.smx] "MilkA<3><STEAM_1:0:242076907><>" slapped "Smoweday<2><STEAM_1:0:505070462><>" (damage "0")
L 03/28/2020 - 21:39:06: [playercommands.smx] "MilkA<3><STEAM_1:0:242076907><>" slapped "Smoweday<2><STEAM_1:0:505070462><>" (damage "0")
L 03/28/2020 - 21:39:06: [playercommands.smx] "MilkA<3><STEAM_1:0:242076907><>" slapped "Smoweday<2><STEAM_1:0:505070462><>" (damage "0")
L 03/28/2020 - 21:39:07: [playercommands.smx] "MilkA<3><STEAM_1:0:242076907><>" slapped "Smoweday<2><STEAM_1:0:505070462><>" (damage "0")
L 03/28/2020 - 21:39:07: [playercommands.smx] "MilkA<3><STEAM_1:0:242076907><>" slapped "Smoweday<2><STEAM_1:0:505070462><>" (damage "0")
L 03/28/2020 - 21:39:07: [playercommands.smx] "MilkA<3><STEAM_1:0:242076907><>" slapped "Smoweday<2><STEAM_1:0:505070462><>" (damage "0")
L 03/28/2020 - 21:39:07: [playercommands.smx] "MilkA<3><STEAM_1:0:242076907><>" slapped "Smoweday<2><STEAM_1:0:505070462><>" (damage "0")
L 03/28/2020 - 21:39:08: [playercommands.smx] "MilkA<3><STEAM_1:0:242076907><>" slapped "Smoweday<2><STEAM_1:0:505070462><>" (damage "0")
L 03/28/2020 - 21:39:09: [playercommands.smx] "MilkA<3><STEAM_1:0:242076907><>" slapped "Smoweday<2><STEAM_1:0:505070462><>" (damage "0")
L 03/28/2020 - 21:39:09: [playercommands.smx] "MilkA<3><STEAM_1:0:242076907><>" slapped "Smoweday<2><STEAM_1:0:505070462><>" (damage "0")
L 03/28/2020 - 21:39:10: [playercommands.smx] "MilkA<3><STEAM_1:0:242076907><>" slapped "Smoweday<2><STEAM_1:0:505070462><>" (damage "0")
L 03/28/2020 - 21:39:10: [playercommands.smx] "MilkA<3><STEAM_1:0:242076907><>" slapped "Smoweday<2><STEAM_1:0:505070462><>" (damage "0")
L 03/28/2020 - 21:39:10: [playercommands.smx] "MilkA<3><STEAM_1:0:242076907><>" slapped "Smoweday<2><STEAM_1:0:505070462><>" (damage "0")
L 03/28/2020 - 21:39:12: [playercommands.smx] "MilkA<3><STEAM_1:0:242076907><>" slapped "Smoweday<2><STEAM_1:0:505070462><>" (damage "0")
L 03/28/2020 - 21:39:12: [playercommands.smx] "MilkA<3><STEAM_1:0:242076907><>" slapped "Smoweday<2><STEAM_1:0:505070462><>" (damage "0")
L 03/28/2020 - 21:39:12: [playercommands.smx] "MilkA<3><STEAM_1:0:242076907><>" slapped "Smoweday<2><STEAM_1:0:505070462><>" (damage "0")
L 03/28/2020 - 21:39:12: [playercommands.smx] "MilkA<3><STEAM_1:0:242076907><>" slapped "Smoweday<2><STEAM_1:0:505070462><>" (damage "0")
L 03/28/2020 - 21:39:12: [playercommands.smx] "MilkA<3><STEAM_1:0:242076907><>" slapped "Smoweday<2><STEAM_1:0:505070462><>" (damage "0")
L 03/28/2020 - 21:39:13: [playercommands.smx] "MilkA<3><STEAM_1:0:242076907><>" slapped "Smoweday<2><STEAM_1:0:505070462><>" (damage "0")
L 03/28/2020 - 21:39:13: [playercommands.smx] "MilkA<3><STEAM_1:0:242076907><>" slapped "Smoweday<2><STEAM_1:0:505070462><>" (damage "0")
L 03/28/2020 - 21:39:13: [playercommands.smx] "MilkA<3><STEAM_1:0:242076907><>" slapped "Smoweday<2><STEAM_1:0:505070462><>" (damage "0")
L 03/28/2020 - 21:39:13: [playercommands.smx] "MilkA<3><STEAM_1:0:242076907><>" slapped "Smoweday<2><STEAM_1:0:505070462><>" (damage "0")
L 03/28/2020 - 21:39:14: [playercommands.smx] "MilkA<3><STEAM_1:0:242076907><>" slapped "MilkA<3><STEAM_1:0:242076907><>" (damage "0")
L 03/28/2020 - 21:39:14: [playercommands.smx] "MilkA<3><STEAM_1:0:242076907><>" slapped "MilkA<3><STEAM_1:0:242076907><>" (damage "0")
L 03/28/2020 - 21:39:14: [playercommands.smx] "MilkA<3><STEAM_1:0:242076907><>" slapped "MilkA<3><STEAM_1:0:242076907><>" (damage "0")
L 03/28/2020 - 21:39:15: [playercommands.smx] "MilkA<3><STEAM_1:0:242076907><>" slapped "MilkA<3><STEAM_1:0:242076907><>" (damage "0")
L 03/28/2020 - 21:39:15: [playercommands.smx] "MilkA<3><STEAM_1:0:242076907><>" slapped "MilkA<3><STEAM_1:0:242076907><>" (damage "0")
L 03/28/2020 - 21:39:15: [playercommands.smx] "MilkA<3><STEAM_1:0:242076907><>" slapped "MilkA<3><STEAM_1:0:242076907><>" (damage "0")
L 03/28/2020 - 21:39:15: [playercommands.smx] "MilkA<3><STEAM_1:0:242076907><>" slapped "MilkA<3><STEAM_1:0:242076907><>" (damage "0")
L 03/28/2020 - 21:39:15: [playercommands.smx] "MilkA<3><STEAM_1:0:242076907><>" slapped "MilkA<3><STEAM_1:0:242076907><>" (damage "0")
L 03/28/2020 - 21:39:15: [playercommands.smx] "MilkA<3><STEAM_1:0:242076907><>" slapped "MilkA<3><STEAM_1:0:242076907><>" (damage "0")
L 03/28/2020 - 21:39:16: [playercommands.smx] "MilkA<3><STEAM_1:0:242076907><>" slapped "Smoweday<2><STEAM_1:0:505070462><>" (damage "0")
L 03/28/2020 - 21:39:16: [sm_hosties.smx] "Smoweday<2><STEAM_1:0:505070462><>" respawned "Blade<4><STEAM_1:1:454998401><>"
L 03/28/2020 - 21:39:16: [playercommands.smx] "MilkA<3><STEAM_1:0:242076907><>" slapped "Smoweday<2><STEAM_1:0:505070462><>" (damage "0")
L 03/28/2020 - 21:39:16: [playercommands.smx] "MilkA<3><STEAM_1:0:242076907><>" slapped "Smoweday<2><STEAM_1:0:505070462><>" (damage "0")
L 03/28/2020 - 21:39:17: [playercommands.smx] "MilkA<3><STEAM_1:0:242076907><>" slapped "Smoweday<2><STEAM_1:0:505070462><>" (damage "0")
L 03/28/2020 - 21:39:17: [playercommands.smx] "MilkA<3><STEAM_1:0:242076907><>" slapped "Smoweday<2><STEAM_1:0:505070462><>" (damage "0")
L 03/28/2020 - 21:39:18: [playercommands.smx] "MilkA<3><STEAM_1:0:242076907><>" slapped "Smoweday<2><STEAM_1:0:505070462><>" (damage "0")
L 03/28/2020 - 21:39:18: [playercommands.smx] "MilkA<3><STEAM_1:0:242076907><>" slapped "Smoweday<2><STEAM_1:0:505070462><>" (damage "0")
L 03/28/2020 - 21:41:14: [basecommands.smx] "Smoweday<2><STEAM_1:0:505070462><>" refreshed the admin cache.
L 03/28/2020 - 21:41:24: [sm_hosties.smx] "Smoweday<2><STEAM_1:0:505070462><>" respawned "Blade<4><STEAM_1:1:454998401><>"
L 03/28/2020 - 21:42:39: [playercommands.smx] "MilkA<3><STEAM_1:0:242076907><>" slayed "Smoweday<2><STEAM_1:0:505070462><>"
L 03/28/2020 - 21:42:40: [playercommands.smx] "Smoweday<2><STEAM_1:0:505070462><>" slapped "Blade<4><STEAM_1:1:454998401><>" (damage "0")
L 03/28/2020 - 21:42:41: [playercommands.smx] "Smoweday<2><STEAM_1:0:505070462><>" slapped "Blade<4><STEAM_1:1:454998401><>" (damage "0")
L 03/28/2020 - 21:42:41: [playercommands.smx] "Smoweday<2><STEAM_1:0:505070462><>" slapped "Blade<4><STEAM_1:1:454998401><>" (damage "0")
L 03/28/2020 - 21:42:41: [playercommands.smx] "Smoweday<2><STEAM_1:0:505070462><>" slapped "Blade<4><STEAM_1:1:454998401><>" (damage "0")
L 03/28/2020 - 21:42:41: [playercommands.smx] "Smoweday<2><STEAM_1:0:505070462><>" slapped "Blade<4><STEAM_1:1:454998401><>" (damage "0")
L 03/28/2020 - 21:42:41: [playercommands.smx] "Smoweday<2><STEAM_1:0:505070462><>" slapped "Blade<4><STEAM_1:1:454998401><>" (damage "0")
L 03/28/2020 - 21:42:41: [playercommands.smx] "Smoweday<2><STEAM_1:0:505070462><>" slapped "Blade<4><STEAM_1:1:454998401><>" (damage "0")
L 03/28/2020 - 21:42:41: [playercommands.smx] "Smoweday<2><STEAM_1:0:505070462><>" slapped "Blade<4><STEAM_1:1:454998401><>" (damage "0")
L 03/28/2020 - 21:42:42: [playercommands.smx] "Smoweday<2><STEAM_1:0:505070462><>" slapped "Blade<4><STEAM_1:1:454998401><>" (damage "0")
L 03/28/2020 - 21:42:42: [playercommands.smx] "Smoweday<2><STEAM_1:0:505070462><>" slapped "Blade<4><STEAM_1:1:454998401><>" (damage "0")
L 03/28/2020 - 21:42:43: [playercommands.smx] "Smoweday<2><STEAM_1:0:505070462><>" slapped "Blade<4><STEAM_1:1:454998401><>" (damage "0")
L 03/28/2020 - 21:42:43: [playercommands.smx] "Smoweday<2><STEAM_1:0:505070462><>" slapped "Blade<4><STEAM_1:1:454998401><>" (damage "0")
L 03/28/2020 - 21:42:43: [playercommands.smx] "Smoweday<2><STEAM_1:0:505070462><>" slapped "Blade<4><STEAM_1:1:454998401><>" (damage "0")
L 03/28/2020 - 21:42:50: [playercommands.smx] "MilkA<3><STEAM_1:0:242076907><>" slapped "Smoweday<2><STEAM_1:0:505070462><>" (damage "0")
L 03/28/2020 - 21:42:50: [playercommands.smx] "MilkA<3><STEAM_1:0:242076907><>" slapped "Smoweday<2><STEAM_1:0:505070462><>" (damage "0")
L 03/28/2020 - 21:42:50: [playercommands.smx] "MilkA<3><STEAM_1:0:242076907><>" slapped "Smoweday<2><STEAM_1:0:505070462><>" (damage "0")
L 03/28/2020 - 21:42:51: [playercommands.smx] "MilkA<3><STEAM_1:0:242076907><>" slapped "Smoweday<2><STEAM_1:0:505070462><>" (damage "0")
L 03/28/2020 - 21:42:51: [playercommands.smx] "MilkA<3><STEAM_1:0:242076907><>" slapped "Smoweday<2><STEAM_1:0:505070462><>" (damage "0")
L 03/28/2020 - 21:42:51: [playercommands.smx] "MilkA<3><STEAM_1:0:242076907><>" slapped "Smoweday<2><STEAM_1:0:505070462><>" (damage "0")
L 03/28/2020 - 21:42:51: [playercommands.smx] "MilkA<3><STEAM_1:0:242076907><>" slapped "Smoweday<2><STEAM_1:0:505070462><>" (damage "0")
L 03/28/2020 - 21:42:51: [playercommands.smx] "MilkA<3><STEAM_1:0:242076907><>" slapped "Smoweday<2><STEAM_1:0:505070462><>" (damage "0")
L 03/28/2020 - 21:42:51: [playercommands.smx] "MilkA<3><STEAM_1:0:242076907><>" slapped "Smoweday<2><STEAM_1:0:505070462><>" (damage "0")
L 03/28/2020 - 21:42:52: [playercommands.smx] "MilkA<3><STEAM_1:0:242076907><>" slapped "Smoweday<2><STEAM_1:0:505070462><>" (damage "0")
L 03/28/2020 - 21:42:52: [playercommands.smx] "MilkA<3><STEAM_1:0:242076907><>" slapped "Smoweday<2><STEAM_1:0:505070462><>" (damage "0")
L 03/28/2020 - 21:42:53: [playercommands.smx] "MilkA<3><STEAM_1:0:242076907><>" slapped "Smoweday<2><STEAM_1:0:505070462><>" (damage "0")
L 03/28/2020 - 21:42:53: [playercommands.smx] "MilkA<3><STEAM_1:0:242076907><>" slapped "Smoweday<2><STEAM_1:0:505070462><>" (damage "0")
L 03/28/2020 - 21:42:53: [playercommands.smx] "MilkA<3><STEAM_1:0:242076907><>" slapped "Smoweday<2><STEAM_1:0:505070462><>" (damage "0")
L 03/28/2020 - 21:42:54: [playercommands.smx] "MilkA<3><STEAM_1:0:242076907><>" slapped "Smoweday<2><STEAM_1:0:505070462><>" (damage "0")
L 03/28/2020 - 21:42:54: [playercommands.smx] "MilkA<3><STEAM_1:0:242076907><>" slapped "Smoweday<2><STEAM_1:0:505070462><>" (damage "0")
L 03/28/2020 - 21:42:54: [playercommands.smx] "MilkA<3><STEAM_1:0:242076907><>" slapped "Smoweday<2><STEAM_1:0:505070462><>" (damage "0")
L 03/28/2020 - 21:42:54: [playercommands.smx] "MilkA<3><STEAM_1:0:242076907><>" slapped "Smoweday<2><STEAM_1:0:505070462><>" (damage "0")
L 03/28/2020 - 21:42:54: [playercommands.smx] "MilkA<3><STEAM_1:0:242076907><>" slapped "Smoweday<2><STEAM_1:0:505070462><>" (damage "0")
L 03/28/2020 - 21:42:55: [playercommands.smx] "MilkA<3><STEAM_1:0:242076907><>" slapped "Smoweday<2><STEAM_1:0:505070462><>" (damage "0")
L 03/28/2020 - 21:42:55: [playercommands.smx] "MilkA<3><STEAM_1:0:242076907><>" slapped "Smoweday<2><STEAM_1:0:505070462><>" (damage "0")
L 03/28/2020 - 21:42:55: [playercommands.smx] "MilkA<3><STEAM_1:0:242076907><>" slapped "Blade<4><STEAM_1:1:454998401><>" (damage "0")
L 03/28/2020 - 21:42:55: [playercommands.smx] "MilkA<3><STEAM_1:0:242076907><>" slapped "Blade<4><STEAM_1:1:454998401><>" (damage "0")
L 03/28/2020 - 21:42:55: [playercommands.smx] "MilkA<3><STEAM_1:0:242076907><>" slapped "Blade<4><STEAM_1:1:454998401><>" (damage "0")
L 03/28/2020 - 21:42:55: [playercommands.smx] "MilkA<3><STEAM_1:0:242076907><>" slapped "Blade<4><STEAM_1:1:454998401><>" (damage "0")
L 03/28/2020 - 21:42:56: [playercommands.smx] "MilkA<3><STEAM_1:0:242076907><>" slapped "Blade<4><STEAM_1:1:454998401><>" (damage "0")
L 03/28/2020 - 21:42:56: [playercommands.smx] "MilkA<3><STEAM_1:0:242076907><>" slapped "Blade<4><STEAM_1:1:454998401><>" (damage "0")
L 03/28/2020 - 21:42:56: [playercommands.smx] "MilkA<3><STEAM_1:0:242076907><>" slapped "Blade<4><STEAM_1:1:454998401><>" (damage "0")
L 03/28/2020 - 21:42:57: [playercommands.smx] "MilkA<3><STEAM_1:0:242076907><>" slapped "Smoweday<2><STEAM_1:0:505070462><>" (damage "0")
L 03/28/2020 - 21:42:57: [playercommands.smx] "MilkA<3><STEAM_1:0:242076907><>" slapped "Blade<4><STEAM_1:1:454998401><>" (damage "0")
L 03/28/2020 - 21:42:57: [playercommands.smx] "MilkA<3><STEAM_1:0:242076907><>" slapped "Smoweday<2><STEAM_1:0:505070462><>" (damage "0")
L 03/28/2020 - 21:42:57: [playercommands.smx] "MilkA<3><STEAM_1:0:242076907><>" slapped "Blade<4><STEAM_1:1:454998401><>" (damage "0")
L 03/28/2020 - 21:42:57: [playercommands.smx] "MilkA<3><STEAM_1:0:242076907><>" slapped "Smoweday<2><STEAM_1:0:505070462><>" (damage "0")
L 03/28/2020 - 21:42:57: [playercommands.smx] "MilkA<3><STEAM_1:0:242076907><>" slapped "Blade<4><STEAM_1:1:454998401><>" (damage "0")
L 03/28/2020 - 21:42:57: [playercommands.smx] "MilkA<3><STEAM_1:0:242076907><>" slapped "Smoweday<2><STEAM_1:0:505070462><>" (damage "0")
L 03/28/2020 - 21:42:57: [playercommands.smx] "MilkA<3><STEAM_1:0:242076907><>" slapped "Blade<4><STEAM_1:1:454998401><>" (damage "0")
L 03/28/2020 - 21:42:57: [playercommands.smx] "MilkA<3><STEAM_1:0:242076907><>" slapped "Smoweday<2><STEAM_1:0:505070462><>" (damage "0")
L 03/28/2020 - 21:42:57: [playercommands.smx] "MilkA<3><STEAM_1:0:242076907><>" slapped "Blade<4><STEAM_1:1:454998401><>" (damage "0")
L 03/28/2020 - 21:42:58: [playercommands.smx] "MilkA<3><STEAM_1:0:242076907><>" slapped "Smoweday<2><STEAM_1:0:505070462><>" (damage "0")
L 03/28/2020 - 21:42:58: [playercommands.smx] "MilkA<3><STEAM_1:0:242076907><>" slapped "Blade<4><STEAM_1:1:454998401><>" (damage "0")
L 03/28/2020 - 21:42:58: [playercommands.smx] "MilkA<3><STEAM_1:0:242076907><>" slapped "Smoweday<2><STEAM_1:0:505070462><>" (damage "0")
L 03/28/2020 - 21:42:58: [playercommands.smx] "MilkA<3><STEAM_1:0:242076907><>" slapped "Blade<4><STEAM_1:1:454998401><>" (damage "0")
L 03/28/2020 - 21:42:58: [playercommands.smx] "MilkA<3><STEAM_1:0:242076907><>" slapped "Smoweday<2><STEAM_1:0:505070462><>" (damage "0")
L 03/28/2020 - 21:42:58: [playercommands.smx] "MilkA<3><STEAM_1:0:242076907><>" slapped "Blade<4><STEAM_1:1:454998401><>" (damage "0")
L 03/28/2020 - 21:42:58: [playercommands.smx] "MilkA<3><STEAM_1:0:242076907><>" slapped "Smoweday<2><STEAM_1:0:505070462><>" (damage "0")
L 03/28/2020 - 21:42:58: [playercommands.smx] "MilkA<3><STEAM_1:0:242076907><>" slapped "Blade<4><STEAM_1:1:454998401><>" (damage "0")
L 03/28/2020 - 21:42:58: [playercommands.smx] "MilkA<3><STEAM_1:0:242076907><>" slapped "Smoweday<2><STEAM_1:0:505070462><>" (damage "0")
L 03/28/2020 - 21:42:58: [playercommands.smx] "MilkA<3><STEAM_1:0:242076907><>" slapped "Blade<4><STEAM_1:1:454998401><>" (damage "0")
L 03/28/2020 - 21:42:58: [playercommands.smx] "MilkA<3><STEAM_1:0:242076907><>" slapped "Smoweday<2><STEAM_1:0:505070462><>" (damage "0")
L 03/28/2020 - 21:42:58: [playercommands.smx] "MilkA<3><STEAM_1:0:242076907><>" slapped "Blade<4><STEAM_1:1:454998401><>" (damage "0")
L 03/28/2020 - 21:42:59: [playercommands.smx] "MilkA<3><STEAM_1:0:242076907><>" slapped "Smoweday<2><STEAM_1:0:505070462><>" (damage "0")
L 03/28/2020 - 21:42:59: [playercommands.smx] "MilkA<3><STEAM_1:0:242076907><>" slapped "Blade<4><STEAM_1:1:454998401><>" (damage "0")
L 03/28/2020 - 21:42:59: [playercommands.smx] "MilkA<3><STEAM_1:0:242076907><>" slapped "Smoweday<2><STEAM_1:0:505070462><>" (damage "0")
L 03/28/2020 - 21:42:59: [playercommands.smx] "MilkA<3><STEAM_1:0:242076907><>" slapped "Smoweday<2><STEAM_1:0:505070462><>" (damage "0")
L 03/28/2020 - 21:42:59: [playercommands.smx] "MilkA<3><STEAM_1:0:242076907><>" slapped "Blade<4><STEAM_1:1:454998401><>" (damage "0")
L 03/28/2020 - 21:42:59: [playercommands.smx] "MilkA<3><STEAM_1:0:242076907><>" slapped "Smoweday<2><STEAM_1:0:505070462><>" (damage "0")
L 03/28/2020 - 21:43:00: [playercommands.smx] "MilkA<3><STEAM_1:0:242076907><>" slapped "Blade<4><STEAM_1:1:454998401><>" (damage "0")
L 03/28/2020 - 21:43:00: [playercommands.smx] "MilkA<3><STEAM_1:0:242076907><>" slapped "Smoweday<2><STEAM_1:0:505070462><>" (damage "0")
L 03/28/2020 - 21:43:00: [playercommands.smx] "MilkA<3><STEAM_1:0:242076907><>" slapped "Smoweday<2><STEAM_1:0:505070462><>" (damage "0")
L 03/28/2020 - 21:43:00: [playercommands.smx] "MilkA<3><STEAM_1:0:242076907><>" slapped "Blade<4><STEAM_1:1:454998401><>" (damage "0")
L 03/28/2020 - 21:43:00: [playercommands.smx] "MilkA<3><STEAM_1:0:242076907><>" slapped "Smoweday<2><STEAM_1:0:505070462><>" (damage "0")
L 03/28/2020 - 21:43:00: [playercommands.smx] "MilkA<3><STEAM_1:0:242076907><>" slapped "Smoweday<2><STEAM_1:0:505070462><>" (damage "0")
L 03/28/2020 - 21:43:01: [playercommands.smx] "MilkA<3><STEAM_1:0:242076907><>" slapped "Smoweday<2><STEAM_1:0:505070462><>" (damage "0")
L 03/28/2020 - 21:43:02: [playercommands.smx] "MilkA<3><STEAM_1:0:242076907><>" slapped "Blade<4><STEAM_1:1:454998401><>" (damage "0")
L 03/28/2020 - 21:43:03: [playercommands.smx] "MilkA<3><STEAM_1:0:242076907><>" slapped "Blade<4><STEAM_1:1:454998401><>" (damage "0")
L 03/28/2020 - 21:43:03: [playercommands.smx] "MilkA<3><STEAM_1:0:242076907><>" slapped "Smoweday<2><STEAM_1:0:505070462><>" (damage "0")
L 03/28/2020 - 21:43:03: [playercommands.smx] "MilkA<3><STEAM_1:0:242076907><>" slapped "Blade<4><STEAM_1:1:454998401><>" (damage "0")
L 03/28/2020 - 21:43:03: [playercommands.smx] "MilkA<3><STEAM_1:0:242076907><>" slapped "Smoweday<2><STEAM_1:0:505070462><>" (damage "0")
L 03/28/2020 - 21:43:03: [playercommands.smx] "MilkA<3><STEAM_1:0:242076907><>" slapped "Blade<4><STEAM_1:1:454998401><>" (damage "0")
L 03/28/2020 - 21:43:03: [playercommands.smx] "MilkA<3><STEAM_1:0:242076907><>" slapped "Smoweday<2><STEAM_1:0:505070462><>" (damage "0")
L 03/28/2020 - 21:43:03: [playercommands.smx] "MilkA<3><STEAM_1:0:242076907><>" slapped "Blade<4><STEAM_1:1:454998401><>" (damage "0")
L 03/28/2020 - 21:43:34: [playercommands.smx] "MilkA<3><STEAM_1:0:242076907><>" slapped "Smoweday<2><STEAM_1:0:505070462><>" (damage "0")
L 03/28/2020 - 21:43:34: [playercommands.smx] "MilkA<3><STEAM_1:0:242076907><>" slapped "Smoweday<2><STEAM_1:0:505070462><>" (damage "0")
L 03/28/2020 - 21:43:34: [playercommands.smx] "MilkA<3><STEAM_1:0:242076907><>" slapped "Smoweday<2><STEAM_1:0:505070462><>" (damage "0")
L 03/28/2020 - 21:43:34: [playercommands.smx] "MilkA<3><STEAM_1:0:242076907><>" slapped "Smoweday<2><STEAM_1:0:505070462><>" (damage "0")
L 03/28/2020 - 21:43:34: [playercommands.smx] "MilkA<3><STEAM_1:0:242076907><>" slapped "Smoweday<2><STEAM_1:0:505070462><>" (damage "0")
L 03/28/2020 - 21:43:35: [playercommands.smx] "MilkA<3><STEAM_1:0:242076907><>" slapped "Smoweday<2><STEAM_1:0:505070462><>" (damage "0")
L 03/28/2020 - 21:43:35: [playercommands.smx] "MilkA<3><STEAM_1:0:242076907><>" slapped "Smoweday<2><STEAM_1:0:505070462><>" (damage "0")
L 03/28/2020 - 21:43:35: [playercommands.smx] "MilkA<3><STEAM_1:0:242076907><>" slapped "Smoweday<2><STEAM_1:0:505070462><>" (damage "0")
L 03/28/2020 - 21:43:35: [playercommands.smx] "MilkA<3><STEAM_1:0:242076907><>" slapped "Smoweday<2><STEAM_1:0:505070462><>" (damage "0")
L 03/28/2020 - 21:43:35: [playercommands.smx] "MilkA<3><STEAM_1:0:242076907><>" slapped "Smoweday<2><STEAM_1:0:505070462><>" (damage "0")
L 03/28/2020 - 21:43:35: [playercommands.smx] "MilkA<3><STEAM_1:0:242076907><>" slapped "Smoweday<2><STEAM_1:0:505070462><>" (damage "0")
L 03/28/2020 - 21:43:35: [playercommands.smx] "MilkA<3><STEAM_1:0:242076907><>" slapped "Smoweday<2><STEAM_1:0:505070462><>" (damage "0")
L 03/28/2020 - 21:43:36: [playercommands.smx] "MilkA<3><STEAM_1:0:242076907><>" slapped "Smoweday<2><STEAM_1:0:505070462><>" (damage "0")
L 03/28/2020 - 21:43:36: [playercommands.smx] "MilkA<3><STEAM_1:0:242076907><>" slapped "Smoweday<2><STEAM_1:0:505070462><>" (damage "0")
L 03/28/2020 - 21:43:36: [playercommands.smx] "MilkA<3><STEAM_1:0:242076907><>" slapped "Smoweday<2><STEAM_1:0:505070462><>" (damage "0")
L 03/28/2020 - 21:43:36: [playercommands.smx] "MilkA<3><STEAM_1:0:242076907><>" slapped "Smoweday<2><STEAM_1:0:505070462><>" (damage "0")
L 03/28/2020 - 21:43:36: [playercommands.smx] "MilkA<3><STEAM_1:0:242076907><>" slapped "Smoweday<2><STEAM_1:0:505070462><>" (damage "0")
L 03/28/2020 - 21:43:36: [playercommands.smx] "MilkA<3><STEAM_1:0:242076907><>" slapped "Smoweday<2><STEAM_1:0:505070462><>" (damage "0")
L 03/28/2020 - 21:43:37: [playercommands.smx] "MilkA<3><STEAM_1:0:242076907><>" slapped "Smoweday<2><STEAM_1:0:505070462><>" (damage "0")
L 03/28/2020 - 21:43:37: [playercommands.smx] "MilkA<3><STEAM_1:0:242076907><>" slapped "Smoweday<2><STEAM_1:0:505070462><>" (damage "0")
L 03/28/2020 - 21:43:37: [playercommands.smx] "MilkA<3><STEAM_1:0:242076907><>" slapped "Smoweday<2><STEAM_1:0:505070462><>" (damage "0")
L 03/28/2020 - 21:43:38: [playercommands.smx] "MilkA<3><STEAM_1:0:242076907><>" slapped "Blade<4><STEAM_1:1:454998401><>" (damage "0")
L 03/28/2020 - 21:43:38: [playercommands.smx] "MilkA<3><STEAM_1:0:242076907><>" slapped "Smoweday<2><STEAM_1:0:505070462><>" (damage "0")
L 03/28/2020 - 21:51:11: [playercommands.smx] "Smoweday<2><STEAM_1:0:505070462><>" slayed "Smoweday<2><STEAM_1:0:505070462><>"
L 03/28/2020 - 21:51:11: [playercommands.smx] "Smoweday<2><STEAM_1:0:505070462><>" slayed "Blade<4><STEAM_1:1:454998401><>"
L 03/28/2020 - 21:52:15: [basecommands.smx] "Smoweday<2><STEAM_1:0:505070462><>" changed map to "de_dust"
L 03/28/2020 - 21:52:18: [SM] Changed map to "de_dust"
L 03/28/2020 - 21:52:24: -------- Mapchange to de_dust2 --------
L 03/28/2020 - 21:54:22: [basecommands.smx] "MilkA<3><STEAM_1:0:242076907><>" refreshed the admin cache.
L 03/28/2020 - 21:55:06: [playercommands.smx] "MilkA<3><STEAM_1:0:242076907><>" slapped "Blade<4><STEAM_1:1:454998401><>" (damage "0")
L 03/28/2020 - 21:55:06: [playercommands.smx] "MilkA<3><STEAM_1:0:242076907><>" slapped "Blade<4><STEAM_1:1:454998401><>" (damage "0")
L 03/28/2020 - 21:55:06: [playercommands.smx] "MilkA<3><STEAM_1:0:242076907><>" slapped "Blade<4><STEAM_1:1:454998401><>" (damage "0")
L 03/28/2020 - 21:55:06: [playercommands.smx] "MilkA<3><STEAM_1:0:242076907><>" slapped "Blade<4><STEAM_1:1:454998401><>" (damage "0")
L 03/28/2020 - 21:55:06: [playercommands.smx] "MilkA<3><STEAM_1:0:242076907><>" slapped "Blade<4><STEAM_1:1:454998401><>" (damage "0")
L 03/28/2020 - 21:55:12: [sm_hosties.smx] "MilkA<3><STEAM_1:0:242076907><>" respawned "MilkA<3><STEAM_1:0:242076907><>"
L 03/28/2020 - 21:56:14: [sm_hosties.smx] "MilkA<3><STEAM_1:0:242076907><>" respawned "MilkA<3><STEAM_1:0:242076907><>"
L 03/28/2020 - 21:56:41: [sm_hosties.smx] "MilkA<3><STEAM_1:0:242076907><>" respawned "MilkA<3><STEAM_1:0:242076907><>"
L 03/28/2020 - 21:56:50: [sm_hosties.smx] "MilkA<3><STEAM_1:0:242076907><>" respawned "Smoweday<2><STEAM_1:0:505070462><>"
L 03/28/2020 - 21:57:01: [sm_hosties.smx] "MilkA<3><STEAM_1:0:242076907><>" respawned "MilkA<3><STEAM_1:0:242076907><>"
L 03/28/2020 - 21:58:25: [playercommands.smx] "MilkA<3><STEAM_1:0:242076907><>" slapped "Blade<4><STEAM_1:1:454998401><>" (damage "0")
L 03/28/2020 - 21:58:25: [playercommands.smx] "MilkA<3><STEAM_1:0:242076907><>" slapped "Blade<4><STEAM_1:1:454998401><>" (damage "0")
L 03/28/2020 - 21:58:25: [playercommands.smx] "MilkA<3><STEAM_1:0:242076907><>" slapped "Blade<4><STEAM_1:1:454998401><>" (damage "0")
L 03/28/2020 - 21:58:25: [playercommands.smx] "MilkA<3><STEAM_1:0:242076907><>" slapped "Blade<4><STEAM_1:1:454998401><>" (damage "0")
L 03/28/2020 - 21:58:25: [playercommands.smx] "MilkA<3><STEAM_1:0:242076907><>" slapped "Blade<4><STEAM_1:1:454998401><>" (damage "0")
L 03/28/2020 - 21:58:25: [playercommands.smx] "MilkA<3><STEAM_1:0:242076907><>" slapped "Blade<4><STEAM_1:1:454998401><>" (damage "0")
L 03/28/2020 - 21:58:26: [playercommands.smx] "MilkA<3><STEAM_1:0:242076907><>" slapped "Blade<4><STEAM_1:1:454998401><>" (damage "0")
L 03/28/2020 - 21:58:26: [playercommands.smx] "MilkA<3><STEAM_1:0:242076907><>" slapped "Blade<4><STEAM_1:1:454998401><>" (damage "0")
L 03/28/2020 - 21:58:26: [playercommands.smx] "MilkA<3><STEAM_1:0:242076907><>" slapped "Blade<4><STEAM_1:1:454998401><>" (damage "0")
L 03/28/2020 - 21:58:26: [playercommands.smx] "MilkA<3><STEAM_1:0:242076907><>" slapped "Blade<4><STEAM_1:1:454998401><>" (damage "0")
L 03/28/2020 - 21:58:49: [funcommands.smx] "Blade<4><STEAM_1:1:454998401><>" toggled noclip on "Blade<4><STEAM_1:1:454998401><>"
L 03/28/2020 - 21:58:52: [funcommands.smx] "MilkA<3><STEAM_1:0:242076907><>" ignited "Blade<4><STEAM_1:1:454998401><>" (seconds "20.000000")
L 03/28/2020 - 21:58:53: [funcommands.smx] "MilkA<3><STEAM_1:0:242076907><>" ignited "Blade<4><STEAM_1:1:454998401><>" (seconds "20.000000")
L 03/28/2020 - 21:58:53: [funcommands.smx] "MilkA<3><STEAM_1:0:242076907><>" ignited "Blade<4><STEAM_1:1:454998401><>" (seconds "20.000000")
L 03/28/2020 - 21:58:53: [funcommands.smx] "MilkA<3><STEAM_1:0:242076907><>" ignited "Blade<4><STEAM_1:1:454998401><>" (seconds "20.000000")
L 03/28/2020 - 21:58:54: [funcommands.smx] "MilkA<3><STEAM_1:0:242076907><>" ignited "Blade<4><STEAM_1:1:454998401><>" (seconds "20.000000")
L 03/28/2020 - 21:58:54: [funcommands.smx] "MilkA<3><STEAM_1:0:242076907><>" ignited "Blade<4><STEAM_1:1:454998401><>" (seconds "20.000000")
L 03/28/2020 - 21:58:54: [funcommands.smx] "MilkA<3><STEAM_1:0:242076907><>" ignited "Blade<4><STEAM_1:1:454998401><>" (seconds "20.000000")
L 03/28/2020 - 21:58:54: [funcommands.smx] "MilkA<3><STEAM_1:0:242076907><>" ignited "Blade<4><STEAM_1:1:454998401><>" (seconds "20.000000")
L 03/28/2020 - 21:59:09: [funcommands.smx] "MilkA<3><STEAM_1:0:242076907><>" ignited "Smoweday<2><STEAM_1:0:505070462><>" (seconds "20.000000")
L 03/28/2020 - 21:59:13: [funcommands.smx] "MilkA<3><STEAM_1:0:242076907><>" ignited "Blade<4><STEAM_1:1:454998401><>" (seconds "20.000000")
L 03/28/2020 - 21:59:19: [funcommands.smx] "MilkA<3><STEAM_1:0:242076907><>" toggled noclip on "MilkA<3><STEAM_1:0:242076907><>"
L 03/28/2020 - 21:59:28: [funcommands.smx] "MilkA<3><STEAM_1:0:242076907><>" ignited "Blade<4><STEAM_1:1:454998401><>" (seconds "20.000000")
L 03/28/2020 - 21:59:35: [funcommands.smx] "Blade<4><STEAM_1:1:454998401><>" toggled noclip on "MilkA<3><STEAM_1:0:242076907><>"
L 03/28/2020 - 21:59:41: [funcommands.smx] "MilkA<3><STEAM_1:0:242076907><>" ignited "Blade<4><STEAM_1:1:454998401><>" (seconds "20.000000")
L 03/28/2020 - 21:59:41: [funcommands.smx] "MilkA<3><STEAM_1:0:242076907><>" ignited "Blade<4><STEAM_1:1:454998401><>" (seconds "20.000000")
L 03/28/2020 - 21:59:41: [funcommands.smx] "MilkA<3><STEAM_1:0:242076907><>" ignited "Blade<4><STEAM_1:1:454998401><>" (seconds "20.000000")
L 03/28/2020 - 21:59:41: [funcommands.smx] "MilkA<3><STEAM_1:0:242076907><>" ignited "Blade<4><STEAM_1:1:454998401><>" (seconds "20.000000")
L 03/28/2020 - 21:59:42: [funcommands.smx] "MilkA<3><STEAM_1:0:242076907><>" ignited "Smoweday<2><STEAM_1:0:505070462><>" (seconds "20.000000")
L 03/28/2020 - 21:59:52: [sm_hosties.smx] "MilkA<3><STEAM_1:0:242076907><>" slayed "Blade<4><STEAM_1:1:454998401><>"
L 03/28/2020 - 21:59:57: [sm_hosties.smx] "MilkA<3><STEAM_1:0:242076907><>" slayed "MilkA<3><STEAM_1:0:242076907><>"
L 03/28/2020 - 22:00:09: [funcommands.smx] "Blade<4><STEAM_1:1:454998401><>" toggled noclip on "Blade<4><STEAM_1:1:454998401><>"
L 03/28/2020 - 22:00:13: [funcommands.smx] "Blade<4><STEAM_1:1:454998401><>" toggled noclip on "Blade<4><STEAM_1:1:454998401><>"
L 03/28/2020 - 22:02:04: [sm_hosties.smx] "MilkA<3><STEAM_1:0:242076907><>" respawned "MilkA<3><STEAM_1:0:242076907><>"
L 03/28/2020 - 22:02:28: [playercommands.smx] "Smoweday<2><STEAM_1:0:505070462><>" slayed "Smoweday<2><STEAM_1:0:505070462><>"
L 03/28/2020 - 22:02:28: [playercommands.smx] "Smoweday<2><STEAM_1:0:505070462><>" slayed "MilkA<3><STEAM_1:0:242076907><>"
L 03/28/2020 - 22:02:28: [playercommands.smx] "Smoweday<2><STEAM_1:0:505070462><>" slayed "Blade<4><STEAM_1:1:454998401><>"
L 03/28/2020 - 22:03:07: [funcommands.smx] "Blade<4><STEAM_1:1:454998401><>" toggled noclip on "Smoweday<2><STEAM_1:0:505070462><>"
L 03/28/2020 - 22:03:08: [funcommands.smx] "Blade<4><STEAM_1:1:454998401><>" toggled noclip on "Smoweday<2><STEAM_1:0:505070462><>"
L 03/28/2020 - 22:03:09: [funcommands.smx] "Blade<4><STEAM_1:1:454998401><>" toggled noclip on "Blade<4><STEAM_1:1:454998401><>"
L 03/28/2020 - 22:03:11: [funcommands.smx] "Blade<4><STEAM_1:1:454998401><>" toggled noclip on "Blade<4><STEAM_1:1:454998401><>"
L 03/28/2020 - 22:03:12: [playercommands.smx] "Smoweday<2><STEAM_1:0:505070462><>" slayed "MilkA<3><STEAM_1:0:242076907><>"
L 03/28/2020 - 22:07:27: [basecommands.smx] "MilkA<3><STEAM_1:0:242076907><>" refreshed the admin cache.
L 03/28/2020 - 22:07:30: [basecommands.smx] "MilkA<3><STEAM_1:0:242076907><>" changed map to "de_nuke"
L 03/28/2020 - 22:07:33: [SM] Changed map to "de_nuke"
L 03/28/2020 - 22:21:34: SourceMod log file session started (file "/home/steam/csgo-ds/csgo/addons/sourcemod/logs/L20200328.log") (Version "1.10.0.6478")
L 03/28/2020 - 22:21:34: -------- Mapchange to jb_obama_v5_beta --------
L 03/28/2020 - 22:22:30: [basecommands.smx] "MilkA<2><STEAM_1:0:242076907><>" changed map to "ba_jail_electric_vip_v2"
L 03/28/2020 - 22:22:33: [SM] Changed map to "ba_jail_electric_vip_v2"
L 03/28/2020 - 22:22:34: -------- Mapchange to ba_jail_electric_vip_v2 --------
L 03/28/2020 - 22:26:33: Log file closed.
L 03/28/2020 - 22:40:45: SourceMod log file session started (file "/home/steam/csgo-ds/csgo/addons/sourcemod/logs/L20200328.log") (Version "1.10.0.6478")
L 03/28/2020 - 22:40:45: -------- Mapchange to jb_obama_v5_beta --------
L 03/28/2020 - 22:42:27: [basecommands.smx] "MilkA<2><STEAM_1:0:242076907><>" changed map to "ba_jail_electric_vip_v2"
L 03/28/2020 - 22:42:30: [SM] Changed map to "ba_jail_electric_vip_v2"
L 03/28/2020 - 22:42:32: -------- Mapchange to ba_jail_electric_vip_v2 --------
L 03/28/2020 - 22:43:18: Log file closed.
L 03/28/2020 - 22:50:13: SourceMod log file session started (file "/home/steam/csgo-ds/csgo/addons/sourcemod/logs/L20200328.log") (Version "1.10.0.6478")
L 03/28/2020 - 22:50:13: -------- Mapchange to jb_obama_v5_beta --------
L 03/28/2020 - 22:57:50: SourceMod log file session started (file "/home/steam/csgo-ds/csgo/addons/sourcemod/logs/L20200328.log") (Version "1.10.0.6478")
L 03/28/2020 - 22:57:50: -------- Mapchange to jb_obama_v5_beta --------
L 03/28/2020 - 22:58:44: [basecommands.smx] "MilkA<2><STEAM_1:0:242076907><>" refreshed the admin cache.
L 03/28/2020 - 22:58:44: [basecommands.smx] "MilkA<2><STEAM_1:0:242076907><>" refreshed the admin cache.
L 03/28/2020 - 22:58:45: [basecommands.smx] "MilkA<2><STEAM_1:0:242076907><>" refreshed the admin cache.
L 03/28/2020 - 22:58:45: [basecommands.smx] "MilkA<2><STEAM_1:0:242076907><>" refreshed the admin cache.
L 03/28/2020 - 22:58:45: [basecommands.smx] "MilkA<2><STEAM_1:0:242076907><>" refreshed the admin cache.
L 03/28/2020 - 22:58:45: [basecommands.smx] "MilkA<2><STEAM_1:0:242076907><>" refreshed the admin cache.
L 03/28/2020 - 22:58:45: [basecommands.smx] "MilkA<2><STEAM_1:0:242076907><>" refreshed the admin cache.
L 03/28/2020 - 22:58:49: [basecommands.smx] "MilkA<2><STEAM_1:0:242076907><>" executed config (file "server.cfg")
L 03/28/2020 - 22:59:07: [movecommands.smx] "MilkA<2><STEAM_1:0:242076907><>" was moved to T by "Smoweday<3><STEAM_1:0:505070462><>"
L 03/28/2020 - 22:59:07: [movecommands.smx] "Smoweday<3><STEAM_1:0:505070462><>" was moved to CT by "Smoweday<3><STEAM_1:0:505070462><>"
L 03/28/2020 - 22:59:58: [sm_hosties.smx] "MilkA<2><STEAM_1:0:242076907><>" respawned "MilkA<2><STEAM_1:0:242076907><>"
L 03/28/2020 - 23:00:49: [sm_hosties.smx] "Smoweday<3><STEAM_1:0:505070462><>" respawned "Smoweday<3><STEAM_1:0:505070462><>"
L 03/28/2020 - 23:01:27: [movecommands.smx] "MilkA<2><STEAM_1:0:242076907><>" was moved to T by "Smoweday<3><STEAM_1:0:505070462><>"
L 03/28/2020 - 23:01:27: [movecommands.smx] "Smoweday<3><STEAM_1:0:505070462><>" was moved to T by "Smoweday<3><STEAM_1:0:505070462><>"
L 03/28/2020 - 23:03:06: [playercommands.smx] "MilkA<2><STEAM_1:0:242076907><>" slapped "Smoweday<3><STEAM_1:0:505070462><>" (damage "0")
L 03/28/2020 - 23:03:06: [playercommands.smx] "MilkA<2><STEAM_1:0:242076907><>" slapped "Smoweday<3><STEAM_1:0:505070462><>" (damage "0")
L 03/28/2020 - 23:03:06: [playercommands.smx] "MilkA<2><STEAM_1:0:242076907><>" slapped "Smoweday<3><STEAM_1:0:505070462><>" (damage "0")
L 03/28/2020 - 23:03:07: [playercommands.smx] "MilkA<2><STEAM_1:0:242076907><>" slapped "Smoweday<3><STEAM_1:0:505070462><>" (damage "0")
L 03/28/2020 - 23:03:07: [playercommands.smx] "MilkA<2><STEAM_1:0:242076907><>" slapped "Smoweday<3><STEAM_1:0:505070462><>" (damage "0")
L 03/28/2020 - 23:03:07: [playercommands.smx] "MilkA<2><STEAM_1:0:242076907><>" slapped "Smoweday<3><STEAM_1:0:505070462><>" (damage "0")
L 03/28/2020 - 23:03:07: [playercommands.smx] "MilkA<2><STEAM_1:0:242076907><>" slapped "Smoweday<3><STEAM_1:0:505070462><>" (damage "0")
L 03/28/2020 - 23:03:08: [playercommands.smx] "MilkA<2><STEAM_1:0:242076907><>" slapped "Smoweday<3><STEAM_1:0:505070462><>" (damage "0")
L 03/28/2020 - 23:03:08: [playercommands.smx] "MilkA<2><STEAM_1:0:242076907><>" slapped "Smoweday<3><STEAM_1:0:505070462><>" (damage "0")
L 03/28/2020 - 23:03:08: [playercommands.smx] "MilkA<2><STEAM_1:0:242076907><>" slapped "Smoweday<3><STEAM_1:0:505070462><>" (damage "0")
L 03/28/2020 - 23:03:08: [playercommands.smx] "MilkA<2><STEAM_1:0:242076907><>" slapped "Smoweday<3><STEAM_1:0:505070462><>" (damage "0")
L 03/28/2020 - 23:03:08: [playercommands.smx] "MilkA<2><STEAM_1:0:242076907><>" slapped "Smoweday<3><STEAM_1:0:505070462><>" (damage "0")
L 03/28/2020 - 23:03:08: [playercommands.smx] "MilkA<2><STEAM_1:0:242076907><>" slapped "Smoweday<3><STEAM_1:0:505070462><>" (damage "0")
L 03/28/2020 - 23:03:09: [playercommands.smx] "MilkA<2><STEAM_1:0:242076907><>" slapped "Smoweday<3><STEAM_1:0:505070462><>" (damage "0")
L 03/28/2020 - 23:03:09: [playercommands.smx] "MilkA<2><STEAM_1:0:242076907><>" slapped "Smoweday<3><STEAM_1:0:505070462><>" (damage "0")
L 03/28/2020 - 23:03:09: [playercommands.smx] "MilkA<2><STEAM_1:0:242076907><>" slapped "Smoweday<3><STEAM_1:0:505070462><>" (damage "0")
L 03/28/2020 - 23:03:09: [playercommands.smx] "MilkA<2><STEAM_1:0:242076907><>" slapped "Smoweday<3><STEAM_1:0:505070462><>" (damage "0")
L 03/28/2020 - 23:03:09: [playercommands.smx] "MilkA<2><STEAM_1:0:242076907><>" slapped "Smoweday<3><STEAM_1:0:505070462><>" (damage "0")
L 03/28/2020 - 23:03:10: [playercommands.smx] "MilkA<2><STEAM_1:0:242076907><>" slapped "Smoweday<3><STEAM_1:0:505070462><>" (damage "0")
L 03/28/2020 - 23:03:10: [playercommands.smx] "MilkA<2><STEAM_1:0:242076907><>" slapped "Smoweday<3><STEAM_1:0:505070462><>" (damage "0")
L 03/28/2020 - 23:03:11: [playercommands.smx] "MilkA<2><STEAM_1:0:242076907><>" slapped "Smoweday<3><STEAM_1:0:505070462><>" (damage "0")
L 03/28/2020 - 23:03:11: [playercommands.smx] "MilkA<2><STEAM_1:0:242076907><>" slapped "Smoweday<3><STEAM_1:0:505070462><>" (damage "0")
L 03/28/2020 - 23:03:11: [playercommands.smx] "MilkA<2><STEAM_1:0:242076907><>" slapped "Smoweday<3><STEAM_1:0:505070462><>" (damage "0")
L 03/28/2020 - 23:03:11: [playercommands.smx] "MilkA<2><STEAM_1:0:242076907><>" slapped "Smoweday<3><STEAM_1:0:505070462><>" (damage "0")
L 03/28/2020 - 23:03:12: [playercommands.smx] "MilkA<2><STEAM_1:0:242076907><>" slapped "Smoweday<3><STEAM_1:0:505070462><>" (damage "0")
L 03/28/2020 - 23:03:13: [playercommands.smx] "MilkA<2><STEAM_1:0:242076907><>" slapped "Smoweday<3><STEAM_1:0:505070462><>" (damage "0")
L 03/28/2020 - 23:03:13: [playercommands.smx] "MilkA<2><STEAM_1:0:242076907><>" slapped "Smoweday<3><STEAM_1:0:505070462><>" (damage "0")
L 03/28/2020 - 23:03:13: [playercommands.smx] "MilkA<2><STEAM_1:0:242076907><>" slapped "Smoweday<3><STEAM_1:0:505070462><>" (damage "0")
L 03/28/2020 - 23:03:13: [playercommands.smx] "MilkA<2><STEAM_1:0:242076907><>" slapped "Smoweday<3><STEAM_1:0:505070462><>" (damage "0")
L 03/28/2020 - 23:03:14: [playercommands.smx] "MilkA<2><STEAM_1:0:242076907><>" slapped "Smoweday<3><STEAM_1:0:505070462><>" (damage "0")
L 03/28/2020 - 23:03:14: [playercommands.smx] "MilkA<2><STEAM_1:0:242076907><>" slapped "Smoweday<3><STEAM_1:0:505070462><>" (damage "0")
L 03/28/2020 - 23:03:15: [playercommands.smx] "MilkA<2><STEAM_1:0:242076907><>" slapped "Smoweday<3><STEAM_1:0:505070462><>" (damage "0")
L 03/28/2020 - 23:03:15: [playercommands.smx] "MilkA<2><STEAM_1:0:242076907><>" slapped "Smoweday<3><STEAM_1:0:505070462><>" (damage "0")
L 03/28/2020 - 23:03:15: [playercommands.smx] "MilkA<2><STEAM_1:0:242076907><>" slapped "Smoweday<3><STEAM_1:0:505070462><>" (damage "0")
L 03/28/2020 - 23:03:15: [playercommands.smx] "MilkA<2><STEAM_1:0:242076907><>" slapped "Smoweday<3><STEAM_1:0:505070462><>" (damage "0")
L 03/28/2020 - 23:03:15: [playercommands.smx] "MilkA<2><STEAM_1:0:242076907><>" slapped "Smoweday<3><STEAM_1:0:505070462><>" (damage "0")
L 03/28/2020 - 23:03:15: [playercommands.smx] "MilkA<2><STEAM_1:0:242076907><>" slapped "Smoweday<3><STEAM_1:0:505070462><>" (damage "0")
L 03/28/2020 - 23:03:16: [playercommands.smx] "MilkA<2><STEAM_1:0:242076907><>" slapped "Smoweday<3><STEAM_1:0:505070462><>" (damage "0")
L 03/28/2020 - 23:03:16: [playercommands.smx] "MilkA<2><STEAM_1:0:242076907><>" slapped "Smoweday<3><STEAM_1:0:505070462><>" (damage "0")
L 03/28/2020 - 23:03:16: [playercommands.smx] "MilkA<2><STEAM_1:0:242076907><>" slapped "Smoweday<3><STEAM_1:0:505070462><>" (damage "0")
L 03/28/2020 - 23:03:16: [playercommands.smx] "MilkA<2><STEAM_1:0:242076907><>" slapped "Smoweday<3><STEAM_1:0:505070462><>" (damage "0")
L 03/28/2020 - 23:03:16: [playercommands.smx] "MilkA<2><STEAM_1:0:242076907><>" slapped "Smoweday<3><STEAM_1:0:505070462><>" (damage "0")
L 03/28/2020 - 23:03:16: [playercommands.smx] "MilkA<2><STEAM_1:0:242076907><>" slapped "Smoweday<3><STEAM_1:0:505070462><>" (damage "0")
L 03/28/2020 - 23:03:17: [playercommands.smx] "MilkA<2><STEAM_1:0:242076907><>" slapped "Smoweday<3><STEAM_1:0:505070462><>" (damage "0")
L 03/28/2020 - 23:03:17: [playercommands.smx] "MilkA<2><STEAM_1:0:242076907><>" slapped "Smoweday<3><STEAM_1:0:505070462><>" (damage "0")
L 03/28/2020 - 23:03:17: [playercommands.smx] "MilkA<2><STEAM_1:0:242076907><>" slapped "Smoweday<3><STEAM_1:0:505070462><>" (damage "0")
L 03/28/2020 - 23:03:17: [playercommands.smx] "MilkA<2><STEAM_1:0:242076907><>" slapped "Smoweday<3><STEAM_1:0:505070462><>" (damage "0")
L 03/28/2020 - 23:03:17: [playercommands.smx] "MilkA<2><STEAM_1:0:242076907><>" slapped "Smoweday<3><STEAM_1:0:505070462><>" (damage "0")
L 03/28/2020 - 23:03:17: [playercommands.smx] "MilkA<2><STEAM_1:0:242076907><>" slapped "Smoweday<3><STEAM_1:0:505070462><>" (damage "0")
L 03/28/2020 - 23:03:18: [playercommands.smx] "MilkA<2><STEAM_1:0:242076907><>" slapped "Smoweday<3><STEAM_1:0:505070462><>" (damage "0")
L 03/28/2020 - 23:03:18: [playercommands.smx] "MilkA<2><STEAM_1:0:242076907><>" slapped "Smoweday<3><STEAM_1:0:505070462><>" (damage "0")
L 03/28/2020 - 23:03:18: [playercommands.smx] "MilkA<2><STEAM_1:0:242076907><>" slapped "Smoweday<3><STEAM_1:0:505070462><>" (damage "0")
L 03/28/2020 - 23:03:18: [playercommands.smx] "MilkA<2><STEAM_1:0:242076907><>" slapped "Smoweday<3><STEAM_1:0:505070462><>" (damage "0")
L 03/28/2020 - 23:03:18: [playercommands.smx] "MilkA<2><STEAM_1:0:242076907><>" slapped "Smoweday<3><STEAM_1:0:505070462><>" (damage "0")
L 03/28/2020 - 23:03:18: [playercommands.smx] "MilkA<2><STEAM_1:0:242076907><>" slapped "Smoweday<3><STEAM_1:0:505070462><>" (damage "0")
L 03/28/2020 - 23:03:19: [playercommands.smx] "MilkA<2><STEAM_1:0:242076907><>" slapped "Smoweday<3><STEAM_1:0:505070462><>" (damage "0")
L 03/28/2020 - 23:03:19: [playercommands.smx] "MilkA<2><STEAM_1:0:242076907><>" slapped "Smoweday<3><STEAM_1:0:505070462><>" (damage "0")
L 03/28/2020 - 23:03:19: [playercommands.smx] "MilkA<2><STEAM_1:0:242076907><>" slapped "Smoweday<3><STEAM_1:0:505070462><>" (damage "0")
L 03/28/2020 - 23:03:19: [playercommands.smx] "MilkA<2><STEAM_1:0:242076907><>" slapped "Smoweday<3><STEAM_1:0:505070462><>" (damage "0")
L 03/28/2020 - 23:03:19: [playercommands.smx] "MilkA<2><STEAM_1:0:242076907><>" slapped "Smoweday<3><STEAM_1:0:505070462><>" (damage "0")
L 03/28/2020 - 23:03:19: [playercommands.smx] "MilkA<2><STEAM_1:0:242076907><>" slapped "Smoweday<3><STEAM_1:0:505070462><>" (damage "0")
L 03/28/2020 - 23:03:20: [playercommands.smx] "MilkA<2><STEAM_1:0:242076907><>" slapped "Smoweday<3><STEAM_1:0:505070462><>" (damage "0")
L 03/28/2020 - 23:03:20: [playercommands.smx] "MilkA<2><STEAM_1:0:242076907><>" slapped "Smoweday<3><STEAM_1:0:505070462><>" (damage "0")
L 03/28/2020 - 23:03:20: [playercommands.smx] "MilkA<2><STEAM_1:0:242076907><>" slapped "Smoweday<3><STEAM_1:0:505070462><>" (damage "0")
L 03/28/2020 - 23:03:20: [playercommands.smx] "MilkA<2><STEAM_1:0:242076907><>" slapped "Smoweday<3><STEAM_1:0:505070462><>" (damage "0")
L 03/28/2020 - 23:03:20: [playercommands.smx] "MilkA<2><STEAM_1:0:242076907><>" slapped "Smoweday<3><STEAM_1:0:505070462><>" (damage "0")
L 03/28/2020 - 23:03:21: [playercommands.smx] "MilkA<2><STEAM_1:0:242076907><>" slapped "Smoweday<3><STEAM_1:0:505070462><>" (damage "0")
L 03/28/2020 - 23:03:21: [playercommands.smx] "MilkA<2><STEAM_1:0:242076907><>" slapped "Smoweday<3><STEAM_1:0:505070462><>" (damage "0")
L 03/28/2020 - 23:03:21: [playercommands.smx] "MilkA<2><STEAM_1:0:242076907><>" slapped "Smoweday<3><STEAM_1:0:505070462><>" (damage "0")
L 03/28/2020 - 23:03:21: [playercommands.smx] "MilkA<2><STEAM_1:0:242076907><>" slapped "Smoweday<3><STEAM_1:0:505070462><>" (damage "0")
L 03/28/2020 - 23:03:21: [playercommands.smx] "MilkA<2><STEAM_1:0:242076907><>" slapped "Smoweday<3><STEAM_1:0:505070462><>" (damage "0")
L 03/28/2020 - 23:03:21: [playercommands.smx] "MilkA<2><STEAM_1:0:242076907><>" slapped "Smoweday<3><STEAM_1:0:505070462><>" (damage "0")
L 03/28/2020 - 23:03:21: [playercommands.smx] "MilkA<2><STEAM_1:0:242076907><>" slapped "Smoweday<3><STEAM_1:0:505070462><>" (damage "0")
L 03/28/2020 - 23:03:22: [playercommands.smx] "MilkA<2><STEAM_1:0:242076907><>" slapped "Smoweday<3><STEAM_1:0:505070462><>" (damage "0")
L 03/28/2020 - 23:03:22: [playercommands.smx] "MilkA<2><STEAM_1:0:242076907><>" slapped "Smoweday<3><STEAM_1:0:505070462><>" (damage "0")
L 03/28/2020 - 23:03:22: [playercommands.smx] "MilkA<2><STEAM_1:0:242076907><>" slapped "Smoweday<3><STEAM_1:0:505070462><>" (damage "0")
L 03/28/2020 - 23:03:23: [playercommands.smx] "MilkA<2><STEAM_1:0:242076907><>" slapped "Smoweday<3><STEAM_1:0:505070462><>" (damage "0")
L 03/28/2020 - 23:03:23: [playercommands.smx] "MilkA<2><STEAM_1:0:242076907><>" slapped "Smoweday<3><STEAM_1:0:505070462><>" (damage "0")
L 03/28/2020 - 23:03:23: [playercommands.smx] "MilkA<2><STEAM_1:0:242076907><>" slapped "Smoweday<3><STEAM_1:0:505070462><>" (damage "0")
L 03/28/2020 - 23:03:24: [playercommands.smx] "MilkA<2><STEAM_1:0:242076907><>" slapped "Smoweday<3><STEAM_1:0:505070462><>" (damage "0")
L 03/28/2020 - 23:03:24: [playercommands.smx] "MilkA<2><STEAM_1:0:242076907><>" slapped "Smoweday<3><STEAM_1:0:505070462><>" (damage "0")
L 03/28/2020 - 23:03:25: [playercommands.smx] "MilkA<2><STEAM_1:0:242076907><>" slapped "Smoweday<3><STEAM_1:0:505070462><>" (damage "0")
L 03/28/2020 - 23:03:25: [playercommands.smx] "MilkA<2><STEAM_1:0:242076907><>" slapped "Smoweday<3><STEAM_1:0:505070462><>" (damage "0")
L 03/28/2020 - 23:03:26: [playercommands.smx] "MilkA<2><STEAM_1:0:242076907><>" slapped "MilkA<2><STEAM_1:0:242076907><>" (damage "0")
L 03/28/2020 - 23:03:26: [playercommands.smx] "MilkA<2><STEAM_1:0:242076907><>" slapped "MilkA<2><STEAM_1:0:242076907><>" (damage "0")
L 03/28/2020 - 23:03:26: [playercommands.smx] "MilkA<2><STEAM_1:0:242076907><>" slapped "MilkA<2><STEAM_1:0:242076907><>" (damage "0")
L 03/28/2020 - 23:03:27: [playercommands.smx] "MilkA<2><STEAM_1:0:242076907><>" slapped "MilkA<2><STEAM_1:0:242076907><>" (damage "0")
L 03/28/2020 - 23:03:27: [playercommands.smx] "MilkA<2><STEAM_1:0:242076907><>" slapped "MilkA<2><STEAM_1:0:242076907><>" (damage "0")
L 03/28/2020 - 23:03:27: [playercommands.smx] "MilkA<2><STEAM_1:0:242076907><>" slapped "MilkA<2><STEAM_1:0:242076907><>" (damage "0")
L 03/28/2020 - 23:03:28: [playercommands.smx] "MilkA<2><STEAM_1:0:242076907><>" slapped "MilkA<2><STEAM_1:0:242076907><>" (damage "0")
L 03/28/2020 - 23:03:28: [playercommands.smx] "MilkA<2><STEAM_1:0:242076907><>" slapped "MilkA<2><STEAM_1:0:242076907><>" (damage "0")
L 03/28/2020 - 23:03:29: [playercommands.smx] "MilkA<2><STEAM_1:0:242076907><>" slayed "MilkA<2><STEAM_1:0:242076907><>"
L 03/28/2020 - 23:03:34: [playercommands.smx] "MilkA<2><STEAM_1:0:242076907><>" slayed "Smoweday<3><STEAM_1:0:505070462><>"
L 03/28/2020 - 23:05:13: [playercommands.smx] "MilkA<2><STEAM_1:0:242076907><>" slayed "MilkA<2><STEAM_1:0:242076907><>"
L 03/28/2020 - 23:05:15: [playercommands.smx] "MilkA<2><STEAM_1:0:242076907><>" slayed "Smoweday<3><STEAM_1:0:505070462><>"
L 03/28/2020 - 23:07:50: [funcommands.smx] "MilkA<2><STEAM_1:0:242076907><>" toggled noclip on "MilkA<2><STEAM_1:0:242076907><>"
L 03/28/2020 - 23:08:04: [funcommands.smx] "MilkA<2><STEAM_1:0:242076907><>" toggled noclip on "MilkA<2><STEAM_1:0:242076907><>"
L 03/28/2020 - 23:08:16: [playercommands.smx] "Smoweday<3><STEAM_1:0:505070462><>" slayed "MilkA<2><STEAM_1:0:242076907><>"
L 03/28/2020 - 23:09:45: [funcommands.smx] "MilkA<2><STEAM_1:0:242076907><>" toggled noclip on "MilkA<2><STEAM_1:0:242076907><>"
L 03/28/2020 - 23:09:58: [funcommands.smx] "MilkA<2><STEAM_1:0:242076907><>" toggled noclip on "MilkA<2><STEAM_1:0:242076907><>"
L 03/28/2020 - 23:10:09: [funcommands.smx] "Smoweday<3><STEAM_1:0:505070462><>" set a beacon on "MilkA<2><STEAM_1:0:242076907><>"
L 03/28/2020 - 23:12:17: [basebans.smx] "Smoweday<3><STEAM_1:0:505070462><>" banned "MilkA<2><STEAM_1:0:242076907><>" (minutes "1") (reason "kokot")
L 03/28/2020 - 23:12:42: [basebans.smx] "Smoweday<3><STEAM_1:0:505070462><>" removed ban (filter "milka")
L 03/28/2020 - 23:16:29: [funcommands.smx] "MilkA<4><STEAM_1:0:242076907><>" toggled noclip on "MilkA<4><STEAM_1:0:242076907><>"
L 03/28/2020 - 23:16:56: [funcommands.smx] "MilkA<4><STEAM_1:0:242076907><>" toggled noclip on "MilkA<4><STEAM_1:0:242076907><>"
L 03/28/2020 - 23:17:07: [funcommands.smx] "MilkA<4><STEAM_1:0:242076907><>" toggled noclip on "MilkA<4><STEAM_1:0:242076907><>"
L 03/28/2020 - 23:19:10: [playercommands.smx] "Smoweday<3><STEAM_1:0:505070462><>" slapped "Smoweday<3><STEAM_1:0:505070462><>" (damage "1")
L 03/28/2020 - 23:19:11: [playercommands.smx] "Smoweday<3><STEAM_1:0:505070462><>" slapped "Smoweday<3><STEAM_1:0:505070462><>" (damage "1")
L 03/28/2020 - 23:19:11: [playercommands.smx] "Smoweday<3><STEAM_1:0:505070462><>" slapped "Smoweday<3><STEAM_1:0:505070462><>" (damage "1")
L 03/28/2020 - 23:19:11: [playercommands.smx] "Smoweday<3><STEAM_1:0:505070462><>" slapped "Smoweday<3><STEAM_1:0:505070462><>" (damage "1")
L 03/28/2020 - 23:19:11: [playercommands.smx] "Smoweday<3><STEAM_1:0:505070462><>" slapped "MilkA<4><STEAM_1:0:242076907><>" (damage "1")
L 03/28/2020 - 23:19:11: [playercommands.smx] "Smoweday<3><STEAM_1:0:505070462><>" slapped "MilkA<4><STEAM_1:0:242076907><>" (damage "1")
L 03/28/2020 - 23:19:11: [playercommands.smx] "Smoweday<3><STEAM_1:0:505070462><>" slapped "MilkA<4><STEAM_1:0:242076907><>" (damage "1")
L 03/28/2020 - 23:19:12: [playercommands.smx] "Smoweday<3><STEAM_1:0:505070462><>" slapped "MilkA<4><STEAM_1:0:242076907><>" (damage "1")
L 03/28/2020 - 23:19:12: [playercommands.smx] "Smoweday<3><STEAM_1:0:505070462><>" slapped "MilkA<4><STEAM_1:0:242076907><>" (damage "1")
L 03/28/2020 - 23:19:12: [playercommands.smx] "Smoweday<3><STEAM_1:0:505070462><>" slapped "MilkA<4><STEAM_1:0:242076907><>" (damage "1")
L 03/28/2020 - 23:19:12: [playercommands.smx] "Smoweday<3><STEAM_1:0:505070462><>" slapped "MilkA<4><STEAM_1:0:242076907><>" (damage "1")
L 03/28/2020 - 23:19:12: [playercommands.smx] "Smoweday<3><STEAM_1:0:505070462><>" slapped "MilkA<4><STEAM_1:0:242076907><>" (damage "1")
L 03/28/2020 - 23:19:12: [playercommands.smx] "Smoweday<3><STEAM_1:0:505070462><>" slapped "MilkA<4><STEAM_1:0:242076907><>" (damage "1")
L 03/28/2020 - 23:19:13: [playercommands.smx] "Smoweday<3><STEAM_1:0:505070462><>" slapped "MilkA<4><STEAM_1:0:242076907><>" (damage "1")
L 03/28/2020 - 23:19:13: [playercommands.smx] "Smoweday<3><STEAM_1:0:505070462><>" slapped "MilkA<4><STEAM_1:0:242076907><>" (damage "1")
L 03/28/2020 - 23:19:31: [playercommands.smx] "Smoweday<3><STEAM_1:0:505070462><>" slapped "MilkA<4><STEAM_1:0:242076907><>" (damage "0")
L 03/28/2020 - 23:19:31: [playercommands.smx] "Smoweday<3><STEAM_1:0:505070462><>" slapped "MilkA<4><STEAM_1:0:242076907><>" (damage "0")
L 03/28/2020 - 23:19:31: [playercommands.smx] "Smoweday<3><STEAM_1:0:505070462><>" slapped "MilkA<4><STEAM_1:0:242076907><>" (damage "0")
L 03/28/2020 - 23:24:54: [funcommands.smx] "Smoweday<3><STEAM_1:0:505070462><>" toggled noclip on "Smoweday<3><STEAM_1:0:505070462><>"
L 03/28/2020 - 23:24:55: [funcommands.smx] "Smoweday<3><STEAM_1:0:505070462><>" toggled noclip on "Smoweday<3><STEAM_1:0:505070462><>"
L 03/28/2020 - 23:24:57: [funcommands.smx] "Smoweday<3><STEAM_1:0:505070462><>" toggled noclip on "Smoweday<3><STEAM_1:0:505070462><>"
L 03/28/2020 - 23:25:00: [funcommands.smx] "Smoweday<3><STEAM_1:0:505070462><>" toggled noclip on "Smoweday<3><STEAM_1:0:505070462><>"
L 03/28/2020 - 23:25:01: [funcommands.smx] "MilkA<4><STEAM_1:0:242076907><>" toggled noclip on "MilkA<4><STEAM_1:0:242076907><>"
L 03/28/2020 - 23:25:01: [funcommands.smx] "Smoweday<3><STEAM_1:0:505070462><>" toggled noclip on "Smoweday<3><STEAM_1:0:505070462><>"
L 03/28/2020 - 23:25:02: [funcommands.smx] "Smoweday<3><STEAM_1:0:505070462><>" toggled noclip on "Smoweday<3><STEAM_1:0:505070462><>"
L 03/28/2020 - 23:25:22: [funcommands.smx] "MilkA<4><STEAM_1:0:242076907><>" toggled noclip on "MilkA<4><STEAM_1:0:242076907><>"
L 03/28/2020 - 23:25:33: [playercommands.smx] "Smoweday<3><STEAM_1:0:505070462><>" slayed "MilkA<4><STEAM_1:0:242076907><>"
L 03/28/2020 - 23:26:41: [funcommands.smx] "Smoweday<3><STEAM_1:0:505070462><>" set a beacon on "MilkA<4><STEAM_1:0:242076907><>"
L 03/28/2020 - 23:29:04: [playercommands.smx] "Smoweday<3><STEAM_1:0:505070462><>" slapped "MilkA<4><STEAM_1:0:242076907><>" (damage "0")
L 03/28/2020 - 23:29:04: [playercommands.smx] "Smoweday<3><STEAM_1:0:505070462><>" slapped "MilkA<4><STEAM_1:0:242076907><>" (damage "0")
L 03/28/2020 - 23:29:05: [playercommands.smx] "Smoweday<3><STEAM_1:0:505070462><>" slapped "MilkA<4><STEAM_1:0:242076907><>" (damage "0")
L 03/28/2020 - 23:29:05: [playercommands.smx] "Smoweday<3><STEAM_1:0:505070462><>" slapped "MilkA<4><STEAM_1:0:242076907><>" (damage "0")
L 03/28/2020 - 23:29:06: [playercommands.smx] "Smoweday<3><STEAM_1:0:505070462><>" slapped "MilkA<4><STEAM_1:0:242076907><>" (damage "0")
L 03/28/2020 - 23:29:06: [playercommands.smx] "Smoweday<3><STEAM_1:0:505070462><>" slapped "MilkA<4><STEAM_1:0:242076907><>" (damage "0")
L 03/28/2020 - 23:29:06: [playercommands.smx] "Smoweday<3><STEAM_1:0:505070462><>" slapped "MilkA<4><STEAM_1:0:242076907><>" (damage "0")
L 03/28/2020 - 23:29:06: [playercommands.smx] "Smoweday<3><STEAM_1:0:505070462><>" slapped "MilkA<4><STEAM_1:0:242076907><>" (damage "0")
L 03/28/2020 - 23:29:06: [playercommands.smx] "Smoweday<3><STEAM_1:0:505070462><>" slapped "MilkA<4><STEAM_1:0:242076907><>" (damage "0")
L 03/28/2020 - 23:29:06: [playercommands.smx] "Smoweday<3><STEAM_1:0:505070462><>" slapped "MilkA<4><STEAM_1:0:242076907><>" (damage "0")
L 03/28/2020 - 23:29:07: [playercommands.smx] "Smoweday<3><STEAM_1:0:505070462><>" slapped "MilkA<4><STEAM_1:0:242076907><>" (damage "0")
L 03/28/2020 - 23:29:07: [playercommands.smx] "Smoweday<3><STEAM_1:0:505070462><>" slapped "MilkA<4><STEAM_1:0:242076907><>" (damage "0")
L 03/28/2020 - 23:29:07: [playercommands.smx] "Smoweday<3><STEAM_1:0:505070462><>" slapped "MilkA<4><STEAM_1:0:242076907><>" (damage "0")
L 03/28/2020 - 23:29:08: [playercommands.smx] "Smoweday<3><STEAM_1:0:505070462><>" slapped "MilkA<4><STEAM_1:0:242076907><>" (damage "0")
L 03/28/2020 - 23:29:08: [playercommands.smx] "Smoweday<3><STEAM_1:0:505070462><>" slapped "MilkA<4><STEAM_1:0:242076907><>" (damage "0")
L 03/28/2020 - 23:29:08: [playercommands.smx] "Smoweday<3><STEAM_1:0:505070462><>" slapped "MilkA<4><STEAM_1:0:242076907><>" (damage "0")
L 03/28/2020 - 23:29:08: [playercommands.smx] "Smoweday<3><STEAM_1:0:505070462><>" slapped "MilkA<4><STEAM_1:0:242076907><>" (damage "0")
L 03/28/2020 - 23:29:08: [playercommands.smx] "Smoweday<3><STEAM_1:0:505070462><>" slapped "MilkA<4><STEAM_1:0:242076907><>" (damage "0")
L 03/28/2020 - 23:29:08: [playercommands.smx] "Smoweday<3><STEAM_1:0:505070462><>" slapped "MilkA<4><STEAM_1:0:242076907><>" (damage "0")
L 03/28/2020 - 23:29:09: [playercommands.smx] "Smoweday<3><STEAM_1:0:505070462><>" slapped "MilkA<4><STEAM_1:0:242076907><>" (damage "0")
L 03/28/2020 - 23:29:09: [playercommands.smx] "Smoweday<3><STEAM_1:0:505070462><>" slapped "MilkA<4><STEAM_1:0:242076907><>" (damage "0")
L 03/28/2020 - 23:29:09: [playercommands.smx] "Smoweday<3><STEAM_1:0:505070462><>" slapped "MilkA<4><STEAM_1:0:242076907><>" (damage "0")
L 03/28/2020 - 23:29:09: [playercommands.smx] "Smoweday<3><STEAM_1:0:505070462><>" slapped "MilkA<4><STEAM_1:0:242076907><>" (damage "0")
L 03/28/2020 - 23:29:09: [playercommands.smx] "Smoweday<3><STEAM_1:0:505070462><>" slapped "MilkA<4><STEAM_1:0:242076907><>" (damage "0")
L 03/28/2020 - 23:29:09: [playercommands.smx] "Smoweday<3><STEAM_1:0:505070462><>" slapped "MilkA<4><STEAM_1:0:242076907><>" (damage "0")
L 03/28/2020 - 23:29:09: [playercommands.smx] "Smoweday<3><STEAM_1:0:505070462><>" slapped "MilkA<4><STEAM_1:0:242076907><>" (damage "0")
L 03/28/2020 - 23:29:09: [playercommands.smx] "Smoweday<3><STEAM_1:0:505070462><>" slapped "MilkA<4><STEAM_1:0:242076907><>" (damage "0")
L 03/28/2020 - 23:29:10: [playercommands.smx] "Smoweday<3><STEAM_1:0:505070462><>" slapped "MilkA<4><STEAM_1:0:242076907><>" (damage "0")
L 03/28/2020 - 23:29:10: [playercommands.smx] "Smoweday<3><STEAM_1:0:505070462><>" slapped "MilkA<4><STEAM_1:0:242076907><>" (damage "0")
L 03/28/2020 - 23:29:10: [playercommands.smx] "Smoweday<3><STEAM_1:0:505070462><>" slapped "MilkA<4><STEAM_1:0:242076907><>" (damage "0")
L 03/28/2020 - 23:29:10: [playercommands.smx] "Smoweday<3><STEAM_1:0:505070462><>" slapped "MilkA<4><STEAM_1:0:242076907><>" (damage "0")
L 03/28/2020 - 23:29:10: [playercommands.smx] "Smoweday<3><STEAM_1:0:505070462><>" slapped "MilkA<4><STEAM_1:0:242076907><>" (damage "0")
L 03/28/2020 - 23:29:10: [playercommands.smx] "Smoweday<3><STEAM_1:0:505070462><>" slapped "MilkA<4><STEAM_1:0:242076907><>" (damage "0")
L 03/28/2020 - 23:29:10: [playercommands.smx] "Smoweday<3><STEAM_1:0:505070462><>" slapped "MilkA<4><STEAM_1:0:242076907><>" (damage "0")
L 03/28/2020 - 23:29:10: [playercommands.smx] "Smoweday<3><STEAM_1:0:505070462><>" slapped "MilkA<4><STEAM_1:0:242076907><>" (damage "0")
L 03/28/2020 - 23:29:11: [playercommands.smx] "Smoweday<3><STEAM_1:0:505070462><>" slapped "Smoweday<3><STEAM_1:0:505070462><>" (damage "0")
L 03/28/2020 - 23:29:11: [playercommands.smx] "Smoweday<3><STEAM_1:0:505070462><>" slapped "MilkA<4><STEAM_1:0:242076907><>" (damage "0")
L 03/28/2020 - 23:29:11: [playercommands.smx] "Smoweday<3><STEAM_1:0:505070462><>" slapped "Smoweday<3><STEAM_1:0:505070462><>" (damage "0")
L 03/28/2020 - 23:29:11: [playercommands.smx] "Smoweday<3><STEAM_1:0:505070462><>" slapped "MilkA<4><STEAM_1:0:242076907><>" (damage "0")
L 03/28/2020 - 23:29:11: [playercommands.smx] "Smoweday<3><STEAM_1:0:505070462><>" slapped "Smoweday<3><STEAM_1:0:505070462><>" (damage "0")
L 03/28/2020 - 23:29:11: [playercommands.smx] "Smoweday<3><STEAM_1:0:505070462><>" slapped "MilkA<4><STEAM_1:0:242076907><>" (damage "0")
L 03/28/2020 - 23:29:11: [playercommands.smx] "Smoweday<3><STEAM_1:0:505070462><>" slapped "Smoweday<3><STEAM_1:0:505070462><>" (damage "0")
L 03/28/2020 - 23:29:11: [playercommands.smx] "Smoweday<3><STEAM_1:0:505070462><>" slapped "MilkA<4><STEAM_1:0:242076907><>" (damage "0")
L 03/28/2020 - 23:29:11: [playercommands.smx] "Smoweday<3><STEAM_1:0:505070462><>" slapped "Smoweday<3><STEAM_1:0:505070462><>" (damage "0")
L 03/28/2020 - 23:29:11: [playercommands.smx] "Smoweday<3><STEAM_1:0:505070462><>" slapped "MilkA<4><STEAM_1:0:242076907><>" (damage "0")
L 03/28/2020 - 23:29:11: [playercommands.smx] "Smoweday<3><STEAM_1:0:505070462><>" slapped "Smoweday<3><STEAM_1:0:505070462><>" (damage "0")
L 03/28/2020 - 23:29:12: [playercommands.smx] "Smoweday<3><STEAM_1:0:505070462><>" slapped "MilkA<4><STEAM_1:0:242076907><>" (damage "0")
L 03/28/2020 - 23:29:12: [playercommands.smx] "Smoweday<3><STEAM_1:0:505070462><>" slapped "MilkA<4><STEAM_1:0:242076907><>" (damage "0")
L 03/28/2020 - 23:29:12: [playercommands.smx] "Smoweday<3><STEAM_1:0:505070462><>" slapped "Smoweday<3><STEAM_1:0:505070462><>" (damage "0")
L 03/28/2020 - 23:29:12: [playercommands.smx] "Smoweday<3><STEAM_1:0:505070462><>" slapped "MilkA<4><STEAM_1:0:242076907><>" (damage "0")
L 03/28/2020 - 23:29:12: [playercommands.smx] "Smoweday<3><STEAM_1:0:505070462><>" slapped "Smoweday<3><STEAM_1:0:505070462><>" (damage "0")
L 03/28/2020 - 23:29:12: [playercommands.smx] "Smoweday<3><STEAM_1:0:505070462><>" slapped "MilkA<4><STEAM_1:0:242076907><>" (damage "0")
L 03/28/2020 - 23:29:12: [playercommands.smx] "Smoweday<3><STEAM_1:0:505070462><>" slapped "Smoweday<3><STEAM_1:0:505070462><>" (damage "0")
L 03/28/2020 - 23:29:12: [playercommands.smx] "Smoweday<3><STEAM_1:0:505070462><>" slapped "MilkA<4><STEAM_1:0:242076907><>" (damage "0")
L 03/28/2020 - 23:29:12: [playercommands.smx] "Smoweday<3><STEAM_1:0:505070462><>" slapped "Smoweday<3><STEAM_1:0:505070462><>" (damage "0")
L 03/28/2020 - 23:29:13: [playercommands.smx] "Smoweday<3><STEAM_1:0:505070462><>" slapped "MilkA<4><STEAM_1:0:242076907><>" (damage "0")
L 03/28/2020 - 23:29:13: [playercommands.smx] "Smoweday<3><STEAM_1:0:505070462><>" slapped "Smoweday<3><STEAM_1:0:505070462><>" (damage "0")
L 03/28/2020 - 23:29:13: [playercommands.smx] "Smoweday<3><STEAM_1:0:505070462><>" slapped "MilkA<4><STEAM_1:0:242076907><>" (damage "0")
L 03/28/2020 - 23:29:13: [playercommands.smx] "Smoweday<3><STEAM_1:0:505070462><>" slapped "Smoweday<3><STEAM_1:0:505070462><>" (damage "0")
L 03/28/2020 - 23:29:13: [playercommands.smx] "Smoweday<3><STEAM_1:0:505070462><>" slapped "MilkA<4><STEAM_1:0:242076907><>" (damage "0")
L 03/28/2020 - 23:29:13: [playercommands.smx] "Smoweday<3><STEAM_1:0:505070462><>" slapped "Smoweday<3><STEAM_1:0:505070462><>" (damage "0")
L 03/28/2020 - 23:29:13: [playercommands.smx] "Smoweday<3><STEAM_1:0:505070462><>" slapped "MilkA<4><STEAM_1:0:242076907><>" (damage "0")
L 03/28/2020 - 23:29:13: [playercommands.smx] "Smoweday<3><STEAM_1:0:505070462><>" slapped "Smoweday<3><STEAM_1:0:505070462><>" (damage "0")
L 03/28/2020 - 23:29:13: [playercommands.smx] "Smoweday<3><STEAM_1:0:505070462><>" slapped "MilkA<4><STEAM_1:0:242076907><>" (damage "0")
L 03/28/2020 - 23:29:13: [playercommands.smx] "Smoweday<3><STEAM_1:0:505070462><>" slapped "Smoweday<3><STEAM_1:0:505070462><>" (damage "0")
L 03/28/2020 - 23:29:14: [playercommands.smx] "Smoweday<3><STEAM_1:0:505070462><>" slapped "MilkA<4><STEAM_1:0:242076907><>" (damage "0")
L 03/28/2020 - 23:29:15: [playercommands.smx] "Smoweday<3><STEAM_1:0:505070462><>" slapped "MilkA<4><STEAM_1:0:242076907><>" (damage "0")
L 03/28/2020 - 23:29:15: [playercommands.smx] "Smoweday<3><STEAM_1:0:505070462><>" slapped "MilkA<4><STEAM_1:0:242076907><>" (damage "0")
L 03/28/2020 - 23:29:15: [playercommands.smx] "Smoweday<3><STEAM_1:0:505070462><>" slapped "MilkA<4><STEAM_1:0:242076907><>" (damage "0")
L 03/28/2020 - 23:29:16: [playercommands.smx] "Smoweday<3><STEAM_1:0:505070462><>" slapped "MilkA<4><STEAM_1:0:242076907><>" (damage "0")
L 03/28/2020 - 23:29:16: [playercommands.smx] "Smoweday<3><STEAM_1:0:505070462><>" slapped "MilkA<4><STEAM_1:0:242076907><>" (damage "0")
L 03/28/2020 - 23:29:16: [playercommands.smx] "Smoweday<3><STEAM_1:0:505070462><>" slapped "MilkA<4><STEAM_1:0:242076907><>" (damage "0")
L 03/28/2020 - 23:29:17: [playercommands.smx] "Smoweday<3><STEAM_1:0:505070462><>" slapped "MilkA<4><STEAM_1:0:242076907><>" (damage "0")
L 03/28/2020 - 23:29:17: [playercommands.smx] "Smoweday<3><STEAM_1:0:505070462><>" slapped "MilkA<4><STEAM_1:0:242076907><>" (damage "0")
L 03/28/2020 - 23:29:17: [playercommands.smx] "Smoweday<3><STEAM_1:0:505070462><>" slapped "MilkA<4><STEAM_1:0:242076907><>" (damage "0")
L 03/28/2020 - 23:29:17: [playercommands.smx] "Smoweday<3><STEAM_1:0:505070462><>" slapped "MilkA<4><STEAM_1:0:242076907><>" (damage "0")
L 03/28/2020 - 23:29:17: [playercommands.smx] "Smoweday<3><STEAM_1:0:505070462><>" slapped "MilkA<4><STEAM_1:0:242076907><>" (damage "0")
L 03/28/2020 - 23:29:17: [playercommands.smx] "Smoweday<3><STEAM_1:0:505070462><>" slapped "MilkA<4><STEAM_1:0:242076907><>" (damage "0")
L 03/28/2020 - 23:29:17: [playercommands.smx] "Smoweday<3><STEAM_1:0:505070462><>" slapped "MilkA<4><STEAM_1:0:242076907><>" (damage "0")
L 03/28/2020 - 23:29:17: [playercommands.smx] "Smoweday<3><STEAM_1:0:505070462><>" slapped "MilkA<4><STEAM_1:0:242076907><>" (damage "0")
L 03/28/2020 - 23:29:19: [playercommands.smx] "Smoweday<3><STEAM_1:0:505070462><>" slapped "MilkA<4><STEAM_1:0:242076907><>" (damage "0")
L 03/28/2020 - 23:29:19: [playercommands.smx] "Smoweday<3><STEAM_1:0:505070462><>" slapped "MilkA<4><STEAM_1:0:242076907><>" (damage "0")
L 03/28/2020 - 23:29:19: [playercommands.smx] "Smoweday<3><STEAM_1:0:505070462><>" slapped "MilkA<4><STEAM_1:0:242076907><>" (damage "0")
L 03/28/2020 - 23:29:20: [playercommands.smx] "Smoweday<3><STEAM_1:0:505070462><>" slapped "MilkA<4><STEAM_1:0:242076907><>" (damage "0")
L 03/28/2020 - 23:29:20: [playercommands.smx] "Smoweday<3><STEAM_1:0:505070462><>" slapped "MilkA<4><STEAM_1:0:242076907><>" (damage "0")
L 03/28/2020 - 23:29:20: [playercommands.smx] "Smoweday<3><STEAM_1:0:505070462><>" slapped "MilkA<4><STEAM_1:0:242076907><>" (damage "0")
L 03/28/2020 - 23:29:20: [playercommands.smx] "Smoweday<3><STEAM_1:0:505070462><>" slapped "MilkA<4><STEAM_1:0:242076907><>" (damage "0")
L 03/28/2020 - 23:29:20: [playercommands.smx] "Smoweday<3><STEAM_1:0:505070462><>" slapped "MilkA<4><STEAM_1:0:242076907><>" (damage "0")
L 03/28/2020 - 23:29:20: [playercommands.smx] "Smoweday<3><STEAM_1:0:505070462><>" slapped "MilkA<4><STEAM_1:0:242076907><>" (damage "0")
L 03/28/2020 - 23:29:20: [playercommands.smx] "Smoweday<3><STEAM_1:0:505070462><>" slapped "MilkA<4><STEAM_1:0:242076907><>" (damage "0")
L 03/28/2020 - 23:29:22: [playercommands.smx] "Smoweday<3><STEAM_1:0:505070462><>" slapped "MilkA<4><STEAM_1:0:242076907><>" (damage "0")
L 03/28/2020 - 23:29:22: [playercommands.smx] "Smoweday<3><STEAM_1:0:505070462><>" slapped "MilkA<4><STEAM_1:0:242076907><>" (damage "0")
L 03/28/2020 - 23:29:22: [playercommands.smx] "Smoweday<3><STEAM_1:0:505070462><>" slapped "MilkA<4><STEAM_1:0:242076907><>" (damage "0")
L 03/28/2020 - 23:29:22: [playercommands.smx] "Smoweday<3><STEAM_1:0:505070462><>" slapped "MilkA<4><STEAM_1:0:242076907><>" (damage "0")
L 03/28/2020 - 23:29:22: [playercommands.smx] "Smoweday<3><STEAM_1:0:505070462><>" slapped "MilkA<4><STEAM_1:0:242076907><>" (damage "0")
L 03/28/2020 - 23:29:23: [playercommands.smx] "Smoweday<3><STEAM_1:0:505070462><>" slapped "MilkA<4><STEAM_1:0:242076907><>" (damage "0")
L 03/28/2020 - 23:29:23: [playercommands.smx] "Smoweday<3><STEAM_1:0:505070462><>" slapped "MilkA<4><STEAM_1:0:242076907><>" (damage "0")
L 03/28/2020 - 23:29:23: [playercommands.smx] "Smoweday<3><STEAM_1:0:505070462><>" slapped "MilkA<4><STEAM_1:0:242076907><>" (damage "0")
L 03/28/2020 - 23:29:23: [playercommands.smx] "MilkA<4><STEAM_1:0:242076907><>" slapped "Smoweday<3><STEAM_1:0:505070462><>" (damage "0")
L 03/28/2020 - 23:29:23: [playercommands.smx] "Smoweday<3><STEAM_1:0:505070462><>" slapped "MilkA<4><STEAM_1:0:242076907><>" (damage "0")
L 03/28/2020 - 23:29:23: [playercommands.smx] "MilkA<4><STEAM_1:0:242076907><>" slapped "Smoweday<3><STEAM_1:0:505070462><>" (damage "0")
L 03/28/2020 - 23:29:23: [playercommands.smx] "Smoweday<3><STEAM_1:0:505070462><>" slapped "MilkA<4><STEAM_1:0:242076907><>" (damage "0")
L 03/28/2020 - 23:29:23: [playercommands.smx] "MilkA<4><STEAM_1:0:242076907><>" slapped "Smoweday<3><STEAM_1:0:505070462><>" (damage "0")
L 03/28/2020 - 23:29:23: [playercommands.smx] "MilkA<4><STEAM_1:0:242076907><>" slapped "Smoweday<3><STEAM_1:0:505070462><>" (damage "0")
L 03/28/2020 - 23:29:24: [playercommands.smx] "Smoweday<3><STEAM_1:0:505070462><>" slapped "MilkA<4><STEAM_1:0:242076907><>" (damage "0")
L 03/28/2020 - 23:29:24: [playercommands.smx] "MilkA<4><STEAM_1:0:242076907><>" slapped "Smoweday<3><STEAM_1:0:505070462><>" (damage "0")
L 03/28/2020 - 23:29:24: [playercommands.smx] "Smoweday<3><STEAM_1:0:505070462><>" slapped "MilkA<4><STEAM_1:0:242076907><>" (damage "0")
L 03/28/2020 - 23:29:24: [playercommands.smx] "MilkA<4><STEAM_1:0:242076907><>" slapped "Smoweday<3><STEAM_1:0:505070462><>" (damage "0")
L 03/28/2020 - 23:29:24: [playercommands.smx] "MilkA<4><STEAM_1:0:242076907><>" slapped "Smoweday<3><STEAM_1:0:505070462><>" (damage "0")
L 03/28/2020 - 23:29:24: [playercommands.smx] "Smoweday<3><STEAM_1:0:505070462><>" slapped "MilkA<4><STEAM_1:0:242076907><>" (damage "0")
L 03/28/2020 - 23:29:24: [playercommands.smx] "MilkA<4><STEAM_1:0:242076907><>" slapped "Smoweday<3><STEAM_1:0:505070462><>" (damage "0")
L 03/28/2020 - 23:29:24: [playercommands.smx] "MilkA<4><STEAM_1:0:242076907><>" slapped "Smoweday<3><STEAM_1:0:505070462><>" (damage "0")
L 03/28/2020 - 23:29:24: [playercommands.smx] "MilkA<4><STEAM_1:0:242076907><>" slapped "Smoweday<3><STEAM_1:0:505070462><>" (damage "0")
L 03/28/2020 - 23:29:25: [playercommands.smx] "MilkA<4><STEAM_1:0:242076907><>" slapped "Smoweday<3><STEAM_1:0:505070462><>" (damage "0")
L 03/28/2020 - 23:29:25: [playercommands.smx] "MilkA<4><STEAM_1:0:242076907><>" slapped "Smoweday<3><STEAM_1:0:505070462><>" (damage "0")
L 03/28/2020 - 23:29:25: [playercommands.smx] "MilkA<4><STEAM_1:0:242076907><>" slapped "Smoweday<3><STEAM_1:0:505070462><>" (damage "0")
L 03/28/2020 - 23:29:25: [playercommands.smx] "MilkA<4><STEAM_1:0:242076907><>" slapped "Smoweday<3><STEAM_1:0:505070462><>" (damage "0")
L 03/28/2020 - 23:29:25: [playercommands.smx] "MilkA<4><STEAM_1:0:242076907><>" slapped "Smoweday<3><STEAM_1:0:505070462><>" (damage "0")
L 03/28/2020 - 23:29:25: [playercommands.smx] "Smoweday<3><STEAM_1:0:505070462><>" slapped "MilkA<4><STEAM_1:0:242076907><>" (damage "0")
L 03/28/2020 - 23:29:25: [playercommands.smx] "MilkA<4><STEAM_1:0:242076907><>" slapped "Smoweday<3><STEAM_1:0:505070462><>" (damage "0")
L 03/28/2020 - 23:29:25: [playercommands.smx] "Smoweday<3><STEAM_1:0:505070462><>" slapped "MilkA<4><STEAM_1:0:242076907><>" (damage "0")
L 03/28/2020 - 23:29:26: [playercommands.smx] "MilkA<4><STEAM_1:0:242076907><>" slapped "Smoweday<3><STEAM_1:0:505070462><>" (damage "0")
L 03/28/2020 - 23:29:26: [playercommands.smx] "Smoweday<3><STEAM_1:0:505070462><>" slapped "MilkA<4><STEAM_1:0:242076907><>" (damage "0")
L 03/28/2020 - 23:29:26: [playercommands.smx] "MilkA<4><STEAM_1:0:242076907><>" slapped "Smoweday<3><STEAM_1:0:505070462><>" (damage "0")
L 03/28/2020 - 23:29:26: [playercommands.smx] "Smoweday<3><STEAM_1:0:505070462><>" slapped "MilkA<4><STEAM_1:0:242076907><>" (damage "0")
L 03/28/2020 - 23:29:26: [playercommands.smx] "MilkA<4><STEAM_1:0:242076907><>" slapped "Smoweday<3><STEAM_1:0:505070462><>" (damage "0")
L 03/28/2020 - 23:29:26: [playercommands.smx] "Smoweday<3><STEAM_1:0:505070462><>" slapped "MilkA<4><STEAM_1:0:242076907><>" (damage "0")
L 03/28/2020 - 23:29:26: [playercommands.smx] "MilkA<4><STEAM_1:0:242076907><>" slapped "Smoweday<3><STEAM_1:0:505070462><>" (damage "0")
L 03/28/2020 - 23:29:26: [playercommands.smx] "Smoweday<3><STEAM_1:0:505070462><>" slapped "MilkA<4><STEAM_1:0:242076907><>" (damage "0")
L 03/28/2020 - 23:29:26: [playercommands.smx] "Smoweday<3><STEAM_1:0:505070462><>" slapped "MilkA<4><STEAM_1:0:242076907><>" (damage "0")
L 03/28/2020 - 23:29:26: [playercommands.smx] "MilkA<4><STEAM_1:0:242076907><>" slapped "Smoweday<3><STEAM_1:0:505070462><>" (damage "0")
L 03/28/2020 - 23:29:26: [playercommands.smx] "Smoweday<3><STEAM_1:0:505070462><>" slapped "MilkA<4><STEAM_1:0:242076907><>" (damage "0")
L 03/28/2020 - 23:29:27: [playercommands.smx] "Smoweday<3><STEAM_1:0:505070462><>" slapped "MilkA<4><STEAM_1:0:242076907><>" (damage "0")
L 03/28/2020 - 23:29:27: [playercommands.smx] "MilkA<4><STEAM_1:0:242076907><>" slapped "Smoweday<3><STEAM_1:0:505070462><>" (damage "0")
L 03/28/2020 - 23:29:27: [playercommands.smx] "MilkA<4><STEAM_1:0:242076907><>" slapped "Smoweday<3><STEAM_1:0:505070462><>" (damage "0")
L 03/28/2020 - 23:29:27: [playercommands.smx] "Smoweday<3><STEAM_1:0:505070462><>" slapped "MilkA<4><STEAM_1:0:242076907><>" (damage "0")
L 03/28/2020 - 23:29:27: [playercommands.smx] "MilkA<4><STEAM_1:0:242076907><>" slapped "Smoweday<3><STEAM_1:0:505070462><>" (damage "0")
L 03/28/2020 - 23:29:27: [playercommands.smx] "MilkA<4><STEAM_1:0:242076907><>" slapped "Smoweday<3><STEAM_1:0:505070462><>" (damage "0")
L 03/28/2020 - 23:29:27: [playercommands.smx] "Smoweday<3><STEAM_1:0:505070462><>" slapped "MilkA<4><STEAM_1:0:242076907><>" (damage "0")
L 03/28/2020 - 23:29:27: [playercommands.smx] "MilkA<4><STEAM_1:0:242076907><>" slapped "Smoweday<3><STEAM_1:0:505070462><>" (damage "0")
L 03/28/2020 - 23:29:27: [playercommands.smx] "Smoweday<3><STEAM_1:0:505070462><>" slapped "MilkA<4><STEAM_1:0:242076907><>" (damage "0")
L 03/28/2020 - 23:29:27: [playercommands.smx] "MilkA<4><STEAM_1:0:242076907><>" slapped "Smoweday<3><STEAM_1:0:505070462><>" (damage "0")
L 03/28/2020 - 23:29:27: [playercommands.smx] "MilkA<4><STEAM_1:0:242076907><>" slapped "Smoweday<3><STEAM_1:0:505070462><>" (damage "0")
L 03/28/2020 - 23:29:27: [playercommands.smx] "Smoweday<3><STEAM_1:0:505070462><>" slapped "MilkA<4><STEAM_1:0:242076907><>" (damage "0")
L 03/28/2020 - 23:29:28: [playercommands.smx] "MilkA<4><STEAM_1:0:242076907><>" slapped "Smoweday<3><STEAM_1:0:505070462><>" (damage "0")
L 03/28/2020 - 23:29:28: [playercommands.smx] "MilkA<4><STEAM_1:0:242076907><>" slapped "Smoweday<3><STEAM_1:0:505070462><>" (damage "0")
L 03/28/2020 - 23:29:28: [playercommands.smx] "MilkA<4><STEAM_1:0:242076907><>" slapped "Smoweday<3><STEAM_1:0:505070462><>" (damage "0")
L 03/28/2020 - 23:29:28: [playercommands.smx] "Smoweday<3><STEAM_1:0:505070462><>" slapped "MilkA<4><STEAM_1:0:242076907><>" (damage "0")
L 03/28/2020 - 23:29:28: [playercommands.smx] "MilkA<4><STEAM_1:0:242076907><>" slapped "Smoweday<3><STEAM_1:0:505070462><>" (damage "0")
L 03/28/2020 - 23:29:28: [playercommands.smx] "Smoweday<3><STEAM_1:0:505070462><>" slapped "MilkA<4><STEAM_1:0:242076907><>" (damage "0")
L 03/28/2020 - 23:29:28: [playercommands.smx] "MilkA<4><STEAM_1:0:242076907><>" slapped "Smoweday<3><STEAM_1:0:505070462><>" (damage "0")
L 03/28/2020 - 23:29:28: [playercommands.smx] "Smoweday<3><STEAM_1:0:505070462><>" slapped "MilkA<4><STEAM_1:0:242076907><>" (damage "0")
L 03/28/2020 - 23:29:28: [playercommands.smx] "MilkA<4><STEAM_1:0:242076907><>" slapped "Smoweday<3><STEAM_1:0:505070462><>" (damage "0")
L 03/28/2020 - 23:29:29: [playercommands.smx] "MilkA<4><STEAM_1:0:242076907><>" slapped "Smoweday<3><STEAM_1:0:505070462><>" (damage "0")
L 03/28/2020 - 23:29:29: [playercommands.smx] "Smoweday<3><STEAM_1:0:505070462><>" slapped "MilkA<4><STEAM_1:0:242076907><>" (damage "0")
L 03/28/2020 - 23:29:29: [playercommands.smx] "MilkA<4><STEAM_1:0:242076907><>" slapped "Smoweday<3><STEAM_1:0:505070462><>" (damage "0")
L 03/28/2020 - 23:29:29: [playercommands.smx] "MilkA<4><STEAM_1:0:242076907><>" slapped "Smoweday<3><STEAM_1:0:505070462><>" (damage "0")
L 03/28/2020 - 23:29:29: [playercommands.smx] "MilkA<4><STEAM_1:0:242076907><>" slapped "Smoweday<3><STEAM_1:0:505070462><>" (damage "0")
L 03/28/2020 - 23:29:29: [playercommands.smx] "MilkA<4><STEAM_1:0:242076907><>" slapped "Smoweday<3><STEAM_1:0:505070462><>" (damage "0")
L 03/28/2020 - 23:29:29: [playercommands.smx] "MilkA<4><STEAM_1:0:242076907><>" slapped "Smoweday<3><STEAM_1:0:505070462><>" (damage "0")
L 03/28/2020 - 23:29:29: [playercommands.smx] "MilkA<4><STEAM_1:0:242076907><>" slapped "Smoweday<3><STEAM_1:0:505070462><>" (damage "0")
L 03/28/2020 - 23:29:30: [playercommands.smx] "MilkA<4><STEAM_1:0:242076907><>" slapped "Smoweday<3><STEAM_1:0:505070462><>" (damage "0")
L 03/28/2020 - 23:29:30: [playercommands.smx] "MilkA<4><STEAM_1:0:242076907><>" slapped "Smoweday<3><STEAM_1:0:505070462><>" (damage "0")
L 03/28/2020 - 23:29:30: [playercommands.smx] "MilkA<4><STEAM_1:0:242076907><>" slapped "Smoweday<3><STEAM_1:0:505070462><>" (damage "0")
L 03/28/2020 - 23:29:30: [playercommands.smx] "MilkA<4><STEAM_1:0:242076907><>" slapped "Smoweday<3><STEAM_1:0:505070462><>" (damage "0")
L 03/28/2020 - 23:29:30: [playercommands.smx] "MilkA<4><STEAM_1:0:242076907><>" slapped "Smoweday<3><STEAM_1:0:505070462><>" (damage "0")
L 03/28/2020 - 23:29:30: [playercommands.smx] "MilkA<4><STEAM_1:0:242076907><>" slapped "Smoweday<3><STEAM_1:0:505070462><>" (damage "0")
L 03/28/2020 - 23:29:30: [playercommands.smx] "MilkA<4><STEAM_1:0:242076907><>" slapped "Smoweday<3><STEAM_1:0:505070462><>" (damage "0")
L 03/28/2020 - 23:29:33: [playercommands.smx] "MilkA<4><STEAM_1:0:242076907><>" slapped "Smoweday<3><STEAM_1:0:505070462><>" (damage "0")
L 03/28/2020 - 23:29:34: [playercommands.smx] "MilkA<4><STEAM_1:0:242076907><>" slapped "Smoweday<3><STEAM_1:0:505070462><>" (damage "0")
L 03/28/2020 - 23:29:34: [playercommands.smx] "MilkA<4><STEAM_1:0:242076907><>" slapped "Smoweday<3><STEAM_1:0:505070462><>" (damage "0")
L 03/28/2020 - 23:29:34: [playercommands.smx] "MilkA<4><STEAM_1:0:242076907><>" slapped "Smoweday<3><STEAM_1:0:505070462><>" (damage "0")
L 03/28/2020 - 23:29:34: [playercommands.smx] "MilkA<4><STEAM_1:0:242076907><>" slapped "Smoweday<3><STEAM_1:0:505070462><>" (damage "0")
L 03/28/2020 - 23:29:34: [playercommands.smx] "MilkA<4><STEAM_1:0:242076907><>" slapped "Smoweday<3><STEAM_1:0:505070462><>" (damage "0")
L 03/28/2020 - 23:29:35: [playercommands.smx] "MilkA<4><STEAM_1:0:242076907><>" slapped "Smoweday<3><STEAM_1:0:505070462><>" (damage "0")
L 03/28/2020 - 23:29:35: [playercommands.smx] "MilkA<4><STEAM_1:0:242076907><>" slapped "Smoweday<3><STEAM_1:0:505070462><>" (damage "0")
L 03/28/2020 - 23:29:35: [playercommands.smx] "MilkA<4><STEAM_1:0:242076907><>" slapped "Smoweday<3><STEAM_1:0:505070462><>" (damage "0")
L 03/28/2020 - 23:29:35: [playercommands.smx] "MilkA<4><STEAM_1:0:242076907><>" slapped "MilkA<4><STEAM_1:0:242076907><>" (damage "0")
L 03/28/2020 - 23:29:35: [playercommands.smx] "MilkA<4><STEAM_1:0:242076907><>" slapped "Smoweday<3><STEAM_1:0:505070462><>" (damage "0")
L 03/28/2020 - 23:29:35: [playercommands.smx] "MilkA<4><STEAM_1:0:242076907><>" slapped "Smoweday<3><STEAM_1:0:505070462><>" (damage "0")
L 03/28/2020 - 23:29:36: [playercommands.smx] "MilkA<4><STEAM_1:0:242076907><>" slapped "Smoweday<3><STEAM_1:0:505070462><>" (damage "0")
L 03/28/2020 - 23:29:47: [playercommands.smx] "MilkA<4><STEAM_1:0:242076907><>" slapped "Smoweday<3><STEAM_1:0:505070462><>" (damage "50")
L 03/28/2020 - 23:29:47: [playercommands.smx] "MilkA<4><STEAM_1:0:242076907><>" slapped "Smoweday<3><STEAM_1:0:505070462><>" (damage "50")
L 03/28/2020 - 23:29:48: [playercommands.smx] "Smoweday<3><STEAM_1:0:505070462><>" renamed "MilkA<4><STEAM_1:0:242076907><>" (to "lAMlk")
L 03/28/2020 - 23:30:14: [playercommands.smx] "lAMlk<4><STEAM_1:0:242076907><>" slapped "Smoweday<3><STEAM_1:0:505070462><>" (damage "0")
L 03/28/2020 - 23:30:14: [playercommands.smx] "lAMlk<4><STEAM_1:0:242076907><>" slapped "Smoweday<3><STEAM_1:0:505070462><>" (damage "0")
L 03/28/2020 - 23:30:14: [playercommands.smx] "lAMlk<4><STEAM_1:0:242076907><>" slapped "Smoweday<3><STEAM_1:0:505070462><>" (damage "0")
L 03/28/2020 - 23:30:14: [playercommands.smx] "lAMlk<4><STEAM_1:0:242076907><>" slapped "Smoweday<3><STEAM_1:0:505070462><>" (damage "0")
L 03/28/2020 - 23:30:15: [playercommands.smx] "lAMlk<4><STEAM_1:0:242076907><>" slapped "Smoweday<3><STEAM_1:0:505070462><>" (damage "0")
L 03/28/2020 - 23:30:15: [playercommands.smx] "lAMlk<4><STEAM_1:0:242076907><>" slapped "Smoweday<3><STEAM_1:0:505070462><>" (damage "0")
L 03/28/2020 - 23:30:15: [playercommands.smx] "lAMlk<4><STEAM_1:0:242076907><>" slapped "Smoweday<3><STEAM_1:0:505070462><>" (damage "0")
L 03/28/2020 - 23:30:15: [playercommands.smx] "lAMlk<4><STEAM_1:0:242076907><>" slapped "Smoweday<3><STEAM_1:0:505070462><>" (damage "0")
L 03/28/2020 - 23:30:15: [playercommands.smx] "lAMlk<4><STEAM_1:0:242076907><>" slapped "Smoweday<3><STEAM_1:0:505070462><>" (damage "0")
L 03/28/2020 - 23:30:15: [playercommands.smx] "lAMlk<4><STEAM_1:0:242076907><>" slapped "Smoweday<3><STEAM_1:0:505070462><>" (damage "0")
L 03/28/2020 - 23:30:16: [playercommands.smx] "lAMlk<4><STEAM_1:0:242076907><>" slapped "Smoweday<3><STEAM_1:0:505070462><>" (damage "0")
L 03/28/2020 - 23:30:16: [playercommands.smx] "lAMlk<4><STEAM_1:0:242076907><>" slapped "Smoweday<3><STEAM_1:0:505070462><>" (damage "0")
L 03/28/2020 - 23:30:16: [playercommands.smx] "lAMlk<4><STEAM_1:0:242076907><>" slapped "Smoweday<3><STEAM_1:0:505070462><>" (damage "0")
L 03/28/2020 - 23:30:16: [playercommands.smx] "lAMlk<4><STEAM_1:0:242076907><>" slapped "Smoweday<3><STEAM_1:0:505070462><>" (damage "0")
L 03/28/2020 - 23:30:16: [playercommands.smx] "lAMlk<4><STEAM_1:0:242076907><>" slapped "Smoweday<3><STEAM_1:0:505070462><>" (damage "0")
L 03/28/2020 - 23:30:17: [playercommands.smx] "lAMlk<4><STEAM_1:0:242076907><>" slapped "Smoweday<3><STEAM_1:0:505070462><>" (damage "0")
L 03/28/2020 - 23:30:17: [playercommands.smx] "lAMlk<4><STEAM_1:0:242076907><>" slapped "Smoweday<3><STEAM_1:0:505070462><>" (damage "0")
L 03/28/2020 - 23:30:17: [playercommands.smx] "lAMlk<4><STEAM_1:0:242076907><>" slapped "Smoweday<3><STEAM_1:0:505070462><>" (damage "0")
L 03/28/2020 - 23:30:17: [playercommands.smx] "lAMlk<4><STEAM_1:0:242076907><>" slapped "Smoweday<3><STEAM_1:0:505070462><>" (damage "0")
L 03/28/2020 - 23:30:17: [playercommands.smx] "lAMlk<4><STEAM_1:0:242076907><>" slapped "Smoweday<3><STEAM_1:0:505070462><>" (damage "0")
L 03/28/2020 - 23:30:18: [playercommands.smx] "lAMlk<4><STEAM_1:0:242076907><>" slapped "Smoweday<3><STEAM_1:0:505070462><>" (damage "0")
L 03/28/2020 - 23:30:18: [playercommands.smx] "lAMlk<4><STEAM_1:0:242076907><>" slapped "Smoweday<3><STEAM_1:0:505070462><>" (damage "0")
L 03/28/2020 - 23:30:18: [playercommands.smx] "lAMlk<4><STEAM_1:0:242076907><>" slapped "Smoweday<3><STEAM_1:0:505070462><>" (damage "0")
L 03/28/2020 - 23:30:18: [playercommands.smx] "lAMlk<4><STEAM_1:0:242076907><>" slapped "Smoweday<3><STEAM_1:0:505070462><>" (damage "0")
L 03/28/2020 - 23:30:18: [playercommands.smx] "lAMlk<4><STEAM_1:0:242076907><>" slapped "Smoweday<3><STEAM_1:0:505070462><>" (damage "0")
L 03/28/2020 - 23:30:18: [playercommands.smx] "lAMlk<4><STEAM_1:0:242076907><>" slapped "Smoweday<3><STEAM_1:0:505070462><>" (damage "0")
L 03/28/2020 - 23:30:19: [playercommands.smx] "lAMlk<4><STEAM_1:0:242076907><>" slapped "Smoweday<3><STEAM_1:0:505070462><>" (damage "0")
L 03/28/2020 - 23:30:19: [playercommands.smx] "lAMlk<4><STEAM_1:0:242076907><>" slapped "Smoweday<3><STEAM_1:0:505070462><>" (damage "0")
L 03/28/2020 - 23:30:19: [playercommands.smx] "lAMlk<4><STEAM_1:0:242076907><>" slapped "Smoweday<3><STEAM_1:0:505070462><>" (damage "0")
L 03/28/2020 - 23:30:19: [playercommands.smx] "lAMlk<4><STEAM_1:0:242076907><>" slapped "Smoweday<3><STEAM_1:0:505070462><>" (damage "0")
L 03/28/2020 - 23:30:19: [playercommands.smx] "lAMlk<4><STEAM_1:0:242076907><>" slapped "Smoweday<3><STEAM_1:0:505070462><>" (damage "0")
L 03/28/2020 - 23:30:19: [playercommands.smx] "lAMlk<4><STEAM_1:0:242076907><>" slapped "Smoweday<3><STEAM_1:0:505070462><>" (damage "0")
L 03/28/2020 - 23:30:20: [playercommands.smx] "lAMlk<4><STEAM_1:0:242076907><>" slapped "Smoweday<3><STEAM_1:0:505070462><>" (damage "0")
L 03/28/2020 - 23:30:20: [playercommands.smx] "lAMlk<4><STEAM_1:0:242076907><>" slapped "Smoweday<3><STEAM_1:0:505070462><>" (damage "0")
L 03/28/2020 - 23:30:20: [playercommands.smx] "lAMlk<4><STEAM_1:0:242076907><>" slapped "Smoweday<3><STEAM_1:0:505070462><>" (damage "0")
L 03/28/2020 - 23:30:20: [playercommands.smx] "lAMlk<4><STEAM_1:0:242076907><>" slapped "Smoweday<3><STEAM_1:0:505070462><>" (damage "0")
L 03/28/2020 - 23:30:20: [playercommands.smx] "lAMlk<4><STEAM_1:0:242076907><>" slapped "Smoweday<3><STEAM_1:0:505070462><>" (damage "0")
L 03/28/2020 - 23:30:21: [playercommands.smx] "lAMlk<4><STEAM_1:0:242076907><>" slapped "Smoweday<3><STEAM_1:0:505070462><>" (damage "0")
L 03/28/2020 - 23:30:24: [playercommands.smx] "lAMlk<4><STEAM_1:0:242076907><>" slapped "Smoweday<3><STEAM_1:0:505070462><>" (damage "0")
L 03/28/2020 - 23:30:24: [playercommands.smx] "lAMlk<4><STEAM_1:0:242076907><>" slapped "Smoweday<3><STEAM_1:0:505070462><>" (damage "0")
L 03/28/2020 - 23:30:24: [playercommands.smx] "lAMlk<4><STEAM_1:0:242076907><>" slapped "Smoweday<3><STEAM_1:0:505070462><>" (damage "0")
L 03/28/2020 - 23:30:24: [playercommands.smx] "lAMlk<4><STEAM_1:0:242076907><>" slapped "Smoweday<3><STEAM_1:0:505070462><>" (damage "0")
L 03/28/2020 - 23:30:24: [playercommands.smx] "lAMlk<4><STEAM_1:0:242076907><>" slapped "Smoweday<3><STEAM_1:0:505070462><>" (damage "0")
L 03/28/2020 - 23:30:24: [playercommands.smx] "lAMlk<4><STEAM_1:0:242076907><>" slapped "Smoweday<3><STEAM_1:0:505070462><>" (damage "0")
L 03/28/2020 - 23:30:25: [playercommands.smx] "lAMlk<4><STEAM_1:0:242076907><>" slapped "Smoweday<3><STEAM_1:0:505070462><>" (damage "0")
L 03/28/2020 - 23:30:25: [playercommands.smx] "lAMlk<4><STEAM_1:0:242076907><>" slapped "Smoweday<3><STEAM_1:0:505070462><>" (damage "0")
L 03/28/2020 - 23:30:25: [playercommands.smx] "lAMlk<4><STEAM_1:0:242076907><>" slapped "Smoweday<3><STEAM_1:0:505070462><>" (damage "0")
L 03/28/2020 - 23:30:26: [playercommands.smx] "lAMlk<4><STEAM_1:0:242076907><>" slapped "Smoweday<3><STEAM_1:0:505070462><>" (damage "0")
L 03/28/2020 - 23:30:26: [playercommands.smx] "lAMlk<4><STEAM_1:0:242076907><>" slapped "Smoweday<3><STEAM_1:0:505070462><>" (damage "0")
L 03/28/2020 - 23:30:26: [playercommands.smx] "lAMlk<4><STEAM_1:0:242076907><>" slapped "Smoweday<3><STEAM_1:0:505070462><>" (damage "0")
L 03/28/2020 - 23:30:27: [playercommands.smx] "lAMlk<4><STEAM_1:0:242076907><>" slapped "Smoweday<3><STEAM_1:0:505070462><>" (damage "0")
L 03/28/2020 - 23:30:30: [playercommands.smx] "Smoweday<3><STEAM_1:0:505070462><>" renamed "lAMlk<4><STEAM_1:0:242076907><>" (to "MllMl")
L 03/28/2020 - 23:30:30: [playercommands.smx] "MllMl<4><STEAM_1:0:242076907><>" slapped "Smoweday<3><STEAM_1:0:505070462><>" (damage "0")
L 03/28/2020 - 23:30:36: [playercommands.smx] "MllMl<4><STEAM_1:0:242076907><>" slapped "Smoweday<3><STEAM_1:0:505070462><>" (damage "0")
L 03/28/2020 - 23:30:37: [playercommands.smx] "MllMl<4><STEAM_1:0:242076907><>" slapped "Smoweday<3><STEAM_1:0:505070462><>" (damage "0")
L 03/28/2020 - 23:30:37: [playercommands.smx] "MllMl<4><STEAM_1:0:242076907><>" slapped "Smoweday<3><STEAM_1:0:505070462><>" (damage "0")
L 03/28/2020 - 23:30:37: [playercommands.smx] "MllMl<4><STEAM_1:0:242076907><>" slapped "Smoweday<3><STEAM_1:0:505070462><>" (damage "0")
L 03/28/2020 - 23:30:37: [playercommands.smx] "MllMl<4><STEAM_1:0:242076907><>" slapped "Smoweday<3><STEAM_1:0:505070462><>" (damage "0")
L 03/28/2020 - 23:30:38: [playercommands.smx] "MllMl<4><STEAM_1:0:242076907><>" slapped "Smoweday<3><STEAM_1:0:505070462><>" (damage "0")
L 03/28/2020 - 23:30:38: [funcommands.smx] "Smoweday<3><STEAM_1:0:505070462><>" froze "MllMl<4><STEAM_1:0:242076907><>"
L 03/28/2020 - 23:30:38: [playercommands.smx] "MllMl<4><STEAM_1:0:242076907><>" slapped "Smoweday<3><STEAM_1:0:505070462><>" (damage "0")
L 03/28/2020 - 23:30:39: [playercommands.smx] "MllMl<4><STEAM_1:0:242076907><>" slapped "Smoweday<3><STEAM_1:0:505070462><>" (damage "0")
L 03/28/2020 - 23:30:39: [playercommands.smx] "MllMl<4><STEAM_1:0:242076907><>" slapped "Smoweday<3><STEAM_1:0:505070462><>" (damage "0")
L 03/28/2020 - 23:30:39: [playercommands.smx] "MllMl<4><STEAM_1:0:242076907><>" slapped "Smoweday<3><STEAM_1:0:505070462><>" (damage "0")
L 03/28/2020 - 23:30:40: [playercommands.smx] "MllMl<4><STEAM_1:0:242076907><>" slapped "Smoweday<3><STEAM_1:0:505070462><>" (damage "0")
L 03/28/2020 - 23:30:40: [playercommands.smx] "MllMl<4><STEAM_1:0:242076907><>" slapped "Smoweday<3><STEAM_1:0:505070462><>" (damage "0")
L 03/28/2020 - 23:30:40: [playercommands.smx] "MllMl<4><STEAM_1:0:242076907><>" slapped "Smoweday<3><STEAM_1:0:505070462><>" (damage "0")
L 03/28/2020 - 23:30:40: [playercommands.smx] "MllMl<4><STEAM_1:0:242076907><>" slapped "Smoweday<3><STEAM_1:0:505070462><>" (damage "0")
L 03/28/2020 - 23:30:40: [playercommands.smx] "MllMl<4><STEAM_1:0:242076907><>" slapped "Smoweday<3><STEAM_1:0:505070462><>" (damage "0")
L 03/28/2020 - 23:30:41: [playercommands.smx] "MllMl<4><STEAM_1:0:242076907><>" slapped "Smoweday<3><STEAM_1:0:505070462><>" (damage "0")
L 03/28/2020 - 23:30:41: [playercommands.smx] "MllMl<4><STEAM_1:0:242076907><>" slapped "Smoweday<3><STEAM_1:0:505070462><>" (damage "0")
L 03/28/2020 - 23:30:41: [playercommands.smx] "MllMl<4><STEAM_1:0:242076907><>" slapped "Smoweday<3><STEAM_1:0:505070462><>" (damage "0")
L 03/28/2020 - 23:30:41: [playercommands.smx] "MllMl<4><STEAM_1:0:242076907><>" slapped "Smoweday<3><STEAM_1:0:505070462><>" (damage "0")
L 03/28/2020 - 23:30:44: [funcommands.smx] "Smoweday<3><STEAM_1:0:505070462><>" toggled noclip on "MllMl<4><STEAM_1:0:242076907><>"
L 03/28/2020 - 23:30:45: [funcommands.smx] "Smoweday<3><STEAM_1:0:505070462><>" toggled noclip on "MllMl<4><STEAM_1:0:242076907><>"
L 03/28/2020 - 23:30:45: [funcommands.smx] "Smoweday<3><STEAM_1:0:505070462><>" toggled noclip on "Smoweday<3><STEAM_1:0:505070462><>"
L 03/28/2020 - 23:30:47: [funcommands.smx] "Smoweday<3><STEAM_1:0:505070462><>" toggled noclip on "Smoweday<3><STEAM_1:0:505070462><>"
L 03/28/2020 - 23:31:00: [playercommands.smx] "MllMl<4><STEAM_1:0:242076907><>" renamed "Smoweday<3><STEAM_1:0:505070462><>" (to "eadaeSwo")
L 03/28/2020 - 23:31:04: [playercommands.smx] "MllMl<4><STEAM_1:0:242076907><>" renamed "eadaeSwo<3><STEAM_1:0:505070462><>" (to "edSewdea")
L 03/28/2020 - 23:31:06: [playercommands.smx] "MllMl<4><STEAM_1:0:242076907><>" renamed "edSewdea<3><STEAM_1:0:505070462><>" (to "SededSww")
L 03/28/2020 - 23:31:07: [playercommands.smx] "MllMl<4><STEAM_1:0:242076907><>" renamed "SededSww<3><STEAM_1:0:505070462><>" (to "SSSSSSwd")
L 03/28/2020 - 23:31:09: [playercommands.smx] "MllMl<4><STEAM_1:0:242076907><>" renamed "SSSSSSwd<3><STEAM_1:0:505070462><>" (to "SSSwSSSw")
L 03/28/2020 - 23:31:09: [playercommands.smx] "MllMl<4><STEAM_1:0:242076907><>" renamed "SSSwSSSw<3><STEAM_1:0:505070462><>" (to "SwwSwwSS")
L 03/28/2020 - 23:31:10: [playercommands.smx] "MllMl<4><STEAM_1:0:242076907><>" renamed "SwwSwwSS<3><STEAM_1:0:505070462><>" (to "SSSSSwSS")
L 03/28/2020 - 23:31:14: [funcommands.smx] "SSSSSwSS<3><STEAM_1:0:505070462><>" set a TimeBomb on "MllMl<4><STEAM_1:0:242076907><>"
L 03/28/2020 - 23:31:15: [playercommands.smx] "MllMl<4><STEAM_1:0:242076907><>" renamed "SSSSSwSS<3><STEAM_1:0:505070462><>" (to "SSSwSSSS")
L 03/28/2020 - 23:31:16: [playercommands.smx] "MllMl<4><STEAM_1:0:242076907><>" renamed "SSSwSSSS<3><STEAM_1:0:505070462><>" (to "SSSSSSSS")
L 03/28/2020 - 23:31:17: [playercommands.smx] "MllMl<4><STEAM_1:0:242076907><>" renamed "SSSSSSSS<3><STEAM_1:0:505070462><>" (to "SSSSSSSS")
L 03/28/2020 - 23:31:17: [playercommands.smx] "MllMl<4><STEAM_1:0:242076907><>" renamed "SSSSSSSS<3><STEAM_1:0:505070462><>" (to "SSSSSSSS")
L 03/28/2020 - 23:31:18: [playercommands.smx] "SSSSSSSS<3><STEAM_1:0:505070462><>" renamed "SSSSSSSS<3><STEAM_1:0:505070462><>" (to "SSSSSSSS")
L 03/28/2020 - 23:31:18: [playercommands.smx] "MllMl<4><STEAM_1:0:242076907><>" renamed "SSSSSSSS<3><STEAM_1:0:505070462><>" (to "SSSSSSSS")
L 03/28/2020 - 23:31:18: [playercommands.smx] "MllMl<4><STEAM_1:0:242076907><>" renamed "SSSSSSSS<3><STEAM_1:0:505070462><>" (to "SSSSSSSS")
L 03/28/2020 - 23:31:18: [playercommands.smx] "MllMl<4><STEAM_1:0:242076907><>" renamed "SSSSSSSS<3><STEAM_1:0:505070462><>" (to "SSSSSSSS")
L 03/28/2020 - 23:31:19: [playercommands.smx] "MllMl<4><STEAM_1:0:242076907><>" renamed "SSSSSSSS<3><STEAM_1:0:505070462><>" (to "SSSSSSSS")
L 03/28/2020 - 23:31:20: [playercommands.smx] "SSSSSSSS<3><STEAM_1:0:505070462><>" renamed "MllMl<4><STEAM_1:0:242076907><>" (to "MllMM")
L 03/28/2020 - 23:31:21: [playercommands.smx] "SSSSSSSS<3><STEAM_1:0:505070462><>" renamed "MllMM<4><STEAM_1:0:242076907><>" (to "MMllM")
L 03/28/2020 - 23:31:21: [playercommands.smx] "SSSSSSSS<3><STEAM_1:0:505070462><>" renamed "MMllM<4><STEAM_1:0:242076907><>" (to "lMllM")
L 03/28/2020 - 23:31:21: [playercommands.smx] "SSSSSSSS<3><STEAM_1:0:505070462><>" renamed "lMllM<4><STEAM_1:0:242076907><>" (to "llMll")
L 03/28/2020 - 23:31:21: [playercommands.smx] "SSSSSSSS<3><STEAM_1:0:505070462><>" renamed "llMll<4><STEAM_1:0:242076907><>" (to "lMlll")
L 03/28/2020 - 23:31:21: [playercommands.smx] "SSSSSSSS<3><STEAM_1:0:505070462><>" renamed "lMlll<4><STEAM_1:0:242076907><>" (to "lllMl")
L 03/28/2020 - 23:31:22: [playercommands.smx] "SSSSSSSS<3><STEAM_1:0:505070462><>" renamed "lllMl<4><STEAM_1:0:242076907><>" (to "Mllll")
L 03/28/2020 - 23:31:22: [playercommands.smx] "SSSSSSSS<3><STEAM_1:0:505070462><>" renamed "Mllll<4><STEAM_1:0:242076907><>" (to "lMlll")
L 03/28/2020 - 23:31:22: [playercommands.smx] "SSSSSSSS<3><STEAM_1:0:505070462><>" renamed "lMlll<4><STEAM_1:0:242076907><>" (to "MlllM")
L 03/28/2020 - 23:31:22: [playercommands.smx] "SSSSSSSS<3><STEAM_1:0:505070462><>" renamed "MlllM<4><STEAM_1:0:242076907><>" (to "llllM")
L 03/28/2020 - 23:31:24: [playercommands.smx] "SSSSSSSS<3><STEAM_1:0:505070462><>" renamed "SSSSSSSS<3><STEAM_1:0:505070462><>" (to "SSSSSSSS")
L 03/28/2020 - 23:31:27: [playercommands.smx] "SSSSSSSS<3><STEAM_1:0:505070462><>" renamed "SSSSSSSS<3><STEAM_1:0:505070462><>" (to "SSSSSSSS")
L 03/28/2020 - 23:31:27: [playercommands.smx] "SSSSSSSS<3><STEAM_1:0:505070462><>" renamed "SSSSSSSS<3><STEAM_1:0:505070462><>" (to "SSSSSSSS")
L 03/28/2020 - 23:31:28: [playercommands.smx] "SSSSSSSS<3><STEAM_1:0:505070462><>" renamed "SSSSSSSS<3><STEAM_1:0:505070462><>" (to "SSSSSSSS")
L 03/28/2020 - 23:31:28: [playercommands.smx] "SSSSSSSS<3><STEAM_1:0:505070462><>" renamed "SSSSSSSS<3><STEAM_1:0:505070462><>" (to "SSSSSSSS")
L 03/28/2020 - 23:31:28: [playercommands.smx] "SSSSSSSS<3><STEAM_1:0:505070462><>" renamed "SSSSSSSS<3><STEAM_1:0:505070462><>" (to "SSSSSSSS")
L 03/28/2020 - 23:31:28: [playercommands.smx] "SSSSSSSS<3><STEAM_1:0:505070462><>" renamed "SSSSSSSS<3><STEAM_1:0:505070462><>" (to "SSSSSSSS")
L 03/28/2020 - 23:31:48: [funcommands.smx] "llllM<4><STEAM_1:0:242076907><>" froze "llllM<4><STEAM_1:0:242076907><>"
L 03/28/2020 - 23:31:56: [funcommands.smx] "llllM<4><STEAM_1:0:242076907><>" set blind on "llllM<4><STEAM_1:0:242076907><>" (amount "255")
L 03/28/2020 - 23:32:08: [playercommands.smx] "llllM<4><STEAM_1:0:242076907><>" slayed "llllM<4><STEAM_1:0:242076907><>"
L 03/28/2020 - 23:32:19: [funcommands.smx] "llllM<4><STEAM_1:0:242076907><>" set blind on "SSSSSSSS<3><STEAM_1:0:505070462><>" (amount "255")
L 03/28/2020 - 23:32:23: [funcommands.smx] "llllM<4><STEAM_1:0:242076907><>" set blind on "SSSSSSSS<3><STEAM_1:0:505070462><>" (amount "255")
L 03/28/2020 - 23:32:31: [funcommands.smx] "SSSSSSSS<3><STEAM_1:0:505070462><>" drugged "llllM<4><STEAM_1:0:242076907><>"
L 03/28/2020 - 23:32:35: [funcommands.smx] "SSSSSSSS<3><STEAM_1:0:505070462><>" set blind on "SSSSSSSS<3><STEAM_1:0:505070462><>" (amount "240")
L 03/28/2020 - 23:32:37: [funcommands.smx] "SSSSSSSS<3><STEAM_1:0:505070462><>" set blind on "llllM<4><STEAM_1:0:242076907><>" (amount "0")
L 03/28/2020 - 23:32:43: [funcommands.smx] "SSSSSSSS<3><STEAM_1:0:505070462><>" set gravity on "llllM<4><STEAM_1:0:242076907><>" (amount "4.000000")
L 03/28/2020 - 23:32:44: [funcommands.smx] "llllM<4><STEAM_1:0:242076907><>" set gravity on "SSSSSSSS<3><STEAM_1:0:505070462><>" (amount "4.000000")
