L 04/07/2020 - 14:59:38: SourceMod log file session started (file "/home/steam/csgo-ds/csgo/addons/sourcemod/logs/L20200407.log") (Version "1.10.0.6478")
L 04/07/2020 - 14:59:38: [GEOIP] GeoIP database info: GEO-106FREE 20180327 Build 1 Copyright (c) 2018 MaxMind Inc All Rights Reserved
L 04/07/2020 - 14:59:38: [hextags.smx] [HexTags] Found Custom Chat Colors running!
	Please avoid running it with this plugin!
L 04/07/2020 - 14:59:38: [hextags.smx] No entries found in: "addons/sourcemod/configs/hextags.cfg"
L 04/07/2020 - 15:00:07: -------- Mapchange to jb_obama_v5_beta --------
L 04/07/2020 - 15:00:09: [chat-processor.smx] Message formats generated for game 'csgo'.
L 04/07/2020 - 15:00:09: [chat-processor.smx] Successfully hooked a SayText2 chat hook.
L 04/07/2020 - 15:01:27: [admin_stealth.smx] Androméďa has toggled stealth mode.
L 04/07/2020 - 15:01:35: [admin_stealth.smx] Androméďa has toggled stealth mode.
L 04/07/2020 - 17:32:33: SourceMod log file session started (file "/home/steam/csgo-ds/csgo/addons/sourcemod/logs/L20200407.log") (Version "1.10.0.6478")
L 04/07/2020 - 17:32:33: [GEOIP] GeoIP database info: GEO-106FREE 20180327 Build 1 Copyright (c) 2018 MaxMind Inc All Rights Reserved
L 04/07/2020 - 17:32:33: [hextags.smx] [HexTags] Found Custom Chat Colors running!
	Please avoid running it with this plugin!
L 04/07/2020 - 17:32:33: [hextags.smx] No entries found in: "addons/sourcemod/configs/hextags.cfg"
L 04/07/2020 - 17:32:47: -------- Mapchange to jb_obama_v5_beta --------
L 04/07/2020 - 17:32:50: [chat-processor.smx] Message formats generated for game 'csgo'.
L 04/07/2020 - 17:32:50: [chat-processor.smx] Successfully hooked a SayText2 chat hook.
L 04/07/2020 - 17:35:12: -------- Mapchange to jb_obama_v5_beta --------
L 04/07/2020 - 17:35:15: [chat-processor.smx] Message formats generated for game 'csgo'.
L 04/07/2020 - 17:35:15: [chat-processor.smx] Successfully hooked a SayText2 chat hook.
L 04/07/2020 - 17:48:10: [hextags.smx] [HexTags] Found Custom Chat Colors running!
	Please avoid running it with this plugin!
L 04/07/2020 - 17:51:11: Log file closed.
L 04/07/2020 - 17:51:29: SourceMod log file session started (file "/home/steam/csgo-ds/csgo/addons/sourcemod/logs/L20200407.log") (Version "1.10.0.6478")
L 04/07/2020 - 17:51:29: [GEOIP] GeoIP database info: GEO-106FREE 20180327 Build 1 Copyright (c) 2018 MaxMind Inc All Rights Reserved
L 04/07/2020 - 17:51:51: -------- Mapchange to jb_obama_v5_beta --------
L 04/07/2020 - 17:51:54: [chat-processor.smx] Message formats generated for game 'csgo'.
L 04/07/2020 - 17:51:54: [chat-processor.smx] Successfully hooked a SayText2 chat hook.
L 04/07/2020 - 18:02:38: [admin_stealth.smx] Androméďa has toggled stealth mode.
L 04/07/2020 - 18:02:54: [admin_stealth.smx] Androméďa has toggled stealth mode.
L 04/07/2020 - 18:12:36: Log file closed.
L 04/07/2020 - 18:12:53: SourceMod log file session started (file "/home/steam/csgo-ds/csgo/addons/sourcemod/logs/L20200407.log") (Version "1.10.0.6478")
L 04/07/2020 - 18:12:53: [GEOIP] GeoIP database info: GEO-106FREE 20180327 Build 1 Copyright (c) 2018 MaxMind Inc All Rights Reserved
L 04/07/2020 - 18:13:22: Log file closed.
L 04/07/2020 - 18:13:38: SourceMod log file session started (file "/home/steam/csgo-ds/csgo/addons/sourcemod/logs/L20200407.log") (Version "1.10.0.6478")
L 04/07/2020 - 18:13:38: [GEOIP] GeoIP database info: GEO-106FREE 20180327 Build 1 Copyright (c) 2018 MaxMind Inc All Rights Reserved
L 04/07/2020 - 18:16:28: -------- Mapchange to jb_obama_v5_beta --------
L 04/07/2020 - 18:16:31: [chat-processor.smx] Message formats generated for game 'csgo'.
L 04/07/2020 - 18:16:31: [chat-processor.smx] Successfully hooked a SayText2 chat hook.
L 04/07/2020 - 18:19:32: Log file closed.
L 04/07/2020 - 18:19:48: SourceMod log file session started (file "/home/steam/csgo-ds/csgo/addons/sourcemod/logs/L20200407.log") (Version "1.10.0.6478")
L 04/07/2020 - 18:19:48: [GEOIP] GeoIP database info: GEO-106FREE 20180327 Build 1 Copyright (c) 2018 MaxMind Inc All Rights Reserved
L 04/07/2020 - 18:21:32: -------- Mapchange to jb_obama_v5_beta --------
L 04/07/2020 - 18:21:35: [chat-processor.smx] Message formats generated for game 'csgo'.
L 04/07/2020 - 18:21:35: [chat-processor.smx] Successfully hooked a SayText2 chat hook.
L 04/07/2020 - 18:40:21: Log file closed.
L 04/07/2020 - 18:40:37: SourceMod log file session started (file "/home/steam/csgo-ds/csgo/addons/sourcemod/logs/L20200407.log") (Version "1.10.0.6478")
L 04/07/2020 - 18:40:37: [GEOIP] GeoIP database info: GEO-106FREE 20180327 Build 1 Copyright (c) 2018 MaxMind Inc All Rights Reserved
L 04/07/2020 - 18:41:20: Log file closed.
L 04/07/2020 - 18:41:36: SourceMod log file session started (file "/home/steam/csgo-ds/csgo/addons/sourcemod/logs/L20200407.log") (Version "1.10.0.6478")
L 04/07/2020 - 18:41:36: [GEOIP] GeoIP database info: GEO-106FREE 20180327 Build 1 Copyright (c) 2018 MaxMind Inc All Rights Reserved
L 04/07/2020 - 18:42:03: -------- Mapchange to jb_obama_v5_beta --------
L 04/07/2020 - 18:42:06: [chat-processor.smx] Message formats generated for game 'csgo'.
L 04/07/2020 - 18:42:06: [chat-processor.smx] Successfully hooked a SayText2 chat hook.
L 04/07/2020 - 18:54:00: Log file closed.
L 04/07/2020 - 18:54:15: SourceMod log file session started (file "/home/steam/csgo-ds/csgo/addons/sourcemod/logs/L20200407.log") (Version "1.10.0.6478")
L 04/07/2020 - 18:54:15: [GEOIP] GeoIP database info: GEO-106FREE 20180327 Build 1 Copyright (c) 2018 MaxMind Inc All Rights Reserved
L 04/07/2020 - 18:54:39: Log file closed.
L 04/07/2020 - 18:54:55: SourceMod log file session started (file "/home/steam/csgo-ds/csgo/addons/sourcemod/logs/L20200407.log") (Version "1.10.0.6478")
L 04/07/2020 - 18:54:55: [GEOIP] GeoIP database info: GEO-106FREE 20180327 Build 1 Copyright (c) 2018 MaxMind Inc All Rights Reserved
L 04/07/2020 - 18:55:06: -------- Mapchange to jb_obama_v5_beta --------
L 04/07/2020 - 18:55:10: [chat-processor.smx] Message formats generated for game 'csgo'.
L 04/07/2020 - 18:55:10: [chat-processor.smx] Successfully hooked a SayText2 chat hook.
L 04/07/2020 - 18:57:25: Log file closed.
L 04/07/2020 - 18:57:41: SourceMod log file session started (file "/home/steam/csgo-ds/csgo/addons/sourcemod/logs/L20200407.log") (Version "1.10.0.6478")
L 04/07/2020 - 18:57:41: [GEOIP] GeoIP database info: GEO-106FREE 20180327 Build 1 Copyright (c) 2018 MaxMind Inc All Rights Reserved
L 04/07/2020 - 18:57:54: Log file closed.
L 04/07/2020 - 18:58:10: SourceMod log file session started (file "/home/steam/csgo-ds/csgo/addons/sourcemod/logs/L20200407.log") (Version "1.10.0.6478")
L 04/07/2020 - 18:58:10: [GEOIP] GeoIP database info: GEO-106FREE 20180327 Build 1 Copyright (c) 2018 MaxMind Inc All Rights Reserved
L 04/07/2020 - 18:58:35: -------- Mapchange to jb_obama_v5_beta --------
L 04/07/2020 - 18:58:38: [chat-processor.smx] Message formats generated for game 'csgo'.
L 04/07/2020 - 18:58:38: [chat-processor.smx] Successfully hooked a SayText2 chat hook.
L 04/07/2020 - 19:01:18: Log file closed.
L 04/07/2020 - 19:01:34: SourceMod log file session started (file "/home/steam/csgo-ds/csgo/addons/sourcemod/logs/L20200407.log") (Version "1.10.0.6478")
L 04/07/2020 - 19:01:34: [GEOIP] GeoIP database info: GEO-106FREE 20180327 Build 1 Copyright (c) 2018 MaxMind Inc All Rights Reserved
L 04/07/2020 - 19:03:44: -------- Mapchange to jb_obama_v5_beta --------
L 04/07/2020 - 19:03:48: [chat-processor.smx] Message formats generated for game 'csgo'.
L 04/07/2020 - 19:03:48: [chat-processor.smx] Successfully hooked a SayText2 chat hook.
L 04/07/2020 - 19:06:07: Log file closed.
L 04/07/2020 - 19:06:23: SourceMod log file session started (file "/home/steam/csgo-ds/csgo/addons/sourcemod/logs/L20200407.log") (Version "1.10.0.6478")
L 04/07/2020 - 19:06:23: [GEOIP] GeoIP database info: GEO-106FREE 20180327 Build 1 Copyright (c) 2018 MaxMind Inc All Rights Reserved
L 04/07/2020 - 19:06:52: -------- Mapchange to jb_obama_v5_beta --------
L 04/07/2020 - 19:06:56: [chat-processor.smx] Message formats generated for game 'csgo'.
L 04/07/2020 - 19:06:56: [chat-processor.smx] Successfully hooked a SayText2 chat hook.
L 04/07/2020 - 19:08:04: Log file closed.
L 04/07/2020 - 19:08:20: SourceMod log file session started (file "/home/steam/csgo-ds/csgo/addons/sourcemod/logs/L20200407.log") (Version "1.10.0.6478")
L 04/07/2020 - 19:08:20: [GEOIP] GeoIP database info: GEO-106FREE 20180327 Build 1 Copyright (c) 2018 MaxMind Inc All Rights Reserved
L 04/07/2020 - 19:08:39: Log file closed.
L 04/07/2020 - 19:08:55: SourceMod log file session started (file "/home/steam/csgo-ds/csgo/addons/sourcemod/logs/L20200407.log") (Version "1.10.0.6478")
L 04/07/2020 - 19:08:55: [GEOIP] GeoIP database info: GEO-106FREE 20180327 Build 1 Copyright (c) 2018 MaxMind Inc All Rights Reserved
L 04/07/2020 - 19:09:42: -------- Mapchange to jb_obama_v5_beta --------
L 04/07/2020 - 19:09:45: [chat-processor.smx] Message formats generated for game 'csgo'.
L 04/07/2020 - 19:09:45: [chat-processor.smx] Successfully hooked a SayText2 chat hook.
L 04/07/2020 - 19:11:21: Log file closed.
L 04/07/2020 - 19:11:36: SourceMod log file session started (file "/home/steam/csgo-ds/csgo/addons/sourcemod/logs/L20200407.log") (Version "1.10.0.6478")
L 04/07/2020 - 19:11:36: [GEOIP] GeoIP database info: GEO-106FREE 20180327 Build 1 Copyright (c) 2018 MaxMind Inc All Rights Reserved
L 04/07/2020 - 19:11:59: -------- Mapchange to jb_obama_v5_beta --------
L 04/07/2020 - 19:12:03: [chat-processor.smx] Message formats generated for game 'csgo'.
L 04/07/2020 - 19:12:03: [chat-processor.smx] Successfully hooked a SayText2 chat hook.
L 04/07/2020 - 19:13:33: Log file closed.
L 04/07/2020 - 19:13:50: SourceMod log file session started (file "/home/steam/csgo-ds/csgo/addons/sourcemod/logs/L20200407.log") (Version "1.10.0.6478")
L 04/07/2020 - 19:13:50: [GEOIP] GeoIP database info: GEO-106FREE 20180327 Build 1 Copyright (c) 2018 MaxMind Inc All Rights Reserved
L 04/07/2020 - 19:30:13: -------- Mapchange to jb_obama_v5_beta --------
L 04/07/2020 - 19:30:16: [chat-processor.smx] Message formats generated for game 'csgo'.
L 04/07/2020 - 19:30:16: [chat-processor.smx] Successfully hooked a SayText2 chat hook.
