L 04/05/2020 - 15:26:17: SourceMod log file session started (file "/home/steam/csgo-ds/csgo/addons/sourcemod/logs/L20200405.log") (Version "1.10.0.6478")
L 04/05/2020 - 15:26:17: [GEOIP] GeoIP database info: GEO-106FREE 20180327 Build 1 Copyright (c) 2018 MaxMind Inc All Rights Reserved
L 04/05/2020 - 15:26:18: [hextags.smx] [HexTags] Found Custom Chat Colors running!
	Please avoid running it with this plugin!
L 04/05/2020 - 15:26:18: [hextags.smx] No entries found in: "addons/sourcemod/configs/hextags.cfg"
L 04/05/2020 - 15:27:53: -------- Mapchange to jb_obama_v5_beta --------
L 04/05/2020 - 15:27:56: [chat-processor.smx] Message formats generated for game 'csgo'.
L 04/05/2020 - 15:27:56: [chat-processor.smx] Successfully hooked a SayText2 chat hook.
L 04/05/2020 - 15:30:14: [hextags.smx] No entries found in: "addons/sourcemod/configs/hextags.cfg"
L 04/05/2020 - 15:30:14: [hextags.smx] No entries found in: "addons/sourcemod/configs/hextags.cfg"
L 04/05/2020 - 15:30:14: Log file closed.
L 04/05/2020 - 15:30:24: SourceMod log file session started (file "/home/steam/csgo-ds/csgo/addons/sourcemod/logs/L20200405.log") (Version "1.10.0.6478")
L 04/05/2020 - 15:30:24: [GEOIP] GeoIP database info: GEO-106FREE 20180327 Build 1 Copyright (c) 2018 MaxMind Inc All Rights Reserved
L 04/05/2020 - 15:30:24: [hextags.smx] [HexTags] Found Custom Chat Colors running!
	Please avoid running it with this plugin!
L 04/05/2020 - 15:30:24: [hextags.smx] No entries found in: "addons/sourcemod/configs/hextags.cfg"
L 04/05/2020 - 15:31:55: -------- Mapchange to jb_obama_v5_beta --------
L 04/05/2020 - 15:31:59: [chat-processor.smx] Message formats generated for game 'csgo'.
L 04/05/2020 - 15:31:59: [chat-processor.smx] Successfully hooked a SayText2 chat hook.
L 04/05/2020 - 15:33:13: -------- Mapchange to jb_obama_v5_beta --------
L 04/05/2020 - 15:33:17: [chat-processor.smx] Message formats generated for game 'csgo'.
L 04/05/2020 - 15:33:17: [chat-processor.smx] Successfully hooked a SayText2 chat hook.
L 04/05/2020 - 15:57:15: SourceMod log file session started (file "/home/steam/csgo-ds/csgo/addons/sourcemod/logs/L20200405.log") (Version "1.10.0.6478")
L 04/05/2020 - 15:57:15: [GEOIP] GeoIP database info: GEO-106FREE 20180327 Build 1 Copyright (c) 2018 MaxMind Inc All Rights Reserved
L 04/05/2020 - 15:57:15: [hextags.smx] [HexTags] Found Custom Chat Colors running!
	Please avoid running it with this plugin!
L 04/05/2020 - 15:57:15: [hextags.smx] No entries found in: "addons/sourcemod/configs/hextags.cfg"
L 04/05/2020 - 15:57:27: [hextags.smx] No entries found in: "addons/sourcemod/configs/hextags.cfg"
L 04/05/2020 - 15:57:27: [hextags.smx] No entries found in: "addons/sourcemod/configs/hextags.cfg"
L 04/05/2020 - 15:57:27: Log file closed.
L 04/05/2020 - 15:57:43: SourceMod log file session started (file "/home/steam/csgo-ds/csgo/addons/sourcemod/logs/L20200405.log") (Version "1.10.0.6478")
L 04/05/2020 - 15:57:43: [GEOIP] GeoIP database info: GEO-106FREE 20180327 Build 1 Copyright (c) 2018 MaxMind Inc All Rights Reserved
L 04/05/2020 - 15:57:43: [hextags.smx] [HexTags] Found Custom Chat Colors running!
	Please avoid running it with this plugin!
L 04/05/2020 - 15:57:43: [hextags.smx] No entries found in: "addons/sourcemod/configs/hextags.cfg"
L 04/05/2020 - 16:06:05: -------- Mapchange to jb_obama_v5_beta --------
L 04/05/2020 - 16:06:09: [chat-processor.smx] Message formats generated for game 'csgo'.
L 04/05/2020 - 16:06:09: [chat-processor.smx] Successfully hooked a SayText2 chat hook.
L 04/05/2020 - 16:07:54: [sm_hosties.smx] "Peace0ut48<4><STEAM_1:1:527843285><>" respawned "Peace0ut48<4><STEAM_1:1:527843285><>"
L 04/05/2020 - 16:09:24: [admin_stealth.smx] Peace0ut48 has toggled stealth mode.
L 04/05/2020 - 16:09:30: [admin_stealth.smx] Peace0ut48 has toggled stealth mode.
L 04/05/2020 - 16:09:59: [admin_stealth.smx] Peace0ut48 has toggled stealth mode.
L 04/05/2020 - 16:10:02: [funcommands.smx] "Smoweday<3><STEAM_1:0:505070462><>" drugged "MilkA<2><STEAM_1:0:242076907><>"
L 04/05/2020 - 16:10:05: [admin_stealth.smx] Peace0ut48 has toggled stealth mode.
L 04/05/2020 - 16:10:11: [admin_stealth.smx] Smoweday has toggled stealth mode.
L 04/05/2020 - 16:10:15: [admin_stealth.smx] Peace0ut48 has toggled stealth mode.
L 04/05/2020 - 16:10:18: [admin_stealth.smx] Smoweday has toggled stealth mode.
L 04/05/2020 - 16:10:18: [sm_hosties.smx] "Peace0ut48<4><STEAM_1:1:527843285><>" respawned "Peace0ut48<4><STEAM_1:1:527843285><>"
L 04/05/2020 - 16:10:37: SourceMod log file session started (file "/home/steam/csgo-ds/csgo/addons/sourcemod/logs/L20200405.log") (Version "1.10.0.6478")
L 04/05/2020 - 16:10:37: [GEOIP] GeoIP database info: GEO-106FREE 20180327 Build 1 Copyright (c) 2018 MaxMind Inc All Rights Reserved
L 04/05/2020 - 16:10:37: [hextags.smx] [HexTags] Found Custom Chat Colors running!
	Please avoid running it with this plugin!
L 04/05/2020 - 16:10:37: [hextags.smx] No entries found in: "addons/sourcemod/configs/hextags.cfg"
L 04/05/2020 - 16:14:23: -------- Mapchange to jb_obama_v5_beta --------
L 04/05/2020 - 16:14:26: [chat-processor.smx] Message formats generated for game 'csgo'.
L 04/05/2020 - 16:14:26: [chat-processor.smx] Successfully hooked a SayText2 chat hook.
L 04/05/2020 - 16:14:43: [hextags.smx] No entries found in: "addons/sourcemod/configs/hextags.cfg"
L 04/05/2020 - 16:14:43: [hextags.smx] No entries found in: "addons/sourcemod/configs/hextags.cfg"
L 04/05/2020 - 16:14:43: Log file closed.
L 04/05/2020 - 16:14:51: SourceMod log file session started (file "/home/steam/csgo-ds/csgo/addons/sourcemod/logs/L20200405.log") (Version "1.10.0.6478")
L 04/05/2020 - 16:14:51: [GEOIP] GeoIP database info: GEO-106FREE 20180327 Build 1 Copyright (c) 2018 MaxMind Inc All Rights Reserved
L 04/05/2020 - 16:14:52: [hextags.smx] [HexTags] Found Custom Chat Colors running!
	Please avoid running it with this plugin!
L 04/05/2020 - 16:14:52: [hextags.smx] No entries found in: "addons/sourcemod/configs/hextags.cfg"
L 04/05/2020 - 16:15:56: -------- Mapchange to jb_obama_v5_beta --------
L 04/05/2020 - 16:15:59: [chat-processor.smx] Message formats generated for game 'csgo'.
L 04/05/2020 - 16:15:59: [chat-processor.smx] Successfully hooked a SayText2 chat hook.
L 04/05/2020 - 16:16:26: [sm_hosties.smx] "Peace0ut48<3><STEAM_1:1:527843285><>" respawned "MilkA<4><STEAM_1:0:242076907><>"
L 04/05/2020 - 16:24:24: [playercommands.smx] "Smoweday<2><STEAM_1:0:505070462><>" slapped "Peace0ut48<3><STEAM_1:1:527843285><>" (damage "0")
L 04/05/2020 - 16:24:24: [playercommands.smx] "Smoweday<2><STEAM_1:0:505070462><>" slapped "Peace0ut48<3><STEAM_1:1:527843285><>" (damage "0")
L 04/05/2020 - 16:24:24: [playercommands.smx] "Smoweday<2><STEAM_1:0:505070462><>" slapped "Peace0ut48<3><STEAM_1:1:527843285><>" (damage "0")
L 04/05/2020 - 16:24:25: [playercommands.smx] "Smoweday<2><STEAM_1:0:505070462><>" slapped "Peace0ut48<3><STEAM_1:1:527843285><>" (damage "0")
L 04/05/2020 - 16:24:25: [playercommands.smx] "Smoweday<2><STEAM_1:0:505070462><>" slapped "Peace0ut48<3><STEAM_1:1:527843285><>" (damage "0")
L 04/05/2020 - 16:24:25: [playercommands.smx] "Smoweday<2><STEAM_1:0:505070462><>" slapped "MilkA<4><STEAM_1:0:242076907><>" (damage "0")
L 04/05/2020 - 16:24:25: [playercommands.smx] "Smoweday<2><STEAM_1:0:505070462><>" slapped "MilkA<4><STEAM_1:0:242076907><>" (damage "0")
L 04/05/2020 - 16:24:25: [playercommands.smx] "Smoweday<2><STEAM_1:0:505070462><>" slapped "MilkA<4><STEAM_1:0:242076907><>" (damage "0")
L 04/05/2020 - 16:24:25: [playercommands.smx] "Smoweday<2><STEAM_1:0:505070462><>" slapped "MilkA<4><STEAM_1:0:242076907><>" (damage "0")
L 04/05/2020 - 16:24:25: [playercommands.smx] "Smoweday<2><STEAM_1:0:505070462><>" slapped "MilkA<4><STEAM_1:0:242076907><>" (damage "0")
L 04/05/2020 - 16:24:26: [playercommands.smx] "Smoweday<2><STEAM_1:0:505070462><>" slapped "MilkA<4><STEAM_1:0:242076907><>" (damage "0")
L 04/05/2020 - 16:24:26: [playercommands.smx] "Smoweday<2><STEAM_1:0:505070462><>" slapped "MilkA<4><STEAM_1:0:242076907><>" (damage "0")
L 04/05/2020 - 16:24:26: [playercommands.smx] "Smoweday<2><STEAM_1:0:505070462><>" slapped "MilkA<4><STEAM_1:0:242076907><>" (damage "0")
L 04/05/2020 - 16:24:27: [playercommands.smx] "Smoweday<2><STEAM_1:0:505070462><>" slapped "MilkA<4><STEAM_1:0:242076907><>" (damage "0")
L 04/05/2020 - 16:24:27: [playercommands.smx] "Smoweday<2><STEAM_1:0:505070462><>" slapped "MilkA<4><STEAM_1:0:242076907><>" (damage "0")
L 04/05/2020 - 16:24:27: [playercommands.smx] "Smoweday<2><STEAM_1:0:505070462><>" slapped "MilkA<4><STEAM_1:0:242076907><>" (damage "0")
L 04/05/2020 - 16:24:27: [playercommands.smx] "Smoweday<2><STEAM_1:0:505070462><>" slapped "MilkA<4><STEAM_1:0:242076907><>" (damage "0")
L 04/05/2020 - 16:24:27: [playercommands.smx] "Smoweday<2><STEAM_1:0:505070462><>" slapped "Peace0ut48<3><STEAM_1:1:527843285><>" (damage "0")
L 04/05/2020 - 16:24:27: [playercommands.smx] "Smoweday<2><STEAM_1:0:505070462><>" slapped "MilkA<4><STEAM_1:0:242076907><>" (damage "0")
L 04/05/2020 - 16:24:28: [playercommands.smx] "Smoweday<2><STEAM_1:0:505070462><>" slapped "MilkA<4><STEAM_1:0:242076907><>" (damage "0")
L 04/05/2020 - 16:24:28: [playercommands.smx] "Smoweday<2><STEAM_1:0:505070462><>" slapped "MilkA<4><STEAM_1:0:242076907><>" (damage "0")
L 04/05/2020 - 16:24:28: [playercommands.smx] "Smoweday<2><STEAM_1:0:505070462><>" slapped "MilkA<4><STEAM_1:0:242076907><>" (damage "0")
L 04/05/2020 - 16:24:28: [playercommands.smx] "Smoweday<2><STEAM_1:0:505070462><>" slapped "MilkA<4><STEAM_1:0:242076907><>" (damage "0")
L 04/05/2020 - 16:24:28: [playercommands.smx] "Smoweday<2><STEAM_1:0:505070462><>" slapped "MilkA<4><STEAM_1:0:242076907><>" (damage "0")
L 04/05/2020 - 16:24:28: [playercommands.smx] "Smoweday<2><STEAM_1:0:505070462><>" slapped "MilkA<4><STEAM_1:0:242076907><>" (damage "0")
L 04/05/2020 - 16:24:28: [playercommands.smx] "Smoweday<2><STEAM_1:0:505070462><>" slapped "MilkA<4><STEAM_1:0:242076907><>" (damage "0")
L 04/05/2020 - 16:24:28: [playercommands.smx] "Smoweday<2><STEAM_1:0:505070462><>" slapped "MilkA<4><STEAM_1:0:242076907><>" (damage "0")
L 04/05/2020 - 16:24:29: [playercommands.smx] "Smoweday<2><STEAM_1:0:505070462><>" slapped "MilkA<4><STEAM_1:0:242076907><>" (damage "0")
L 04/05/2020 - 16:24:29: [playercommands.smx] "Smoweday<2><STEAM_1:0:505070462><>" slapped "MilkA<4><STEAM_1:0:242076907><>" (damage "0")
L 04/05/2020 - 16:24:29: [playercommands.smx] "Smoweday<2><STEAM_1:0:505070462><>" slapped "MilkA<4><STEAM_1:0:242076907><>" (damage "0")
L 04/05/2020 - 16:24:29: [playercommands.smx] "Smoweday<2><STEAM_1:0:505070462><>" slapped "MilkA<4><STEAM_1:0:242076907><>" (damage "0")
L 04/05/2020 - 16:24:29: [playercommands.smx] "Smoweday<2><STEAM_1:0:505070462><>" slapped "MilkA<4><STEAM_1:0:242076907><>" (damage "0")
L 04/05/2020 - 16:24:29: [playercommands.smx] "Smoweday<2><STEAM_1:0:505070462><>" slapped "MilkA<4><STEAM_1:0:242076907><>" (damage "0")
L 04/05/2020 - 16:24:29: [playercommands.smx] "Smoweday<2><STEAM_1:0:505070462><>" slapped "MilkA<4><STEAM_1:0:242076907><>" (damage "0")
L 04/05/2020 - 16:24:30: [playercommands.smx] "Smoweday<2><STEAM_1:0:505070462><>" slapped "MilkA<4><STEAM_1:0:242076907><>" (damage "0")
L 04/05/2020 - 16:24:30: [playercommands.smx] "Smoweday<2><STEAM_1:0:505070462><>" slapped "MilkA<4><STEAM_1:0:242076907><>" (damage "0")
L 04/05/2020 - 16:24:30: [playercommands.smx] "Smoweday<2><STEAM_1:0:505070462><>" slapped "MilkA<4><STEAM_1:0:242076907><>" (damage "0")
L 04/05/2020 - 16:24:30: [playercommands.smx] "Smoweday<2><STEAM_1:0:505070462><>" slapped "MilkA<4><STEAM_1:0:242076907><>" (damage "0")
L 04/05/2020 - 16:24:30: [playercommands.smx] "Smoweday<2><STEAM_1:0:505070462><>" slapped "MilkA<4><STEAM_1:0:242076907><>" (damage "0")
L 04/05/2020 - 16:24:30: [playercommands.smx] "Smoweday<2><STEAM_1:0:505070462><>" slapped "MilkA<4><STEAM_1:0:242076907><>" (damage "0")
L 04/05/2020 - 16:24:31: [playercommands.smx] "Smoweday<2><STEAM_1:0:505070462><>" slapped "MilkA<4><STEAM_1:0:242076907><>" (damage "0")
L 04/05/2020 - 16:24:31: [playercommands.smx] "Smoweday<2><STEAM_1:0:505070462><>" slapped "MilkA<4><STEAM_1:0:242076907><>" (damage "0")
L 04/05/2020 - 16:24:31: [playercommands.smx] "Smoweday<2><STEAM_1:0:505070462><>" slapped "MilkA<4><STEAM_1:0:242076907><>" (damage "0")
L 04/05/2020 - 16:24:31: [playercommands.smx] "Smoweday<2><STEAM_1:0:505070462><>" slapped "MilkA<4><STEAM_1:0:242076907><>" (damage "0")
L 04/05/2020 - 16:24:31: [playercommands.smx] "Smoweday<2><STEAM_1:0:505070462><>" slapped "MilkA<4><STEAM_1:0:242076907><>" (damage "0")
L 04/05/2020 - 16:24:31: [playercommands.smx] "Smoweday<2><STEAM_1:0:505070462><>" slapped "MilkA<4><STEAM_1:0:242076907><>" (damage "0")
L 04/05/2020 - 16:24:32: [playercommands.smx] "Smoweday<2><STEAM_1:0:505070462><>" slapped "MilkA<4><STEAM_1:0:242076907><>" (damage "0")
L 04/05/2020 - 16:24:32: [playercommands.smx] "Smoweday<2><STEAM_1:0:505070462><>" slapped "MilkA<4><STEAM_1:0:242076907><>" (damage "0")
L 04/05/2020 - 16:24:32: [playercommands.smx] "Smoweday<2><STEAM_1:0:505070462><>" slapped "MilkA<4><STEAM_1:0:242076907><>" (damage "0")
L 04/05/2020 - 16:24:32: [playercommands.smx] "Smoweday<2><STEAM_1:0:505070462><>" slapped "MilkA<4><STEAM_1:0:242076907><>" (damage "0")
L 04/05/2020 - 16:24:32: [playercommands.smx] "Smoweday<2><STEAM_1:0:505070462><>" slapped "MilkA<4><STEAM_1:0:242076907><>" (damage "0")
L 04/05/2020 - 16:24:33: [playercommands.smx] "Smoweday<2><STEAM_1:0:505070462><>" slapped "MilkA<4><STEAM_1:0:242076907><>" (damage "0")
L 04/05/2020 - 16:24:33: [playercommands.smx] "Smoweday<2><STEAM_1:0:505070462><>" slapped "MilkA<4><STEAM_1:0:242076907><>" (damage "0")
L 04/05/2020 - 16:24:33: [playercommands.smx] "Smoweday<2><STEAM_1:0:505070462><>" slapped "MilkA<4><STEAM_1:0:242076907><>" (damage "0")
L 04/05/2020 - 16:24:33: [playercommands.smx] "Smoweday<2><STEAM_1:0:505070462><>" slapped "MilkA<4><STEAM_1:0:242076907><>" (damage "0")
L 04/05/2020 - 16:24:33: [playercommands.smx] "Smoweday<2><STEAM_1:0:505070462><>" slapped "MilkA<4><STEAM_1:0:242076907><>" (damage "0")
L 04/05/2020 - 16:24:33: [playercommands.smx] "Smoweday<2><STEAM_1:0:505070462><>" slapped "MilkA<4><STEAM_1:0:242076907><>" (damage "0")
L 04/05/2020 - 16:24:34: [playercommands.smx] "Smoweday<2><STEAM_1:0:505070462><>" slapped "MilkA<4><STEAM_1:0:242076907><>" (damage "0")
L 04/05/2020 - 16:24:34: [playercommands.smx] "Smoweday<2><STEAM_1:0:505070462><>" slapped "MilkA<4><STEAM_1:0:242076907><>" (damage "0")
L 04/05/2020 - 16:24:34: [playercommands.smx] "Smoweday<2><STEAM_1:0:505070462><>" slapped "MilkA<4><STEAM_1:0:242076907><>" (damage "0")
L 04/05/2020 - 16:24:34: [playercommands.smx] "Smoweday<2><STEAM_1:0:505070462><>" slapped "MilkA<4><STEAM_1:0:242076907><>" (damage "0")
L 04/05/2020 - 16:24:35: [playercommands.smx] "Smoweday<2><STEAM_1:0:505070462><>" slapped "MilkA<4><STEAM_1:0:242076907><>" (damage "0")
L 04/05/2020 - 16:24:36: [playercommands.smx] "Smoweday<2><STEAM_1:0:505070462><>" slapped "MilkA<4><STEAM_1:0:242076907><>" (damage "0")
L 04/05/2020 - 16:26:11: [playercommands.smx] "Smoweday<2><STEAM_1:0:505070462><>" slayed "Peace0ut48<3><STEAM_1:1:527843285><>"
L 04/05/2020 - 16:32:33: [basecommands.smx] "Smoweday<2><STEAM_1:0:505070462><>" changed map to "jb_spy_vs_spy_beta7"
L 04/05/2020 - 16:32:36: [SM] Changed map to "jb_spy_vs_spy_beta7"
L 04/05/2020 - 16:32:38: -------- Mapchange to jb_spy_vs_spy_beta7 --------
L 04/05/2020 - 16:32:42: [chat-processor.smx] Message formats generated for game 'csgo'.
L 04/05/2020 - 16:32:42: [chat-processor.smx] Successfully hooked a SayText2 chat hook.
L 04/05/2020 - 16:37:12: [funcommands.smx] "Smoweday<2><STEAM_1:0:505070462><>" drugged "Smoweday<2><STEAM_1:0:505070462><>"
L 04/05/2020 - 16:37:12: [funcommands.smx] "Smoweday<2><STEAM_1:0:505070462><>" drugged "Peace0ut48<3><STEAM_1:1:527843285><>"
L 04/05/2020 - 16:37:23: [playercommands.smx] "Smoweday<2><STEAM_1:0:505070462><>" slayed "Peace0ut48<3><STEAM_1:1:527843285><>"
L 04/05/2020 - 16:40:06: [playercommands.smx] "Smoweday<2><STEAM_1:0:505070462><>" slayed "Smoweday<2><STEAM_1:0:505070462><>"
L 04/05/2020 - 16:40:06: [playercommands.smx] "Smoweday<2><STEAM_1:0:505070462><>" slayed "Peace0ut48<3><STEAM_1:1:527843285><>"
L 04/05/2020 - 16:41:39: [movecommands.smx] "Smoweday<2><STEAM_1:0:505070462><>" was moved to CT by "Smoweday<2><STEAM_1:0:505070462><>"
L 04/05/2020 - 16:41:40: [movecommands.smx] "Peace0ut48<3><STEAM_1:1:527843285><>" was moved to T by "Smoweday<2><STEAM_1:0:505070462><>"
L 04/05/2020 - 16:41:48: [playercommands.smx] "Smoweday<2><STEAM_1:0:505070462><>" slayed "Peace0ut48<3><STEAM_1:1:527843285><>"
L 04/05/2020 - 16:42:32: [SM] Changed map to "jb_spy_vs_spy_beta7"
L 04/05/2020 - 16:42:33: -------- Mapchange to jb_spy_vs_spy_beta7 --------
L 04/05/2020 - 16:42:36: [chat-processor.smx] Message formats generated for game 'csgo'.
L 04/05/2020 - 16:42:36: [chat-processor.smx] Successfully hooked a SayText2 chat hook.
L 04/05/2020 - 16:44:05: [funcommands.smx] "Smoweday<2><STEAM_1:0:505070462><>" drugged "Smoweday<2><STEAM_1:0:505070462><>"
L 04/05/2020 - 16:44:05: [funcommands.smx] "Smoweday<2><STEAM_1:0:505070462><>" drugged "Pepik<5><STEAM_1:1:108577430><>"
L 04/05/2020 - 16:44:06: [funcommands.smx] "Smoweday<2><STEAM_1:0:505070462><>" undrugged "Smoweday<2><STEAM_1:0:505070462><>"
L 04/05/2020 - 16:44:25: [playercommands.smx] "Smoweday<2><STEAM_1:0:505070462><>" slapped "Pepik<5><STEAM_1:1:108577430><>" (damage "0")
L 04/05/2020 - 16:44:28: [playercommands.smx] "Smoweday<2><STEAM_1:0:505070462><>" slapped "Pepik<5><STEAM_1:1:108577430><>" (damage "0")
L 04/05/2020 - 16:44:29: [playercommands.smx] "Smoweday<2><STEAM_1:0:505070462><>" slapped "Pepik<5><STEAM_1:1:108577430><>" (damage "0")
L 04/05/2020 - 16:44:29: [playercommands.smx] "Smoweday<2><STEAM_1:0:505070462><>" slapped "Pepik<5><STEAM_1:1:108577430><>" (damage "0")
L 04/05/2020 - 16:44:29: [playercommands.smx] "Smoweday<2><STEAM_1:0:505070462><>" slapped "Pepik<5><STEAM_1:1:108577430><>" (damage "0")
L 04/05/2020 - 16:44:29: [playercommands.smx] "Smoweday<2><STEAM_1:0:505070462><>" slapped "Pepik<5><STEAM_1:1:108577430><>" (damage "0")
L 04/05/2020 - 16:44:29: [playercommands.smx] "Smoweday<2><STEAM_1:0:505070462><>" slapped "Pepik<5><STEAM_1:1:108577430><>" (damage "0")
L 04/05/2020 - 16:44:29: [playercommands.smx] "Smoweday<2><STEAM_1:0:505070462><>" slapped "Pepik<5><STEAM_1:1:108577430><>" (damage "0")
L 04/05/2020 - 16:44:31: [playercommands.smx] "Smoweday<2><STEAM_1:0:505070462><>" slapped "Smoweday<2><STEAM_1:0:505070462><>" (damage "0")
L 04/05/2020 - 16:44:31: [playercommands.smx] "Smoweday<2><STEAM_1:0:505070462><>" slapped "Smoweday<2><STEAM_1:0:505070462><>" (damage "0")
L 04/05/2020 - 16:44:31: [playercommands.smx] "Smoweday<2><STEAM_1:0:505070462><>" slapped "Smoweday<2><STEAM_1:0:505070462><>" (damage "0")
L 04/05/2020 - 16:44:31: [playercommands.smx] "Smoweday<2><STEAM_1:0:505070462><>" slapped "Smoweday<2><STEAM_1:0:505070462><>" (damage "0")
L 04/05/2020 - 16:44:31: [playercommands.smx] "Smoweday<2><STEAM_1:0:505070462><>" slapped "Smoweday<2><STEAM_1:0:505070462><>" (damage "0")
L 04/05/2020 - 16:44:31: [playercommands.smx] "Smoweday<2><STEAM_1:0:505070462><>" slapped "Smoweday<2><STEAM_1:0:505070462><>" (damage "0")
L 04/05/2020 - 16:44:31: [playercommands.smx] "Smoweday<2><STEAM_1:0:505070462><>" slapped "Smoweday<2><STEAM_1:0:505070462><>" (damage "0")
L 04/05/2020 - 16:44:32: [playercommands.smx] "Smoweday<2><STEAM_1:0:505070462><>" slapped "Smoweday<2><STEAM_1:0:505070462><>" (damage "0")
L 04/05/2020 - 16:44:32: [playercommands.smx] "Smoweday<2><STEAM_1:0:505070462><>" slapped "Smoweday<2><STEAM_1:0:505070462><>" (damage "0")
L 04/05/2020 - 16:44:32: [playercommands.smx] "Smoweday<2><STEAM_1:0:505070462><>" slapped "Smoweday<2><STEAM_1:0:505070462><>" (damage "0")
L 04/05/2020 - 16:44:32: [playercommands.smx] "Smoweday<2><STEAM_1:0:505070462><>" slapped "Smoweday<2><STEAM_1:0:505070462><>" (damage "0")
L 04/05/2020 - 16:44:32: [playercommands.smx] "Smoweday<2><STEAM_1:0:505070462><>" slapped "Smoweday<2><STEAM_1:0:505070462><>" (damage "0")
L 04/05/2020 - 16:44:33: [playercommands.smx] "Smoweday<2><STEAM_1:0:505070462><>" slapped "Smoweday<2><STEAM_1:0:505070462><>" (damage "0")
L 04/05/2020 - 16:44:33: [playercommands.smx] "Smoweday<2><STEAM_1:0:505070462><>" slapped "Smoweday<2><STEAM_1:0:505070462><>" (damage "0")
L 04/05/2020 - 16:44:33: [playercommands.smx] "Smoweday<2><STEAM_1:0:505070462><>" slapped "Smoweday<2><STEAM_1:0:505070462><>" (damage "0")
L 04/05/2020 - 16:44:33: [playercommands.smx] "Smoweday<2><STEAM_1:0:505070462><>" slapped "Smoweday<2><STEAM_1:0:505070462><>" (damage "0")
L 04/05/2020 - 16:44:33: [playercommands.smx] "Smoweday<2><STEAM_1:0:505070462><>" slapped "Smoweday<2><STEAM_1:0:505070462><>" (damage "0")
L 04/05/2020 - 16:44:34: [playercommands.smx] "Smoweday<2><STEAM_1:0:505070462><>" slapped "Smoweday<2><STEAM_1:0:505070462><>" (damage "0")
L 04/05/2020 - 16:44:34: [playercommands.smx] "Smoweday<2><STEAM_1:0:505070462><>" slapped "Smoweday<2><STEAM_1:0:505070462><>" (damage "0")
L 04/05/2020 - 16:44:34: [playercommands.smx] "Smoweday<2><STEAM_1:0:505070462><>" slapped "Smoweday<2><STEAM_1:0:505070462><>" (damage "0")
L 04/05/2020 - 16:44:34: [playercommands.smx] "Smoweday<2><STEAM_1:0:505070462><>" slapped "Smoweday<2><STEAM_1:0:505070462><>" (damage "0")
L 04/05/2020 - 16:44:34: [playercommands.smx] "Smoweday<2><STEAM_1:0:505070462><>" slapped "Smoweday<2><STEAM_1:0:505070462><>" (damage "0")
L 04/05/2020 - 16:44:35: [playercommands.smx] "Smoweday<2><STEAM_1:0:505070462><>" slapped "Smoweday<2><STEAM_1:0:505070462><>" (damage "0")
L 04/05/2020 - 16:44:35: [playercommands.smx] "Smoweday<2><STEAM_1:0:505070462><>" slapped "Smoweday<2><STEAM_1:0:505070462><>" (damage "0")
L 04/05/2020 - 16:44:37: [playercommands.smx] "Smoweday<2><STEAM_1:0:505070462><>" slapped "Pepik<5><STEAM_1:1:108577430><>" (damage "0")
L 04/05/2020 - 16:44:37: [playercommands.smx] "Smoweday<2><STEAM_1:0:505070462><>" slapped "Pepik<5><STEAM_1:1:108577430><>" (damage "0")
L 04/05/2020 - 16:44:37: [playercommands.smx] "Smoweday<2><STEAM_1:0:505070462><>" slapped "Pepik<5><STEAM_1:1:108577430><>" (damage "0")
L 04/05/2020 - 16:44:38: [playercommands.smx] "Smoweday<2><STEAM_1:0:505070462><>" slapped "Pepik<5><STEAM_1:1:108577430><>" (damage "0")
L 04/05/2020 - 16:44:38: [playercommands.smx] "Smoweday<2><STEAM_1:0:505070462><>" slapped "Pepik<5><STEAM_1:1:108577430><>" (damage "0")
L 04/05/2020 - 16:44:38: [playercommands.smx] "Smoweday<2><STEAM_1:0:505070462><>" slapped "Pepik<5><STEAM_1:1:108577430><>" (damage "0")
L 04/05/2020 - 16:44:38: [playercommands.smx] "Smoweday<2><STEAM_1:0:505070462><>" slapped "Pepik<5><STEAM_1:1:108577430><>" (damage "0")
L 04/05/2020 - 16:44:38: [playercommands.smx] "Smoweday<2><STEAM_1:0:505070462><>" slapped "Pepik<5><STEAM_1:1:108577430><>" (damage "0")
L 04/05/2020 - 16:44:38: [playercommands.smx] "Smoweday<2><STEAM_1:0:505070462><>" slapped "Pepik<5><STEAM_1:1:108577430><>" (damage "0")
L 04/05/2020 - 16:44:39: [playercommands.smx] "Smoweday<2><STEAM_1:0:505070462><>" slapped "Smoweday<2><STEAM_1:0:505070462><>" (damage "0")
L 04/05/2020 - 16:44:39: [playercommands.smx] "Smoweday<2><STEAM_1:0:505070462><>" slapped "Smoweday<2><STEAM_1:0:505070462><>" (damage "0")
L 04/05/2020 - 16:44:39: [playercommands.smx] "Smoweday<2><STEAM_1:0:505070462><>" slapped "Smoweday<2><STEAM_1:0:505070462><>" (damage "0")
L 04/05/2020 - 16:44:39: [playercommands.smx] "Smoweday<2><STEAM_1:0:505070462><>" slapped "Pepik<5><STEAM_1:1:108577430><>" (damage "0")
L 04/05/2020 - 16:44:39: [playercommands.smx] "Smoweday<2><STEAM_1:0:505070462><>" slapped "Smoweday<2><STEAM_1:0:505070462><>" (damage "0")
L 04/05/2020 - 16:44:39: [playercommands.smx] "Smoweday<2><STEAM_1:0:505070462><>" slapped "Pepik<5><STEAM_1:1:108577430><>" (damage "0")
L 04/05/2020 - 16:44:39: [playercommands.smx] "Smoweday<2><STEAM_1:0:505070462><>" slapped "Smoweday<2><STEAM_1:0:505070462><>" (damage "0")
L 04/05/2020 - 16:44:39: [playercommands.smx] "Smoweday<2><STEAM_1:0:505070462><>" slapped "Pepik<5><STEAM_1:1:108577430><>" (damage "0")
L 04/05/2020 - 16:44:39: [playercommands.smx] "Smoweday<2><STEAM_1:0:505070462><>" slapped "Smoweday<2><STEAM_1:0:505070462><>" (damage "0")
L 04/05/2020 - 16:44:40: [playercommands.smx] "Smoweday<2><STEAM_1:0:505070462><>" slapped "Pepik<5><STEAM_1:1:108577430><>" (damage "0")
L 04/05/2020 - 16:44:44: [playercommands.smx] "Smoweday<2><STEAM_1:0:505070462><>" slapped "Pepik<5><STEAM_1:1:108577430><>" (damage "0")
L 04/05/2020 - 16:44:44: [playercommands.smx] "Smoweday<2><STEAM_1:0:505070462><>" slapped "Pepik<5><STEAM_1:1:108577430><>" (damage "0")
L 04/05/2020 - 16:44:44: [playercommands.smx] "Smoweday<2><STEAM_1:0:505070462><>" slapped "Pepik<5><STEAM_1:1:108577430><>" (damage "0")
L 04/05/2020 - 16:44:44: [playercommands.smx] "Smoweday<2><STEAM_1:0:505070462><>" slapped "Pepik<5><STEAM_1:1:108577430><>" (damage "0")
L 04/05/2020 - 16:44:44: [playercommands.smx] "Smoweday<2><STEAM_1:0:505070462><>" slapped "Pepik<5><STEAM_1:1:108577430><>" (damage "0")
L 04/05/2020 - 16:44:44: [playercommands.smx] "Smoweday<2><STEAM_1:0:505070462><>" slapped "Pepik<5><STEAM_1:1:108577430><>" (damage "0")
L 04/05/2020 - 16:44:44: [playercommands.smx] "Smoweday<2><STEAM_1:0:505070462><>" slapped "Pepik<5><STEAM_1:1:108577430><>" (damage "0")
L 04/05/2020 - 16:44:44: [playercommands.smx] "Smoweday<2><STEAM_1:0:505070462><>" slapped "Pepik<5><STEAM_1:1:108577430><>" (damage "0")
L 04/05/2020 - 16:44:45: [playercommands.smx] "Smoweday<2><STEAM_1:0:505070462><>" slapped "Pepik<5><STEAM_1:1:108577430><>" (damage "0")
L 04/05/2020 - 16:44:45: [playercommands.smx] "Smoweday<2><STEAM_1:0:505070462><>" slapped "Pepik<5><STEAM_1:1:108577430><>" (damage "0")
L 04/05/2020 - 16:44:45: [playercommands.smx] "Smoweday<2><STEAM_1:0:505070462><>" slapped "Pepik<5><STEAM_1:1:108577430><>" (damage "0")
L 04/05/2020 - 16:44:45: [playercommands.smx] "Smoweday<2><STEAM_1:0:505070462><>" slapped "Pepik<5><STEAM_1:1:108577430><>" (damage "0")
L 04/05/2020 - 16:44:45: [playercommands.smx] "Smoweday<2><STEAM_1:0:505070462><>" slapped "Pepik<5><STEAM_1:1:108577430><>" (damage "0")
L 04/05/2020 - 16:45:48: [playercommands.smx] "Smoweday<2><STEAM_1:0:505070462><>" slayed "Pepik<5><STEAM_1:1:108577430><>"
L 04/05/2020 - 16:48:45: [basecommands.smx] "Smoweday<2><STEAM_1:0:505070462><>" changed map to "jb_obama_v5_beta"
L 04/05/2020 - 16:48:48: [SM] Changed map to "jb_obama_v5_beta"
L 04/05/2020 - 16:48:49: -------- Mapchange to jb_obama_v5_beta --------
L 04/05/2020 - 16:48:53: [chat-processor.smx] Message formats generated for game 'csgo'.
L 04/05/2020 - 16:48:53: [chat-processor.smx] Successfully hooked a SayText2 chat hook.
L 04/05/2020 - 16:49:15: [playercommands.smx] "Smoweday<2><STEAM_1:0:505070462><>" slayed "Pepik<5><STEAM_1:1:108577430><>"
L 04/05/2020 - 16:50:08: [extendedcomm.smx] Smoweday<2><STEAM_1:0:505070462><> issued an extended gag on Pepik<5><STEAM_1:1:108577430><> for 1 minutes.
L 04/05/2020 - 16:52:59: [playercommands.smx] "Smoweday<2><STEAM_1:0:505070462><>" slayed "Smoweday<2><STEAM_1:0:505070462><>"
L 04/05/2020 - 16:52:59: [playercommands.smx] "Smoweday<2><STEAM_1:0:505070462><>" slayed "Pepik<5><STEAM_1:1:108577430><>"
L 04/05/2020 - 16:53:19: [admin_stealth.smx] Peace0ut48 has toggled stealth mode.
L 04/05/2020 - 16:53:24: [admin_stealth.smx] Peace0ut48 has toggled stealth mode.
L 04/05/2020 - 16:57:51: [sm_hosties.smx] "Peace0ut48<3><STEAM_1:1:527843285><>" respawned "Peace0ut48<3><STEAM_1:1:527843285><>"
L 04/05/2020 - 16:58:06: [sm_hosties.smx] "Smoweday<2><STEAM_1:0:505070462><>" respawned "Smoweday<2><STEAM_1:0:505070462><>"
L 04/05/2020 - 16:59:04: [sm_hosties.smx] "Peace0ut48<3><STEAM_1:1:527843285><>" respawned "Peace0ut48<3><STEAM_1:1:527843285><>"
L 04/05/2020 - 16:59:06: [admin_stealth.smx] Smoweday has toggled stealth mode.
L 04/05/2020 - 16:59:08: [admin_stealth.smx] Smoweday has toggled stealth mode.
L 04/05/2020 - 17:00:14: [sm_hosties.smx] "Peace0ut48<3><STEAM_1:1:527843285><>" respawned "Peace0ut48<3><STEAM_1:1:527843285><>"
L 04/05/2020 - 17:00:23: [playercommands.smx] "Smoweday<2><STEAM_1:0:505070462><>" slayed "Pepik<5><STEAM_1:1:108577430><>"
