L 04/11/2020 - 00:18:00: SourceMod log file session started (file "/home/steam/csgo-ds/csgo/addons/sourcemod/logs/L20200411.log") (Version "1.10.0.6478")
L 04/11/2020 - 00:18:00: Log file closed.
L 04/11/2020 - 00:19:10: SourceMod log file session started (file "/home/steam/csgo-ds/csgo/addons/sourcemod/logs/L20200411.log") (Version "1.10.0.6478")
L 04/11/2020 - 00:19:10: [GEOIP] GeoIP database info: GEO-106FREE 20180327 Build 1 Copyright (c) 2018 MaxMind Inc All Rights Reserved
L 04/11/2020 - 00:19:13: [mapchooser.smx] [MapChooser] Map Cycle Path: mapcycle.txt
L 04/11/2020 - 00:19:13: [rockthevote.smx] [RTV] Map Cycle Path: mapcycle.txt
L 04/11/2020 - 00:20:56: -------- Mapchange to jb_summer_jail_v3 --------
L 04/11/2020 - 00:20:59: [mapchooser.smx] [MapChooser] Map Cycle Path: mapcycle.txt
L 04/11/2020 - 00:20:59: [rockthevote.smx] [RTV] Map Cycle Path: mapcycle.txt
L 04/11/2020 - 00:20:59: [chat-processor.smx] Message formats generated for game 'csgo'.
L 04/11/2020 - 00:20:59: [chat-processor.smx] Successfully hooked a SayText2 chat hook.
L 04/11/2020 - 00:21:01: [mapchooser.smx] [MapChooser] g_hCheckTimer not INVALID_HANDLE in Timer_DelayStart! Why not? Check logs!
L 04/11/2020 - 00:29:57: Log file closed.
L 04/11/2020 - 00:31:30: SourceMod log file session started (file "/home/steam/csgo-ds/csgo/addons/sourcemod/logs/L20200411.log") (Version "1.10.0.6478")
L 04/11/2020 - 00:31:30: [GEOIP] GeoIP database info: GEO-106FREE 20180327 Build 1 Copyright (c) 2018 MaxMind Inc All Rights Reserved
L 04/11/2020 - 00:31:33: [mapchooser.smx] [MapChooser] Map Cycle Path: mapcycle.txt
L 04/11/2020 - 00:31:33: [rockthevote.smx] [RTV] Map Cycle Path: mapcycle.txt
L 04/11/2020 - 00:32:04: -------- Mapchange to jb_summer_jail_v3 --------
L 04/11/2020 - 00:32:07: [mapchooser.smx] [MapChooser] Map Cycle Path: mapcycle.txt
L 04/11/2020 - 00:32:07: [rockthevote.smx] [RTV] Map Cycle Path: mapcycle.txt
L 04/11/2020 - 00:32:11: [chat-processor.smx] Message formats generated for game 'csgo'.
L 04/11/2020 - 00:32:11: [chat-processor.smx] Successfully hooked a SayText2 chat hook.
L 04/11/2020 - 00:32:13: [mapchooser.smx] [MapChooser] g_hCheckTimer not INVALID_HANDLE in Timer_DelayStart! Why not? Check logs!
L 04/11/2020 - 00:38:39: Log file closed.
L 04/11/2020 - 00:39:29: SourceMod log file session started (file "/home/steam/csgo-ds/csgo/addons/sourcemod/logs/L20200411.log") (Version "1.10.0.6478")
L 04/11/2020 - 00:39:29: [GEOIP] GeoIP database info: GEO-106FREE 20180327 Build 1 Copyright (c) 2018 MaxMind Inc All Rights Reserved
L 04/11/2020 - 00:39:32: [mapchooser.smx] [MapChooser] Map Cycle Path: mapcycle.txt
L 04/11/2020 - 00:39:32: [rockthevote.smx] [RTV] Map Cycle Path: mapcycle.txt
L 04/11/2020 - 00:42:06: Log file closed.
L 04/11/2020 - 00:42:22: SourceMod log file session started (file "/home/steam/csgo-ds/csgo/addons/sourcemod/logs/L20200411.log") (Version "1.10.0.6478")
L 04/11/2020 - 00:42:22: [GEOIP] GeoIP database info: GEO-106FREE 20180327 Build 1 Copyright (c) 2018 MaxMind Inc All Rights Reserved
L 04/11/2020 - 00:42:25: [mapchooser.smx] [MapChooser] Map Cycle Path: mapcycle.txt
L 04/11/2020 - 00:42:25: [rockthevote.smx] [RTV] Map Cycle Path: mapcycle.txt
L 04/11/2020 - 00:42:33: Log file closed.
L 04/11/2020 - 01:03:07: SourceMod log file session started (file "/home/steam/csgo-ds/csgo/addons/sourcemod/logs/L20200411.log") (Version "1.10.0.6478")
L 04/11/2020 - 01:03:07: [GEOIP] GeoIP database info: GEO-106FREE 20180327 Build 1 Copyright (c) 2018 MaxMind Inc All Rights Reserved
L 04/11/2020 - 01:03:13: [mapchooser.smx] [MapChooser] Map Cycle Path: mapcycle.txt
L 04/11/2020 - 01:03:13: [rockthevote.smx] [RTV] Map Cycle Path: mapcycle.txt
L 04/11/2020 - 01:04:48: -------- Mapchange to jb_summer_jail_v3 --------
L 04/11/2020 - 01:04:51: [mapchooser.smx] [MapChooser] Map Cycle Path: mapcycle.txt
L 04/11/2020 - 01:04:51: [rockthevote.smx] [RTV] Map Cycle Path: mapcycle.txt
L 04/11/2020 - 01:05:11: [chat-processor.smx] Message formats generated for game 'csgo'.
L 04/11/2020 - 01:05:11: [chat-processor.smx] Successfully hooked a SayText2 chat hook.
L 04/11/2020 - 01:05:13: [mapchooser.smx] [MapChooser] g_hCheckTimer not INVALID_HANDLE in Timer_DelayStart! Why not? Check logs!
L 04/11/2020 - 01:05:25: Log file closed.
L 04/11/2020 - 01:05:39: SourceMod log file session started (file "/home/steam/csgo-ds/csgo/addons/sourcemod/logs/L20200411.log") (Version "1.10.0.6478")
L 04/11/2020 - 01:05:39: [GEOIP] GeoIP database info: GEO-106FREE 20180327 Build 1 Copyright (c) 2018 MaxMind Inc All Rights Reserved
L 04/11/2020 - 01:05:42: [mapchooser.smx] [MapChooser] Map Cycle Path: mapcycle.txt
L 04/11/2020 - 01:05:42: [rockthevote.smx] [RTV] Map Cycle Path: mapcycle.txt
L 04/11/2020 - 01:05:55: Log file closed.
L 04/11/2020 - 01:28:37: SourceMod log file session started (file "/home/steam/csgo-ds/csgo/addons/sourcemod/logs/L20200411.log") (Version "1.10.0.6478")
L 04/11/2020 - 01:28:37: [GEOIP] GeoIP database info: GEO-106FREE 20180327 Build 1 Copyright (c) 2018 MaxMind Inc All Rights Reserved
L 04/11/2020 - 01:28:43: [mapchooser.smx] [MapChooser] Map Cycle Path: mapcycle.txt
L 04/11/2020 - 01:28:43: [rockthevote.smx] [RTV] Map Cycle Path: mapcycle.txt
L 04/11/2020 - 01:29:12: Log file closed.
L 04/11/2020 - 01:29:28: SourceMod log file session started (file "/home/steam/csgo-ds/csgo/addons/sourcemod/logs/L20200411.log") (Version "1.10.0.6478")
L 04/11/2020 - 01:29:28: [GEOIP] GeoIP database info: GEO-106FREE 20180327 Build 1 Copyright (c) 2018 MaxMind Inc All Rights Reserved
L 04/11/2020 - 01:29:31: [mapchooser.smx] [MapChooser] Map Cycle Path: mapcycle.txt
L 04/11/2020 - 01:29:31: [rockthevote.smx] [RTV] Map Cycle Path: mapcycle.txt
L 04/11/2020 - 01:30:51: Log file closed.
L 04/11/2020 - 13:41:22: SourceMod log file session started (file "/home/steam/csgo-ds/csgo/addons/sourcemod/logs/L20200411.log") (Version "1.10.0.6478")
L 04/11/2020 - 13:41:22: [GEOIP] GeoIP database info: GEO-106FREE 20180327 Build 1 Copyright (c) 2018 MaxMind Inc All Rights Reserved
L 04/11/2020 - 13:41:26: [mapchooser.smx] [MapChooser] Map Cycle Path: mapcycle.txt
L 04/11/2020 - 13:41:26: [rockthevote.smx] [RTV] Map Cycle Path: mapcycle.txt
L 04/11/2020 - 13:42:16: Log file closed.
L 04/11/2020 - 14:04:35: SourceMod log file session started (file "/home/steam/csgo-ds/csgo/addons/sourcemod/logs/L20200411.log") (Version "1.10.0.6478")
L 04/11/2020 - 14:04:35: [GEOIP] GeoIP database info: GEO-106FREE 20180327 Build 1 Copyright (c) 2018 MaxMind Inc All Rights Reserved
L 04/11/2020 - 14:04:39: [mapchooser.smx] [MapChooser] Map Cycle Path: mapcycle.txt
L 04/11/2020 - 14:04:39: [rockthevote.smx] [RTV] Map Cycle Path: mapcycle.txt
L 04/11/2020 - 14:05:51: -------- Mapchange to jb_summer_jail_v3 --------
L 04/11/2020 - 14:05:53: [mapchooser.smx] [MapChooser] Map Cycle Path: mapcycle.txt
L 04/11/2020 - 14:05:53: [rockthevote.smx] [RTV] Map Cycle Path: mapcycle.txt
L 04/11/2020 - 14:05:53: [chat-processor.smx] Message formats generated for game 'csgo'.
L 04/11/2020 - 14:05:53: [chat-processor.smx] Successfully hooked a SayText2 chat hook.
L 04/11/2020 - 14:05:55: [mapchooser.smx] [MapChooser] g_hCheckTimer not INVALID_HANDLE in Timer_DelayStart! Why not? Check logs!
L 04/11/2020 - 14:13:42: [admin_stealth.smx] Androméďa has toggled stealth mode.
L 04/11/2020 - 14:13:44: [admin_stealth.smx] Androméďa has toggled stealth mode.
L 04/11/2020 - 14:30:54: Log file closed.
L 04/11/2020 - 14:32:08: SourceMod log file session started (file "/home/steam/csgo-ds/csgo/addons/sourcemod/logs/L20200411.log") (Version "1.10.0.6478")
L 04/11/2020 - 14:32:08: [GEOIP] GeoIP database info: GEO-106FREE 20180327 Build 1 Copyright (c) 2018 MaxMind Inc All Rights Reserved
L 04/11/2020 - 14:32:11: [mapchooser.smx] [MapChooser] Map Cycle Path: mapcycle.txt
L 04/11/2020 - 14:32:11: [rockthevote.smx] [RTV] Map Cycle Path: mapcycle.txt
L 04/11/2020 - 14:34:19: Log file closed.
L 04/11/2020 - 14:35:07: SourceMod log file session started (file "/home/steam/csgo-ds/csgo/addons/sourcemod/logs/L20200411.log") (Version "1.10.0.6478")
L 04/11/2020 - 14:35:07: [GEOIP] GeoIP database info: GEO-106FREE 20180327 Build 1 Copyright (c) 2018 MaxMind Inc All Rights Reserved
L 04/11/2020 - 14:35:10: [mapchooser.smx] [MapChooser] Map Cycle Path: mapcycle.txt
L 04/11/2020 - 14:35:10: [rockthevote.smx] [RTV] Map Cycle Path: mapcycle.txt
L 04/11/2020 - 14:35:21: -------- Mapchange to jb_summer_jail_v3 --------
L 04/11/2020 - 14:35:23: [mapchooser.smx] [MapChooser] Map Cycle Path: mapcycle.txt
L 04/11/2020 - 14:35:23: [rockthevote.smx] [RTV] Map Cycle Path: mapcycle.txt
L 04/11/2020 - 14:35:23: [chat-processor.smx] Message formats generated for game 'csgo'.
L 04/11/2020 - 14:35:23: [chat-processor.smx] Successfully hooked a SayText2 chat hook.
L 04/11/2020 - 14:35:25: [mapchooser.smx] [MapChooser] g_hCheckTimer not INVALID_HANDLE in Timer_DelayStart! Why not? Check logs!
L 04/11/2020 - 14:36:52: Log file closed.
L 04/11/2020 - 14:37:39: SourceMod log file session started (file "/home/steam/csgo-ds/csgo/addons/sourcemod/logs/L20200411.log") (Version "1.10.0.6478")
L 04/11/2020 - 14:37:39: [GEOIP] GeoIP database info: GEO-106FREE 20180327 Build 1 Copyright (c) 2018 MaxMind Inc All Rights Reserved
L 04/11/2020 - 14:37:42: [mapchooser.smx] [MapChooser] Map Cycle Path: mapcycle.txt
L 04/11/2020 - 14:37:42: [rockthevote.smx] [RTV] Map Cycle Path: mapcycle.txt
L 04/11/2020 - 14:37:49: -------- Mapchange to jb_summer_jail_v3 --------
L 04/11/2020 - 14:37:52: [mapchooser.smx] [MapChooser] Map Cycle Path: mapcycle.txt
L 04/11/2020 - 14:37:52: [rockthevote.smx] [RTV] Map Cycle Path: mapcycle.txt
L 04/11/2020 - 14:37:52: [chat-processor.smx] Message formats generated for game 'csgo'.
L 04/11/2020 - 14:37:52: [chat-processor.smx] Successfully hooked a SayText2 chat hook.
L 04/11/2020 - 14:37:54: [mapchooser.smx] [MapChooser] g_hCheckTimer not INVALID_HANDLE in Timer_DelayStart! Why not? Check logs!
L 04/11/2020 - 14:46:29: Log file closed.
L 04/11/2020 - 14:46:47: SourceMod log file session started (file "/home/steam/csgo-ds/csgo/addons/sourcemod/logs/L20200411.log") (Version "1.10.0.6478")
L 04/11/2020 - 14:46:47: [GEOIP] GeoIP database info: GEO-106FREE 20180327 Build 1 Copyright (c) 2018 MaxMind Inc All Rights Reserved
L 04/11/2020 - 14:46:50: [mapchooser.smx] [MapChooser] Map Cycle Path: mapcycle.txt
L 04/11/2020 - 14:46:50: [rockthevote.smx] [RTV] Map Cycle Path: mapcycle.txt
L 04/11/2020 - 14:47:06: Log file closed.
L 04/11/2020 - 14:47:21: SourceMod log file session started (file "/home/steam/csgo-ds/csgo/addons/sourcemod/logs/L20200411.log") (Version "1.10.0.6478")
L 04/11/2020 - 14:47:21: [GEOIP] GeoIP database info: GEO-106FREE 20180327 Build 1 Copyright (c) 2018 MaxMind Inc All Rights Reserved
L 04/11/2020 - 14:47:23: [mapchooser.smx] [MapChooser] Map Cycle Path: mapcycle.txt
L 04/11/2020 - 14:47:23: [rockthevote.smx] [RTV] Map Cycle Path: mapcycle.txt
L 04/11/2020 - 14:50:38: -------- Mapchange to jb_summer_jail_v3 --------
L 04/11/2020 - 14:50:41: [mapchooser.smx] [MapChooser] Map Cycle Path: mapcycle.txt
L 04/11/2020 - 14:50:41: [rockthevote.smx] [RTV] Map Cycle Path: mapcycle.txt
L 04/11/2020 - 14:50:41: [chat-processor.smx] Message formats generated for game 'csgo'.
L 04/11/2020 - 14:50:41: [chat-processor.smx] Successfully hooked a SayText2 chat hook.
L 04/11/2020 - 14:50:43: [mapchooser.smx] [MapChooser] g_hCheckTimer not INVALID_HANDLE in Timer_DelayStart! Why not? Check logs!
L 04/11/2020 - 14:55:37: Log file closed.
L 04/11/2020 - 14:57:31: SourceMod log file session started (file "/home/steam/csgo-ds/csgo/addons/sourcemod/logs/L20200411.log") (Version "1.10.0.6478")
L 04/11/2020 - 14:57:31: [GEOIP] GeoIP database info: GEO-106FREE 20180327 Build 1 Copyright (c) 2018 MaxMind Inc All Rights Reserved
L 04/11/2020 - 14:57:34: [mapchooser.smx] [MapChooser] Map Cycle Path: mapcycle.txt
L 04/11/2020 - 14:57:34: [rockthevote.smx] [RTV] Map Cycle Path: mapcycle.txt
L 04/11/2020 - 14:57:51: -------- Mapchange to jb_summer_jail_v3 --------
L 04/11/2020 - 14:57:53: [mapchooser.smx] [MapChooser] Map Cycle Path: mapcycle.txt
L 04/11/2020 - 14:57:53: [rockthevote.smx] [RTV] Map Cycle Path: mapcycle.txt
L 04/11/2020 - 14:57:53: [chat-processor.smx] Message formats generated for game 'csgo'.
L 04/11/2020 - 14:57:53: [chat-processor.smx] Successfully hooked a SayText2 chat hook.
L 04/11/2020 - 14:57:55: [mapchooser.smx] [MapChooser] g_hCheckTimer not INVALID_HANDLE in Timer_DelayStart! Why not? Check logs!
L 04/11/2020 - 15:08:41: Log file closed.
L 04/11/2020 - 15:09:40: SourceMod log file session started (file "/home/steam/csgo-ds/csgo/addons/sourcemod/logs/L20200411.log") (Version "1.10.0.6478")
L 04/11/2020 - 15:09:40: [GEOIP] GeoIP database info: GEO-106FREE 20180327 Build 1 Copyright (c) 2018 MaxMind Inc All Rights Reserved
L 04/11/2020 - 15:09:43: [mapchooser.smx] [MapChooser] Map Cycle Path: mapcycle.txt
L 04/11/2020 - 15:09:43: [rockthevote.smx] [RTV] Map Cycle Path: mapcycle.txt
L 04/11/2020 - 15:09:55: -------- Mapchange to jb_summer_jail_v3 --------
L 04/11/2020 - 15:09:57: [mapchooser.smx] [MapChooser] Map Cycle Path: mapcycle.txt
L 04/11/2020 - 15:09:57: [rockthevote.smx] [RTV] Map Cycle Path: mapcycle.txt
L 04/11/2020 - 15:09:57: [chat-processor.smx] Message formats generated for game 'csgo'.
L 04/11/2020 - 15:09:57: [chat-processor.smx] Successfully hooked a SayText2 chat hook.
L 04/11/2020 - 15:09:59: [mapchooser.smx] [MapChooser] g_hCheckTimer not INVALID_HANDLE in Timer_DelayStart! Why not? Check logs!
L 04/11/2020 - 15:11:28: Log file closed.
L 04/11/2020 - 15:12:14: SourceMod log file session started (file "/home/steam/csgo-ds/csgo/addons/sourcemod/logs/L20200411.log") (Version "1.10.0.6478")
L 04/11/2020 - 15:12:14: [GEOIP] GeoIP database info: GEO-106FREE 20180327 Build 1 Copyright (c) 2018 MaxMind Inc All Rights Reserved
L 04/11/2020 - 15:12:16: [mapchooser.smx] [MapChooser] Map Cycle Path: mapcycle.txt
L 04/11/2020 - 15:12:16: [rockthevote.smx] [RTV] Map Cycle Path: mapcycle.txt
L 04/11/2020 - 15:12:30: -------- Mapchange to jb_summer_jail_v3 --------
L 04/11/2020 - 15:12:32: [mapchooser.smx] [MapChooser] Map Cycle Path: mapcycle.txt
L 04/11/2020 - 15:12:32: [rockthevote.smx] [RTV] Map Cycle Path: mapcycle.txt
L 04/11/2020 - 15:12:32: [chat-processor.smx] Message formats generated for game 'csgo'.
L 04/11/2020 - 15:12:32: [chat-processor.smx] Successfully hooked a SayText2 chat hook.
L 04/11/2020 - 15:12:35: [mapchooser.smx] [MapChooser] g_hCheckTimer not INVALID_HANDLE in Timer_DelayStart! Why not? Check logs!
L 04/11/2020 - 15:14:00: Log file closed.
L 04/11/2020 - 15:16:48: SourceMod log file session started (file "/home/steam/csgo-ds/csgo/addons/sourcemod/logs/L20200411.log") (Version "1.10.0.6478")
L 04/11/2020 - 15:16:48: [GEOIP] GeoIP database info: GEO-106FREE 20180327 Build 1 Copyright (c) 2018 MaxMind Inc All Rights Reserved
L 04/11/2020 - 15:16:51: [mapchooser.smx] [MapChooser] Map Cycle Path: mapcycle.txt
L 04/11/2020 - 15:16:51: [rockthevote.smx] [RTV] Map Cycle Path: mapcycle.txt
L 04/11/2020 - 15:16:59: -------- Mapchange to jb_summer_jail_v3 --------
L 04/11/2020 - 15:17:01: [mapchooser.smx] [MapChooser] Map Cycle Path: mapcycle.txt
L 04/11/2020 - 15:17:01: [rockthevote.smx] [RTV] Map Cycle Path: mapcycle.txt
L 04/11/2020 - 15:17:01: [chat-processor.smx] Message formats generated for game 'csgo'.
L 04/11/2020 - 15:17:01: [chat-processor.smx] Successfully hooked a SayText2 chat hook.
L 04/11/2020 - 15:17:03: [mapchooser.smx] [MapChooser] g_hCheckTimer not INVALID_HANDLE in Timer_DelayStart! Why not? Check logs!
L 04/11/2020 - 15:17:28: [admin_stealth.smx] Androméďa has toggled stealth mode.
L 04/11/2020 - 15:17:34: [admin_stealth.smx] Androméďa has toggled stealth mode.
L 04/11/2020 - 15:18:14: [admin_stealth.smx] Androméďa has toggled stealth mode.
L 04/11/2020 - 15:18:16: [admin_stealth.smx] Androméďa has toggled stealth mode.
L 04/11/2020 - 15:19:26: Log file closed.
L 04/11/2020 - 15:21:10: SourceMod log file session started (file "/home/steam/csgo-ds/csgo/addons/sourcemod/logs/L20200411.log") (Version "1.10.0.6478")
L 04/11/2020 - 15:21:10: [GEOIP] GeoIP database info: GEO-106FREE 20180327 Build 1 Copyright (c) 2018 MaxMind Inc All Rights Reserved
L 04/11/2020 - 15:21:13: [mapchooser.smx] [MapChooser] Map Cycle Path: mapcycle.txt
L 04/11/2020 - 15:21:13: [rockthevote.smx] [RTV] Map Cycle Path: mapcycle.txt
L 04/11/2020 - 15:21:25: -------- Mapchange to jb_summer_jail_v3 --------
L 04/11/2020 - 15:21:27: [mapchooser.smx] [MapChooser] Map Cycle Path: mapcycle.txt
L 04/11/2020 - 15:21:27: [rockthevote.smx] [RTV] Map Cycle Path: mapcycle.txt
L 04/11/2020 - 15:21:27: [chat-processor.smx] Message formats generated for game 'csgo'.
L 04/11/2020 - 15:21:27: [chat-processor.smx] Successfully hooked a SayText2 chat hook.
L 04/11/2020 - 15:21:29: [mapchooser.smx] [MapChooser] g_hCheckTimer not INVALID_HANDLE in Timer_DelayStart! Why not? Check logs!
L 04/11/2020 - 15:21:44: [admin_stealth.smx] Androméďa has toggled stealth mode.
L 04/11/2020 - 15:21:56: [admin_stealth.smx] Androméďa has toggled stealth mode.
L 04/11/2020 - 15:22:00: [admin_stealth.smx] Androméďa has toggled stealth mode.
L 04/11/2020 - 15:22:08: [admin_stealth.smx] Androméďa has toggled stealth mode.
L 04/11/2020 - 15:32:31: Log file closed.
L 04/11/2020 - 15:33:19: SourceMod log file session started (file "/home/steam/csgo-ds/csgo/addons/sourcemod/logs/L20200411.log") (Version "1.10.0.6478")
L 04/11/2020 - 15:33:19: [GEOIP] GeoIP database info: GEO-106FREE 20180327 Build 1 Copyright (c) 2018 MaxMind Inc All Rights Reserved
L 04/11/2020 - 15:33:22: [mapchooser.smx] [MapChooser] Map Cycle Path: mapcycle.txt
L 04/11/2020 - 15:33:22: [rockthevote.smx] [RTV] Map Cycle Path: mapcycle.txt
L 04/11/2020 - 15:33:32: -------- Mapchange to jb_summer_jail_v3 --------
L 04/11/2020 - 15:33:35: [mapchooser.smx] [MapChooser] Map Cycle Path: mapcycle.txt
L 04/11/2020 - 15:33:35: [rockthevote.smx] [RTV] Map Cycle Path: mapcycle.txt
L 04/11/2020 - 15:33:55: [chat-processor.smx] Message formats generated for game 'csgo'.
L 04/11/2020 - 15:33:55: [chat-processor.smx] Successfully hooked a SayText2 chat hook.
L 04/11/2020 - 15:33:57: [mapchooser.smx] [MapChooser] g_hCheckTimer not INVALID_HANDLE in Timer_DelayStart! Why not? Check logs!
L 04/11/2020 - 15:34:03: -------- Mapchange to jb_summer_jail_v3 --------
L 04/11/2020 - 15:34:05: [mapchooser.smx] [MapChooser] Map Cycle Path: mapcycle.txt
L 04/11/2020 - 15:34:05: [rockthevote.smx] [RTV] Map Cycle Path: mapcycle.txt
L 04/11/2020 - 15:34:05: [chat-processor.smx] Message formats generated for game 'csgo'.
L 04/11/2020 - 15:34:05: [chat-processor.smx] Successfully hooked a SayText2 chat hook.
L 04/11/2020 - 15:34:51: [admin_stealth.smx] Androméďa has toggled stealth mode.
L 04/11/2020 - 15:34:53: [admin_stealth.smx] Androméďa has toggled stealth mode.
L 04/11/2020 - 15:37:56: Log file closed.
L 04/11/2020 - 16:10:38: SourceMod log file session started (file "/home/steam/csgo-ds/csgo/addons/sourcemod/logs/L20200411.log") (Version "1.10.0.6478")
L 04/11/2020 - 16:10:38: [GEOIP] GeoIP database info: GEO-106FREE 20180327 Build 1 Copyright (c) 2018 MaxMind Inc All Rights Reserved
L 04/11/2020 - 16:10:40: [mapchooser.smx] [MapChooser] Map Cycle Path: mapcycle.txt
L 04/11/2020 - 16:10:40: [rockthevote.smx] [RTV] Map Cycle Path: mapcycle.txt
L 04/11/2020 - 16:10:48: -------- Mapchange to jb_summer_jail_v3 --------
L 04/11/2020 - 16:10:50: [mapchooser.smx] [MapChooser] Map Cycle Path: mapcycle.txt
L 04/11/2020 - 16:10:50: [rockthevote.smx] [RTV] Map Cycle Path: mapcycle.txt
L 04/11/2020 - 16:10:50: [chat-processor.smx] Message formats generated for game 'csgo'.
L 04/11/2020 - 16:10:50: [chat-processor.smx] Successfully hooked a SayText2 chat hook.
L 04/11/2020 - 16:10:52: [mapchooser.smx] [MapChooser] g_hCheckTimer not INVALID_HANDLE in Timer_DelayStart! Why not? Check logs!
L 04/11/2020 - 16:11:05: [admin_stealth.smx] Androméďa has toggled stealth mode.
L 04/11/2020 - 16:11:07: [admin_stealth.smx] Androméďa has toggled stealth mode.
L 04/11/2020 - 16:17:41: Log file closed.
L 04/11/2020 - 16:26:11: SourceMod log file session started (file "/home/steam/csgo-ds/csgo/addons/sourcemod/logs/L20200411.log") (Version "1.10.0.6478")
L 04/11/2020 - 16:26:11: [GEOIP] GeoIP database info: GEO-106FREE 20180327 Build 1 Copyright (c) 2018 MaxMind Inc All Rights Reserved
L 04/11/2020 - 16:26:13: [mapchooser.smx] [MapChooser] Map Cycle Path: mapcycle.txt
L 04/11/2020 - 16:26:13: [rockthevote.smx] [RTV] Map Cycle Path: mapcycle.txt
L 04/11/2020 - 16:26:24: -------- Mapchange to jb_summer_jail_v3 --------
L 04/11/2020 - 16:26:27: [mapchooser.smx] [MapChooser] Map Cycle Path: mapcycle.txt
L 04/11/2020 - 16:26:27: [rockthevote.smx] [RTV] Map Cycle Path: mapcycle.txt
L 04/11/2020 - 16:26:27: [chat-processor.smx] Message formats generated for game 'csgo'.
L 04/11/2020 - 16:26:27: [chat-processor.smx] Successfully hooked a SayText2 chat hook.
L 04/11/2020 - 16:26:29: [mapchooser.smx] [MapChooser] g_hCheckTimer not INVALID_HANDLE in Timer_DelayStart! Why not? Check logs!
L 04/11/2020 - 16:27:49: Log file closed.
L 04/11/2020 - 16:28:05: SourceMod log file session started (file "/home/steam/csgo-ds/csgo/addons/sourcemod/logs/L20200411.log") (Version "1.10.0.6478")
L 04/11/2020 - 16:28:05: [GEOIP] GeoIP database info: GEO-106FREE 20180327 Build 1 Copyright (c) 2018 MaxMind Inc All Rights Reserved
L 04/11/2020 - 16:28:07: [mapchooser.smx] [MapChooser] Map Cycle Path: mapcycle.txt
L 04/11/2020 - 16:28:07: [rockthevote.smx] [RTV] Map Cycle Path: mapcycle.txt
L 04/11/2020 - 16:28:20: Log file closed.
L 04/11/2020 - 16:28:38: SourceMod log file session started (file "/home/steam/csgo-ds/csgo/addons/sourcemod/logs/L20200411.log") (Version "1.10.0.6478")
L 04/11/2020 - 16:28:38: [GEOIP] GeoIP database info: GEO-106FREE 20180327 Build 1 Copyright (c) 2018 MaxMind Inc All Rights Reserved
L 04/11/2020 - 16:28:41: [mapchooser.smx] [MapChooser] Map Cycle Path: mapcycle.txt
L 04/11/2020 - 16:28:41: [rockthevote.smx] [RTV] Map Cycle Path: mapcycle.txt
L 04/11/2020 - 16:35:35: -------- Mapchange to jb_summer_jail_v3 --------
L 04/11/2020 - 16:35:37: [mapchooser.smx] [MapChooser] Map Cycle Path: mapcycle.txt
L 04/11/2020 - 16:35:37: [rockthevote.smx] [RTV] Map Cycle Path: mapcycle.txt
L 04/11/2020 - 16:35:37: [chat-processor.smx] Message formats generated for game 'csgo'.
L 04/11/2020 - 16:35:37: [chat-processor.smx] Successfully hooked a SayText2 chat hook.
L 04/11/2020 - 16:35:40: [mapchooser.smx] [MapChooser] g_hCheckTimer not INVALID_HANDLE in Timer_DelayStart! Why not? Check logs!
L 04/11/2020 - 16:41:22: Log file closed.
L 04/11/2020 - 16:41:37: SourceMod log file session started (file "/home/steam/csgo-ds/csgo/addons/sourcemod/logs/L20200411.log") (Version "1.10.0.6478")
L 04/11/2020 - 16:41:37: [GEOIP] GeoIP database info: GEO-106FREE 20180327 Build 1 Copyright (c) 2018 MaxMind Inc All Rights Reserved
L 04/11/2020 - 16:41:39: [mapchooser.smx] [MapChooser] Map Cycle Path: mapcycle.txt
L 04/11/2020 - 16:41:39: [rockthevote.smx] [RTV] Map Cycle Path: mapcycle.txt
L 04/11/2020 - 16:42:00: -------- Mapchange to jb_summer_jail_v3 --------
L 04/11/2020 - 16:42:02: [mapchooser.smx] [MapChooser] Map Cycle Path: mapcycle.txt
L 04/11/2020 - 16:42:02: [rockthevote.smx] [RTV] Map Cycle Path: mapcycle.txt
L 04/11/2020 - 16:42:02: [chat-processor.smx] Message formats generated for game 'csgo'.
L 04/11/2020 - 16:42:02: [chat-processor.smx] Successfully hooked a SayText2 chat hook.
L 04/11/2020 - 16:42:04: [mapchooser.smx] [MapChooser] g_hCheckTimer not INVALID_HANDLE in Timer_DelayStart! Why not? Check logs!
L 04/11/2020 - 16:42:34: [admin_stealth.smx] Androméďa has toggled stealth mode.
L 04/11/2020 - 16:42:42: [admin_stealth.smx] Androméďa has toggled stealth mode.
L 04/11/2020 - 16:51:34: [admin_stealth.smx] Androméďa has toggled stealth mode.
L 04/11/2020 - 16:51:50: [admin_stealth.smx] Androméďa has toggled stealth mode.
L 04/11/2020 - 16:52:43: Log file closed.
L 04/11/2020 - 16:52:59: SourceMod log file session started (file "/home/steam/csgo-ds/csgo/addons/sourcemod/logs/L20200411.log") (Version "1.10.0.6478")
L 04/11/2020 - 16:52:59: [GEOIP] GeoIP database info: GEO-106FREE 20180327 Build 1 Copyright (c) 2018 MaxMind Inc All Rights Reserved
L 04/11/2020 - 16:53:01: [mapchooser.smx] [MapChooser] Map Cycle Path: mapcycle.txt
L 04/11/2020 - 16:53:01: [rockthevote.smx] [RTV] Map Cycle Path: mapcycle.txt
L 04/11/2020 - 16:53:13: -------- Mapchange to jb_summer_jail_v3 --------
L 04/11/2020 - 16:53:16: [mapchooser.smx] [MapChooser] Map Cycle Path: mapcycle.txt
L 04/11/2020 - 16:53:16: [rockthevote.smx] [RTV] Map Cycle Path: mapcycle.txt
L 04/11/2020 - 16:53:16: [chat-processor.smx] Message formats generated for game 'csgo'.
L 04/11/2020 - 16:53:16: [chat-processor.smx] Successfully hooked a SayText2 chat hook.
L 04/11/2020 - 16:53:18: [mapchooser.smx] [MapChooser] g_hCheckTimer not INVALID_HANDLE in Timer_DelayStart! Why not? Check logs!
L 04/11/2020 - 16:53:45: [admin_stealth.smx] Androméďa has toggled stealth mode.
L 04/11/2020 - 16:53:47: [admin_stealth.smx] Androméďa has toggled stealth mode.
L 04/11/2020 - 16:57:13: Log file closed.
L 04/11/2020 - 16:57:29: SourceMod log file session started (file "/home/steam/csgo-ds/csgo/addons/sourcemod/logs/L20200411.log") (Version "1.10.0.6478")
L 04/11/2020 - 16:57:29: [GEOIP] GeoIP database info: GEO-106FREE 20180327 Build 1 Copyright (c) 2018 MaxMind Inc All Rights Reserved
L 04/11/2020 - 16:57:32: [mapchooser.smx] [MapChooser] Map Cycle Path: mapcycle.txt
L 04/11/2020 - 16:57:32: [rockthevote.smx] [RTV] Map Cycle Path: mapcycle.txt
L 04/11/2020 - 16:57:53: Log file closed.
L 04/11/2020 - 16:58:08: SourceMod log file session started (file "/home/steam/csgo-ds/csgo/addons/sourcemod/logs/L20200411.log") (Version "1.10.0.6478")
L 04/11/2020 - 16:58:08: [GEOIP] GeoIP database info: GEO-106FREE 20180327 Build 1 Copyright (c) 2018 MaxMind Inc All Rights Reserved
L 04/11/2020 - 16:58:11: [mapchooser.smx] [MapChooser] Map Cycle Path: mapcycle.txt
L 04/11/2020 - 16:58:11: [rockthevote.smx] [RTV] Map Cycle Path: mapcycle.txt
L 04/11/2020 - 16:59:02: -------- Mapchange to jb_summer_jail_v3 --------
L 04/11/2020 - 16:59:05: [mapchooser.smx] [MapChooser] Map Cycle Path: mapcycle.txt
L 04/11/2020 - 16:59:05: [rockthevote.smx] [RTV] Map Cycle Path: mapcycle.txt
L 04/11/2020 - 16:59:05: [chat-processor.smx] Message formats generated for game 'csgo'.
L 04/11/2020 - 16:59:05: [chat-processor.smx] Successfully hooked a SayText2 chat hook.
L 04/11/2020 - 16:59:07: [mapchooser.smx] [MapChooser] g_hCheckTimer not INVALID_HANDLE in Timer_DelayStart! Why not? Check logs!
L 04/11/2020 - 16:59:18: [admin_stealth.smx] Androméďa has toggled stealth mode.
L 04/11/2020 - 16:59:20: [admin_stealth.smx] Androméďa has toggled stealth mode.
L 04/11/2020 - 17:00:54: [admin_stealth.smx] Androméďa has toggled stealth mode.
L 04/11/2020 - 17:00:57: [admin_stealth.smx] Androméďa has toggled stealth mode.
L 04/11/2020 - 17:02:02: Log file closed.
L 04/11/2020 - 17:02:17: SourceMod log file session started (file "/home/steam/csgo-ds/csgo/addons/sourcemod/logs/L20200411.log") (Version "1.10.0.6478")
L 04/11/2020 - 17:02:17: [GEOIP] GeoIP database info: GEO-106FREE 20180327 Build 1 Copyright (c) 2018 MaxMind Inc All Rights Reserved
L 04/11/2020 - 17:02:20: [mapchooser.smx] [MapChooser] Map Cycle Path: mapcycle.txt
L 04/11/2020 - 17:02:20: [rockthevote.smx] [RTV] Map Cycle Path: mapcycle.txt
L 04/11/2020 - 17:03:25: -------- Mapchange to jb_summer_jail_v3 --------
L 04/11/2020 - 17:03:28: [mapchooser.smx] [MapChooser] Map Cycle Path: mapcycle.txt
L 04/11/2020 - 17:03:28: [rockthevote.smx] [RTV] Map Cycle Path: mapcycle.txt
L 04/11/2020 - 17:03:28: [chat-processor.smx] Message formats generated for game 'csgo'.
L 04/11/2020 - 17:03:28: [chat-processor.smx] Successfully hooked a SayText2 chat hook.
L 04/11/2020 - 17:03:30: [mapchooser.smx] [MapChooser] g_hCheckTimer not INVALID_HANDLE in Timer_DelayStart! Why not? Check logs!
L 04/11/2020 - 17:04:46: Log file closed.
L 04/11/2020 - 17:05:01: SourceMod log file session started (file "/home/steam/csgo-ds/csgo/addons/sourcemod/logs/L20200411.log") (Version "1.10.0.6478")
L 04/11/2020 - 17:05:01: [GEOIP] GeoIP database info: GEO-106FREE 20180327 Build 1 Copyright (c) 2018 MaxMind Inc All Rights Reserved
L 04/11/2020 - 17:05:04: [mapchooser.smx] [MapChooser] Map Cycle Path: mapcycle.txt
L 04/11/2020 - 17:05:04: [rockthevote.smx] [RTV] Map Cycle Path: mapcycle.txt
L 04/11/2020 - 17:05:11: Log file closed.
L 04/11/2020 - 17:05:25: SourceMod log file session started (file "/home/steam/csgo-ds/csgo/addons/sourcemod/logs/L20200411.log") (Version "1.10.0.6478")
L 04/11/2020 - 17:05:25: [GEOIP] GeoIP database info: GEO-106FREE 20180327 Build 1 Copyright (c) 2018 MaxMind Inc All Rights Reserved
L 04/11/2020 - 17:05:28: [mapchooser.smx] [MapChooser] Map Cycle Path: mapcycle.txt
L 04/11/2020 - 17:05:28: [rockthevote.smx] [RTV] Map Cycle Path: mapcycle.txt
L 04/11/2020 - 17:06:29: -------- Mapchange to jb_summer_jail_v3 --------
L 04/11/2020 - 17:06:31: [mapchooser.smx] [MapChooser] Map Cycle Path: mapcycle.txt
L 04/11/2020 - 17:06:31: [rockthevote.smx] [RTV] Map Cycle Path: mapcycle.txt
L 04/11/2020 - 17:06:51: [chat-processor.smx] Message formats generated for game 'csgo'.
L 04/11/2020 - 17:06:51: [chat-processor.smx] Successfully hooked a SayText2 chat hook.
L 04/11/2020 - 17:06:53: [mapchooser.smx] [MapChooser] g_hCheckTimer not INVALID_HANDLE in Timer_DelayStart! Why not? Check logs!
L 04/11/2020 - 17:07:08: Log file closed.
L 04/11/2020 - 17:07:23: SourceMod log file session started (file "/home/steam/csgo-ds/csgo/addons/sourcemod/logs/L20200411.log") (Version "1.10.0.6478")
L 04/11/2020 - 17:07:23: [GEOIP] GeoIP database info: GEO-106FREE 20180327 Build 1 Copyright (c) 2018 MaxMind Inc All Rights Reserved
L 04/11/2020 - 17:07:25: [mapchooser.smx] [MapChooser] Map Cycle Path: mapcycle.txt
L 04/11/2020 - 17:07:25: [rockthevote.smx] [RTV] Map Cycle Path: mapcycle.txt
L 04/11/2020 - 17:07:59: -------- Mapchange to jb_summer_jail_v3 --------
L 04/11/2020 - 17:08:02: [mapchooser.smx] [MapChooser] Map Cycle Path: mapcycle.txt
L 04/11/2020 - 17:08:02: [rockthevote.smx] [RTV] Map Cycle Path: mapcycle.txt
L 04/11/2020 - 17:08:02: [chat-processor.smx] Message formats generated for game 'csgo'.
L 04/11/2020 - 17:08:02: [chat-processor.smx] Successfully hooked a SayText2 chat hook.
L 04/11/2020 - 17:08:04: [mapchooser.smx] [MapChooser] g_hCheckTimer not INVALID_HANDLE in Timer_DelayStart! Why not? Check logs!
L 04/11/2020 - 17:11:01: Log file closed.
L 04/11/2020 - 17:38:00: SourceMod log file session started (file "/home/steam/csgo-ds/csgo/addons/sourcemod/logs/L20200411.log") (Version "1.10.0.6478")
L 04/11/2020 - 17:38:00: [GEOIP] GeoIP database info: GEO-106FREE 20180327 Build 1 Copyright (c) 2018 MaxMind Inc All Rights Reserved
L 04/11/2020 - 17:38:03: [mapchooser.smx] [MapChooser] Map Cycle Path: mapcycle.txt
L 04/11/2020 - 17:38:03: [rockthevote.smx] [RTV] Map Cycle Path: mapcycle.txt
L 04/11/2020 - 17:51:17: -------- Mapchange to jb_summer_jail_v3 --------
L 04/11/2020 - 17:51:19: [mapchooser.smx] [MapChooser] Map Cycle Path: mapcycle.txt
L 04/11/2020 - 17:51:19: [rockthevote.smx] [RTV] Map Cycle Path: mapcycle.txt
L 04/11/2020 - 17:51:19: [chat-processor.smx] Message formats generated for game 'csgo'.
L 04/11/2020 - 17:51:19: [chat-processor.smx] Successfully hooked a SayText2 chat hook.
L 04/11/2020 - 17:51:21: [mapchooser.smx] [MapChooser] g_hCheckTimer not INVALID_HANDLE in Timer_DelayStart! Why not? Check logs!
L 04/11/2020 - 18:11:29: [funcommands.smx] "MilkA<3><STEAM_1:0:242076907><>" toggled noclip on "MilkA<3><STEAM_1:0:242076907><>"
L 04/11/2020 - 18:12:19: [rockthevote.smx] [RTV] Rockthevote was successfully started.
L 04/11/2020 - 19:04:05: Log file closed.
L 04/11/2020 - 19:04:20: SourceMod log file session started (file "/home/steam/csgo-ds/csgo/addons/sourcemod/logs/L20200411.log") (Version "1.10.0.6478")
L 04/11/2020 - 19:04:20: [GEOIP] GeoIP database info: GEO-106FREE 20180327 Build 1 Copyright (c) 2018 MaxMind Inc All Rights Reserved
L 04/11/2020 - 19:04:23: [mapchooser.smx] [MapChooser] Map Cycle Path: mapcycle.txt
L 04/11/2020 - 19:04:23: [rockthevote.smx] [RTV] Map Cycle Path: mapcycle.txt
L 04/11/2020 - 19:04:52: -------- Mapchange to jb_summer_jail_v3 --------
L 04/11/2020 - 19:04:54: [mapchooser.smx] [MapChooser] Map Cycle Path: mapcycle.txt
L 04/11/2020 - 19:04:54: [rockthevote.smx] [RTV] Map Cycle Path: mapcycle.txt
L 04/11/2020 - 19:04:54: [chat-processor.smx] Message formats generated for game 'csgo'.
L 04/11/2020 - 19:04:54: [chat-processor.smx] Successfully hooked a SayText2 chat hook.
L 04/11/2020 - 19:04:56: [mapchooser.smx] [MapChooser] g_hCheckTimer not INVALID_HANDLE in Timer_DelayStart! Why not? Check logs!
L 04/11/2020 - 19:10:30: Log file closed.
L 04/11/2020 - 19:10:46: SourceMod log file session started (file "/home/steam/csgo-ds/csgo/addons/sourcemod/logs/L20200411.log") (Version "1.10.0.6478")
L 04/11/2020 - 19:10:46: [GEOIP] GeoIP database info: GEO-106FREE 20180327 Build 1 Copyright (c) 2018 MaxMind Inc All Rights Reserved
L 04/11/2020 - 19:10:49: [mapchooser.smx] [MapChooser] Map Cycle Path: mapcycle.txt
L 04/11/2020 - 19:10:49: [rockthevote.smx] [RTV] Map Cycle Path: mapcycle.txt
L 04/11/2020 - 19:10:57: Log file closed.
L 04/11/2020 - 19:11:13: SourceMod log file session started (file "/home/steam/csgo-ds/csgo/addons/sourcemod/logs/L20200411.log") (Version "1.10.0.6478")
L 04/11/2020 - 19:11:13: [GEOIP] GeoIP database info: GEO-106FREE 20180327 Build 1 Copyright (c) 2018 MaxMind Inc All Rights Reserved
L 04/11/2020 - 19:11:15: [mapchooser.smx] [MapChooser] Map Cycle Path: mapcycle.txt
L 04/11/2020 - 19:11:15: [rockthevote.smx] [RTV] Map Cycle Path: mapcycle.txt
L 04/11/2020 - 19:11:25: Log file closed.
L 04/11/2020 - 19:11:41: SourceMod log file session started (file "/home/steam/csgo-ds/csgo/addons/sourcemod/logs/L20200411.log") (Version "1.10.0.6478")
L 04/11/2020 - 19:11:41: [GEOIP] GeoIP database info: GEO-106FREE 20180327 Build 1 Copyright (c) 2018 MaxMind Inc All Rights Reserved
L 04/11/2020 - 19:11:44: [mapchooser.smx] [MapChooser] Map Cycle Path: mapcycle.txt
L 04/11/2020 - 19:11:44: [rockthevote.smx] [RTV] Map Cycle Path: mapcycle.txt
L 04/11/2020 - 19:12:03: Log file closed.
L 04/11/2020 - 19:12:18: SourceMod log file session started (file "/home/steam/csgo-ds/csgo/addons/sourcemod/logs/L20200411.log") (Version "1.10.0.6478")
L 04/11/2020 - 19:12:18: [GEOIP] GeoIP database info: GEO-106FREE 20180327 Build 1 Copyright (c) 2018 MaxMind Inc All Rights Reserved
L 04/11/2020 - 19:12:20: [mapchooser.smx] [MapChooser] Map Cycle Path: mapcycle.txt
L 04/11/2020 - 19:12:20: [rockthevote.smx] [RTV] Map Cycle Path: mapcycle.txt
L 04/11/2020 - 19:12:29: -------- Mapchange to jb_summer_jail_v3 --------
L 04/11/2020 - 19:12:32: [mapchooser.smx] [MapChooser] Map Cycle Path: mapcycle.txt
L 04/11/2020 - 19:12:32: [rockthevote.smx] [RTV] Map Cycle Path: mapcycle.txt
L 04/11/2020 - 19:12:32: [chat-processor.smx] Message formats generated for game 'csgo'.
L 04/11/2020 - 19:12:32: [chat-processor.smx] Successfully hooked a SayText2 chat hook.
L 04/11/2020 - 19:12:34: [mapchooser.smx] [MapChooser] g_hCheckTimer not INVALID_HANDLE in Timer_DelayStart! Why not? Check logs!
L 04/11/2020 - 19:46:08: [rockthevote.smx] [RTV] Rockthevote was successfully started.
L 04/11/2020 - 19:46:48: -------- Mapchange to jb_summer_jail_v3 --------
L 04/11/2020 - 19:46:51: [mapchooser.smx] [MapChooser] Map Cycle Path: mapcycle.txt
L 04/11/2020 - 19:46:51: [rockthevote.smx] [RTV] Map Cycle Path: mapcycle.txt
L 04/11/2020 - 19:46:51: [chat-processor.smx] Message formats generated for game 'csgo'.
L 04/11/2020 - 19:46:51: [chat-processor.smx] Successfully hooked a SayText2 chat hook.
L 04/11/2020 - 19:58:42: Log file closed.
L 04/11/2020 - 19:58:57: SourceMod log file session started (file "/home/steam/csgo-ds/csgo/addons/sourcemod/logs/L20200411.log") (Version "1.10.0.6478")
L 04/11/2020 - 19:58:57: [GEOIP] GeoIP database info: GEO-106FREE 20180327 Build 1 Copyright (c) 2018 MaxMind Inc All Rights Reserved
L 04/11/2020 - 19:58:59: [mapchooser.smx] [MapChooser] Map Cycle Path: mapcycle.txt
L 04/11/2020 - 19:58:59: [rockthevote.smx] [RTV] Map Cycle Path: mapcycle.txt
L 04/11/2020 - 19:59:03: -------- Mapchange to jb_summer_jail_v3 --------
L 04/11/2020 - 19:59:06: [mapchooser.smx] [MapChooser] Map Cycle Path: mapcycle.txt
L 04/11/2020 - 19:59:06: [rockthevote.smx] [RTV] Map Cycle Path: mapcycle.txt
L 04/11/2020 - 19:59:06: [chat-processor.smx] Message formats generated for game 'csgo'.
L 04/11/2020 - 19:59:06: [chat-processor.smx] Successfully hooked a SayText2 chat hook.
L 04/11/2020 - 19:59:08: [mapchooser.smx] [MapChooser] g_hCheckTimer not INVALID_HANDLE in Timer_DelayStart! Why not? Check logs!
L 04/11/2020 - 20:38:31: [movecommands.smx] "♛-zofík-♛<8><STEAM_1:1:540573246><>" was moved to T by "LaGayBomba<9><STEAM_1:1:527843285><>"
L 04/11/2020 - 20:38:52: [sm_hosties.smx] "LaGayBomba<9><STEAM_1:1:527843285><>" respawned "♛-zofík-♛<8><STEAM_1:1:540573246><>"
L 04/11/2020 - 20:54:46: Log file closed.
L 04/11/2020 - 20:55:01: SourceMod log file session started (file "/home/steam/csgo-ds/csgo/addons/sourcemod/logs/L20200411.log") (Version "1.10.0.6478")
L 04/11/2020 - 20:55:01: [GEOIP] GeoIP database info: GEO-106FREE 20180327 Build 1 Copyright (c) 2018 MaxMind Inc All Rights Reserved
L 04/11/2020 - 20:55:04: [mapchooser.smx] [MapChooser] Map Cycle Path: mapcycle.txt
L 04/11/2020 - 20:55:04: [rockthevote.smx] [RTV] Map Cycle Path: mapcycle.txt
L 04/11/2020 - 20:55:54: -------- Mapchange to jb_summer_jail_v3 --------
L 04/11/2020 - 20:55:56: [mapchooser.smx] [MapChooser] Map Cycle Path: mapcycle.txt
L 04/11/2020 - 20:55:56: [rockthevote.smx] [RTV] Map Cycle Path: mapcycle.txt
L 04/11/2020 - 20:55:57: [chat-processor.smx] Message formats generated for game 'csgo'.
L 04/11/2020 - 20:55:57: [chat-processor.smx] Successfully hooked a SayText2 chat hook.
L 04/11/2020 - 20:55:59: [mapchooser.smx] [MapChooser] g_hCheckTimer not INVALID_HANDLE in Timer_DelayStart! Why not? Check logs!
L 04/11/2020 - 21:01:24: [sm_hosties.smx] "MilkA<7><STEAM_1:0:242076907><>" respawned "Androméďa<4><STEAM_1:0:93774482><>"
L 04/11/2020 - 21:01:24: [sm_hosties.smx] "MilkA<7><STEAM_1:0:242076907><>" respawned "BRuH<6><STEAM_1:1:533014846><>"
L 04/11/2020 - 21:01:25: [sm_hosties.smx] "MilkA<7><STEAM_1:0:242076907><>" respawned "MilkA<7><STEAM_1:0:242076907><>"
L 04/11/2020 - 21:01:48: [playercommands.smx] "MilkA<7><STEAM_1:0:242076907><>" slayed "P Λ П D Λ✌<2><STEAM_1:0:101119016><>"
L 04/11/2020 - 21:01:48: [playercommands.smx] "MilkA<7><STEAM_1:0:242076907><>" slayed "Androméďa<4><STEAM_1:0:93774482><>"
L 04/11/2020 - 21:01:48: [playercommands.smx] "MilkA<7><STEAM_1:0:242076907><>" slayed "BRuH<6><STEAM_1:1:533014846><>"
L 04/11/2020 - 21:01:48: [playercommands.smx] "MilkA<7><STEAM_1:0:242076907><>" slayed "MilkA<7><STEAM_1:0:242076907><>"
L 04/11/2020 - 21:20:08: -------- Mapchange to jb_obama_v5_beta --------
L 04/11/2020 - 21:20:11: [mapchooser.smx] [MapChooser] Map Cycle Path: mapcycle.txt
L 04/11/2020 - 21:20:11: [rockthevote.smx] [RTV] Map Cycle Path: mapcycle.txt
L 04/11/2020 - 21:20:11: [chat-processor.smx] Message formats generated for game 'csgo'.
L 04/11/2020 - 21:20:11: [chat-processor.smx] Successfully hooked a SayText2 chat hook.
L 04/11/2020 - 21:23:48: [sm_hosties.smx] "LaGayBomba<16><STEAM_1:1:527843285><>" respawned "LaGayBomba<16><STEAM_1:1:527843285><>"
L 04/11/2020 - 21:24:00: [admin_stealth.smx] LaGayBomba has toggled stealth mode.
L 04/11/2020 - 21:24:08: [admin_stealth.smx] LaGayBomba has toggled stealth mode.
L 04/11/2020 - 21:25:37: [funcommands.smx] "MilkA<7><STEAM_1:0:242076907><>" drugged "|☭|Joshep|☭|<15><STEAM_1:1:507685702><>"
L 04/11/2020 - 21:26:13: [playercommands.smx] "LaGayBomba<16><STEAM_1:1:527843285><>" slayed "BRuH<6><STEAM_1:1:533014846><>"
L 04/11/2020 - 21:26:17: [basecommands.smx] "MilkA<7><STEAM_1:0:242076907><>" kicked "BRuH<6><STEAM_1:1:533014846><>" (reason "")
L 04/11/2020 - 21:28:46: [movecommands.smx] "Bezimienny-key-drop.pl<20><STEAM_1:0:535684121><>" was moved to T by "Blade<22><STEAM_1:1:454998401><>"
L 04/11/2020 - 21:30:10: [movecommands.smx] "P Λ П D Λ✌<2><STEAM_1:0:101119016><>" was moved to T by "MilkA<7><STEAM_1:0:242076907><>"
L 04/11/2020 - 21:31:23: [funcommands.smx] "LaGayBomba<16><STEAM_1:1:527843285><>" toggled noclip on "LaGayBomba<16><STEAM_1:1:527843285><>"
L 04/11/2020 - 21:31:27: [funcommands.smx] "LaGayBomba<16><STEAM_1:1:527843285><>" toggled noclip on "LaGayBomba<16><STEAM_1:1:527843285><>"
L 04/11/2020 - 21:40:19: [playercommands.smx] "MilkA<7><STEAM_1:0:242076907><>" slayed "BRuH<23><STEAM_1:1:533014846><>"
L 04/11/2020 - 21:54:47: [movecommands.smx] "LaGayBomba<16><STEAM_1:1:527843285><>" was moved to CT by "LaGayBomba<16><STEAM_1:1:527843285><>"
L 04/11/2020 - 22:05:04: [movecommands.smx] "P Λ П D Λ✌<2><STEAM_1:0:101119016><>" was moved to T by "LaGayBomba<16><STEAM_1:1:527843285><>"
L 04/11/2020 - 22:05:45: [sm_hosties.smx] "LaGayBomba<16><STEAM_1:1:527843285><>" respawned "P Λ П D Λ✌<2><STEAM_1:0:101119016><>"
L 04/11/2020 - 22:13:19: [movecommands.smx] "Smoweday<28><STEAM_1:0:505070462><>" was moved to T by "MilkA<7><STEAM_1:0:242076907><>"
L 04/11/2020 - 22:16:07: [playercommands.smx] "MilkA<7><STEAM_1:0:242076907><>" slayed "LaGayBomba<16><STEAM_1:1:527843285><>"
L 04/11/2020 - 22:16:28: Log file closed.
L 04/11/2020 - 22:16:42: SourceMod log file session started (file "/home/steam/csgo-ds/csgo/addons/sourcemod/logs/L20200411.log") (Version "1.10.0.6478")
L 04/11/2020 - 22:16:42: [GEOIP] GeoIP database info: GEO-106FREE 20180327 Build 1 Copyright (c) 2018 MaxMind Inc All Rights Reserved
L 04/11/2020 - 22:16:45: [mapchooser.smx] [MapChooser] Map Cycle Path: mapcycle.txt
L 04/11/2020 - 22:16:45: [rockthevote.smx] [RTV] Map Cycle Path: mapcycle.txt
L 04/11/2020 - 22:16:50: -------- Mapchange to jb_summer_jail_v3 --------
L 04/11/2020 - 22:16:53: [mapchooser.smx] [MapChooser] Map Cycle Path: mapcycle.txt
L 04/11/2020 - 22:16:53: [rockthevote.smx] [RTV] Map Cycle Path: mapcycle.txt
L 04/11/2020 - 22:16:53: [chat-processor.smx] Message formats generated for game 'csgo'.
L 04/11/2020 - 22:16:53: [chat-processor.smx] Successfully hooked a SayText2 chat hook.
L 04/11/2020 - 22:16:55: [mapchooser.smx] [MapChooser] g_hCheckTimer not INVALID_HANDLE in Timer_DelayStart! Why not? Check logs!
L 04/11/2020 - 22:17:48: -------- Mapchange to jb_summer_jail_v3 --------
L 04/11/2020 - 22:17:50: [mapchooser.smx] [MapChooser] Map Cycle Path: mapcycle.txt
L 04/11/2020 - 22:17:50: [rockthevote.smx] [RTV] Map Cycle Path: mapcycle.txt
L 04/11/2020 - 22:17:50: [chat-processor.smx] Message formats generated for game 'csgo'.
L 04/11/2020 - 22:17:50: [chat-processor.smx] Successfully hooked a SayText2 chat hook.
L 04/11/2020 - 22:20:41: [movecommands.smx] "RuslanStasyuk<7><STEAM_1:1:538098416><>" was moved to T by "Blade<11><STEAM_1:1:454998401><>"
L 04/11/2020 - 22:21:04: [movecommands.smx] "Lightlord<4><STEAM_1:1:108577430><>" was moved to CT by "Smoweday<6><STEAM_1:0:505070462><>"
L 04/11/2020 - 22:29:38: [movecommands.smx] "Blade<11><STEAM_1:1:454998401><>" was moved to CT by "Blade<11><STEAM_1:1:454998401><>"
L 04/11/2020 - 22:33:40: [sm_hosties.smx] "Blade<11><STEAM_1:1:454998401><>" respawned "Blade<11><STEAM_1:1:454998401><>"
L 04/11/2020 - 22:34:29: [movecommands.smx] "MilkA<21><STEAM_1:0:242076907><>" was moved to T by "MilkA<21><STEAM_1:0:242076907><>"
L 04/11/2020 - 22:34:36: [sm_hosties.smx] "MilkA<21><STEAM_1:0:242076907><>" respawned "MilkA<21><STEAM_1:0:242076907><>"
L 04/11/2020 - 22:35:20: Log file closed.
L 04/11/2020 - 22:47:55: SourceMod log file session started (file "/home/steam/csgo-ds/csgo/addons/sourcemod/logs/L20200411.log") (Version "1.10.0.6478")
L 04/11/2020 - 22:47:55: [GEOIP] GeoIP database info: GEO-106FREE 20180327 Build 1 Copyright (c) 2018 MaxMind Inc All Rights Reserved
L 04/11/2020 - 22:47:58: [mapchooser.smx] [MapChooser] Map Cycle Path: mapcycle.txt
L 04/11/2020 - 22:47:58: [rockthevote.smx] [RTV] Map Cycle Path: mapcycle.txt
L 04/11/2020 - 22:48:03: -------- Mapchange to jb_summer_jail_v3 --------
L 04/11/2020 - 22:48:06: [mapchooser.smx] [MapChooser] Map Cycle Path: mapcycle.txt
L 04/11/2020 - 22:48:06: [rockthevote.smx] [RTV] Map Cycle Path: mapcycle.txt
L 04/11/2020 - 22:48:06: [chat-processor.smx] Message formats generated for game 'csgo'.
L 04/11/2020 - 22:48:06: [chat-processor.smx] Successfully hooked a SayText2 chat hook.
L 04/11/2020 - 22:48:08: [mapchooser.smx] [MapChooser] g_hCheckTimer not INVALID_HANDLE in Timer_DelayStart! Why not? Check logs!
L 04/11/2020 - 22:53:10: [SM] Changed map to "de_dust"
L 04/11/2020 - 22:53:16: -------- Mapchange to de_dust2 --------
L 04/11/2020 - 22:53:19: [mapchooser.smx] [MapChooser] Map Cycle Path: mapcycle.txt
L 04/11/2020 - 22:53:19: [rockthevote.smx] [RTV] Map Cycle Path: mapcycle.txt
L 04/11/2020 - 22:53:19: [chat-processor.smx] Message formats generated for game 'csgo'.
L 04/11/2020 - 22:53:19: [chat-processor.smx] Successfully hooked a SayText2 chat hook.
L 04/11/2020 - 22:58:28: [sm_hosties.smx] "Smoweday<7><STEAM_1:0:505070462><>" respawned "Smoweday<7><STEAM_1:0:505070462><>"
L 04/11/2020 - 22:58:34: [funcommands.smx] "Smoweday<7><STEAM_1:0:505070462><>" toggled noclip on "Smoweday<7><STEAM_1:0:505070462><>"
L 04/11/2020 - 22:58:36: [funcommands.smx] "Smoweday<7><STEAM_1:0:505070462><>" toggled noclip on "Smoweday<7><STEAM_1:0:505070462><>"
L 04/11/2020 - 22:59:26: Log file closed.
L 04/11/2020 - 23:01:11: SourceMod log file session started (file "/home/steam/csgo-ds/csgo/addons/sourcemod/logs/L20200411.log") (Version "1.10.0.6478")
L 04/11/2020 - 23:01:11: [GEOIP] GeoIP database info: GEO-106FREE 20180327 Build 1 Copyright (c) 2018 MaxMind Inc All Rights Reserved
L 04/11/2020 - 23:01:14: [mapchooser.smx] [MapChooser] Map Cycle Path: mapcycle.txt
L 04/11/2020 - 23:01:14: [rockthevote.smx] [RTV] Map Cycle Path: mapcycle.txt
L 04/11/2020 - 23:02:33: -------- Mapchange to jb_summer_jail_v3 --------
L 04/11/2020 - 23:02:36: [mapchooser.smx] [MapChooser] Map Cycle Path: mapcycle.txt
L 04/11/2020 - 23:02:36: [rockthevote.smx] [RTV] Map Cycle Path: mapcycle.txt
L 04/11/2020 - 23:02:56: [chat-processor.smx] Message formats generated for game 'csgo'.
L 04/11/2020 - 23:02:56: [chat-processor.smx] Successfully hooked a SayText2 chat hook.
L 04/11/2020 - 23:02:57: [mapchooser.smx] [MapChooser] g_hCheckTimer not INVALID_HANDLE in Timer_DelayStart! Why not? Check logs!
L 04/11/2020 - 23:13:06: [playercommands.smx] "Smoweday<2><STEAM_1:0:505070462><>" slayed "MilkA<3><STEAM_1:0:242076907><>"
L 04/11/2020 - 23:14:52: [movecommands.smx] "MilkA<3><STEAM_1:0:242076907><>" was moved to CT by "MilkA<3><STEAM_1:0:242076907><>"
L 04/11/2020 - 23:14:57: [sm_hosties.smx] "MilkA<3><STEAM_1:0:242076907><>" respawned "MilkA<3><STEAM_1:0:242076907><>"
L 04/11/2020 - 23:18:34: [movecommands.smx] "Smoweday<2><STEAM_1:0:505070462><>" was moved to T by "Smoweday<2><STEAM_1:0:505070462><>"
L 04/11/2020 - 23:18:34: [movecommands.smx] "MilkA<3><STEAM_1:0:242076907><>" was moved to T by "Smoweday<2><STEAM_1:0:505070462><>"
L 04/11/2020 - 23:18:36: [sm_hosties.smx] "Smoweday<2><STEAM_1:0:505070462><>" respawned "Smoweday<2><STEAM_1:0:505070462><>"
L 04/11/2020 - 23:19:38: [sm_hosties.smx] "Smoweday<2><STEAM_1:0:505070462><>" respawned "MilkA<3><STEAM_1:0:242076907><>"
L 04/11/2020 - 23:19:54: [sm_hosties.smx] "Smoweday<2><STEAM_1:0:505070462><>" respawned "MilkA<3><STEAM_1:0:242076907><>"
L 04/11/2020 - 23:20:19: [sm_hosties.smx] "Smoweday<2><STEAM_1:0:505070462><>" respawned "MilkA<3><STEAM_1:0:242076907><>"
L 04/11/2020 - 23:20:32: [sm_hosties.smx] "Smoweday<2><STEAM_1:0:505070462><>" respawned "MilkA<3><STEAM_1:0:242076907><>"
L 04/11/2020 - 23:20:41: [sm_hosties.smx] "Smoweday<2><STEAM_1:0:505070462><>" respawned "MilkA<3><STEAM_1:0:242076907><>"
L 04/11/2020 - 23:21:01: [sm_hosties.smx] "Smoweday<2><STEAM_1:0:505070462><>" respawned "Smoweday<2><STEAM_1:0:505070462><>"
L 04/11/2020 - 23:21:10: [sm_hosties.smx] "Smoweday<2><STEAM_1:0:505070462><>" respawned "Smoweday<2><STEAM_1:0:505070462><>"
L 04/11/2020 - 23:21:35: [sm_hosties.smx] "MilkA<3><STEAM_1:0:242076907><>" respawned "MilkA<3><STEAM_1:0:242076907><>"
L 04/11/2020 - 23:21:48: [sm_hosties.smx] "Smoweday<2><STEAM_1:0:505070462><>" respawned "MilkA<3><STEAM_1:0:242076907><>"
L 04/11/2020 - 23:21:58: [sm_hosties.smx] "Smoweday<2><STEAM_1:0:505070462><>" respawned "Smoweday<2><STEAM_1:0:505070462><>"
L 04/11/2020 - 23:23:31: [movecommands.smx] "Smoweday<2><STEAM_1:0:505070462><>" was moved to CT by "Smoweday<2><STEAM_1:0:505070462><>"
L 04/11/2020 - 23:23:31: [movecommands.smx] "MilkA<3><STEAM_1:0:242076907><>" was moved to CT by "Smoweday<2><STEAM_1:0:505070462><>"
L 04/11/2020 - 23:23:31: [movecommands.smx] "Androméďa<4><STEAM_1:0:93774482><>" was moved to CT by "Smoweday<2><STEAM_1:0:505070462><>"
L 04/11/2020 - 23:23:31: [movecommands.smx] "Blade<5><STEAM_1:1:454998401><>" was moved to CT by "Smoweday<2><STEAM_1:0:505070462><>"
L 04/11/2020 - 23:23:44: [sm_hosties.smx] "Smoweday<2><STEAM_1:0:505070462><>" respawned "Smoweday<2><STEAM_1:0:505070462><>"
L 04/11/2020 - 23:23:45: [sm_hosties.smx] "Smoweday<2><STEAM_1:0:505070462><>" respawned "MilkA<3><STEAM_1:0:242076907><>"
L 04/11/2020 - 23:24:10: [sm_hosties.smx] "Blade<5><STEAM_1:1:454998401><>" respawned "Blade<5><STEAM_1:1:454998401><>"
L 04/11/2020 - 23:24:25: [sm_hosties.smx] "MilkA<3><STEAM_1:0:242076907><>" respawned "MilkA<3><STEAM_1:0:242076907><>"
L 04/11/2020 - 23:24:36: [sm_hosties.smx] "MilkA<3><STEAM_1:0:242076907><>" respawned "MilkA<3><STEAM_1:0:242076907><>"
L 04/11/2020 - 23:24:47: [sm_hosties.smx] "Blade<5><STEAM_1:1:454998401><>" respawned "Blade<5><STEAM_1:1:454998401><>"
L 04/11/2020 - 23:25:07: [sm_hosties.smx] "MilkA<3><STEAM_1:0:242076907><>" respawned "MilkA<3><STEAM_1:0:242076907><>"
L 04/11/2020 - 23:25:13: [sm_hosties.smx] "Smoweday<2><STEAM_1:0:505070462><>" respawned "Smoweday<2><STEAM_1:0:505070462><>"
L 04/11/2020 - 23:25:13: [sm_hosties.smx] "Smoweday<2><STEAM_1:0:505070462><>" respawned "Blade<5><STEAM_1:1:454998401><>"
L 04/11/2020 - 23:25:28: [sm_hosties.smx] "MilkA<3><STEAM_1:0:242076907><>" respawned "MilkA<3><STEAM_1:0:242076907><>"
L 04/11/2020 - 23:25:43: [sm_hosties.smx] "Blade<5><STEAM_1:1:454998401><>" respawned "Blade<5><STEAM_1:1:454998401><>"
L 04/11/2020 - 23:25:58: [sm_hosties.smx] "Smoweday<2><STEAM_1:0:505070462><>" respawned "Smoweday<2><STEAM_1:0:505070462><>"
L 04/11/2020 - 23:26:07: [sm_hosties.smx] "Smoweday<2><STEAM_1:0:505070462><>" respawned "Blade<5><STEAM_1:1:454998401><>"
L 04/11/2020 - 23:26:13: [sm_hosties.smx] "Smoweday<2><STEAM_1:0:505070462><>" slayed "MilkA<3><STEAM_1:0:242076907><>"
L 04/11/2020 - 23:26:13: [sm_hosties.smx] "Smoweday<2><STEAM_1:0:505070462><>" slayed "Androméďa<4><STEAM_1:0:93774482><>"
L 04/11/2020 - 23:26:14: [sm_hosties.smx] "Smoweday<2><STEAM_1:0:505070462><>" slayed "Blade<5><STEAM_1:1:454998401><>"
L 04/11/2020 - 23:26:36: [sm_hosties.smx] "Smoweday<2><STEAM_1:0:505070462><>" respawned "Smoweday<2><STEAM_1:0:505070462><>"
L 04/11/2020 - 23:26:51: [funcommands.smx] "Blade<5><STEAM_1:1:454998401><>" toggled noclip on "Blade<5><STEAM_1:1:454998401><>"
L 04/11/2020 - 23:26:54: [funcommands.smx] "Blade<5><STEAM_1:1:454998401><>" toggled noclip on "Blade<5><STEAM_1:1:454998401><>"
L 04/11/2020 - 23:26:54: [funcommands.smx] "Blade<5><STEAM_1:1:454998401><>" toggled noclip on "Blade<5><STEAM_1:1:454998401><>"
L 04/11/2020 - 23:27:26: [funcommands.smx] "Blade<5><STEAM_1:1:454998401><>" toggled noclip on "Blade<5><STEAM_1:1:454998401><>"
L 04/11/2020 - 23:27:29: [funcommands.smx] "Blade<5><STEAM_1:1:454998401><>" toggled noclip on "Blade<5><STEAM_1:1:454998401><>"
L 04/11/2020 - 23:27:41: [movecommands.smx] "Smoweday<2><STEAM_1:0:505070462><>" was moved to T by "Smoweday<2><STEAM_1:0:505070462><>"
L 04/11/2020 - 23:27:41: [movecommands.smx] "MilkA<3><STEAM_1:0:242076907><>" was moved to CT by "Smoweday<2><STEAM_1:0:505070462><>"
L 04/11/2020 - 23:27:41: [movecommands.smx] "Androméďa<4><STEAM_1:0:93774482><>" was moved to CT by "Smoweday<2><STEAM_1:0:505070462><>"
L 04/11/2020 - 23:27:41: [movecommands.smx] "Blade<5><STEAM_1:1:454998401><>" was moved to CT by "Smoweday<2><STEAM_1:0:505070462><>"
L 04/11/2020 - 23:27:50: [basecommands.smx] "MilkA<3><STEAM_1:0:242076907><>" changed map to "mario"
L 04/11/2020 - 23:27:53: [SM] Changed map to "mario"
L 04/11/2020 - 23:27:55: -------- Mapchange to jb_marioworld_rsc --------
L 04/11/2020 - 23:27:57: [mapchooser.smx] [MapChooser] Map Cycle Path: mapcycle.txt
L 04/11/2020 - 23:27:57: [rockthevote.smx] [RTV] Map Cycle Path: mapcycle.txt
L 04/11/2020 - 23:27:57: [chat-processor.smx] Message formats generated for game 'csgo'.
L 04/11/2020 - 23:27:57: [chat-processor.smx] Successfully hooked a SayText2 chat hook.
L 04/11/2020 - 23:29:28: [sm_hosties.smx] "Smoweday<2><STEAM_1:0:505070462><>" respawned "Androméďa<4><STEAM_1:0:93774482><>"
L 04/11/2020 - 23:29:47: [funcommands.smx] "Blade<5><STEAM_1:1:454998401><>" toggled noclip on "Blade<5><STEAM_1:1:454998401><>"
L 04/11/2020 - 23:29:50: [funcommands.smx] "Blade<5><STEAM_1:1:454998401><>" toggled noclip on "Blade<5><STEAM_1:1:454998401><>"
L 04/11/2020 - 23:29:51: [funcommands.smx] "Blade<5><STEAM_1:1:454998401><>" toggled noclip on "Blade<5><STEAM_1:1:454998401><>"
L 04/11/2020 - 23:29:52: [funcommands.smx] "Blade<5><STEAM_1:1:454998401><>" toggled noclip on "Blade<5><STEAM_1:1:454998401><>"
L 04/11/2020 - 23:30:08: [funcommands.smx] "MilkA<3><STEAM_1:0:242076907><>" toggled noclip on "MilkA<3><STEAM_1:0:242076907><>"
L 04/11/2020 - 23:30:24: [funcommands.smx] "MilkA<3><STEAM_1:0:242076907><>" toggled noclip on "MilkA<3><STEAM_1:0:242076907><>"
L 04/11/2020 - 23:31:18: [funcommands.smx] "Blade<5><STEAM_1:1:454998401><>" toggled noclip on "Blade<5><STEAM_1:1:454998401><>"
L 04/11/2020 - 23:31:20: [funcommands.smx] "Blade<5><STEAM_1:1:454998401><>" toggled noclip on "Blade<5><STEAM_1:1:454998401><>"
L 04/11/2020 - 23:31:21: [funcommands.smx] "Blade<5><STEAM_1:1:454998401><>" toggled noclip on "Blade<5><STEAM_1:1:454998401><>"
L 04/11/2020 - 23:31:25: [funcommands.smx] "Blade<5><STEAM_1:1:454998401><>" toggled noclip on "Blade<5><STEAM_1:1:454998401><>"
L 04/11/2020 - 23:31:59: [sm_hosties.smx] "Smoweday<2><STEAM_1:0:505070462><>" respawned "Smoweday<2><STEAM_1:0:505070462><>"
L 04/11/2020 - 23:32:04: [playercommands.smx] "Blade<5><STEAM_1:1:454998401><>" slayed "Smoweday<2><STEAM_1:0:505070462><>"
L 04/11/2020 - 23:32:06: [sm_hosties.smx] "Smoweday<2><STEAM_1:0:505070462><>" respawned "Smoweday<2><STEAM_1:0:505070462><>"
L 04/11/2020 - 23:32:12: [sm_hosties.smx] "Smoweday<2><STEAM_1:0:505070462><>" respawned "Smoweday<2><STEAM_1:0:505070462><>"
L 04/11/2020 - 23:32:18: [sm_hosties.smx] "Smoweday<2><STEAM_1:0:505070462><>" respawned "Smoweday<2><STEAM_1:0:505070462><>"
L 04/11/2020 - 23:32:22: [sm_hosties.smx] "MilkA<3><STEAM_1:0:242076907><>" respawned "MilkA<3><STEAM_1:0:242076907><>"
L 04/11/2020 - 23:32:22: [sm_hosties.smx] "MilkA<3><STEAM_1:0:242076907><>" respawned "Androméďa<4><STEAM_1:0:93774482><>"
L 04/11/2020 - 23:32:22: [sm_hosties.smx] "MilkA<3><STEAM_1:0:242076907><>" respawned "Smoweday<2><STEAM_1:0:505070462><>"
L 04/11/2020 - 23:32:28: [sm_hosties.smx] "Smoweday<2><STEAM_1:0:505070462><>" respawned "Smoweday<2><STEAM_1:0:505070462><>"
L 04/11/2020 - 23:32:29: [sm_hosties.smx] "Smoweday<2><STEAM_1:0:505070462><>" respawned "MilkA<3><STEAM_1:0:242076907><>"
L 04/11/2020 - 23:32:29: [sm_hosties.smx] "Smoweday<2><STEAM_1:0:505070462><>" respawned "Blade<5><STEAM_1:1:454998401><>"
L 04/11/2020 - 23:32:33: [sm_hosties.smx] "Smoweday<2><STEAM_1:0:505070462><>" respawned "Smoweday<2><STEAM_1:0:505070462><>"
L 04/11/2020 - 23:32:33: [sm_hosties.smx] "Smoweday<2><STEAM_1:0:505070462><>" respawned "MilkA<3><STEAM_1:0:242076907><>"
L 04/11/2020 - 23:32:34: [sm_hosties.smx] "Smoweday<2><STEAM_1:0:505070462><>" respawned "Blade<5><STEAM_1:1:454998401><>"
L 04/11/2020 - 23:32:37: [funcommands.smx] "Blade<5><STEAM_1:1:454998401><>" toggled noclip on "Blade<5><STEAM_1:1:454998401><>"
L 04/11/2020 - 23:32:39: [sm_hosties.smx] "Smoweday<2><STEAM_1:0:505070462><>" respawned "Smoweday<2><STEAM_1:0:505070462><>"
L 04/11/2020 - 23:32:46: [sm_hosties.smx] "Smoweday<2><STEAM_1:0:505070462><>" respawned "Smoweday<2><STEAM_1:0:505070462><>"
L 04/11/2020 - 23:32:52: [sm_hosties.smx] "Smoweday<2><STEAM_1:0:505070462><>" respawned "Smoweday<2><STEAM_1:0:505070462><>"
L 04/11/2020 - 23:32:54: [funcommands.smx] "Smoweday<2><STEAM_1:0:505070462><>" toggled noclip on "Smoweday<2><STEAM_1:0:505070462><>"
L 04/11/2020 - 23:33:01: [funcommands.smx] "Blade<5><STEAM_1:1:454998401><>" toggled noclip on "Blade<5><STEAM_1:1:454998401><>"
L 04/11/2020 - 23:33:45: [funcommands.smx] "Blade<5><STEAM_1:1:454998401><>" toggled noclip on "Blade<5><STEAM_1:1:454998401><>"
L 04/11/2020 - 23:33:47: [funcommands.smx] "Blade<5><STEAM_1:1:454998401><>" toggled noclip on "Blade<5><STEAM_1:1:454998401><>"
L 04/11/2020 - 23:33:48: [funcommands.smx] "Blade<5><STEAM_1:1:454998401><>" toggled noclip on "Blade<5><STEAM_1:1:454998401><>"
L 04/11/2020 - 23:34:06: [funcommands.smx] "MilkA<3><STEAM_1:0:242076907><>" toggled noclip on "MilkA<3><STEAM_1:0:242076907><>"
L 04/11/2020 - 23:34:11: [funcommands.smx] "Blade<5><STEAM_1:1:454998401><>" toggled noclip on "Blade<5><STEAM_1:1:454998401><>"
L 04/11/2020 - 23:34:24: [funcommands.smx] "MilkA<3><STEAM_1:0:242076907><>" toggled noclip on "MilkA<3><STEAM_1:0:242076907><>"
L 04/11/2020 - 23:34:35: [funcommands.smx] "MilkA<3><STEAM_1:0:242076907><>" toggled noclip on "MilkA<3><STEAM_1:0:242076907><>"
L 04/11/2020 - 23:34:40: [playercommands.smx] "Smoweday<2><STEAM_1:0:505070462><>" slayed "Blade<5><STEAM_1:1:454998401><>"
L 04/11/2020 - 23:34:48: [movecommands.smx] "Smoweday<2><STEAM_1:0:505070462><>" was moved to T by "Smoweday<2><STEAM_1:0:505070462><>"
L 04/11/2020 - 23:34:48: [movecommands.smx] "MilkA<3><STEAM_1:0:242076907><>" was moved to T by "Smoweday<2><STEAM_1:0:505070462><>"
L 04/11/2020 - 23:34:48: [movecommands.smx] "Androméďa<4><STEAM_1:0:93774482><>" was moved to CT by "Smoweday<2><STEAM_1:0:505070462><>"
L 04/11/2020 - 23:34:48: [movecommands.smx] "Blade<5><STEAM_1:1:454998401><>" was moved to CT by "Smoweday<2><STEAM_1:0:505070462><>"
L 04/11/2020 - 23:34:53: [funcommands.smx] "Blade<5><STEAM_1:1:454998401><>" toggled noclip on "Blade<5><STEAM_1:1:454998401><>"
L 04/11/2020 - 23:34:56: [funcommands.smx] "MilkA<3><STEAM_1:0:242076907><>" toggled noclip on "MilkA<3><STEAM_1:0:242076907><>"
L 04/11/2020 - 23:34:57: [funcommands.smx] "Blade<5><STEAM_1:1:454998401><>" toggled noclip on "Blade<5><STEAM_1:1:454998401><>"
L 04/11/2020 - 23:34:58: [funcommands.smx] "Blade<5><STEAM_1:1:454998401><>" toggled noclip on "Blade<5><STEAM_1:1:454998401><>"
L 04/11/2020 - 23:35:05: [funcommands.smx] "Smoweday<2><STEAM_1:0:505070462><>" toggled noclip on "Smoweday<2><STEAM_1:0:505070462><>"
L 04/11/2020 - 23:35:09: [funcommands.smx] "Smoweday<2><STEAM_1:0:505070462><>" toggled noclip on "Smoweday<2><STEAM_1:0:505070462><>"
L 04/11/2020 - 23:35:15: [funcommands.smx] "Blade<5><STEAM_1:1:454998401><>" toggled noclip on "Blade<5><STEAM_1:1:454998401><>"
L 04/11/2020 - 23:35:24: [funcommands.smx] "Blade<5><STEAM_1:1:454998401><>" toggled noclip on "Blade<5><STEAM_1:1:454998401><>"
L 04/11/2020 - 23:35:53: [sm_hosties.smx] "Smoweday<2><STEAM_1:0:505070462><>" respawned "Smoweday<2><STEAM_1:0:505070462><>"
L 04/11/2020 - 23:35:54: [sm_hosties.smx] "Blade<5><STEAM_1:1:454998401><>" respawned "Blade<5><STEAM_1:1:454998401><>"
L 04/11/2020 - 23:35:57: [funcommands.smx] "Blade<5><STEAM_1:1:454998401><>" toggled noclip on "Blade<5><STEAM_1:1:454998401><>"
L 04/11/2020 - 23:36:00: [funcommands.smx] "Blade<5><STEAM_1:1:454998401><>" toggled noclip on "Blade<5><STEAM_1:1:454998401><>"
L 04/11/2020 - 23:36:02: [sm_hosties.smx] "Smoweday<2><STEAM_1:0:505070462><>" respawned "Smoweday<2><STEAM_1:0:505070462><>"
L 04/11/2020 - 23:36:06: [sm_hosties.smx] "Blade<5><STEAM_1:1:454998401><>" respawned "Blade<5><STEAM_1:1:454998401><>"
L 04/11/2020 - 23:36:14: [sm_hosties.smx] "Blade<5><STEAM_1:1:454998401><>" respawned "Blade<5><STEAM_1:1:454998401><>"
L 04/11/2020 - 23:36:18: [funcommands.smx] "Blade<5><STEAM_1:1:454998401><>" toggled noclip on "Blade<5><STEAM_1:1:454998401><>"
L 04/11/2020 - 23:36:23: [funcommands.smx] "Blade<5><STEAM_1:1:454998401><>" toggled noclip on "Blade<5><STEAM_1:1:454998401><>"
L 04/11/2020 - 23:36:28: [sm_hosties.smx] "MilkA<3><STEAM_1:0:242076907><>" respawned "MilkA<3><STEAM_1:0:242076907><>"
L 04/11/2020 - 23:36:38: [sm_hosties.smx] "MilkA<3><STEAM_1:0:242076907><>" respawned "MilkA<3><STEAM_1:0:242076907><>"
L 04/11/2020 - 23:36:43: [funcommands.smx] "MilkA<3><STEAM_1:0:242076907><>" toggled noclip on "MilkA<3><STEAM_1:0:242076907><>"
L 04/11/2020 - 23:36:50: [funcommands.smx] "MilkA<3><STEAM_1:0:242076907><>" toggled noclip on "MilkA<3><STEAM_1:0:242076907><>"
L 04/11/2020 - 23:37:08: [funcommands.smx] "Blade<5><STEAM_1:1:454998401><>" toggled noclip on "Blade<5><STEAM_1:1:454998401><>"
L 04/11/2020 - 23:37:48: [funcommands.smx] "Blade<5><STEAM_1:1:454998401><>" toggled noclip on "Blade<5><STEAM_1:1:454998401><>"
L 04/11/2020 - 23:38:07: [sm_hosties.smx] "MilkA<3><STEAM_1:0:242076907><>" respawned "MilkA<3><STEAM_1:0:242076907><>"
L 04/11/2020 - 23:38:10: [sm_hosties.smx] "Smoweday<2><STEAM_1:0:505070462><>" respawned "Smoweday<2><STEAM_1:0:505070462><>"
L 04/11/2020 - 23:38:17: [sm_hosties.smx] "MilkA<3><STEAM_1:0:242076907><>" respawned "MilkA<3><STEAM_1:0:242076907><>"
L 04/11/2020 - 23:38:23: [sm_hosties.smx] "Smoweday<2><STEAM_1:0:505070462><>" respawned "Smoweday<2><STEAM_1:0:505070462><>"
L 04/11/2020 - 23:38:27: [funcommands.smx] "Blade<5><STEAM_1:1:454998401><>" toggled noclip on "Blade<5><STEAM_1:1:454998401><>"
L 04/11/2020 - 23:38:35: [sm_hosties.smx] "MilkA<3><STEAM_1:0:242076907><>" respawned "Smoweday<2><STEAM_1:0:505070462><>"
L 04/11/2020 - 23:38:35: [sm_hosties.smx] "MilkA<3><STEAM_1:0:242076907><>" respawned "MilkA<3><STEAM_1:0:242076907><>"
L 04/11/2020 - 23:38:35: [sm_hosties.smx] "MilkA<3><STEAM_1:0:242076907><>" respawned "Blade<5><STEAM_1:1:454998401><>"
L 04/11/2020 - 23:38:44: [sm_hosties.smx] "MilkA<3><STEAM_1:0:242076907><>" respawned "MilkA<3><STEAM_1:0:242076907><>"
L 04/11/2020 - 23:39:19: [sm_hosties.smx] "Blade<5><STEAM_1:1:454998401><>" respawned "Blade<5><STEAM_1:1:454998401><>"
L 04/11/2020 - 23:39:21: [sm_hosties.smx] "Smoweday<2><STEAM_1:0:505070462><>" respawned "Smoweday<2><STEAM_1:0:505070462><>"
L 04/11/2020 - 23:39:37: [sm_hosties.smx] "Blade<5><STEAM_1:1:454998401><>" respawned "Blade<5><STEAM_1:1:454998401><>"
L 04/11/2020 - 23:40:05: [funcommands.smx] "Blade<5><STEAM_1:1:454998401><>" toggled noclip on "Blade<5><STEAM_1:1:454998401><>"
L 04/11/2020 - 23:40:06: [funcommands.smx] "Blade<5><STEAM_1:1:454998401><>" toggled noclip on "Blade<5><STEAM_1:1:454998401><>"
L 04/11/2020 - 23:40:07: [funcommands.smx] "Blade<5><STEAM_1:1:454998401><>" toggled noclip on "Blade<5><STEAM_1:1:454998401><>"
L 04/11/2020 - 23:40:15: [funcommands.smx] "Blade<5><STEAM_1:1:454998401><>" toggled noclip on "Blade<5><STEAM_1:1:454998401><>"
L 04/11/2020 - 23:40:34: [sm_hosties.smx] "Smoweday<2><STEAM_1:0:505070462><>" respawned "Smoweday<2><STEAM_1:0:505070462><>"
L 04/11/2020 - 23:41:35: [sm_hosties.smx] "MilkA<3><STEAM_1:0:242076907><>" respawned "MilkA<3><STEAM_1:0:242076907><>"
L 04/11/2020 - 23:41:36: [funcommands.smx] "Blade<5><STEAM_1:1:454998401><>" toggled noclip on "Blade<5><STEAM_1:1:454998401><>"
L 04/11/2020 - 23:41:40: [sm_hosties.smx] "Blade<5><STEAM_1:1:454998401><>" respawned "Blade<5><STEAM_1:1:454998401><>"
L 04/11/2020 - 23:41:43: [funcommands.smx] "Blade<5><STEAM_1:1:454998401><>" toggled noclip on "Blade<5><STEAM_1:1:454998401><>"
L 04/11/2020 - 23:41:46: [funcommands.smx] "Blade<5><STEAM_1:1:454998401><>" toggled noclip on "Blade<5><STEAM_1:1:454998401><>"
L 04/11/2020 - 23:41:49: [sm_hosties.smx] "MilkA<3><STEAM_1:0:242076907><>" respawned "MilkA<3><STEAM_1:0:242076907><>"
L 04/11/2020 - 23:41:55: [sm_hosties.smx] "MilkA<3><STEAM_1:0:242076907><>" respawned "MilkA<3><STEAM_1:0:242076907><>"
L 04/11/2020 - 23:42:02: [funcommands.smx] "Blade<5><STEAM_1:1:454998401><>" toggled noclip on "Blade<5><STEAM_1:1:454998401><>"
L 04/11/2020 - 23:42:59: [funcommands.smx] "Blade<5><STEAM_1:1:454998401><>" toggled noclip on "Blade<5><STEAM_1:1:454998401><>"
L 04/11/2020 - 23:43:12: [funcommands.smx] "Blade<5><STEAM_1:1:454998401><>" toggled noclip on "Blade<5><STEAM_1:1:454998401><>"
L 04/11/2020 - 23:43:13: [funcommands.smx] "Blade<5><STEAM_1:1:454998401><>" toggled noclip on "Blade<5><STEAM_1:1:454998401><>"
L 04/11/2020 - 23:43:15: [funcommands.smx] "Blade<5><STEAM_1:1:454998401><>" toggled noclip on "Blade<5><STEAM_1:1:454998401><>"
L 04/11/2020 - 23:43:17: [funcommands.smx] "Blade<5><STEAM_1:1:454998401><>" toggled noclip on "Blade<5><STEAM_1:1:454998401><>"
L 04/11/2020 - 23:43:23: [funcommands.smx] "Blade<5><STEAM_1:1:454998401><>" toggled noclip on "Blade<5><STEAM_1:1:454998401><>"
L 04/11/2020 - 23:43:23: [funcommands.smx] "Blade<5><STEAM_1:1:454998401><>" toggled noclip on "Blade<5><STEAM_1:1:454998401><>"
L 04/11/2020 - 23:43:24: [funcommands.smx] "Blade<5><STEAM_1:1:454998401><>" toggled noclip on "Blade<5><STEAM_1:1:454998401><>"
L 04/11/2020 - 23:43:25: [funcommands.smx] "Blade<5><STEAM_1:1:454998401><>" toggled noclip on "Blade<5><STEAM_1:1:454998401><>"
L 04/11/2020 - 23:43:26: [funcommands.smx] "Blade<5><STEAM_1:1:454998401><>" toggled noclip on "Blade<5><STEAM_1:1:454998401><>"
L 04/11/2020 - 23:43:29: [funcommands.smx] "Blade<5><STEAM_1:1:454998401><>" toggled noclip on "Blade<5><STEAM_1:1:454998401><>"
L 04/11/2020 - 23:43:33: [funcommands.smx] "Blade<5><STEAM_1:1:454998401><>" toggled noclip on "Blade<5><STEAM_1:1:454998401><>"
L 04/11/2020 - 23:44:05: [sm_hosties.smx] "Smoweday<2><STEAM_1:0:505070462><>" respawned "Smoweday<2><STEAM_1:0:505070462><>"
L 04/11/2020 - 23:44:11: [sm_hosties.smx] "Blade<5><STEAM_1:1:454998401><>" respawned "Blade<5><STEAM_1:1:454998401><>"
L 04/11/2020 - 23:45:35: [basecommands.smx] "Smoweday<2><STEAM_1:0:505070462><>" kicked "MilkA<3><STEAM_1:0:242076907><>" (reason "retardovanej dement")
L 04/11/2020 - 23:47:32: [funcommands.smx] "Blade<5><STEAM_1:1:454998401><>" toggled noclip on "Blade<5><STEAM_1:1:454998401><>"
L 04/11/2020 - 23:47:34: [funcommands.smx] "Blade<5><STEAM_1:1:454998401><>" toggled noclip on "Blade<5><STEAM_1:1:454998401><>"
L 04/11/2020 - 23:47:35: [funcommands.smx] "Blade<5><STEAM_1:1:454998401><>" toggled noclip on "Blade<5><STEAM_1:1:454998401><>"
L 04/11/2020 - 23:48:06: [funcommands.smx] "Blade<5><STEAM_1:1:454998401><>" toggled noclip on "Blade<5><STEAM_1:1:454998401><>"
L 04/11/2020 - 23:48:22: [funcommands.smx] "Blade<5><STEAM_1:1:454998401><>" toggled noclip on "Blade<5><STEAM_1:1:454998401><>"
L 04/11/2020 - 23:48:23: [funcommands.smx] "Blade<5><STEAM_1:1:454998401><>" toggled noclip on "Blade<5><STEAM_1:1:454998401><>"
L 04/11/2020 - 23:48:24: [funcommands.smx] "Blade<5><STEAM_1:1:454998401><>" toggled noclip on "Blade<5><STEAM_1:1:454998401><>"
L 04/11/2020 - 23:48:26: [funcommands.smx] "Blade<5><STEAM_1:1:454998401><>" toggled noclip on "Blade<5><STEAM_1:1:454998401><>"
L 04/11/2020 - 23:48:31: [funcommands.smx] "Blade<5><STEAM_1:1:454998401><>" toggled noclip on "Blade<5><STEAM_1:1:454998401><>"
L 04/11/2020 - 23:48:32: [funcommands.smx] "Blade<5><STEAM_1:1:454998401><>" toggled noclip on "Blade<5><STEAM_1:1:454998401><>"
L 04/11/2020 - 23:49:26: [sm_hosties.smx] "Blade<5><STEAM_1:1:454998401><>" respawned "Blade<5><STEAM_1:1:454998401><>"
L 04/11/2020 - 23:49:34: [sm_hosties.smx] "Smoweday<2><STEAM_1:0:505070462><>" respawned "Smoweday<2><STEAM_1:0:505070462><>"
L 04/11/2020 - 23:49:37: [sm_hosties.smx] "Blade<5><STEAM_1:1:454998401><>" slayed "Smoweday<2><STEAM_1:0:505070462><>"
L 04/11/2020 - 23:49:38: [sm_hosties.smx] "MilkA<6><STEAM_1:0:242076907><>" respawned "Smoweday<2><STEAM_1:0:505070462><>"
L 04/11/2020 - 23:49:38: [sm_hosties.smx] "MilkA<6><STEAM_1:0:242076907><>" respawned "MilkA<6><STEAM_1:0:242076907><>"
L 04/11/2020 - 23:49:45: [sm_hosties.smx] "Smoweday<2><STEAM_1:0:505070462><>" respawned "Smoweday<2><STEAM_1:0:505070462><>"
L 04/11/2020 - 23:49:58: [sm_hosties.smx] "MilkA<6><STEAM_1:0:242076907><>" respawned "MilkA<6><STEAM_1:0:242076907><>"
L 04/11/2020 - 23:50:00: [sm_hosties.smx] "Smoweday<2><STEAM_1:0:505070462><>" respawned "Smoweday<2><STEAM_1:0:505070462><>"
L 04/11/2020 - 23:50:08: [sm_hosties.smx] "MilkA<6><STEAM_1:0:242076907><>" respawned "MilkA<6><STEAM_1:0:242076907><>"
L 04/11/2020 - 23:50:18: [sm_hosties.smx] "MilkA<6><STEAM_1:0:242076907><>" respawned "MilkA<6><STEAM_1:0:242076907><>"
L 04/11/2020 - 23:50:31: [funcommands.smx] "MilkA<6><STEAM_1:0:242076907><>" toggled noclip on "MilkA<6><STEAM_1:0:242076907><>"
L 04/11/2020 - 23:50:33: [funcommands.smx] "Blade<5><STEAM_1:1:454998401><>" toggled noclip on "Blade<5><STEAM_1:1:454998401><>"
L 04/11/2020 - 23:50:35: [funcommands.smx] "Blade<5><STEAM_1:1:454998401><>" toggled noclip on "Blade<5><STEAM_1:1:454998401><>"
L 04/11/2020 - 23:50:35: [funcommands.smx] "MilkA<6><STEAM_1:0:242076907><>" toggled noclip on "MilkA<6><STEAM_1:0:242076907><>"
L 04/11/2020 - 23:50:36: [sm_hosties.smx] "Smoweday<2><STEAM_1:0:505070462><>" respawned "Smoweday<2><STEAM_1:0:505070462><>"
L 04/11/2020 - 23:50:42: [sm_hosties.smx] "Blade<5><STEAM_1:1:454998401><>" respawned "Blade<5><STEAM_1:1:454998401><>"
L 04/11/2020 - 23:50:58: [funcommands.smx] "Blade<5><STEAM_1:1:454998401><>" toggled noclip on "Blade<5><STEAM_1:1:454998401><>"
L 04/11/2020 - 23:51:08: [sm_hosties.smx] "MilkA<6><STEAM_1:0:242076907><>" respawned "MilkA<6><STEAM_1:0:242076907><>"
L 04/11/2020 - 23:51:13: [sm_hosties.smx] "Smoweday<2><STEAM_1:0:505070462><>" respawned "Smoweday<2><STEAM_1:0:505070462><>"
L 04/11/2020 - 23:51:34: [sm_hosties.smx] "Blade<5><STEAM_1:1:454998401><>" respawned "Blade<5><STEAM_1:1:454998401><>"
L 04/11/2020 - 23:51:38: [sm_hosties.smx] "MilkA<6><STEAM_1:0:242076907><>" respawned "MilkA<6><STEAM_1:0:242076907><>"
L 04/11/2020 - 23:51:43: [sm_hosties.smx] "Smoweday<2><STEAM_1:0:505070462><>" respawned "Smoweday<2><STEAM_1:0:505070462><>"
L 04/11/2020 - 23:51:43: [funcommands.smx] "Androméďa<4><STEAM_1:0:93774482><>" toggled noclip on "Androméďa<4><STEAM_1:0:93774482><>"
L 04/11/2020 - 23:52:05: [funcommands.smx] "Androméďa<4><STEAM_1:0:93774482><>" toggled noclip on "Androméďa<4><STEAM_1:0:93774482><>"
L 04/11/2020 - 23:52:10: [funcommands.smx] "Androméďa<4><STEAM_1:0:93774482><>" toggled noclip on "Androméďa<4><STEAM_1:0:93774482><>"
L 04/11/2020 - 23:52:18: [funcommands.smx] "MilkA<6><STEAM_1:0:242076907><>" toggled noclip on "MilkA<6><STEAM_1:0:242076907><>"
L 04/11/2020 - 23:52:29: [sm_hosties.smx] "Blade<5><STEAM_1:1:454998401><>" respawned "Blade<5><STEAM_1:1:454998401><>"
L 04/11/2020 - 23:52:33: [funcommands.smx] "MilkA<6><STEAM_1:0:242076907><>" toggled noclip on "MilkA<6><STEAM_1:0:242076907><>"
L 04/11/2020 - 23:52:41: [sm_hosties.smx] "Androméďa<4><STEAM_1:0:93774482><>" respawned "Androméďa<4><STEAM_1:0:93774482><>"
L 04/11/2020 - 23:52:58: [sm_hosties.smx] "MilkA<6><STEAM_1:0:242076907><>" respawned "MilkA<6><STEAM_1:0:242076907><>"
L 04/11/2020 - 23:53:28: [sm_hosties.smx] "Blade<5><STEAM_1:1:454998401><>" respawned "Androméďa<4><STEAM_1:0:93774482><>"
L 04/11/2020 - 23:53:28: [sm_hosties.smx] "Blade<5><STEAM_1:1:454998401><>" respawned "Blade<5><STEAM_1:1:454998401><>"
L 04/11/2020 - 23:53:40: [sm_hosties.smx] "Smoweday<2><STEAM_1:0:505070462><>" respawned "Smoweday<2><STEAM_1:0:505070462><>"
L 04/11/2020 - 23:53:45: [sm_hosties.smx] "MilkA<6><STEAM_1:0:242076907><>" respawned "MilkA<6><STEAM_1:0:242076907><>"
L 04/11/2020 - 23:54:10: [sm_hosties.smx] "MilkA<6><STEAM_1:0:242076907><>" respawned "MilkA<6><STEAM_1:0:242076907><>"
L 04/11/2020 - 23:54:10: [sm_hosties.smx] "Blade<5><STEAM_1:1:454998401><>" respawned "Blade<5><STEAM_1:1:454998401><>"
L 04/11/2020 - 23:54:18: [sm_hosties.smx] "Androméďa<4><STEAM_1:0:93774482><>" respawned "Androméďa<4><STEAM_1:0:93774482><>"
L 04/11/2020 - 23:54:34: [sm_hosties.smx] "Blade<5><STEAM_1:1:454998401><>" respawned "Blade<5><STEAM_1:1:454998401><>"
L 04/11/2020 - 23:54:41: [sm_hosties.smx] "MilkA<6><STEAM_1:0:242076907><>" respawned "MilkA<6><STEAM_1:0:242076907><>"
L 04/11/2020 - 23:54:54: [sm_hosties.smx] "Androméďa<4><STEAM_1:0:93774482><>" respawned "Androméďa<4><STEAM_1:0:93774482><>"
L 04/11/2020 - 23:55:07: [sm_hosties.smx] "MilkA<6><STEAM_1:0:242076907><>" respawned "Smoweday<2><STEAM_1:0:505070462><>"
L 04/11/2020 - 23:55:08: [sm_hosties.smx] "MilkA<6><STEAM_1:0:242076907><>" respawned "MilkA<6><STEAM_1:0:242076907><>"
L 04/11/2020 - 23:55:18: [sm_hosties.smx] "Blade<5><STEAM_1:1:454998401><>" respawned "Blade<5><STEAM_1:1:454998401><>"
L 04/11/2020 - 23:55:48: [sm_hosties.smx] "Androméďa<4><STEAM_1:0:93774482><>" respawned "Androméďa<4><STEAM_1:0:93774482><>"
L 04/11/2020 - 23:55:53: [sm_hosties.smx] "MilkA<6><STEAM_1:0:242076907><>" respawned "MilkA<6><STEAM_1:0:242076907><>"
L 04/11/2020 - 23:55:56: [sm_hosties.smx] "Blade<5><STEAM_1:1:454998401><>" respawned "Blade<5><STEAM_1:1:454998401><>"
L 04/11/2020 - 23:56:19: [sm_hosties.smx] "Blade<5><STEAM_1:1:454998401><>" respawned "MilkA<6><STEAM_1:0:242076907><>"
L 04/11/2020 - 23:56:19: [sm_hosties.smx] "Blade<5><STEAM_1:1:454998401><>" respawned "Blade<5><STEAM_1:1:454998401><>"
L 04/11/2020 - 23:56:33: [sm_hosties.smx] "Blade<5><STEAM_1:1:454998401><>" respawned "Blade<5><STEAM_1:1:454998401><>"
L 04/11/2020 - 23:56:35: [sm_hosties.smx] "Smoweday<2><STEAM_1:0:505070462><>" respawned "Smoweday<2><STEAM_1:0:505070462><>"
L 04/11/2020 - 23:56:39: [sm_hosties.smx] "Blade<5><STEAM_1:1:454998401><>" respawned "Androméďa<4><STEAM_1:0:93774482><>"
L 04/11/2020 - 23:56:40: [sm_hosties.smx] "Blade<5><STEAM_1:1:454998401><>" respawned "Blade<5><STEAM_1:1:454998401><>"
L 04/11/2020 - 23:56:43: [sm_hosties.smx] "MilkA<6><STEAM_1:0:242076907><>" respawned "MilkA<6><STEAM_1:0:242076907><>"
L 04/11/2020 - 23:56:43: [funcommands.smx] "Blade<5><STEAM_1:1:454998401><>" toggled noclip on "Blade<5><STEAM_1:1:454998401><>"
L 04/11/2020 - 23:56:48: [funcommands.smx] "Blade<5><STEAM_1:1:454998401><>" toggled noclip on "Blade<5><STEAM_1:1:454998401><>"
L 04/11/2020 - 23:56:59: [sm_hosties.smx] "Smoweday<2><STEAM_1:0:505070462><>" respawned "Smoweday<2><STEAM_1:0:505070462><>"
L 04/11/2020 - 23:57:10: [funcommands.smx] "Blade<5><STEAM_1:1:454998401><>" toggled noclip on "Blade<5><STEAM_1:1:454998401><>"
L 04/11/2020 - 23:57:11: [funcommands.smx] "Blade<5><STEAM_1:1:454998401><>" toggled noclip on "Blade<5><STEAM_1:1:454998401><>"
L 04/11/2020 - 23:57:20: [sm_hosties.smx] "MilkA<6><STEAM_1:0:242076907><>" respawned "MilkA<6><STEAM_1:0:242076907><>"
L 04/11/2020 - 23:57:22: [sm_hosties.smx] "Smoweday<2><STEAM_1:0:505070462><>" respawned "Smoweday<2><STEAM_1:0:505070462><>"
L 04/11/2020 - 23:57:22: [sm_hosties.smx] "Smoweday<2><STEAM_1:0:505070462><>" respawned "Androméďa<4><STEAM_1:0:93774482><>"
L 04/11/2020 - 23:57:36: [sm_hosties.smx] "Smoweday<2><STEAM_1:0:505070462><>" respawned "Smoweday<2><STEAM_1:0:505070462><>"
L 04/11/2020 - 23:57:36: [sm_hosties.smx] "Smoweday<2><STEAM_1:0:505070462><>" respawned "Blade<5><STEAM_1:1:454998401><>"
L 04/11/2020 - 23:57:43: [funcommands.smx] "Androméďa<4><STEAM_1:0:93774482><>" toggled noclip on "Androméďa<4><STEAM_1:0:93774482><>"
L 04/11/2020 - 23:57:50: [funcommands.smx] "Androméďa<4><STEAM_1:0:93774482><>" toggled noclip on "Androméďa<4><STEAM_1:0:93774482><>"
L 04/11/2020 - 23:57:58: [sm_hosties.smx] "MilkA<6><STEAM_1:0:242076907><>" respawned "MilkA<6><STEAM_1:0:242076907><>"
L 04/11/2020 - 23:58:05: [sm_hosties.smx] "Androméďa<4><STEAM_1:0:93774482><>" respawned "Androméďa<4><STEAM_1:0:93774482><>"
L 04/11/2020 - 23:58:13: [sm_hosties.smx] "Smoweday<2><STEAM_1:0:505070462><>" respawned "Smoweday<2><STEAM_1:0:505070462><>"
L 04/11/2020 - 23:58:21: [sm_hosties.smx] "Smoweday<2><STEAM_1:0:505070462><>" respawned "Smoweday<2><STEAM_1:0:505070462><>"
L 04/11/2020 - 23:58:22: [sm_hosties.smx] "MilkA<6><STEAM_1:0:242076907><>" respawned "MilkA<6><STEAM_1:0:242076907><>"
L 04/11/2020 - 23:58:24: [sm_hosties.smx] "Androméďa<4><STEAM_1:0:93774482><>" respawned "Androméďa<4><STEAM_1:0:93774482><>"
L 04/11/2020 - 23:58:42: [sm_hosties.smx] "Smoweday<2><STEAM_1:0:505070462><>" respawned "Smoweday<2><STEAM_1:0:505070462><>"
L 04/11/2020 - 23:58:46: [sm_hosties.smx] "Blade<5><STEAM_1:1:454998401><>" respawned "Blade<5><STEAM_1:1:454998401><>"
L 04/11/2020 - 23:59:14: [sm_hosties.smx] "MilkA<6><STEAM_1:0:242076907><>" respawned "MilkA<6><STEAM_1:0:242076907><>"
L 04/11/2020 - 23:59:19: [sm_hosties.smx] "Androméďa<4><STEAM_1:0:93774482><>" respawned "Androméďa<4><STEAM_1:0:93774482><>"
L 04/11/2020 - 23:59:20: [sm_hosties.smx] "Androméďa<4><STEAM_1:0:93774482><>" respawned "Blade<5><STEAM_1:1:454998401><>"
L 04/11/2020 - 23:59:54: [sm_hosties.smx] "MilkA<6><STEAM_1:0:242076907><>" respawned "MilkA<6><STEAM_1:0:242076907><>"
L 04/12/2020 - 00:00:13: Log file closed.
