L 04/04/2020 - 01:15:00: SourceMod log file session started (file "/home/steam/csgo-ds/csgo/addons/sourcemod/logs/L20200404.log") (Version "1.10.0.6478")
L 04/04/2020 - 01:15:00: [hextags.smx] No entries found in: "addons/sourcemod/configs/hextags.cfg"
L 04/04/2020 - 01:15:00: [hextags.smx] No entries found in: "addons/sourcemod/configs/hextags.cfg"
L 04/04/2020 - 01:15:00: Log file closed.
L 04/04/2020 - 19:48:32: SourceMod log file session started (file "/home/steam/csgo-ds/csgo/addons/sourcemod/logs/L20200404.log") (Version "1.10.0.6478")
L 04/04/2020 - 19:48:32: [GEOIP] GeoIP database info: GEO-106FREE 20180327 Build 1 Copyright (c) 2018 MaxMind Inc All Rights Reserved
L 04/04/2020 - 19:48:32: [hextags.smx] [HexTags] Found Custom Chat Colors running!
	Please avoid running it with this plugin!
L 04/04/2020 - 19:48:32: [hextags.smx] No entries found in: "addons/sourcemod/configs/hextags.cfg"
L 04/04/2020 - 19:49:26: -------- Mapchange to jb_obama_v5_beta --------
L 04/04/2020 - 19:49:30: [chat-processor.smx] Message formats generated for game 'csgo'.
L 04/04/2020 - 19:49:30: [chat-processor.smx] Successfully hooked a SayText2 chat hook.
L 04/04/2020 - 19:50:35: -------- Mapchange to jb_obama_v5_beta --------
L 04/04/2020 - 19:50:38: [chat-processor.smx] Message formats generated for game 'csgo'.
L 04/04/2020 - 19:50:38: [chat-processor.smx] Successfully hooked a SayText2 chat hook.
L 04/04/2020 - 19:51:03: -------- Mapchange to jb_obama_v5_beta --------
L 04/04/2020 - 19:51:07: [chat-processor.smx] Message formats generated for game 'csgo'.
L 04/04/2020 - 19:51:07: [chat-processor.smx] Successfully hooked a SayText2 chat hook.
L 04/04/2020 - 19:51:18: [hextags.smx] No entries found in: "addons/sourcemod/configs/hextags.cfg"
L 04/04/2020 - 19:51:18: [hextags.smx] No entries found in: "addons/sourcemod/configs/hextags.cfg"
L 04/04/2020 - 19:51:18: Log file closed.
L 04/04/2020 - 19:51:35: SourceMod log file session started (file "/home/steam/csgo-ds/csgo/addons/sourcemod/logs/L20200404.log") (Version "1.10.0.6478")
L 04/04/2020 - 19:51:35: [GEOIP] GeoIP database info: GEO-106FREE 20180327 Build 1 Copyright (c) 2018 MaxMind Inc All Rights Reserved
L 04/04/2020 - 19:51:35: [hextags.smx] [HexTags] Found Custom Chat Colors running!
	Please avoid running it with this plugin!
L 04/04/2020 - 19:51:35: [hextags.smx] No entries found in: "addons/sourcemod/configs/hextags.cfg"
L 04/04/2020 - 19:51:54: -------- Mapchange to jb_obama_v5_beta --------
L 04/04/2020 - 19:51:58: [chat-processor.smx] Message formats generated for game 'csgo'.
L 04/04/2020 - 19:51:58: [chat-processor.smx] Successfully hooked a SayText2 chat hook.
L 04/04/2020 - 19:52:29: -------- Mapchange to jb_obama_v5_beta --------
L 04/04/2020 - 19:52:34: [chat-processor.smx] Message formats generated for game 'csgo'.
L 04/04/2020 - 19:52:34: [chat-processor.smx] Successfully hooked a SayText2 chat hook.
L 04/04/2020 - 20:18:25: -------- Mapchange to jb_obama_v5_beta --------
L 04/04/2020 - 20:18:30: [chat-processor.smx] Message formats generated for game 'csgo'.
L 04/04/2020 - 20:18:30: [chat-processor.smx] Successfully hooked a SayText2 chat hook.
L 04/04/2020 - 20:23:51: [funcommands.smx] "Peace0ut48<5><STEAM_1:1:527843285><>" toggled noclip on "Peace0ut48<5><STEAM_1:1:527843285><>"
L 04/04/2020 - 20:24:00: [funcommands.smx] "Peace0ut48<5><STEAM_1:1:527843285><>" toggled noclip on "Peace0ut48<5><STEAM_1:1:527843285><>"
L 04/04/2020 - 20:24:16: [funcommands.smx] "Peace0ut48<5><STEAM_1:1:527843285><>" toggled noclip on "Peace0ut48<5><STEAM_1:1:527843285><>"
L 04/04/2020 - 20:24:18: [funcommands.smx] "Peace0ut48<5><STEAM_1:1:527843285><>" toggled noclip on "Peace0ut48<5><STEAM_1:1:527843285><>"
L 04/04/2020 - 20:25:12: -------- Mapchange to jb_obama_v5_beta --------
L 04/04/2020 - 20:25:16: [chat-processor.smx] Message formats generated for game 'csgo'.
L 04/04/2020 - 20:25:16: [chat-processor.smx] Successfully hooked a SayText2 chat hook.
L 04/04/2020 - 20:28:19: -------- Mapchange to jb_obama_v5_beta --------
L 04/04/2020 - 20:28:22: [chat-processor.smx] Message formats generated for game 'csgo'.
L 04/04/2020 - 20:28:22: [chat-processor.smx] Successfully hooked a SayText2 chat hook.
L 04/04/2020 - 20:39:27: [funcommands.smx] "Peace0ut48<8><STEAM_1:1:527843285><>" toggled noclip on "Peace0ut48<8><STEAM_1:1:527843285><>"
L 04/04/2020 - 20:39:39: [funcommands.smx] "Peace0ut48<8><STEAM_1:1:527843285><>" toggled noclip on "Peace0ut48<8><STEAM_1:1:527843285><>"
L 04/04/2020 - 20:42:16: [funcommands.smx] "Peace0ut48<8><STEAM_1:1:527843285><>" toggled noclip on "Peace0ut48<8><STEAM_1:1:527843285><>"
L 04/04/2020 - 20:42:40: [funcommands.smx] "Peace0ut48<8><STEAM_1:1:527843285><>" toggled noclip on "Peace0ut48<8><STEAM_1:1:527843285><>"
L 04/04/2020 - 21:07:27: [admin_stealth.smx] Androméďa has toggled stealth mode.
L 04/04/2020 - 21:15:54: [sm_hosties.smx] "Peace0ut48<19><STEAM_1:1:527843285><>" respawned "Peace0ut48<19><STEAM_1:1:527843285><>"
L 04/04/2020 - 21:19:42: [basecommands.smx] "Console<0><Console><Console>" refreshed the admin cache.
L 04/04/2020 - 21:20:11: [basecommands.smx] "Peace0ut48<19><STEAM_1:1:527843285><>" refreshed the admin cache.
L 04/04/2020 - 21:20:38: [basecommands.smx] "Console<0><Console><Console>" refreshed the admin cache.
L 04/04/2020 - 21:22:35: [basecommands.smx] "Console<0><Console><Console>" refreshed the admin cache.
L 04/04/2020 - 21:25:00: [playercommands.smx] "LukynkaCZE<17><STEAM_1:0:211514847><>" slayed "Peace0ut48<19><STEAM_1:1:527843285><>"
L 04/04/2020 - 21:25:27: [sm_hosties.smx] "Peace0ut48<19><STEAM_1:1:527843285><>" respawned "Peace0ut48<19><STEAM_1:1:527843285><>"
L 04/04/2020 - 21:25:34: [funcommands.smx] "LukynkaCZE<17><STEAM_1:0:211514847><>" ignited "Peace0ut48<19><STEAM_1:1:527843285><>" (seconds "20.000000")
L 04/04/2020 - 21:28:54: [funcommands.smx] "LukynkaCZE<17><STEAM_1:0:211514847><>" ignited "Peace0ut48<19><STEAM_1:1:527843285><>" (seconds "20.000000")
L 04/04/2020 - 21:30:57: [sm_hosties.smx] "Peace0ut48<19><STEAM_1:1:527843285><>" respawned "Peace0ut48<19><STEAM_1:1:527843285><>"
L 04/04/2020 - 21:31:23: [sm_hosties.smx] "Peace0ut48<19><STEAM_1:1:527843285><>" respawned "Peace0ut48<19><STEAM_1:1:527843285><>"
L 04/04/2020 - 21:31:34: [sm_hosties.smx] "Peace0ut48<19><STEAM_1:1:527843285><>" respawned "Peace0ut48<19><STEAM_1:1:527843285><>"
L 04/04/2020 - 21:34:33: [hextags.smx] No entries found in: "addons/sourcemod/configs/hextags.cfg"
L 04/04/2020 - 21:34:33: [hextags.smx] No entries found in: "addons/sourcemod/configs/hextags.cfg"
L 04/04/2020 - 21:34:34: Log file closed.
L 04/04/2020 - 21:34:51: SourceMod log file session started (file "/home/steam/csgo-ds/csgo/addons/sourcemod/logs/L20200404.log") (Version "1.10.0.6478")
L 04/04/2020 - 21:34:51: [GEOIP] GeoIP database info: GEO-106FREE 20180327 Build 1 Copyright (c) 2018 MaxMind Inc All Rights Reserved
L 04/04/2020 - 21:34:52: [hextags.smx] [HexTags] Found Custom Chat Colors running!
	Please avoid running it with this plugin!
L 04/04/2020 - 21:34:52: [hextags.smx] No entries found in: "addons/sourcemod/configs/hextags.cfg"
L 04/04/2020 - 21:35:03: -------- Mapchange to jb_obama_v5_beta --------
L 04/04/2020 - 21:35:07: [chat-processor.smx] Message formats generated for game 'csgo'.
L 04/04/2020 - 21:35:07: [chat-processor.smx] Successfully hooked a SayText2 chat hook.
L 04/04/2020 - 21:41:58: [hextags.smx] No entries found in: "addons/sourcemod/configs/hextags.cfg"
L 04/04/2020 - 21:41:58: [hextags.smx] No entries found in: "addons/sourcemod/configs/hextags.cfg"
L 04/04/2020 - 21:41:58: Log file closed.
L 04/04/2020 - 21:42:15: SourceMod log file session started (file "/home/steam/csgo-ds/csgo/addons/sourcemod/logs/L20200404.log") (Version "1.10.0.6478")
L 04/04/2020 - 21:42:15: [GEOIP] GeoIP database info: GEO-106FREE 20180327 Build 1 Copyright (c) 2018 MaxMind Inc All Rights Reserved
L 04/04/2020 - 21:42:16: [hextags.smx] [HexTags] Found Custom Chat Colors running!
	Please avoid running it with this plugin!
L 04/04/2020 - 21:42:16: [hextags.smx] No entries found in: "addons/sourcemod/configs/hextags.cfg"
L 04/04/2020 - 21:42:26: -------- Mapchange to jb_obama_v5_beta --------
L 04/04/2020 - 21:42:29: [chat-processor.smx] Message formats generated for game 'csgo'.
L 04/04/2020 - 21:42:29: [chat-processor.smx] Successfully hooked a SayText2 chat hook.
L 04/04/2020 - 21:44:35: [movecommands.smx] "LukynkaCZE<3><STEAM_1:0:211514847><>" was moved to CT by "LukynkaCZE<3><STEAM_1:0:211514847><>"
L 04/04/2020 - 21:46:20: [hextags.smx] No entries found in: "addons/sourcemod/configs/hextags.cfg"
L 04/04/2020 - 21:46:20: [hextags.smx] No entries found in: "addons/sourcemod/configs/hextags.cfg"
L 04/04/2020 - 21:46:20: Log file closed.
L 04/04/2020 - 21:46:36: SourceMod log file session started (file "/home/steam/csgo-ds/csgo/addons/sourcemod/logs/L20200404.log") (Version "1.10.0.6478")
L 04/04/2020 - 21:46:36: [GEOIP] GeoIP database info: GEO-106FREE 20180327 Build 1 Copyright (c) 2018 MaxMind Inc All Rights Reserved
L 04/04/2020 - 21:46:37: [hextags.smx] [HexTags] Found Custom Chat Colors running!
	Please avoid running it with this plugin!
L 04/04/2020 - 21:46:37: [hextags.smx] No entries found in: "addons/sourcemod/configs/hextags.cfg"
L 04/04/2020 - 21:47:12: -------- Mapchange to jb_obama_v5_beta --------
L 04/04/2020 - 21:47:15: [chat-processor.smx] Message formats generated for game 'csgo'.
L 04/04/2020 - 21:47:15: [chat-processor.smx] Successfully hooked a SayText2 chat hook.
L 04/04/2020 - 21:53:15: [admin_stealth.smx] Androméďa has toggled stealth mode.
L 04/04/2020 - 21:53:19: [admin_stealth.smx] Androméďa has toggled stealth mode.
L 04/04/2020 - 21:55:41: [sm_hosties.smx] "Androméďa<2><STEAM_1:0:93774482><>" respawned "Androméďa<2><STEAM_1:0:93774482><>"
L 04/04/2020 - 21:56:07: [sm_hosties.smx] "Androméďa<2><STEAM_1:0:93774482><>" slayed "Androméďa<2><STEAM_1:0:93774482><>"
L 04/04/2020 - 21:57:11: [admin_stealth.smx] Androméďa has toggled stealth mode.
L 04/04/2020 - 21:57:14: [admin_stealth.smx] Androméďa has toggled stealth mode.
L 04/04/2020 - 21:57:28: [admin_stealth.smx] Androméďa has toggled stealth mode.
L 04/04/2020 - 21:57:29: [admin_stealth.smx] Androméďa has toggled stealth mode.
L 04/04/2020 - 21:57:34: [admin_stealth.smx] Androméďa has toggled stealth mode.
L 04/04/2020 - 21:57:37: [admin_stealth.smx] Androméďa has toggled stealth mode.
L 04/04/2020 - 21:57:47: [admin_stealth.smx] LukynkaCZE has toggled stealth mode.
L 04/04/2020 - 21:58:39: [admin_stealth.smx] LukynkaCZE has toggled stealth mode.
L 04/04/2020 - 21:58:43: [admin_stealth.smx] LukynkaCZE has toggled stealth mode.
L 04/04/2020 - 21:58:59: [admin_stealth.smx] LukynkaCZE has toggled stealth mode.
L 04/04/2020 - 22:01:15: [admin_stealth.smx] LukynkaCZE has toggled stealth mode.
L 04/04/2020 - 22:01:54: [admin_stealth.smx] LukynkaCZE has toggled stealth mode.
L 04/04/2020 - 22:02:15: [admin_stealth.smx] LukynkaCZE has toggled stealth mode.
L 04/04/2020 - 22:02:21: [admin_stealth.smx] LukynkaCZE has toggled stealth mode.
L 04/04/2020 - 22:02:29: [admin_stealth.smx] LukynkaCZE has toggled stealth mode.
L 04/04/2020 - 22:02:36: [admin_stealth.smx] LukynkaCZE has toggled stealth mode.
L 04/04/2020 - 22:04:12: [funcommands.smx] "LukynkaCZE<3><STEAM_1:0:211514847><>" ignited "Peace0ut48<4><STEAM_1:1:527843285><>" (seconds "20.000000")
L 04/04/2020 - 22:05:39: [admin_stealth.smx] Androméďa has toggled stealth mode.
L 04/04/2020 - 22:05:39: [admin_stealth.smx] LukynkaCZE has toggled stealth mode.
L 04/04/2020 - 22:05:42: [admin_stealth.smx] Androméďa has toggled stealth mode.
L 04/04/2020 - 22:05:43: [admin_stealth.smx] LukynkaCZE has toggled stealth mode.
L 04/04/2020 - 22:07:05: [admin_stealth.smx] Peace0ut48 has toggled stealth mode.
L 04/04/2020 - 22:07:13: [sm_hosties.smx] "Peace0ut48<4><STEAM_1:1:527843285><>" respawned "Peace0ut48<4><STEAM_1:1:527843285><>"
L 04/04/2020 - 22:07:37: SourceMod log file session started (file "/home/steam/csgo-ds/csgo/addons/sourcemod/logs/L20200404.log") (Version "1.10.0.6478")
L 04/04/2020 - 22:07:37: [GEOIP] GeoIP database info: GEO-106FREE 20180327 Build 1 Copyright (c) 2018 MaxMind Inc All Rights Reserved
L 04/04/2020 - 22:07:38: [hextags.smx] [HexTags] Found Custom Chat Colors running!
	Please avoid running it with this plugin!
L 04/04/2020 - 22:07:38: [hextags.smx] No entries found in: "addons/sourcemod/configs/hextags.cfg"
L 04/04/2020 - 22:13:31: [hextags.smx] No entries found in: "addons/sourcemod/configs/hextags.cfg"
L 04/04/2020 - 22:13:31: [hextags.smx] No entries found in: "addons/sourcemod/configs/hextags.cfg"
L 04/04/2020 - 22:13:31: Log file closed.
L 04/04/2020 - 22:13:48: SourceMod log file session started (file "/home/steam/csgo-ds/csgo/addons/sourcemod/logs/L20200404.log") (Version "1.10.0.6478")
L 04/04/2020 - 22:13:48: [GEOIP] GeoIP database info: GEO-106FREE 20180327 Build 1 Copyright (c) 2018 MaxMind Inc All Rights Reserved
L 04/04/2020 - 22:13:48: [hextags.smx] [HexTags] Found Custom Chat Colors running!
	Please avoid running it with this plugin!
L 04/04/2020 - 22:13:48: [hextags.smx] No entries found in: "addons/sourcemod/configs/hextags.cfg"
L 04/04/2020 - 22:13:57: -------- Mapchange to jb_obama_v5_beta --------
L 04/04/2020 - 22:14:01: [chat-processor.smx] Message formats generated for game 'csgo'.
L 04/04/2020 - 22:14:01: [chat-processor.smx] Successfully hooked a SayText2 chat hook.
L 04/04/2020 - 22:15:18: [hextags.smx] No entries found in: "addons/sourcemod/configs/hextags.cfg"
L 04/04/2020 - 22:15:18: [hextags.smx] No entries found in: "addons/sourcemod/configs/hextags.cfg"
L 04/04/2020 - 22:15:18: Log file closed.
L 04/04/2020 - 22:15:34: SourceMod log file session started (file "/home/steam/csgo-ds/csgo/addons/sourcemod/logs/L20200404.log") (Version "1.10.0.6478")
L 04/04/2020 - 22:15:34: [GEOIP] GeoIP database info: GEO-106FREE 20180327 Build 1 Copyright (c) 2018 MaxMind Inc All Rights Reserved
L 04/04/2020 - 22:15:34: [hextags.smx] [HexTags] Found Custom Chat Colors running!
	Please avoid running it with this plugin!
L 04/04/2020 - 22:15:34: [hextags.smx] No entries found in: "addons/sourcemod/configs/hextags.cfg"
L 04/04/2020 - 22:15:48: -------- Mapchange to jb_obama_v5_beta --------
L 04/04/2020 - 22:15:53: [chat-processor.smx] Message formats generated for game 'csgo'.
L 04/04/2020 - 22:15:53: [chat-processor.smx] Successfully hooked a SayText2 chat hook.
L 04/04/2020 - 22:41:18: [hextags.smx] No entries found in: "addons/sourcemod/configs/hextags.cfg"
L 04/04/2020 - 22:41:18: [hextags.smx] No entries found in: "addons/sourcemod/configs/hextags.cfg"
L 04/04/2020 - 22:41:18: Log file closed.
L 04/04/2020 - 22:41:35: SourceMod log file session started (file "/home/steam/csgo-ds/csgo/addons/sourcemod/logs/L20200404.log") (Version "1.10.0.6478")
L 04/04/2020 - 22:41:35: [GEOIP] GeoIP database info: GEO-106FREE 20180327 Build 1 Copyright (c) 2018 MaxMind Inc All Rights Reserved
L 04/04/2020 - 22:41:36: [hextags.smx] [HexTags] Found Custom Chat Colors running!
	Please avoid running it with this plugin!
L 04/04/2020 - 22:41:36: [hextags.smx] No entries found in: "addons/sourcemod/configs/hextags.cfg"
L 04/04/2020 - 22:42:33: -------- Mapchange to jb_obama_v5_beta --------
L 04/04/2020 - 22:42:37: [chat-processor.smx] Message formats generated for game 'csgo'.
L 04/04/2020 - 22:42:37: [chat-processor.smx] Successfully hooked a SayText2 chat hook.
L 04/04/2020 - 22:48:24: [funcommands.smx] "Peace0ut48<2><STEAM_1:1:527843285><>" drugged "Androméďa<3><STEAM_1:0:93774482><>"
L 04/04/2020 - 23:04:20: [sm_hosties.smx] "Smoweday<4><STEAM_1:0:505070462><>" respawned "Androméďa<3><STEAM_1:0:93774482><>"
L 04/04/2020 - 23:07:39: [admin_stealth.smx] Peace0ut48 has toggled stealth mode.
L 04/04/2020 - 23:07:46: [admin_stealth.smx] Peace0ut48 has toggled stealth mode.
L 04/04/2020 - 23:08:30: [sm_hosties.smx] "Smoweday<4><STEAM_1:0:505070462><>" respawned "Smoweday<4><STEAM_1:0:505070462><>"
L 04/04/2020 - 23:08:33: [admin_stealth.smx] Smoweday has toggled stealth mode.
L 04/04/2020 - 23:08:57: [admin_stealth.smx] Smoweday has toggled stealth mode.
L 04/04/2020 - 23:08:58: [admin_stealth.smx] Peace0ut48 has toggled stealth mode.
L 04/04/2020 - 23:09:04: [admin_stealth.smx] Peace0ut48 has toggled stealth mode.
L 04/04/2020 - 23:09:09: [admin_stealth.smx] Peace0ut48 has toggled stealth mode.
L 04/04/2020 - 23:09:12: [admin_stealth.smx] Peace0ut48 has toggled stealth mode.
L 04/04/2020 - 23:09:18: [admin_stealth.smx] Peace0ut48 has toggled stealth mode.
L 04/04/2020 - 23:09:21: [admin_stealth.smx] Peace0ut48 has toggled stealth mode.
L 04/04/2020 - 23:11:15: [sm_hosties.smx] "Blade<5><STEAM_1:1:454998401><>" respawned "Blade<5><STEAM_1:1:454998401><>"
L 04/04/2020 - 23:11:58: [sm_hosties.smx] "Blade<5><STEAM_1:1:454998401><>" respawned "Blade<5><STEAM_1:1:454998401><>"
L 04/04/2020 - 23:12:30: [playercommands.smx] "Blade<5><STEAM_1:1:454998401><>" slayed "Smoweday<4><STEAM_1:0:505070462><>"
L 04/04/2020 - 23:12:33: [playercommands.smx] "Blade<5><STEAM_1:1:454998401><>" slayed "Androméďa<3><STEAM_1:0:93774482><>"
L 04/04/2020 - 23:14:02: [basecommands.smx] "Peace0ut48<2><STEAM_1:1:527843285><>" changed map to "ba_2016_minecraft_beta5"
L 04/04/2020 - 23:14:05: [SM] Changed map to "ba_2016_minecraft_beta5"
L 04/04/2020 - 23:14:07: -------- Mapchange to ba_2016_minecraft_beta5 --------
L 04/04/2020 - 23:14:29: SourceMod log file session started (file "/home/steam/csgo-ds/csgo/addons/sourcemod/logs/L20200404.log") (Version "1.10.0.6478")
L 04/04/2020 - 23:14:29: [GEOIP] GeoIP database info: GEO-106FREE 20180327 Build 1 Copyright (c) 2018 MaxMind Inc All Rights Reserved
L 04/04/2020 - 23:14:30: [hextags.smx] [HexTags] Found Custom Chat Colors running!
	Please avoid running it with this plugin!
L 04/04/2020 - 23:14:30: [hextags.smx] No entries found in: "addons/sourcemod/configs/hextags.cfg"
L 04/04/2020 - 23:14:58: -------- Mapchange to jb_spy_vs_spy_beta7 --------
L 04/04/2020 - 23:15:05: -------- Mapchange to jb_spy_vs_spy_beta7 --------
L 04/04/2020 - 23:15:09: [chat-processor.smx] Message formats generated for game 'csgo'.
L 04/04/2020 - 23:15:09: [chat-processor.smx] Successfully hooked a SayText2 chat hook.
L 04/04/2020 - 23:19:56: [playercommands.smx] "Smoweday<3><STEAM_1:0:505070462><>" slayed "Androméďa<4><STEAM_1:0:93774482><>"
L 04/04/2020 - 23:20:29: [playercommands.smx] "Blade<7><STEAM_1:1:454998401><>" slapped "Smoweday<3><STEAM_1:0:505070462><>" (damage "0")
L 04/04/2020 - 23:20:31: [sm_hosties.smx] "Androméďa<4><STEAM_1:0:93774482><>" respawned "Androméďa<4><STEAM_1:0:93774482><>"
L 04/04/2020 - 23:20:41: [sm_hosties.smx] "Blade<7><STEAM_1:1:454998401><>" respawned "Blade<7><STEAM_1:1:454998401><>"
L 04/04/2020 - 23:20:41: [playercommands.smx] "Smoweday<3><STEAM_1:0:505070462><>" slayed "Peace0ut48<5><STEAM_1:1:527843285><>"
L 04/04/2020 - 23:20:53: [funcommands.smx] "Blade<7><STEAM_1:1:454998401><>" toggled noclip on "Blade<7><STEAM_1:1:454998401><>"
L 04/04/2020 - 23:20:54: [funcommands.smx] "Blade<7><STEAM_1:1:454998401><>" toggled noclip on "Blade<7><STEAM_1:1:454998401><>"
L 04/04/2020 - 23:20:55: [funcommands.smx] "Blade<7><STEAM_1:1:454998401><>" toggled noclip on "Blade<7><STEAM_1:1:454998401><>"
L 04/04/2020 - 23:20:55: [funcommands.smx] "Blade<7><STEAM_1:1:454998401><>" toggled noclip on "Blade<7><STEAM_1:1:454998401><>"
L 04/04/2020 - 23:21:13: [sm_hosties.smx] "Blade<7><STEAM_1:1:454998401><>" slayed "Smoweday<3><STEAM_1:0:505070462><>"
L 04/04/2020 - 23:22:20: [funcommands.smx] "Smoweday<3><STEAM_1:0:505070462><>" drugged "Peace0ut48<5><STEAM_1:1:527843285><>"
L 04/04/2020 - 23:23:01: [sm_hosties.smx] "Androméďa<4><STEAM_1:0:93774482><>" respawned "Peace0ut48<5><STEAM_1:1:527843285><>"
L 04/04/2020 - 23:23:07: [sm_hosties.smx] "Androméďa<4><STEAM_1:0:93774482><>" respawned "Androméďa<4><STEAM_1:0:93774482><>"
L 04/04/2020 - 23:23:11: [admin_stealth.smx] Androméďa has toggled stealth mode.
L 04/04/2020 - 23:23:16: [sm_hosties.smx] "Androméďa<4><STEAM_1:0:93774482><>" respawned "Androméďa<4><STEAM_1:0:93774482><>"
L 04/04/2020 - 23:23:34: SourceMod log file session started (file "/home/steam/csgo-ds/csgo/addons/sourcemod/logs/L20200404.log") (Version "1.10.0.6478")
L 04/04/2020 - 23:23:34: [GEOIP] GeoIP database info: GEO-106FREE 20180327 Build 1 Copyright (c) 2018 MaxMind Inc All Rights Reserved
L 04/04/2020 - 23:23:35: [hextags.smx] [HexTags] Found Custom Chat Colors running!
	Please avoid running it with this plugin!
L 04/04/2020 - 23:23:35: [hextags.smx] No entries found in: "addons/sourcemod/configs/hextags.cfg"
L 04/04/2020 - 23:24:24: [hextags.smx] No entries found in: "addons/sourcemod/configs/hextags.cfg"
L 04/04/2020 - 23:24:24: [hextags.smx] No entries found in: "addons/sourcemod/configs/hextags.cfg"
L 04/04/2020 - 23:24:24: Log file closed.
L 04/04/2020 - 23:24:41: SourceMod log file session started (file "/home/steam/csgo-ds/csgo/addons/sourcemod/logs/L20200404.log") (Version "1.10.0.6478")
L 04/04/2020 - 23:24:41: [GEOIP] GeoIP database info: GEO-106FREE 20180327 Build 1 Copyright (c) 2018 MaxMind Inc All Rights Reserved
L 04/04/2020 - 23:24:41: [hextags.smx] [HexTags] Found Custom Chat Colors running!
	Please avoid running it with this plugin!
L 04/04/2020 - 23:24:41: [hextags.smx] No entries found in: "addons/sourcemod/configs/hextags.cfg"
L 04/04/2020 - 23:25:15: -------- Mapchange to jb_obama_v5_beta --------
L 04/04/2020 - 23:25:19: [chat-processor.smx] Message formats generated for game 'csgo'.
L 04/04/2020 - 23:25:19: [chat-processor.smx] Successfully hooked a SayText2 chat hook.
L 04/04/2020 - 23:27:27: [hextags.smx] No entries found in: "addons/sourcemod/configs/hextags.cfg"
L 04/04/2020 - 23:27:27: [hextags.smx] No entries found in: "addons/sourcemod/configs/hextags.cfg"
L 04/04/2020 - 23:27:27: Log file closed.
L 04/04/2020 - 23:27:43: SourceMod log file session started (file "/home/steam/csgo-ds/csgo/addons/sourcemod/logs/L20200404.log") (Version "1.10.0.6478")
L 04/04/2020 - 23:27:43: [GEOIP] GeoIP database info: GEO-106FREE 20180327 Build 1 Copyright (c) 2018 MaxMind Inc All Rights Reserved
L 04/04/2020 - 23:27:43: [hextags.smx] [HexTags] Found Custom Chat Colors running!
	Please avoid running it with this plugin!
L 04/04/2020 - 23:27:43: [hextags.smx] No entries found in: "addons/sourcemod/configs/hextags.cfg"
L 04/04/2020 - 23:28:13: [hextags.smx] No entries found in: "addons/sourcemod/configs/hextags.cfg"
L 04/04/2020 - 23:28:13: [hextags.smx] No entries found in: "addons/sourcemod/configs/hextags.cfg"
L 04/04/2020 - 23:28:14: Log file closed.
L 04/04/2020 - 23:28:29: SourceMod log file session started (file "/home/steam/csgo-ds/csgo/addons/sourcemod/logs/L20200404.log") (Version "1.10.0.6478")
L 04/04/2020 - 23:28:29: [GEOIP] GeoIP database info: GEO-106FREE 20180327 Build 1 Copyright (c) 2018 MaxMind Inc All Rights Reserved
L 04/04/2020 - 23:28:30: [hextags.smx] [HexTags] Found Custom Chat Colors running!
	Please avoid running it with this plugin!
L 04/04/2020 - 23:28:30: [hextags.smx] No entries found in: "addons/sourcemod/configs/hextags.cfg"
L 04/04/2020 - 23:28:39: -------- Mapchange to jb_obama_v5_beta --------
L 04/04/2020 - 23:28:42: [chat-processor.smx] Message formats generated for game 'csgo'.
L 04/04/2020 - 23:28:42: [chat-processor.smx] Successfully hooked a SayText2 chat hook.
