L 03/27/2020 - 17:48:23: SourceMod log file session started (file "/home/steam/csgo-ds/csgo/addons/sourcemod/logs/L20200327.log") (Version "1.10.0.6478")
L 03/27/2020 - 17:48:23: [CLIENTPREFS] Attempting to reconnect to database...
L 03/27/2020 - 17:48:51: -------- Mapchange to jb_obama_v5_beta --------
L 03/27/2020 - 17:48:53: [CLIENTPREFS] Attempting to reconnect to database...
L 03/27/2020 - 17:49:09: SourceMod log file session started (file "/home/steam/csgo-ds/csgo/addons/sourcemod/logs/L20200327.log") (Version "1.10.0.6478")
L 03/27/2020 - 17:49:09: [CLIENTPREFS] Attempting to reconnect to database...
L 03/27/2020 - 17:49:23: -------- Mapchange to jb_obama_v5_beta --------
L 03/27/2020 - 17:49:25: [CLIENTPREFS] Attempting to reconnect to database...
L 03/27/2020 - 17:49:41: SourceMod log file session started (file "/home/steam/csgo-ds/csgo/addons/sourcemod/logs/L20200327.log") (Version "1.10.0.6478")
L 03/27/2020 - 17:49:41: [CLIENTPREFS] Attempting to reconnect to database...
L 03/27/2020 - 17:54:59: -------- Mapchange to jb_obama_v5_beta --------
L 03/27/2020 - 17:55:01: [CLIENTPREFS] Attempting to reconnect to database...
L 03/27/2020 - 17:55:18: SourceMod log file session started (file "/home/steam/csgo-ds/csgo/addons/sourcemod/logs/L20200327.log") (Version "1.10.0.6478")
L 03/27/2020 - 17:55:18: [CLIENTPREFS] Attempting to reconnect to database...
L 03/27/2020 - 17:56:08: Log file closed.
L 03/27/2020 - 17:59:30: SourceMod log file session started (file "/home/steam/csgo-ds/csgo/addons/sourcemod/logs/L20200327.log") (Version "1.10.0.6478")
L 03/27/2020 - 17:59:30: -------- Mapchange to jb_obama_v5_beta --------
L 03/27/2020 - 18:22:06: Log file closed.
L 03/27/2020 - 18:27:04: SourceMod log file session started (file "/home/steam/csgo-ds/csgo/addons/sourcemod/logs/L20200327.log") (Version "1.10.0.6478")
L 03/27/2020 - 18:27:04: -------- Mapchange to jb_obama_v5_beta --------
L 03/27/2020 - 18:28:59: [funcommands.smx] "Peace0ut48<2><STEAM_1:1:527843285><>" toggled noclip on "Peace0ut48<2><STEAM_1:1:527843285><>"
L 03/27/2020 - 18:29:10: [funcommands.smx] "Peace0ut48<2><STEAM_1:1:527843285><>" toggled noclip on "Peace0ut48<2><STEAM_1:1:527843285><>"
L 03/27/2020 - 18:29:16: [funcommands.smx] "Peace0ut48<2><STEAM_1:1:527843285><>" toggled noclip on "Peace0ut48<2><STEAM_1:1:527843285><>"
L 03/27/2020 - 18:29:26: [funcommands.smx] "Peace0ut48<2><STEAM_1:1:527843285><>" toggled noclip on "Peace0ut48<2><STEAM_1:1:527843285><>"
L 03/27/2020 - 18:29:28: [funcommands.smx] "Peace0ut48<2><STEAM_1:1:527843285><>" toggled noclip on "Peace0ut48<2><STEAM_1:1:527843285><>"
L 03/27/2020 - 18:29:36: [funcommands.smx] "Peace0ut48<2><STEAM_1:1:527843285><>" toggled noclip on "Peace0ut48<2><STEAM_1:1:527843285><>"
L 03/27/2020 - 18:29:40: [funcommands.smx] "Peace0ut48<2><STEAM_1:1:527843285><>" toggled noclip on "Peace0ut48<2><STEAM_1:1:527843285><>"
L 03/27/2020 - 18:29:47: [funcommands.smx] "Peace0ut48<2><STEAM_1:1:527843285><>" toggled noclip on "Peace0ut48<2><STEAM_1:1:527843285><>"
L 03/27/2020 - 18:29:51: [funcommands.smx] "Peace0ut48<2><STEAM_1:1:527843285><>" toggled noclip on "Peace0ut48<2><STEAM_1:1:527843285><>"
L 03/27/2020 - 18:30:01: [funcommands.smx] "Peace0ut48<2><STEAM_1:1:527843285><>" toggled noclip on "Peace0ut48<2><STEAM_1:1:527843285><>"
L 03/27/2020 - 18:30:04: [funcommands.smx] "Peace0ut48<2><STEAM_1:1:527843285><>" toggled noclip on "Peace0ut48<2><STEAM_1:1:527843285><>"
L 03/27/2020 - 18:30:07: [funcommands.smx] "Peace0ut48<2><STEAM_1:1:527843285><>" toggled noclip on "Peace0ut48<2><STEAM_1:1:527843285><>"
L 03/27/2020 - 18:30:08: [funcommands.smx] "Peace0ut48<2><STEAM_1:1:527843285><>" toggled noclip on "Peace0ut48<2><STEAM_1:1:527843285><>"
L 03/27/2020 - 18:30:47: [funcommands.smx] "Peace0ut48<2><STEAM_1:1:527843285><>" toggled noclip on "Peace0ut48<2><STEAM_1:1:527843285><>"
L 03/27/2020 - 18:31:01: [basecommands.smx] "Peace0ut48<2><STEAM_1:1:527843285><>" changed map to "cs_italy"
L 03/27/2020 - 18:31:04: [SM] Changed map to "cs_italy"
L 03/27/2020 - 18:31:06: -------- Mapchange to cs_italy --------
L 03/27/2020 - 18:31:52: [basecommands.smx] "Peace0ut48<2><STEAM_1:1:527843285><>" executed config (file "sourcemod/sm_warmode_on.cfg")
L 03/27/2020 - 18:32:02: [basecommands.smx] "Peace0ut48<2><STEAM_1:1:527843285><>" executed config (file "server.cfg")
L 03/27/2020 - 18:32:12: [basecommands.smx] "Peace0ut48<2><STEAM_1:1:527843285><>" refreshed the admin cache.
L 03/27/2020 - 18:32:47: Log file closed.
L 03/27/2020 - 18:33:22: SourceMod log file session started (file "/home/steam/csgo-ds/csgo/addons/sourcemod/logs/L20200327.log") (Version "1.10.0.6478")
L 03/27/2020 - 18:33:22: -------- Mapchange to jb_obama_v5_beta --------
L 03/27/2020 - 18:39:47: Log file closed.
L 03/27/2020 - 18:41:22: SourceMod log file session started (file "/home/steam/csgo-ds/csgo/addons/sourcemod/logs/L20200327.log") (Version "1.10.0.6478")
L 03/27/2020 - 18:41:22: -------- Mapchange to jb_obama_v5_beta --------
L 03/27/2020 - 18:44:56: Log file closed.
L 03/27/2020 - 18:45:25: SourceMod log file session started (file "/home/steam/csgo-ds/csgo/addons/sourcemod/logs/L20200327.log") (Version "1.10.0.6478")
L 03/27/2020 - 18:45:25: -------- Mapchange to jb_obama_v5_beta --------
L 03/27/2020 - 19:01:19: Log file closed.
L 03/27/2020 - 19:05:52: SourceMod log file session started (file "/home/steam/csgo-ds/csgo/addons/sourcemod/logs/L20200327.log") (Version "1.10.0.6478")
L 03/27/2020 - 19:05:52: -------- Mapchange to jb_obama_v5_beta --------
L 03/27/2020 - 19:33:56: Log file closed.
L 03/27/2020 - 19:34:35: SourceMod log file session started (file "/home/steam/csgo-ds/csgo/addons/sourcemod/logs/L20200327.log") (Version "1.10.0.6478")
L 03/27/2020 - 19:34:35: -------- Mapchange to jb_obama_v5_beta --------
L 03/27/2020 - 19:36:19: Log file closed.
L 03/27/2020 - 19:43:33: SourceMod log file session started (file "/home/steam/csgo-ds/csgo/addons/sourcemod/logs/L20200327.log") (Version "1.10.0.6478")
L 03/27/2020 - 19:43:33: -------- Mapchange to jb_obama_v5_beta --------
L 03/27/2020 - 19:58:47: Log file closed.
L 03/27/2020 - 20:15:19: SourceMod log file session started (file "/home/steam/csgo-ds/csgo/addons/sourcemod/logs/L20200327.log") (Version "1.10.0.6478")
L 03/27/2020 - 20:15:19: -------- Mapchange to jb_obama_v5_beta --------
L 03/27/2020 - 20:31:54: [basecommands.smx] "Peace0ut48<2><STEAM_1:1:527843285><>" refreshed the admin cache.
L 03/27/2020 - 20:32:17: [playercommands.smx] "Smoweday<3><STEAM_1:0:505070462><>" slayed "Peace0ut48<2><STEAM_1:1:527843285><>"
L 03/27/2020 - 20:32:43: [playercommands.smx] "Smoweday<3><STEAM_1:0:505070462><>" slayed "Peace0ut48<2><STEAM_1:1:527843285><>"
L 03/27/2020 - 20:32:58: [playercommands.smx] "Smoweday<3><STEAM_1:0:505070462><>" slayed "Peace0ut48<2><STEAM_1:1:527843285><>"
L 03/27/2020 - 20:33:01: [playercommands.smx] "Smoweday<3><STEAM_1:0:505070462><>" slayed "marshmeloo1283<4><STEAM_1:0:538134599><>"
L 03/27/2020 - 20:33:09: [playercommands.smx] "Smoweday<3><STEAM_1:0:505070462><>" slayed "Peace0ut48<2><STEAM_1:1:527843285><>"
L 03/27/2020 - 20:33:10: [playercommands.smx] "Smoweday<3><STEAM_1:0:505070462><>" slayed "Smoweday<3><STEAM_1:0:505070462><>"
L 03/27/2020 - 20:33:10: [playercommands.smx] "Smoweday<3><STEAM_1:0:505070462><>" slayed "marshmeloo1283<4><STEAM_1:0:538134599><>"
L 03/27/2020 - 20:33:42: [basecommands.smx] "Peace0ut48<2><STEAM_1:1:527843285><>" changed map to "cs_italy"
L 03/27/2020 - 20:33:45: [SM] Changed map to "cs_italy"
L 03/27/2020 - 20:33:46: -------- Mapchange to cs_italy --------
L 03/27/2020 - 20:33:55: Log file closed.
L 03/27/2020 - 20:34:59: SourceMod log file session started (file "/home/steam/csgo-ds/csgo/addons/sourcemod/logs/L20200327.log") (Version "1.10.0.6478")
L 03/27/2020 - 20:34:59: -------- Mapchange to jb_obama_v5_beta --------
L 03/27/2020 - 20:43:09: [funvotes.smx] "Smoweday<2><STEAM_1:0:505070462><>" initiated an alltalk vote.
L 03/27/2020 - 20:43:29: [funvotes.smx] Changing alltalk to 0 due to vote.
L 03/27/2020 - 20:44:00: [funvotes.smx] "Smoweday<2><STEAM_1:0:505070462><>" initiated an alltalk vote.
L 03/27/2020 - 20:44:04: [funvotes.smx] Changing alltalk to 1 due to vote.
L 03/27/2020 - 20:44:18: [playercommands.smx] "Smoweday<2><STEAM_1:0:505070462><>" slapped "Peace0ut48<3><STEAM_1:1:527843285><>" (damage "0")
L 03/27/2020 - 20:44:18: [playercommands.smx] "Smoweday<2><STEAM_1:0:505070462><>" slapped "Peace0ut48<3><STEAM_1:1:527843285><>" (damage "0")
L 03/27/2020 - 20:44:18: [playercommands.smx] "Smoweday<2><STEAM_1:0:505070462><>" slapped "Peace0ut48<3><STEAM_1:1:527843285><>" (damage "0")
L 03/27/2020 - 20:44:18: [playercommands.smx] "Smoweday<2><STEAM_1:0:505070462><>" slapped "Peace0ut48<3><STEAM_1:1:527843285><>" (damage "0")
L 03/27/2020 - 20:44:19: [playercommands.smx] "Smoweday<2><STEAM_1:0:505070462><>" slapped "Peace0ut48<3><STEAM_1:1:527843285><>" (damage "0")
L 03/27/2020 - 20:44:19: [playercommands.smx] "Smoweday<2><STEAM_1:0:505070462><>" slapped "Peace0ut48<3><STEAM_1:1:527843285><>" (damage "0")
L 03/27/2020 - 20:44:19: [playercommands.smx] "Smoweday<2><STEAM_1:0:505070462><>" slapped "Peace0ut48<3><STEAM_1:1:527843285><>" (damage "0")
L 03/27/2020 - 20:44:19: [playercommands.smx] "Smoweday<2><STEAM_1:0:505070462><>" slapped "Peace0ut48<3><STEAM_1:1:527843285><>" (damage "0")
L 03/27/2020 - 20:44:19: [playercommands.smx] "Smoweday<2><STEAM_1:0:505070462><>" slapped "Peace0ut48<3><STEAM_1:1:527843285><>" (damage "0")
L 03/27/2020 - 20:44:20: [playercommands.smx] "Smoweday<2><STEAM_1:0:505070462><>" slapped "Peace0ut48<3><STEAM_1:1:527843285><>" (damage "0")
L 03/27/2020 - 20:44:20: [playercommands.smx] "Smoweday<2><STEAM_1:0:505070462><>" slapped "Peace0ut48<3><STEAM_1:1:527843285><>" (damage "0")
L 03/27/2020 - 20:44:20: [playercommands.smx] "Smoweday<2><STEAM_1:0:505070462><>" slapped "Peace0ut48<3><STEAM_1:1:527843285><>" (damage "0")
L 03/27/2020 - 20:44:20: [playercommands.smx] "Smoweday<2><STEAM_1:0:505070462><>" slapped "Peace0ut48<3><STEAM_1:1:527843285><>" (damage "0")
L 03/27/2020 - 20:44:21: [playercommands.smx] "Smoweday<2><STEAM_1:0:505070462><>" slapped "Peace0ut48<3><STEAM_1:1:527843285><>" (damage "0")
L 03/27/2020 - 20:44:22: [playercommands.smx] "Smoweday<2><STEAM_1:0:505070462><>" slapped "Smoweday<2><STEAM_1:0:505070462><>" (damage "0")
L 03/27/2020 - 20:44:22: [playercommands.smx] "Smoweday<2><STEAM_1:0:505070462><>" slapped "Smoweday<2><STEAM_1:0:505070462><>" (damage "0")
L 03/27/2020 - 20:44:23: [playercommands.smx] "Smoweday<2><STEAM_1:0:505070462><>" slapped "Smoweday<2><STEAM_1:0:505070462><>" (damage "0")
L 03/27/2020 - 20:44:23: [playercommands.smx] "Smoweday<2><STEAM_1:0:505070462><>" slapped "Smoweday<2><STEAM_1:0:505070462><>" (damage "0")
L 03/27/2020 - 20:44:23: [playercommands.smx] "Smoweday<2><STEAM_1:0:505070462><>" slapped "Smoweday<2><STEAM_1:0:505070462><>" (damage "0")
L 03/27/2020 - 20:44:23: [playercommands.smx] "Smoweday<2><STEAM_1:0:505070462><>" slapped "Smoweday<2><STEAM_1:0:505070462><>" (damage "0")
L 03/27/2020 - 20:44:23: [playercommands.smx] "Smoweday<2><STEAM_1:0:505070462><>" slapped "Smoweday<2><STEAM_1:0:505070462><>" (damage "0")
L 03/27/2020 - 20:44:23: [playercommands.smx] "Smoweday<2><STEAM_1:0:505070462><>" slapped "Smoweday<2><STEAM_1:0:505070462><>" (damage "0")
L 03/27/2020 - 20:44:24: [playercommands.smx] "Smoweday<2><STEAM_1:0:505070462><>" slapped "Smoweday<2><STEAM_1:0:505070462><>" (damage "0")
L 03/27/2020 - 20:44:24: [playercommands.smx] "Smoweday<2><STEAM_1:0:505070462><>" slapped "Smoweday<2><STEAM_1:0:505070462><>" (damage "0")
L 03/27/2020 - 20:44:24: [playercommands.smx] "Smoweday<2><STEAM_1:0:505070462><>" slapped "Smoweday<2><STEAM_1:0:505070462><>" (damage "0")
L 03/27/2020 - 20:44:24: [playercommands.smx] "Smoweday<2><STEAM_1:0:505070462><>" slapped "Smoweday<2><STEAM_1:0:505070462><>" (damage "0")
L 03/27/2020 - 20:44:24: [playercommands.smx] "Smoweday<2><STEAM_1:0:505070462><>" slapped "Smoweday<2><STEAM_1:0:505070462><>" (damage "0")
L 03/27/2020 - 20:44:24: [playercommands.smx] "Smoweday<2><STEAM_1:0:505070462><>" slapped "Smoweday<2><STEAM_1:0:505070462><>" (damage "0")
L 03/27/2020 - 20:44:25: [playercommands.smx] "Smoweday<2><STEAM_1:0:505070462><>" slapped "Smoweday<2><STEAM_1:0:505070462><>" (damage "0")
L 03/27/2020 - 20:44:25: [playercommands.smx] "Smoweday<2><STEAM_1:0:505070462><>" slapped "Smoweday<2><STEAM_1:0:505070462><>" (damage "0")
L 03/27/2020 - 20:44:25: [playercommands.smx] "Smoweday<2><STEAM_1:0:505070462><>" slapped "Smoweday<2><STEAM_1:0:505070462><>" (damage "0")
L 03/27/2020 - 20:44:25: [playercommands.smx] "Smoweday<2><STEAM_1:0:505070462><>" slapped "Smoweday<2><STEAM_1:0:505070462><>" (damage "0")
L 03/27/2020 - 20:44:25: [playercommands.smx] "Smoweday<2><STEAM_1:0:505070462><>" slapped "Smoweday<2><STEAM_1:0:505070462><>" (damage "0")
L 03/27/2020 - 20:44:25: [playercommands.smx] "Smoweday<2><STEAM_1:0:505070462><>" slapped "Smoweday<2><STEAM_1:0:505070462><>" (damage "0")
L 03/27/2020 - 20:44:26: [playercommands.smx] "Smoweday<2><STEAM_1:0:505070462><>" slapped "Smoweday<2><STEAM_1:0:505070462><>" (damage "0")
L 03/27/2020 - 20:44:26: [playercommands.smx] "Smoweday<2><STEAM_1:0:505070462><>" slapped "Smoweday<2><STEAM_1:0:505070462><>" (damage "0")
L 03/27/2020 - 20:44:26: [playercommands.smx] "Smoweday<2><STEAM_1:0:505070462><>" slapped "Smoweday<2><STEAM_1:0:505070462><>" (damage "0")
L 03/27/2020 - 20:44:26: [playercommands.smx] "Smoweday<2><STEAM_1:0:505070462><>" slapped "Smoweday<2><STEAM_1:0:505070462><>" (damage "0")
L 03/27/2020 - 20:44:26: [playercommands.smx] "Smoweday<2><STEAM_1:0:505070462><>" slapped "Smoweday<2><STEAM_1:0:505070462><>" (damage "0")
L 03/27/2020 - 20:44:27: [playercommands.smx] "Smoweday<2><STEAM_1:0:505070462><>" slapped "Smoweday<2><STEAM_1:0:505070462><>" (damage "0")
L 03/27/2020 - 20:44:27: [playercommands.smx] "Smoweday<2><STEAM_1:0:505070462><>" slapped "Smoweday<2><STEAM_1:0:505070462><>" (damage "0")
L 03/27/2020 - 20:44:27: [playercommands.smx] "Smoweday<2><STEAM_1:0:505070462><>" slapped "Smoweday<2><STEAM_1:0:505070462><>" (damage "0")
L 03/27/2020 - 20:44:27: [playercommands.smx] "Smoweday<2><STEAM_1:0:505070462><>" slapped "Smoweday<2><STEAM_1:0:505070462><>" (damage "0")
L 03/27/2020 - 20:44:27: [playercommands.smx] "Smoweday<2><STEAM_1:0:505070462><>" slapped "Smoweday<2><STEAM_1:0:505070462><>" (damage "0")
L 03/27/2020 - 20:44:28: [playercommands.smx] "Smoweday<2><STEAM_1:0:505070462><>" slapped "Smoweday<2><STEAM_1:0:505070462><>" (damage "0")
L 03/27/2020 - 20:44:28: [playercommands.smx] "Smoweday<2><STEAM_1:0:505070462><>" slapped "Smoweday<2><STEAM_1:0:505070462><>" (damage "0")
L 03/27/2020 - 20:44:28: [playercommands.smx] "Smoweday<2><STEAM_1:0:505070462><>" slapped "Smoweday<2><STEAM_1:0:505070462><>" (damage "0")
L 03/27/2020 - 20:44:28: [playercommands.smx] "Smoweday<2><STEAM_1:0:505070462><>" slapped "Smoweday<2><STEAM_1:0:505070462><>" (damage "0")
L 03/27/2020 - 20:44:28: [playercommands.smx] "Smoweday<2><STEAM_1:0:505070462><>" slapped "Smoweday<2><STEAM_1:0:505070462><>" (damage "0")
L 03/27/2020 - 20:44:29: [playercommands.smx] "Smoweday<2><STEAM_1:0:505070462><>" slapped "Smoweday<2><STEAM_1:0:505070462><>" (damage "0")
L 03/27/2020 - 20:44:29: [playercommands.smx] "Smoweday<2><STEAM_1:0:505070462><>" slapped "Smoweday<2><STEAM_1:0:505070462><>" (damage "0")
L 03/27/2020 - 20:44:29: [playercommands.smx] "Smoweday<2><STEAM_1:0:505070462><>" slapped "Smoweday<2><STEAM_1:0:505070462><>" (damage "0")
L 03/27/2020 - 20:44:29: [playercommands.smx] "Smoweday<2><STEAM_1:0:505070462><>" slapped "Smoweday<2><STEAM_1:0:505070462><>" (damage "0")
L 03/27/2020 - 20:44:29: [playercommands.smx] "Smoweday<2><STEAM_1:0:505070462><>" slapped "Smoweday<2><STEAM_1:0:505070462><>" (damage "0")
L 03/27/2020 - 20:44:30: [playercommands.smx] "Smoweday<2><STEAM_1:0:505070462><>" slapped "Smoweday<2><STEAM_1:0:505070462><>" (damage "0")
L 03/27/2020 - 20:44:30: [playercommands.smx] "Smoweday<2><STEAM_1:0:505070462><>" slapped "Smoweday<2><STEAM_1:0:505070462><>" (damage "0")
L 03/27/2020 - 20:44:30: [playercommands.smx] "Smoweday<2><STEAM_1:0:505070462><>" slapped "Smoweday<2><STEAM_1:0:505070462><>" (damage "0")
L 03/27/2020 - 20:44:31: [playercommands.smx] "Smoweday<2><STEAM_1:0:505070462><>" slapped "Smoweday<2><STEAM_1:0:505070462><>" (damage "0")
L 03/27/2020 - 20:44:31: [playercommands.smx] "Smoweday<2><STEAM_1:0:505070462><>" slapped "Smoweday<2><STEAM_1:0:505070462><>" (damage "0")
L 03/27/2020 - 20:44:35: [playercommands.smx] "Smoweday<2><STEAM_1:0:505070462><>" slapped "Smoweday<2><STEAM_1:0:505070462><>" (damage "0")
L 03/27/2020 - 20:44:35: [playercommands.smx] "Smoweday<2><STEAM_1:0:505070462><>" slapped "Smoweday<2><STEAM_1:0:505070462><>" (damage "0")
L 03/27/2020 - 20:44:35: [playercommands.smx] "Smoweday<2><STEAM_1:0:505070462><>" slapped "Smoweday<2><STEAM_1:0:505070462><>" (damage "0")
L 03/27/2020 - 20:44:36: [playercommands.smx] "Smoweday<2><STEAM_1:0:505070462><>" slapped "Smoweday<2><STEAM_1:0:505070462><>" (damage "0")
L 03/27/2020 - 20:44:36: [playercommands.smx] "Smoweday<2><STEAM_1:0:505070462><>" slapped "Smoweday<2><STEAM_1:0:505070462><>" (damage "0")
L 03/27/2020 - 20:44:36: [playercommands.smx] "Smoweday<2><STEAM_1:0:505070462><>" slapped "Smoweday<2><STEAM_1:0:505070462><>" (damage "0")
L 03/27/2020 - 20:44:36: [playercommands.smx] "Smoweday<2><STEAM_1:0:505070462><>" slapped "Smoweday<2><STEAM_1:0:505070462><>" (damage "0")
L 03/27/2020 - 20:44:37: [playercommands.smx] "Smoweday<2><STEAM_1:0:505070462><>" slapped "Smoweday<2><STEAM_1:0:505070462><>" (damage "0")
L 03/27/2020 - 20:44:37: [playercommands.smx] "Smoweday<2><STEAM_1:0:505070462><>" slapped "Smoweday<2><STEAM_1:0:505070462><>" (damage "0")
L 03/27/2020 - 20:44:37: [playercommands.smx] "Smoweday<2><STEAM_1:0:505070462><>" slapped "Smoweday<2><STEAM_1:0:505070462><>" (damage "0")
L 03/27/2020 - 20:44:37: [playercommands.smx] "Smoweday<2><STEAM_1:0:505070462><>" slapped "Smoweday<2><STEAM_1:0:505070462><>" (damage "0")
L 03/27/2020 - 20:44:37: [playercommands.smx] "Smoweday<2><STEAM_1:0:505070462><>" slapped "Smoweday<2><STEAM_1:0:505070462><>" (damage "0")
L 03/27/2020 - 20:44:38: [playercommands.smx] "Smoweday<2><STEAM_1:0:505070462><>" slapped "Smoweday<2><STEAM_1:0:505070462><>" (damage "0")
L 03/27/2020 - 20:44:38: [playercommands.smx] "Smoweday<2><STEAM_1:0:505070462><>" slapped "Smoweday<2><STEAM_1:0:505070462><>" (damage "0")
L 03/27/2020 - 20:44:38: [playercommands.smx] "Smoweday<2><STEAM_1:0:505070462><>" slapped "Smoweday<2><STEAM_1:0:505070462><>" (damage "0")
L 03/27/2020 - 20:44:38: [playercommands.smx] "Smoweday<2><STEAM_1:0:505070462><>" slapped "Smoweday<2><STEAM_1:0:505070462><>" (damage "0")
L 03/27/2020 - 20:44:39: [playercommands.smx] "Smoweday<2><STEAM_1:0:505070462><>" slapped "Smoweday<2><STEAM_1:0:505070462><>" (damage "0")
L 03/27/2020 - 20:44:39: [playercommands.smx] "Smoweday<2><STEAM_1:0:505070462><>" slapped "Smoweday<2><STEAM_1:0:505070462><>" (damage "0")
L 03/27/2020 - 20:44:39: [playercommands.smx] "Smoweday<2><STEAM_1:0:505070462><>" slapped "Smoweday<2><STEAM_1:0:505070462><>" (damage "0")
L 03/27/2020 - 20:44:39: [playercommands.smx] "Smoweday<2><STEAM_1:0:505070462><>" slapped "Smoweday<2><STEAM_1:0:505070462><>" (damage "0")
L 03/27/2020 - 20:44:39: [playercommands.smx] "Smoweday<2><STEAM_1:0:505070462><>" slapped "Smoweday<2><STEAM_1:0:505070462><>" (damage "0")
L 03/27/2020 - 20:44:40: [playercommands.smx] "Smoweday<2><STEAM_1:0:505070462><>" slapped "Smoweday<2><STEAM_1:0:505070462><>" (damage "0")
L 03/27/2020 - 20:44:40: [playercommands.smx] "Smoweday<2><STEAM_1:0:505070462><>" slapped "Smoweday<2><STEAM_1:0:505070462><>" (damage "0")
L 03/27/2020 - 20:44:40: [playercommands.smx] "Smoweday<2><STEAM_1:0:505070462><>" slapped "Smoweday<2><STEAM_1:0:505070462><>" (damage "0")
L 03/27/2020 - 20:44:40: [playercommands.smx] "Smoweday<2><STEAM_1:0:505070462><>" slapped "Smoweday<2><STEAM_1:0:505070462><>" (damage "0")
L 03/27/2020 - 20:44:41: [playercommands.smx] "Smoweday<2><STEAM_1:0:505070462><>" slapped "Smoweday<2><STEAM_1:0:505070462><>" (damage "0")
L 03/27/2020 - 20:44:41: [playercommands.smx] "Smoweday<2><STEAM_1:0:505070462><>" slapped "Smoweday<2><STEAM_1:0:505070462><>" (damage "0")
L 03/27/2020 - 20:44:41: [playercommands.smx] "Smoweday<2><STEAM_1:0:505070462><>" slapped "Smoweday<2><STEAM_1:0:505070462><>" (damage "0")
L 03/27/2020 - 20:44:41: [playercommands.smx] "Smoweday<2><STEAM_1:0:505070462><>" slapped "Smoweday<2><STEAM_1:0:505070462><>" (damage "0")
L 03/27/2020 - 20:44:41: [playercommands.smx] "Smoweday<2><STEAM_1:0:505070462><>" slapped "Smoweday<2><STEAM_1:0:505070462><>" (damage "0")
L 03/27/2020 - 20:44:42: [playercommands.smx] "Smoweday<2><STEAM_1:0:505070462><>" slapped "Smoweday<2><STEAM_1:0:505070462><>" (damage "0")
L 03/27/2020 - 20:44:42: [playercommands.smx] "Smoweday<2><STEAM_1:0:505070462><>" slapped "Smoweday<2><STEAM_1:0:505070462><>" (damage "0")
L 03/27/2020 - 20:44:43: [playercommands.smx] "Smoweday<2><STEAM_1:0:505070462><>" slapped "Smoweday<2><STEAM_1:0:505070462><>" (damage "0")
L 03/27/2020 - 20:44:43: [playercommands.smx] "Smoweday<2><STEAM_1:0:505070462><>" slapped "Smoweday<2><STEAM_1:0:505070462><>" (damage "0")
L 03/27/2020 - 20:44:43: [playercommands.smx] "Smoweday<2><STEAM_1:0:505070462><>" slapped "Smoweday<2><STEAM_1:0:505070462><>" (damage "0")
L 03/27/2020 - 20:44:43: [playercommands.smx] "Smoweday<2><STEAM_1:0:505070462><>" slapped "Smoweday<2><STEAM_1:0:505070462><>" (damage "0")
L 03/27/2020 - 20:44:44: [playercommands.smx] "Smoweday<2><STEAM_1:0:505070462><>" slapped "Smoweday<2><STEAM_1:0:505070462><>" (damage "0")
L 03/27/2020 - 20:44:44: [playercommands.smx] "Smoweday<2><STEAM_1:0:505070462><>" slapped "Smoweday<2><STEAM_1:0:505070462><>" (damage "0")
L 03/27/2020 - 20:44:44: [playercommands.smx] "Smoweday<2><STEAM_1:0:505070462><>" slapped "Smoweday<2><STEAM_1:0:505070462><>" (damage "0")
L 03/27/2020 - 20:44:44: [playercommands.smx] "Smoweday<2><STEAM_1:0:505070462><>" slapped "Smoweday<2><STEAM_1:0:505070462><>" (damage "0")
L 03/27/2020 - 20:44:45: [playercommands.smx] "Smoweday<2><STEAM_1:0:505070462><>" slapped "Smoweday<2><STEAM_1:0:505070462><>" (damage "0")
L 03/27/2020 - 20:44:45: [playercommands.smx] "Smoweday<2><STEAM_1:0:505070462><>" slapped "Smoweday<2><STEAM_1:0:505070462><>" (damage "0")
L 03/27/2020 - 20:44:45: [playercommands.smx] "Smoweday<2><STEAM_1:0:505070462><>" slapped "Smoweday<2><STEAM_1:0:505070462><>" (damage "0")
L 03/27/2020 - 20:44:45: [playercommands.smx] "Smoweday<2><STEAM_1:0:505070462><>" slapped "Smoweday<2><STEAM_1:0:505070462><>" (damage "0")
L 03/27/2020 - 20:44:45: [playercommands.smx] "Smoweday<2><STEAM_1:0:505070462><>" slapped "Smoweday<2><STEAM_1:0:505070462><>" (damage "0")
L 03/27/2020 - 20:44:46: [playercommands.smx] "Smoweday<2><STEAM_1:0:505070462><>" slapped "Smoweday<2><STEAM_1:0:505070462><>" (damage "0")
L 03/27/2020 - 20:44:46: [playercommands.smx] "Smoweday<2><STEAM_1:0:505070462><>" slapped "Smoweday<2><STEAM_1:0:505070462><>" (damage "0")
L 03/27/2020 - 20:44:58: [playercommands.smx] "Smoweday<2><STEAM_1:0:505070462><>" slapped "Peace0ut48<3><STEAM_1:1:527843285><>" (damage "0")
L 03/27/2020 - 20:45:23: [basecommands.smx] "Smoweday<2><STEAM_1:0:505070462><>" kicked "Peace0ut48<3><STEAM_1:1:527843285><>" (reason "")
L 03/27/2020 - 20:53:04: Log file closed.
L 03/27/2020 - 20:56:04: SourceMod log file session started (file "/home/steam/csgo-ds/csgo/addons/sourcemod/logs/L20200327.log") (Version "1.10.0.6478")
L 03/27/2020 - 20:56:04: -------- Mapchange to jb_obama_v5_beta --------
L 03/27/2020 - 20:57:31: Log file closed.
L 03/27/2020 - 20:57:54: SourceMod log file session started (file "/home/steam/csgo-ds/csgo/addons/sourcemod/logs/L20200327.log") (Version "1.10.0.6478")
L 03/27/2020 - 20:57:54: -------- Mapchange to jb_obama_v5_beta --------
L 03/27/2020 - 20:59:47: [funcommands.smx] "Peace0ut48<2><STEAM_1:1:527843285><>" toggled noclip on "Peace0ut48<2><STEAM_1:1:527843285><>"
L 03/27/2020 - 21:01:21: [sm_hosties.smx] "Smoweday<3><STEAM_1:0:505070462><>" respawned "RenZ<4><STEAM_1:1:108577430><>"
L 03/27/2020 - 21:02:03: [playercommands.smx] "Smoweday<3><STEAM_1:0:505070462><>" slapped "RenZ<4><STEAM_1:1:108577430><>" (damage "0")
L 03/27/2020 - 21:02:03: [playercommands.smx] "Smoweday<3><STEAM_1:0:505070462><>" slapped "RenZ<4><STEAM_1:1:108577430><>" (damage "0")
L 03/27/2020 - 21:02:03: [playercommands.smx] "Smoweday<3><STEAM_1:0:505070462><>" slapped "RenZ<4><STEAM_1:1:108577430><>" (damage "0")
L 03/27/2020 - 21:02:04: [playercommands.smx] "Smoweday<3><STEAM_1:0:505070462><>" slapped "RenZ<4><STEAM_1:1:108577430><>" (damage "0")
L 03/27/2020 - 21:02:04: [playercommands.smx] "Smoweday<3><STEAM_1:0:505070462><>" slapped "RenZ<4><STEAM_1:1:108577430><>" (damage "0")
L 03/27/2020 - 21:02:04: [playercommands.smx] "Smoweday<3><STEAM_1:0:505070462><>" slapped "RenZ<4><STEAM_1:1:108577430><>" (damage "0")
L 03/27/2020 - 21:02:04: [playercommands.smx] "Smoweday<3><STEAM_1:0:505070462><>" slapped "RenZ<4><STEAM_1:1:108577430><>" (damage "0")
L 03/27/2020 - 21:02:04: [playercommands.smx] "Smoweday<3><STEAM_1:0:505070462><>" slapped "RenZ<4><STEAM_1:1:108577430><>" (damage "0")
L 03/27/2020 - 21:02:05: [playercommands.smx] "Smoweday<3><STEAM_1:0:505070462><>" slapped "RenZ<4><STEAM_1:1:108577430><>" (damage "0")
L 03/27/2020 - 21:02:05: [playercommands.smx] "Smoweday<3><STEAM_1:0:505070462><>" slapped "RenZ<4><STEAM_1:1:108577430><>" (damage "0")
L 03/27/2020 - 21:02:05: [playercommands.smx] "Smoweday<3><STEAM_1:0:505070462><>" slapped "RenZ<4><STEAM_1:1:108577430><>" (damage "0")
L 03/27/2020 - 21:02:05: [playercommands.smx] "Smoweday<3><STEAM_1:0:505070462><>" slapped "RenZ<4><STEAM_1:1:108577430><>" (damage "0")
L 03/27/2020 - 21:02:06: [playercommands.smx] "Smoweday<3><STEAM_1:0:505070462><>" slapped "RenZ<4><STEAM_1:1:108577430><>" (damage "0")
L 03/27/2020 - 21:02:43: [playercommands.smx] "Smoweday<3><STEAM_1:0:505070462><>" slapped "RenZ<4><STEAM_1:1:108577430><>" (damage "0")
L 03/27/2020 - 21:02:44: [playercommands.smx] "Smoweday<3><STEAM_1:0:505070462><>" slapped "Smoweday<3><STEAM_1:0:505070462><>" (damage "0")
L 03/27/2020 - 21:02:44: [playercommands.smx] "Smoweday<3><STEAM_1:0:505070462><>" slapped "Smoweday<3><STEAM_1:0:505070462><>" (damage "0")
L 03/27/2020 - 21:02:44: [playercommands.smx] "Smoweday<3><STEAM_1:0:505070462><>" slapped "RenZ<4><STEAM_1:1:108577430><>" (damage "0")
L 03/27/2020 - 21:02:44: [playercommands.smx] "Smoweday<3><STEAM_1:0:505070462><>" slapped "Smoweday<3><STEAM_1:0:505070462><>" (damage "0")
L 03/27/2020 - 21:04:25: Log file closed.
L 03/27/2020 - 21:05:40: SourceMod log file session started (file "/home/steam/csgo-ds/csgo/addons/sourcemod/logs/L20200327.log") (Version "1.10.0.6478")
L 03/27/2020 - 21:05:40: -------- Mapchange to jb_obama_v5_beta --------
L 03/27/2020 - 21:10:13: [playercommands.smx] "Smoweday<4><STEAM_1:0:505070462><>" slapped "RenZ<3><STEAM_1:1:108577430><>" (damage "0")
L 03/27/2020 - 21:10:24: [sm_hosties.smx] "Smoweday<4><STEAM_1:0:505070462><>" respawned "Smoweday<4><STEAM_1:0:505070462><>"
L 03/27/2020 - 21:10:34: [sm_hosties.smx] "Smoweday<4><STEAM_1:0:505070462><>" slayed "Peace0ut48<2><STEAM_1:1:527843285><>"
L 03/27/2020 - 21:10:34: [sm_hosties.smx] "Smoweday<4><STEAM_1:0:505070462><>" slayed "RenZ<3><STEAM_1:1:108577430><>"
L 03/27/2020 - 21:10:35: [sm_hosties.smx] "Smoweday<4><STEAM_1:0:505070462><>" slayed "Smoweday<4><STEAM_1:0:505070462><>"
L 03/27/2020 - 21:14:29: [funcommands.smx] "Smoweday<4><STEAM_1:0:505070462><>" toggled noclip on "Smoweday<4><STEAM_1:0:505070462><>"
L 03/27/2020 - 21:14:39: [funcommands.smx] "Smoweday<4><STEAM_1:0:505070462><>" toggled noclip on "Smoweday<4><STEAM_1:0:505070462><>"
L 03/27/2020 - 21:17:01: [sm_hosties.smx] "Smoweday<4><STEAM_1:0:505070462><>" respawned "RenZ<3><STEAM_1:1:108577430><>"
L 03/27/2020 - 21:18:00: [playercommands.smx] "Smoweday<4><STEAM_1:0:505070462><>" slayed "Peace0ut48<2><STEAM_1:1:527843285><>"
L 03/27/2020 - 21:18:00: [playercommands.smx] "Smoweday<4><STEAM_1:0:505070462><>" slayed "RenZ<3><STEAM_1:1:108577430><>"
L 03/27/2020 - 21:18:00: [playercommands.smx] "Smoweday<4><STEAM_1:0:505070462><>" slayed "Smoweday<4><STEAM_1:0:505070462><>"
L 03/27/2020 - 21:18:11: [playercommands.smx] "Smoweday<4><STEAM_1:0:505070462><>" slayed "Peace0ut48<2><STEAM_1:1:527843285><>"
L 03/27/2020 - 21:18:11: [playercommands.smx] "Smoweday<4><STEAM_1:0:505070462><>" slayed "RenZ<3><STEAM_1:1:108577430><>"
L 03/27/2020 - 21:18:11: [playercommands.smx] "Smoweday<4><STEAM_1:0:505070462><>" slayed "Smoweday<4><STEAM_1:0:505070462><>"
L 03/27/2020 - 21:18:23: [basecommands.smx] "Peace0ut48<2><STEAM_1:1:527843285><>" kicked "RenZ<3><STEAM_1:1:108577430><>" (reason "")
L 03/27/2020 - 21:18:25: [basecommands.smx] "Peace0ut48<2><STEAM_1:1:527843285><>" kicked "Smoweday<4><STEAM_1:0:505070462><>" (reason "")
L 03/27/2020 - 21:24:06: Log file closed.
L 03/27/2020 - 21:25:31: SourceMod log file session started (file "/home/steam/csgo-ds/csgo/addons/sourcemod/logs/L20200327.log") (Version "1.10.0.6478")
L 03/27/2020 - 21:25:31: -------- Mapchange to jb_obama_v5_beta --------
L 03/27/2020 - 21:28:03: -------- Mapchange to jb_obama_v5_beta --------
L 03/27/2020 - 21:31:46: Log file closed.
L 03/27/2020 - 21:32:13: SourceMod log file session started (file "/home/steam/csgo-ds/csgo/addons/sourcemod/logs/L20200327.log") (Version "1.10.0.6478")
L 03/27/2020 - 21:32:13: -------- Mapchange to jb_obama_v5_beta --------
L 03/27/2020 - 21:54:44: [funcommands.smx] "Peace0ut48<2><STEAM_1:1:527843285><>" toggled noclip on "Peace0ut48<2><STEAM_1:1:527843285><>"
L 03/27/2020 - 21:54:47: [funcommands.smx] "Peace0ut48<2><STEAM_1:1:527843285><>" toggled noclip on "Peace0ut48<2><STEAM_1:1:527843285><>"
L 03/27/2020 - 22:14:40: Log file closed.
L 03/27/2020 - 22:15:06: SourceMod log file session started (file "/home/steam/csgo-ds/csgo/addons/sourcemod/logs/L20200327.log") (Version "1.10.0.6478")
L 03/27/2020 - 22:15:06: -------- Mapchange to jb_obama_v5_beta --------
L 03/27/2020 - 22:16:34: Log file closed.
L 03/27/2020 - 22:16:55: SourceMod log file session started (file "/home/steam/csgo-ds/csgo/addons/sourcemod/logs/L20200327.log") (Version "1.10.0.6478")
L 03/27/2020 - 22:16:55: -------- Mapchange to jb_obama_v5_beta --------
L 03/27/2020 - 22:30:58: -------- Mapchange to jb_obama_v5_beta --------
