L 03/29/2020 - 17:12:38: SMC parsing error on line 0
L 03/29/2020 - 17:12:38:   [0]  URL: http://godtony.mooo.com/updater/updater.txt
L 03/29/2020 - 17:12:38:   [1]  ERROR: Line contained too many invalid tokens
L 03/29/2020 - 17:27:51: SMC parsing error on line 0
L 03/29/2020 - 17:27:51:   [0]  URL: http://godtony.mooo.com/updater/updater.txt
L 03/29/2020 - 17:27:51:   [1]  ERROR: Line contained too many invalid tokens
L 03/29/2020 - 17:29:34: SMC parsing error on line 0
L 03/29/2020 - 17:29:34:   [0]  URL: http://godtony.mooo.com/updater/updater.txt
L 03/29/2020 - 17:29:34:   [1]  ERROR: Line contained too many invalid tokens
L 03/31/2020 - 17:53:07: SMC parsing error on line 0
L 03/31/2020 - 17:53:07:   [0]  URL: http://godtony.mooo.com/updater/updater.txt
L 03/31/2020 - 17:53:07:   [1]  ERROR: Line contained too many invalid tokens
L 04/01/2020 - 12:57:19: SMC parsing error on line 0
L 04/01/2020 - 12:57:19:   [0]  URL: http://godtony.mooo.com/updater/updater.txt
L 04/01/2020 - 12:57:19:   [1]  ERROR: Line contained too many invalid tokens
L 04/01/2020 - 13:45:02: SMC parsing error on line 0
L 04/01/2020 - 13:45:02:   [0]  URL: http://godtony.mooo.com/updater/updater.txt
L 04/01/2020 - 13:45:02:   [1]  ERROR: Line contained too many invalid tokens
L 04/02/2020 - 18:45:23: SMC parsing error on line 0
L 04/02/2020 - 18:45:23:   [0]  URL: http://godtony.mooo.com/updater/updater.txt
L 04/02/2020 - 18:45:23:   [1]  ERROR: Line contained too many invalid tokens
L 04/02/2020 - 21:39:35: SMC parsing error on line 0
L 04/02/2020 - 21:39:35:   [0]  URL: http://godtony.mooo.com/updater/updater.txt
L 04/02/2020 - 21:39:35:   [1]  ERROR: Line contained too many invalid tokens
L 04/02/2020 - 22:19:49: SMC parsing error on line 0
L 04/02/2020 - 22:19:49:   [0]  URL: http://godtony.mooo.com/updater/updater.txt
L 04/02/2020 - 22:19:49:   [1]  ERROR: Line contained too many invalid tokens
L 04/02/2020 - 22:28:39: SMC parsing error on line 0
L 04/02/2020 - 22:28:39:   [0]  URL: http://godtony.mooo.com/updater/updater.txt
L 04/02/2020 - 22:28:39:   [1]  ERROR: Line contained too many invalid tokens
L 04/02/2020 - 22:31:38: SMC parsing error on line 0
L 04/02/2020 - 22:31:38:   [0]  URL: http://godtony.mooo.com/updater/updater.txt
L 04/02/2020 - 22:31:38:   [1]  ERROR: Line contained too many invalid tokens
L 04/02/2020 - 22:34:41: SMC parsing error on line 0
L 04/02/2020 - 22:34:41:   [0]  URL: http://godtony.mooo.com/updater/updater.txt
L 04/02/2020 - 22:34:41:   [1]  ERROR: Line contained too many invalid tokens
L 04/02/2020 - 22:40:36: SMC parsing error on line 0
L 04/02/2020 - 22:40:36:   [0]  URL: http://godtony.mooo.com/updater/updater.txt
L 04/02/2020 - 22:40:36:   [1]  ERROR: Line contained too many invalid tokens
L 04/02/2020 - 22:44:35: SMC parsing error on line 0
L 04/02/2020 - 22:44:35:   [0]  URL: http://godtony.mooo.com/updater/updater.txt
L 04/02/2020 - 22:44:35:   [1]  ERROR: Line contained too many invalid tokens
L 04/02/2020 - 22:51:19: SMC parsing error on line 0
L 04/02/2020 - 22:51:19:   [0]  URL: http://godtony.mooo.com/updater/updater.txt
L 04/02/2020 - 22:51:19:   [1]  ERROR: Line contained too many invalid tokens
L 04/02/2020 - 22:57:33: SMC parsing error on line 0
L 04/02/2020 - 22:57:33:   [0]  URL: http://godtony.mooo.com/updater/updater.txt
L 04/02/2020 - 22:57:33:   [1]  ERROR: Line contained too many invalid tokens
L 04/02/2020 - 23:57:50: SMC parsing error on line 0
L 04/02/2020 - 23:57:50:   [0]  URL: http://godtony.mooo.com/updater/updater.txt
L 04/02/2020 - 23:57:50:   [1]  ERROR: Line contained too many invalid tokens
L 04/03/2020 - 00:04:43: SMC parsing error on line 0
L 04/03/2020 - 00:04:43:   [0]  URL: http://godtony.mooo.com/updater/updater.txt
L 04/03/2020 - 00:04:43:   [1]  ERROR: Line contained too many invalid tokens
L 04/03/2020 - 00:30:35: SMC parsing error on line 0
L 04/03/2020 - 00:30:35:   [0]  URL: http://godtony.mooo.com/updater/updater.txt
L 04/03/2020 - 00:30:35:   [1]  ERROR: Line contained too many invalid tokens
L 04/03/2020 - 15:09:06: SMC parsing error on line 0
L 04/03/2020 - 15:09:06:   [0]  URL: http://godtony.mooo.com/updater/updater.txt
L 04/03/2020 - 15:09:06:   [1]  ERROR: Line contained too many invalid tokens
L 04/03/2020 - 15:49:36: SMC parsing error on line 0
L 04/03/2020 - 15:49:36:   [0]  URL: http://godtony.mooo.com/updater/updater.txt
L 04/03/2020 - 15:49:36:   [1]  ERROR: Line contained too many invalid tokens
L 04/03/2020 - 16:30:55: Update available for "Updater" (updater.smx). Current: 1.2.2 - Latest: 1.2.3
L 04/03/2020 - 16:30:55:   [0]  Changes in 1.2.3:
L 04/03/2020 - 16:30:55:   [1]  Added proper support for workshop maps
L 04/03/2020 - 16:30:55:   [2]  Fixed a few issues with skins after controlling a bot
L 04/03/2020 - 16:30:55:   [3]  Fixed a bug when some players without access could get admin skins
L 04/03/2020 - 16:30:55:   [4]  Optimized plugin a bit
L 04/03/2020 - 16:30:55:   [5]  Compiled against SM 1.5.0
L 04/03/2020 - 17:05:52: SMC parsing error on line 0
L 04/03/2020 - 17:05:52:   [0]  URL: http://godtony.mooo.com/updater/updater.txt
L 04/03/2020 - 17:05:52:   [1]  ERROR: Line contained too many invalid tokens
L 04/03/2020 - 17:17:42: SMC parsing error on line 0
L 04/03/2020 - 17:17:42:   [0]  URL: http://godtony.mooo.com/updater/updater.txt
L 04/03/2020 - 17:17:42:   [1]  ERROR: Line contained too many invalid tokens
L 04/03/2020 - 17:45:19: Update available for "Updater" (updater.smx). Current: 1.2.2 - Latest: 1.2.3
L 04/03/2020 - 17:45:19:   [0]  Changes in 1.2.3:
L 04/03/2020 - 17:45:19:   [1]  Added proper support for workshop maps
L 04/03/2020 - 17:45:19:   [2]  Fixed a few issues with skins after controlling a bot
L 04/03/2020 - 17:45:19:   [3]  Fixed a bug when some players without access could get admin skins
L 04/03/2020 - 17:45:19:   [4]  Optimized plugin a bit
L 04/03/2020 - 17:45:19:   [5]  Compiled against SM 1.5.0
L 04/03/2020 - 17:49:08: SMC parsing error on line 0
L 04/03/2020 - 17:49:08:   [0]  URL: http://godtony.mooo.com/updater/updater.txt
L 04/03/2020 - 17:49:08:   [1]  ERROR: Line contained too many invalid tokens
L 04/03/2020 - 18:17:45: SMC parsing error on line 0
L 04/03/2020 - 18:17:45:   [0]  URL: http://godtony.mooo.com/updater/updater.txt
L 04/03/2020 - 18:17:45:   [1]  ERROR: Line contained too many invalid tokens
L 04/03/2020 - 18:27:25: SMC parsing error on line 0
L 04/03/2020 - 18:27:25:   [0]  URL: http://godtony.mooo.com/updater/updater.txt
L 04/03/2020 - 18:27:25:   [1]  ERROR: Line contained too many invalid tokens
L 04/03/2020 - 18:47:24: SMC parsing error on line 0
L 04/03/2020 - 18:47:24:   [0]  URL: http://godtony.mooo.com/updater/updater.txt
L 04/03/2020 - 18:47:24:   [1]  ERROR: Line contained too many invalid tokens
L 04/03/2020 - 18:50:01: SMC parsing error on line 0
L 04/03/2020 - 18:50:01:   [0]  URL: http://godtony.mooo.com/updater/updater.txt
L 04/03/2020 - 18:50:01:   [1]  ERROR: Line contained too many invalid tokens
L 04/03/2020 - 19:11:26: SMC parsing error on line 0
L 04/03/2020 - 19:11:26:   [0]  URL: http://godtony.mooo.com/updater/updater.txt
L 04/03/2020 - 19:11:26:   [1]  ERROR: Line contained too many invalid tokens
L 04/03/2020 - 19:15:28: SMC parsing error on line 0
L 04/03/2020 - 19:15:28:   [0]  URL: http://godtony.mooo.com/updater/updater.txt
L 04/03/2020 - 19:15:28:   [1]  ERROR: Line contained too many invalid tokens
L 04/03/2020 - 19:19:54: SMC parsing error on line 0
L 04/03/2020 - 19:19:54:   [0]  URL: http://godtony.mooo.com/updater/updater.txt
L 04/03/2020 - 19:19:54:   [1]  ERROR: Line contained too many invalid tokens
L 04/03/2020 - 19:29:27: SMC parsing error on line 0
L 04/03/2020 - 19:29:27:   [0]  URL: http://godtony.mooo.com/updater/updater.txt
L 04/03/2020 - 19:29:27:   [1]  ERROR: Line contained too many invalid tokens
L 04/03/2020 - 19:41:15: SMC parsing error on line 0
L 04/03/2020 - 19:41:15:   [0]  URL: http://godtony.mooo.com/updater/updater.txt
L 04/03/2020 - 19:41:15:   [1]  ERROR: Line contained too many invalid tokens
L 04/03/2020 - 19:50:53: SMC parsing error on line 0
L 04/03/2020 - 19:50:53:   [0]  URL: http://godtony.mooo.com/updater/updater.txt
L 04/03/2020 - 19:50:53:   [1]  ERROR: Line contained too many invalid tokens
L 04/03/2020 - 19:59:32: SMC parsing error on line 0
L 04/03/2020 - 19:59:32:   [0]  URL: http://godtony.mooo.com/updater/updater.txt
L 04/03/2020 - 19:59:32:   [1]  ERROR: Line contained too many invalid tokens
L 04/03/2020 - 20:02:21: SMC parsing error on line 0
L 04/03/2020 - 20:02:21:   [0]  URL: http://godtony.mooo.com/updater/updater.txt
L 04/03/2020 - 20:02:21:   [1]  ERROR: Line contained too many invalid tokens
L 04/03/2020 - 20:06:56: SMC parsing error on line 0
L 04/03/2020 - 20:06:56:   [0]  URL: http://godtony.mooo.com/updater/updater.txt
L 04/03/2020 - 20:06:56:   [1]  ERROR: Line contained too many invalid tokens
L 04/03/2020 - 20:09:46: SMC parsing error on line 0
L 04/03/2020 - 20:09:46:   [0]  URL: http://godtony.mooo.com/updater/updater.txt
L 04/03/2020 - 20:09:46:   [1]  ERROR: Line contained too many invalid tokens
L 04/03/2020 - 20:16:18: SMC parsing error on line 0
L 04/03/2020 - 20:16:18:   [0]  URL: http://godtony.mooo.com/updater/updater.txt
L 04/03/2020 - 20:16:18:   [1]  ERROR: Line contained too many invalid tokens
L 04/03/2020 - 20:21:08: SMC parsing error on line 0
L 04/03/2020 - 20:21:08:   [0]  URL: http://godtony.mooo.com/updater/updater.txt
L 04/03/2020 - 20:21:08:   [1]  ERROR: Line contained too many invalid tokens
L 04/03/2020 - 20:22:54: SMC parsing error on line 0
L 04/03/2020 - 20:22:54:   [0]  URL: http://godtony.mooo.com/updater/updater.txt
L 04/03/2020 - 20:22:54:   [1]  ERROR: Line contained too many invalid tokens
L 04/03/2020 - 20:26:12: SMC parsing error on line 0
L 04/03/2020 - 20:26:12:   [0]  URL: http://godtony.mooo.com/updater/updater.txt
L 04/03/2020 - 20:26:12:   [1]  ERROR: Line contained too many invalid tokens
L 04/03/2020 - 20:33:05: SMC parsing error on line 0
L 04/03/2020 - 20:33:05:   [0]  URL: http://godtony.mooo.com/updater/updater.txt
L 04/03/2020 - 20:33:05:   [1]  ERROR: Line contained too many invalid tokens
